2025-11-08 10:09:19,751 - INFO - 使用设备: cpu
2025-11-08 10:09:19,751 - INFO - 实验配置: d_model=128, batch_size=32, epochs=5, block_size=64, seed=42, ablate_pe=True
2025-11-08 10:09:19,751 - INFO - 加载数据集...
2025-11-08 10:09:19,883 - INFO - 训练批次: 68,314, 验证批次: 121, 词汇表大小: 65
2025-11-08 10:09:19,884 - INFO - 初始化模型...
2025-11-08 10:09:19,895 - INFO - 
============================================================
2025-11-08 10:09:19,896 - INFO - Epoch 1/5
2025-11-08 10:09:19,896 - INFO - ============================================================
2025-11-08 10:09:19,897 - INFO - Epoch 1/5: 开始训练 (68,314 批次)
2025-11-08 10:09:56,553 - INFO - 使用设备: cpu
2025-11-08 10:09:56,554 - INFO - 实验配置: d_model=128, batch_size=32, epochs=5, block_size=64, seed=42, ablate_pe=True
2025-11-08 10:09:56,554 - INFO - 加载数据集...
2025-11-08 10:09:56,672 - INFO - 训练批次: 10,453, 验证批次: 121, 词汇表大小: 65
2025-11-08 10:09:56,672 - INFO - 初始化模型...
2025-11-08 10:09:56,683 - INFO - 
============================================================
2025-11-08 10:09:56,683 - INFO - Epoch 1/5
2025-11-08 10:09:56,683 - INFO - ============================================================
2025-11-08 10:09:56,684 - INFO - Epoch 1/5: 开始训练 (10,453 批次)
2025-11-08 10:10:36,431 - INFO - 使用设备: cpu
2025-11-08 10:10:36,432 - INFO - 实验配置: d_model=128, batch_size=32, epochs=5, block_size=64, seed=42, ablate_pe=True
2025-11-08 10:10:36,432 - INFO - 加载数据集...
2025-11-08 10:10:36,580 - INFO - 训练批次: 10,453, 验证批次: 121, 词汇表大小: 65
2025-11-08 10:10:36,580 - INFO - 初始化模型...
2025-11-08 10:10:36,597 - INFO - 
============================================================
2025-11-08 10:10:36,597 - INFO - Epoch 1/5
2025-11-08 10:10:36,597 - INFO - ============================================================
2025-11-08 10:10:36,597 - INFO - Epoch 1/5: 开始训练 (10,453 批次)
2025-11-08 10:10:45,285 - INFO - 进度:   1.0% | 批次: 104/10,453 | 损失: 4.4014 | LR: 3.08e-08 | 速度: 0.081s/batch | ETA: 14.4min
2025-11-08 10:10:54,286 - INFO - 进度:   2.0% | 批次: 208/10,453 | 损失: 4.4012 | LR: 6.17e-08 | 速度: 0.085s/batch | ETA: 14.5min
2025-11-08 10:11:03,045 - INFO - 进度:   3.0% | 批次: 312/10,453 | 损失: 4.4005 | LR: 9.25e-08 | 速度: 0.084s/batch | ETA: 14.3min
2025-11-08 10:11:13,196 - INFO - 进度:   4.0% | 批次: 416/10,453 | 损失: 4.3995 | LR: 1.23e-07 | 速度: 0.107s/batch | ETA: 14.7min
2025-11-08 10:11:23,472 - INFO - 进度:   5.0% | 批次: 520/10,453 | 损失: 4.3966 | LR: 1.54e-07 | 速度: 0.101s/batch | ETA: 14.9min
2025-11-08 10:11:34,232 - INFO - 进度:   6.0% | 批次: 624/10,453 | 损失: 4.3932 | LR: 1.85e-07 | 速度: 0.111s/batch | ETA: 15.1min
2025-11-08 10:11:45,606 - INFO - 进度:   7.0% | 批次: 728/10,453 | 损失: 4.3895 | LR: 2.16e-07 | 速度: 0.103s/batch | ETA: 15.4min
2025-11-08 10:11:56,628 - INFO - 进度:   8.0% | 批次: 832/10,453 | 损失: 4.3855 | LR: 2.47e-07 | 速度: 0.107s/batch | ETA: 15.4min
2025-11-08 10:12:07,504 - INFO - 进度:   9.0% | 批次: 936/10,453 | 损失: 4.3810 | LR: 2.77e-07 | 速度: 0.099s/batch | ETA: 15.4min
2025-11-08 10:12:17,996 - INFO - 进度:   9.9% | 批次: 1,040/10,453 | 损失: 4.3756 | LR: 3.08e-07 | 速度: 0.099s/batch | ETA: 15.3min
2025-11-08 10:12:28,767 - INFO - 进度:  10.9% | 批次: 1,144/10,453 | 损失: 4.3701 | LR: 3.39e-07 | 速度: 0.104s/batch | ETA: 15.2min
2025-11-08 10:12:39,428 - INFO - 进度:  11.9% | 批次: 1,248/10,453 | 损失: 4.3640 | LR: 3.70e-07 | 速度: 0.112s/batch | ETA: 15.1min
2025-11-08 10:12:50,632 - INFO - 进度:  12.9% | 批次: 1,352/10,453 | 损失: 4.3574 | LR: 4.01e-07 | 速度: 0.108s/batch | ETA: 15.0min
2025-11-08 10:13:01,179 - INFO - 进度:  13.9% | 批次: 1,456/10,453 | 损失: 4.3503 | LR: 4.32e-07 | 速度: 0.102s/batch | ETA: 14.9min
2025-11-08 10:13:12,077 - INFO - 进度:  14.9% | 批次: 1,560/10,453 | 损失: 4.3426 | LR: 4.62e-07 | 速度: 0.100s/batch | ETA: 14.8min
2025-11-08 10:13:22,701 - INFO - 进度:  15.9% | 批次: 1,664/10,453 | 损失: 4.3344 | LR: 4.93e-07 | 速度: 0.094s/batch | ETA: 14.6min
2025-11-08 10:13:33,339 - INFO - 进度:  16.9% | 批次: 1,768/10,453 | 损失: 4.3257 | LR: 5.24e-07 | 速度: 0.103s/batch | ETA: 14.5min
2025-11-08 10:13:44,013 - INFO - 进度:  17.9% | 批次: 1,872/10,453 | 损失: 4.3166 | LR: 5.55e-07 | 速度: 0.099s/batch | ETA: 14.3min
2025-11-08 10:13:54,525 - INFO - 进度:  18.9% | 批次: 1,976/10,453 | 损失: 4.3070 | LR: 5.86e-07 | 速度: 0.101s/batch | ETA: 14.2min
2025-11-08 10:14:05,552 - INFO - 进度:  19.9% | 批次: 2,080/10,453 | 损失: 4.2970 | LR: 5.81e-07 | 速度: 0.105s/batch | ETA: 14.0min
2025-11-08 10:14:16,741 - INFO - 进度:  20.9% | 批次: 2,184/10,453 | 损失: 4.2865 | LR: 5.67e-07 | 速度: 0.125s/batch | ETA: 13.9min
2025-11-08 10:14:28,038 - INFO - 进度:  21.9% | 批次: 2,288/10,453 | 损失: 4.2757 | LR: 5.54e-07 | 速度: 0.114s/batch | ETA: 13.8min
2025-11-08 10:14:39,555 - INFO - 进度:  22.9% | 批次: 2,392/10,453 | 损失: 4.2647 | LR: 5.42e-07 | 速度: 0.101s/batch | ETA: 13.6min
2025-11-08 10:14:50,435 - INFO - 进度:  23.9% | 批次: 2,496/10,453 | 损失: 4.2536 | LR: 5.31e-07 | 速度: 0.104s/batch | ETA: 13.5min
2025-11-08 10:15:01,374 - INFO - 进度:  24.9% | 批次: 2,600/10,453 | 损失: 4.2424 | LR: 5.20e-07 | 速度: 0.104s/batch | ETA: 13.3min
2025-11-08 10:15:12,240 - INFO - 进度:  25.9% | 批次: 2,704/10,453 | 损失: 4.2312 | LR: 5.10e-07 | 速度: 0.107s/batch | ETA: 13.2min
2025-11-08 10:15:22,835 - INFO - 进度:  26.9% | 批次: 2,808/10,453 | 损失: 4.2200 | LR: 5.00e-07 | 速度: 0.104s/batch | ETA: 13.0min
2025-11-08 10:15:33,386 - INFO - 进度:  27.9% | 批次: 2,912/10,453 | 损失: 4.2086 | LR: 4.91e-07 | 速度: 0.100s/batch | ETA: 12.8min
2025-11-08 10:15:43,971 - INFO - 进度:  28.9% | 批次: 3,016/10,453 | 损失: 4.1974 | LR: 4.83e-07 | 速度: 0.105s/batch | ETA: 12.6min
2025-11-08 10:15:54,681 - INFO - 进度:  29.8% | 批次: 3,120/10,453 | 损失: 4.1863 | LR: 4.75e-07 | 速度: 0.099s/batch | ETA: 12.5min
2025-11-08 10:16:05,475 - INFO - 进度:  30.8% | 批次: 3,224/10,453 | 损失: 4.1750 | LR: 4.67e-07 | 速度: 0.105s/batch | ETA: 12.3min
2025-11-08 10:16:16,366 - INFO - 进度:  31.8% | 批次: 3,328/10,453 | 损失: 4.1640 | LR: 4.60e-07 | 速度: 0.100s/batch | ETA: 12.1min
2025-11-08 10:16:27,019 - INFO - 进度:  32.8% | 批次: 3,432/10,453 | 损失: 4.1531 | LR: 4.53e-07 | 速度: 0.104s/batch | ETA: 11.9min
2025-11-08 10:16:37,704 - INFO - 进度:  33.8% | 批次: 3,536/10,453 | 损失: 4.1421 | LR: 4.46e-07 | 速度: 0.112s/batch | ETA: 11.8min
2025-11-08 10:16:50,429 - INFO - 进度:  34.8% | 批次: 3,640/10,453 | 损失: 4.1313 | LR: 4.40e-07 | 速度: 0.103s/batch | ETA: 11.7min
2025-11-08 10:17:01,131 - INFO - 进度:  35.8% | 批次: 3,744/10,453 | 损失: 4.1208 | LR: 4.33e-07 | 速度: 0.109s/batch | ETA: 11.5min
2025-11-08 10:17:11,797 - INFO - 进度:  36.8% | 批次: 3,848/10,453 | 损失: 4.1104 | LR: 4.27e-07 | 速度: 0.104s/batch | ETA: 11.3min
2025-11-08 10:17:22,687 - INFO - 进度:  37.8% | 批次: 3,952/10,453 | 损失: 4.1002 | LR: 4.22e-07 | 速度: 0.104s/batch | ETA: 11.1min
2025-11-08 10:17:33,475 - INFO - 进度:  38.8% | 批次: 4,056/10,453 | 损失: 4.0902 | LR: 4.16e-07 | 速度: 0.101s/batch | ETA: 11.0min
2025-11-08 10:17:44,432 - INFO - 进度:  39.8% | 批次: 4,160/10,453 | 损失: 4.0802 | LR: 4.11e-07 | 速度: 0.099s/batch | ETA: 10.8min
2025-11-08 10:17:55,034 - INFO - 进度:  40.8% | 批次: 4,264/10,453 | 损失: 4.0704 | LR: 4.06e-07 | 速度: 0.104s/batch | ETA: 10.6min
2025-11-08 10:18:05,657 - INFO - 进度:  41.8% | 批次: 4,368/10,453 | 损失: 4.0608 | LR: 4.01e-07 | 速度: 0.100s/batch | ETA: 10.4min
2025-11-08 10:18:16,356 - INFO - 进度:  42.8% | 批次: 4,472/10,453 | 损失: 4.0513 | LR: 3.97e-07 | 速度: 0.098s/batch | ETA: 10.2min
2025-11-08 10:18:27,175 - INFO - 进度:  43.8% | 批次: 4,576/10,453 | 损失: 4.0420 | LR: 3.92e-07 | 速度: 0.093s/batch | ETA: 10.1min
2025-11-08 10:18:37,864 - INFO - 进度:  44.8% | 批次: 4,680/10,453 | 损失: 4.0329 | LR: 3.88e-07 | 速度: 0.099s/batch | ETA: 9.9min
2025-11-08 10:18:48,684 - INFO - 进度:  45.8% | 批次: 4,784/10,453 | 损失: 4.0239 | LR: 3.83e-07 | 速度: 0.103s/batch | ETA: 9.7min
2025-11-08 10:18:59,408 - INFO - 进度:  46.8% | 批次: 4,888/10,453 | 损失: 4.0151 | LR: 3.79e-07 | 速度: 0.102s/batch | ETA: 9.5min
2025-11-08 10:19:10,136 - INFO - 进度:  47.8% | 批次: 4,992/10,453 | 损失: 4.0064 | LR: 3.75e-07 | 速度: 0.101s/batch | ETA: 9.4min
2025-11-08 10:19:20,829 - INFO - 进度:  48.8% | 批次: 5,096/10,453 | 损失: 3.9980 | LR: 3.71e-07 | 速度: 0.116s/batch | ETA: 9.2min
2025-11-08 10:19:31,535 - INFO - 进度:  49.7% | 批次: 5,200/10,453 | 损失: 3.9897 | LR: 3.68e-07 | 速度: 0.111s/batch | ETA: 9.0min
2025-11-08 10:19:43,091 - INFO - 进度:  50.7% | 批次: 5,304/10,453 | 损失: 3.9815 | LR: 3.64e-07 | 速度: 0.101s/batch | ETA: 8.8min
2025-11-08 10:19:54,128 - INFO - 进度:  51.7% | 批次: 5,408/10,453 | 损失: 3.9733 | LR: 3.61e-07 | 速度: 0.106s/batch | ETA: 8.7min
2025-11-08 10:20:05,336 - INFO - 进度:  52.7% | 批次: 5,512/10,453 | 损失: 3.9653 | LR: 3.57e-07 | 速度: 0.099s/batch | ETA: 8.5min
2025-11-08 10:20:15,847 - INFO - 进度:  53.7% | 批次: 5,616/10,453 | 损失: 3.9576 | LR: 3.54e-07 | 速度: 0.102s/batch | ETA: 8.3min
2025-11-08 10:20:26,370 - INFO - 进度:  54.7% | 批次: 5,720/10,453 | 损失: 3.9500 | LR: 3.51e-07 | 速度: 0.101s/batch | ETA: 8.1min
2025-11-08 10:20:37,107 - INFO - 进度:  55.7% | 批次: 5,824/10,453 | 损失: 3.9424 | LR: 3.47e-07 | 速度: 0.101s/batch | ETA: 8.0min
2025-11-08 10:20:47,845 - INFO - 进度:  56.7% | 批次: 5,928/10,453 | 损失: 3.9349 | LR: 3.44e-07 | 速度: 0.110s/batch | ETA: 7.8min
2025-11-08 10:20:58,716 - INFO - 进度:  57.7% | 批次: 6,032/10,453 | 损失: 3.9276 | LR: 3.41e-07 | 速度: 0.105s/batch | ETA: 7.6min
2025-11-08 10:21:09,403 - INFO - 进度:  58.7% | 批次: 6,136/10,453 | 损失: 3.9204 | LR: 3.39e-07 | 速度: 0.101s/batch | ETA: 7.4min
2025-11-08 10:21:20,352 - INFO - 进度:  59.7% | 批次: 6,240/10,453 | 损失: 3.9134 | LR: 3.36e-07 | 速度: 0.103s/batch | ETA: 7.2min
2025-11-08 10:21:31,004 - INFO - 进度:  60.7% | 批次: 6,344/10,453 | 损失: 3.9065 | LR: 3.33e-07 | 速度: 0.097s/batch | ETA: 7.1min
2025-11-08 10:21:41,507 - INFO - 进度:  61.7% | 批次: 6,448/10,453 | 损失: 3.8997 | LR: 3.30e-07 | 速度: 0.107s/batch | ETA: 6.9min
2025-11-08 10:21:52,244 - INFO - 进度:  62.7% | 批次: 6,552/10,453 | 损失: 3.8929 | LR: 3.28e-07 | 速度: 0.104s/batch | ETA: 6.7min
2025-11-08 10:22:03,259 - INFO - 进度:  63.7% | 批次: 6,656/10,453 | 损失: 3.8863 | LR: 3.25e-07 | 速度: 0.103s/batch | ETA: 6.5min
2025-11-08 10:22:14,473 - INFO - 进度:  64.7% | 批次: 6,760/10,453 | 损失: 3.8799 | LR: 3.23e-07 | 速度: 0.101s/batch | ETA: 6.4min
2025-11-08 10:22:24,972 - INFO - 进度:  65.7% | 批次: 6,864/10,453 | 损失: 3.8736 | LR: 3.20e-07 | 速度: 0.098s/batch | ETA: 6.2min
2025-11-08 10:22:35,569 - INFO - 进度:  66.7% | 批次: 6,968/10,453 | 损失: 3.8674 | LR: 3.18e-07 | 速度: 0.100s/batch | ETA: 6.0min
2025-11-08 10:22:46,613 - INFO - 进度:  67.7% | 批次: 7,072/10,453 | 损失: 3.8613 | LR: 3.15e-07 | 速度: 0.103s/batch | ETA: 5.8min
2025-11-08 10:22:57,106 - INFO - 进度:  68.7% | 批次: 7,176/10,453 | 损失: 3.8552 | LR: 3.13e-07 | 速度: 0.101s/batch | ETA: 5.6min
2025-11-08 10:23:07,641 - INFO - 进度:  69.6% | 批次: 7,280/10,453 | 损失: 3.8492 | LR: 3.11e-07 | 速度: 0.104s/batch | ETA: 5.5min
2025-11-08 10:23:18,673 - INFO - 进度:  70.6% | 批次: 7,384/10,453 | 损失: 3.8433 | LR: 3.09e-07 | 速度: 0.104s/batch | ETA: 5.3min
2025-11-08 10:23:29,265 - INFO - 进度:  71.6% | 批次: 7,488/10,453 | 损失: 3.8376 | LR: 3.06e-07 | 速度: 0.096s/batch | ETA: 5.1min
2025-11-08 10:23:40,037 - INFO - 进度:  72.6% | 批次: 7,592/10,453 | 损失: 3.8320 | LR: 3.04e-07 | 速度: 0.104s/batch | ETA: 4.9min
2025-11-08 10:23:50,768 - INFO - 进度:  73.6% | 批次: 7,696/10,453 | 损失: 3.8265 | LR: 3.02e-07 | 速度: 0.104s/batch | ETA: 4.7min
2025-11-08 10:24:01,397 - INFO - 进度:  74.6% | 批次: 7,800/10,453 | 损失: 3.8211 | LR: 3.00e-07 | 速度: 0.108s/batch | ETA: 4.6min
2025-11-08 10:24:12,210 - INFO - 进度:  75.6% | 批次: 7,904/10,453 | 损失: 3.8158 | LR: 2.98e-07 | 速度: 0.102s/batch | ETA: 4.4min
2025-11-08 10:24:22,806 - INFO - 进度:  76.6% | 批次: 8,008/10,453 | 损失: 3.8106 | LR: 2.96e-07 | 速度: 0.107s/batch | ETA: 4.2min
2025-11-08 10:24:34,009 - INFO - 进度:  77.6% | 批次: 8,112/10,453 | 损失: 3.8053 | LR: 2.94e-07 | 速度: 0.112s/batch | ETA: 4.0min
2025-11-08 10:24:45,392 - INFO - 进度:  78.6% | 批次: 8,216/10,453 | 损失: 3.8002 | LR: 2.93e-07 | 速度: 0.104s/batch | ETA: 3.9min
2025-11-08 10:24:57,026 - INFO - 进度:  79.6% | 批次: 8,320/10,453 | 损失: 3.7952 | LR: 2.91e-07 | 速度: 0.107s/batch | ETA: 3.7min
2025-11-08 10:25:08,057 - INFO - 进度:  80.6% | 批次: 8,424/10,453 | 损失: 3.7903 | LR: 2.89e-07 | 速度: 0.109s/batch | ETA: 3.5min
2025-11-08 10:25:19,106 - INFO - 进度:  81.6% | 批次: 8,528/10,453 | 损失: 3.7855 | LR: 2.87e-07 | 速度: 0.111s/batch | ETA: 3.3min
2025-11-08 10:25:30,034 - INFO - 进度:  82.6% | 批次: 8,632/10,453 | 损失: 3.7808 | LR: 2.85e-07 | 速度: 0.101s/batch | ETA: 3.1min
2025-11-08 10:25:41,040 - INFO - 进度:  83.6% | 批次: 8,736/10,453 | 损失: 3.7761 | LR: 2.84e-07 | 速度: 0.100s/batch | ETA: 3.0min
2025-11-08 10:25:52,177 - INFO - 进度:  84.6% | 批次: 8,840/10,453 | 损失: 3.7715 | LR: 2.82e-07 | 速度: 0.107s/batch | ETA: 2.8min
2025-11-08 10:26:02,859 - INFO - 进度:  85.6% | 批次: 8,944/10,453 | 损失: 3.7669 | LR: 2.80e-07 | 速度: 0.116s/batch | ETA: 2.6min
2025-11-08 10:26:13,436 - INFO - 进度:  86.6% | 批次: 9,048/10,453 | 损失: 3.7625 | LR: 2.79e-07 | 速度: 0.099s/batch | ETA: 2.4min
2025-11-08 10:26:23,856 - INFO - 进度:  87.6% | 批次: 9,152/10,453 | 损失: 3.7581 | LR: 2.77e-07 | 速度: 0.094s/batch | ETA: 2.2min
2025-11-08 10:26:34,458 - INFO - 进度:  88.5% | 批次: 9,256/10,453 | 损失: 3.7538 | LR: 2.76e-07 | 速度: 0.097s/batch | ETA: 2.1min
2025-11-08 10:26:44,903 - INFO - 进度:  89.5% | 批次: 9,360/10,453 | 损失: 3.7495 | LR: 2.74e-07 | 速度: 0.102s/batch | ETA: 1.9min
2025-11-08 10:26:55,592 - INFO - 进度:  90.5% | 批次: 9,464/10,453 | 损失: 3.7453 | LR: 2.73e-07 | 速度: 0.105s/batch | ETA: 1.7min
2025-11-08 10:27:06,029 - INFO - 进度:  91.5% | 批次: 9,568/10,453 | 损失: 3.7411 | LR: 2.71e-07 | 速度: 0.099s/batch | ETA: 1.5min
2025-11-08 10:27:16,661 - INFO - 进度:  92.5% | 批次: 9,672/10,453 | 损失: 3.7370 | LR: 2.70e-07 | 速度: 0.098s/batch | ETA: 1.3min
2025-11-08 10:27:27,623 - INFO - 进度:  93.5% | 批次: 9,776/10,453 | 损失: 3.7330 | LR: 2.68e-07 | 速度: 0.095s/batch | ETA: 1.2min
2025-11-08 10:27:38,519 - INFO - 进度:  94.5% | 批次: 9,880/10,453 | 损失: 3.7290 | LR: 2.67e-07 | 速度: 0.102s/batch | ETA: 1.0min
2025-11-08 10:27:49,533 - INFO - 进度:  95.5% | 批次: 9,984/10,453 | 损失: 3.7251 | LR: 2.65e-07 | 速度: 0.099s/batch | ETA: 0.8min
2025-11-08 10:28:00,588 - INFO - 进度:  96.5% | 批次: 10,088/10,453 | 损失: 3.7212 | LR: 2.64e-07 | 速度: 0.113s/batch | ETA: 0.6min
2025-11-08 10:28:12,006 - INFO - 进度:  97.5% | 批次: 10,192/10,453 | 损失: 3.7174 | LR: 2.63e-07 | 速度: 0.124s/batch | ETA: 0.5min
2025-11-08 10:28:23,437 - INFO - 进度:  98.5% | 批次: 10,296/10,453 | 损失: 3.7136 | LR: 2.61e-07 | 速度: 0.109s/batch | ETA: 0.3min
2025-11-08 10:28:34,372 - INFO - 进度:  99.5% | 批次: 10,400/10,453 | 损失: 3.7099 | LR: 2.60e-07 | 速度: 0.112s/batch | ETA: 0.1min
2025-11-08 10:28:39,790 - INFO - 进度: 100.0% | 批次: 10,453/10,453 | 损失: 3.7081 | LR: 2.59e-07 | 速度: 0.101s/batch | ETA: 0.0min
2025-11-08 10:28:39,791 - INFO - Epoch 1 完成! | 平均损失: 3.7081 | 耗时: 18.1分钟 | 处理样本: 167,244 | 总批次: 10,453
2025-11-08 10:28:39,793 - INFO - 开始验证...
2025-11-08 10:28:42,987 - INFO - 验证完成! | 损失: 3.3422 | 困惑度: 28.28 | 耗时: 3.2秒 | 样本数: 1,936
2025-11-08 10:28:42,987 - INFO - Epoch 1 统计: 训练损失=3.7081, 验证损失=3.342169105514022, 耗时=18.1分钟, 累计耗时=18.1分钟
2025-11-08 10:28:44,349 - INFO - 结果已保存至 results/ablate_pe/
2025-11-08 10:28:44,350 - INFO - 
============================================================
2025-11-08 10:28:44,350 - INFO - Epoch 2/5
2025-11-08 10:28:44,350 - INFO - ============================================================
2025-11-08 10:28:44,351 - INFO - Epoch 2/5: 开始训练 (10,453 批次)
2025-11-08 10:28:56,002 - INFO - 进度:   1.0% | 批次: 104/10,453 | 损失: 3.3440 | LR: 2.58e-07 | 速度: 0.098s/batch | ETA: 19.3min
2025-11-08 10:29:07,119 - INFO - 进度:   2.0% | 批次: 208/10,453 | 损失: 3.3421 | LR: 2.57e-07 | 速度: 0.121s/batch | ETA: 18.7min
2025-11-08 10:29:31,786 - INFO - 使用设备: cpu
2025-11-08 10:29:31,786 - INFO - 实验配置: d_model=128, batch_size=32, epochs=5, block_size=64, seed=42, ablate_pe=True
2025-11-08 10:29:31,787 - INFO - 加载数据集...
2025-11-08 10:29:31,978 - INFO - 训练批次: 1,042, 验证批次: 121, 词汇表大小: 65
2025-11-08 10:29:31,979 - INFO - 初始化模型...
2025-11-08 10:29:31,997 - INFO - 
============================================================
2025-11-08 10:29:31,998 - INFO - Epoch 1/5
2025-11-08 10:29:31,998 - INFO - ============================================================
2025-11-08 10:29:32,000 - INFO - Epoch 1/5: 开始训练 (1,042 批次)
2025-11-08 10:29:33,693 - INFO - 进度:   1.0% | 批次: 10/1,042 | 损失: 4.4153 | LR: 2.96e-09 | 速度: 0.169s/batch | ETA: 2.9min
2025-11-08 10:29:35,231 - INFO - 进度:   1.9% | 批次: 20/1,042 | 损失: 4.4126 | LR: 5.93e-09 | 速度: 0.153s/batch | ETA: 2.8min
2025-11-08 10:29:36,599 - INFO - 进度:   2.9% | 批次: 30/1,042 | 损失: 4.4116 | LR: 8.89e-09 | 速度: 0.136s/batch | ETA: 2.6min
2025-11-08 10:29:37,862 - INFO - 进度:   3.8% | 批次: 40/1,042 | 损失: 4.4122 | LR: 1.19e-08 | 速度: 0.126s/batch | ETA: 2.4min
2025-11-08 10:29:39,110 - INFO - 进度:   4.8% | 批次: 50/1,042 | 损失: 4.4126 | LR: 1.48e-08 | 速度: 0.124s/batch | ETA: 2.4min
2025-11-08 10:29:40,385 - INFO - 进度:   5.8% | 批次: 60/1,042 | 损失: 4.4122 | LR: 1.78e-08 | 速度: 0.127s/batch | ETA: 2.3min
2025-11-08 10:29:41,602 - INFO - 进度:   6.7% | 批次: 70/1,042 | 损失: 4.4126 | LR: 2.08e-08 | 速度: 0.121s/batch | ETA: 2.2min
2025-11-08 10:29:42,707 - INFO - 进度:   7.7% | 批次: 80/1,042 | 损失: 4.4121 | LR: 2.37e-08 | 速度: 0.110s/batch | ETA: 2.1min
2025-11-08 10:29:43,744 - INFO - 进度:   8.6% | 批次: 90/1,042 | 损失: 4.4122 | LR: 2.67e-08 | 速度: 0.103s/batch | ETA: 2.1min
2025-11-08 10:29:44,909 - INFO - 进度:   9.6% | 批次: 100/1,042 | 损失: 4.4125 | LR: 2.96e-08 | 速度: 0.116s/batch | ETA: 2.0min
2025-11-08 10:29:46,172 - INFO - 进度:  10.6% | 批次: 110/1,042 | 损失: 4.4121 | LR: 3.26e-08 | 速度: 0.126s/batch | ETA: 2.0min
2025-11-08 10:29:47,355 - INFO - 进度:  11.5% | 批次: 120/1,042 | 损失: 4.4128 | LR: 3.56e-08 | 速度: 0.118s/batch | ETA: 2.0min
2025-11-08 10:29:48,411 - INFO - 进度:  12.5% | 批次: 130/1,042 | 损失: 4.4131 | LR: 3.85e-08 | 速度: 0.105s/batch | ETA: 1.9min
2025-11-08 10:29:49,534 - INFO - 进度:  13.4% | 批次: 140/1,042 | 损失: 4.4120 | LR: 4.15e-08 | 速度: 0.112s/batch | ETA: 1.9min
2025-11-08 10:29:50,614 - INFO - 进度:  14.4% | 批次: 150/1,042 | 损失: 4.4114 | LR: 4.45e-08 | 速度: 0.108s/batch | ETA: 1.8min
2025-11-08 10:29:51,719 - INFO - 进度:  15.4% | 批次: 160/1,042 | 损失: 4.4112 | LR: 4.74e-08 | 速度: 0.110s/batch | ETA: 1.8min
2025-11-08 10:29:52,827 - INFO - 进度:  16.3% | 批次: 170/1,042 | 损失: 4.4113 | LR: 5.04e-08 | 速度: 0.110s/batch | ETA: 1.8min
2025-11-08 10:29:53,973 - INFO - 进度:  17.3% | 批次: 180/1,042 | 损失: 4.4112 | LR: 5.34e-08 | 速度: 0.114s/batch | ETA: 1.8min
2025-11-08 10:29:55,053 - INFO - 进度:  18.2% | 批次: 190/1,042 | 损失: 4.4107 | LR: 5.63e-08 | 速度: 0.107s/batch | ETA: 1.7min
2025-11-08 10:29:56,101 - INFO - 进度:  19.2% | 批次: 200/1,042 | 损失: 4.4109 | LR: 5.93e-08 | 速度: 0.104s/batch | ETA: 1.7min
2025-11-08 10:29:57,141 - INFO - 进度:  20.2% | 批次: 210/1,042 | 损失: 4.4107 | LR: 6.23e-08 | 速度: 0.103s/batch | ETA: 1.7min
2025-11-08 10:29:58,224 - INFO - 进度:  21.1% | 批次: 220/1,042 | 损失: 4.4104 | LR: 6.52e-08 | 速度: 0.108s/batch | ETA: 1.6min
2025-11-08 10:29:59,276 - INFO - 进度:  22.1% | 批次: 230/1,042 | 损失: 4.4100 | LR: 6.82e-08 | 速度: 0.105s/batch | ETA: 1.6min
2025-11-08 10:30:00,317 - INFO - 进度:  23.0% | 批次: 240/1,042 | 损失: 4.4097 | LR: 7.12e-08 | 速度: 0.103s/batch | ETA: 1.6min
2025-11-08 10:30:01,394 - INFO - 进度:  24.0% | 批次: 250/1,042 | 损失: 4.4097 | LR: 7.41e-08 | 速度: 0.107s/batch | ETA: 1.6min
2025-11-08 10:30:02,473 - INFO - 进度:  25.0% | 批次: 260/1,042 | 损失: 4.4096 | LR: 7.71e-08 | 速度: 0.108s/batch | ETA: 1.5min
2025-11-08 10:30:03,516 - INFO - 进度:  25.9% | 批次: 270/1,042 | 损失: 4.4093 | LR: 8.00e-08 | 速度: 0.104s/batch | ETA: 1.5min
2025-11-08 10:30:04,670 - INFO - 进度:  26.9% | 批次: 280/1,042 | 损失: 4.4093 | LR: 8.30e-08 | 速度: 0.115s/batch | ETA: 1.5min
2025-11-08 10:30:05,737 - INFO - 进度:  27.8% | 批次: 290/1,042 | 损失: 4.4092 | LR: 8.60e-08 | 速度: 0.106s/batch | ETA: 1.5min
2025-11-08 10:30:06,824 - INFO - 进度:  28.8% | 批次: 300/1,042 | 损失: 4.4091 | LR: 8.89e-08 | 速度: 0.108s/batch | ETA: 1.4min
2025-11-08 10:30:07,879 - INFO - 进度:  29.8% | 批次: 310/1,042 | 损失: 4.4089 | LR: 9.19e-08 | 速度: 0.105s/batch | ETA: 1.4min
2025-11-08 10:30:08,962 - INFO - 进度:  30.7% | 批次: 320/1,042 | 损失: 4.4087 | LR: 9.49e-08 | 速度: 0.108s/batch | ETA: 1.4min
2025-11-08 10:30:10,012 - INFO - 进度:  31.7% | 批次: 330/1,042 | 损失: 4.4087 | LR: 9.78e-08 | 速度: 0.105s/batch | ETA: 1.4min
2025-11-08 10:30:11,067 - INFO - 进度:  32.6% | 批次: 340/1,042 | 损失: 4.4088 | LR: 1.01e-07 | 速度: 0.105s/batch | ETA: 1.3min
2025-11-08 10:30:12,070 - INFO - 进度:  33.6% | 批次: 350/1,042 | 损失: 4.4085 | LR: 1.04e-07 | 速度: 0.100s/batch | ETA: 1.3min
2025-11-08 10:30:13,087 - INFO - 进度:  34.5% | 批次: 360/1,042 | 损失: 4.4084 | LR: 1.07e-07 | 速度: 0.101s/batch | ETA: 1.3min
2025-11-08 10:30:14,124 - INFO - 进度:  35.5% | 批次: 370/1,042 | 损失: 4.4083 | LR: 1.10e-07 | 速度: 0.103s/batch | ETA: 1.3min
2025-11-08 10:30:15,240 - INFO - 进度:  36.5% | 批次: 380/1,042 | 损失: 4.4083 | LR: 1.13e-07 | 速度: 0.111s/batch | ETA: 1.3min
2025-11-08 10:30:16,315 - INFO - 进度:  37.4% | 批次: 390/1,042 | 损失: 4.4079 | LR: 1.16e-07 | 速度: 0.107s/batch | ETA: 1.2min
2025-11-08 10:30:17,358 - INFO - 进度:  38.4% | 批次: 400/1,042 | 损失: 4.4077 | LR: 1.19e-07 | 速度: 0.104s/batch | ETA: 1.2min
2025-11-08 10:30:18,424 - INFO - 进度:  39.3% | 批次: 410/1,042 | 损失: 4.4074 | LR: 1.22e-07 | 速度: 0.106s/batch | ETA: 1.2min
2025-11-08 10:30:19,526 - INFO - 进度:  40.3% | 批次: 420/1,042 | 损失: 4.4073 | LR: 1.25e-07 | 速度: 0.110s/batch | ETA: 1.2min
2025-11-08 10:30:20,578 - INFO - 进度:  41.3% | 批次: 430/1,042 | 损失: 4.4070 | LR: 1.27e-07 | 速度: 0.105s/batch | ETA: 1.2min
2025-11-08 10:30:21,575 - INFO - 进度:  42.2% | 批次: 440/1,042 | 损失: 4.4069 | LR: 1.30e-07 | 速度: 0.099s/batch | ETA: 1.1min
2025-11-08 10:30:22,587 - INFO - 进度:  43.2% | 批次: 450/1,042 | 损失: 4.4065 | LR: 1.33e-07 | 速度: 0.101s/batch | ETA: 1.1min
2025-11-08 10:30:23,645 - INFO - 进度:  44.1% | 批次: 460/1,042 | 损失: 4.4064 | LR: 1.36e-07 | 速度: 0.105s/batch | ETA: 1.1min
2025-11-08 10:30:24,689 - INFO - 进度:  45.1% | 批次: 470/1,042 | 损失: 4.4062 | LR: 1.39e-07 | 速度: 0.104s/batch | ETA: 1.1min
2025-11-08 10:30:25,744 - INFO - 进度:  46.1% | 批次: 480/1,042 | 损失: 4.4061 | LR: 1.42e-07 | 速度: 0.105s/batch | ETA: 1.0min
2025-11-08 10:30:26,797 - INFO - 进度:  47.0% | 批次: 490/1,042 | 损失: 4.4058 | LR: 1.45e-07 | 速度: 0.105s/batch | ETA: 1.0min
2025-11-08 10:30:27,962 - INFO - 进度:  48.0% | 批次: 500/1,042 | 损失: 4.4053 | LR: 1.48e-07 | 速度: 0.116s/batch | ETA: 1.0min
2025-11-08 10:30:29,044 - INFO - 进度:  48.9% | 批次: 510/1,042 | 损失: 4.4049 | LR: 1.51e-07 | 速度: 0.108s/batch | ETA: 1.0min
2025-11-08 10:30:30,274 - INFO - 进度:  49.9% | 批次: 520/1,042 | 损失: 4.4046 | LR: 1.54e-07 | 速度: 0.123s/batch | ETA: 1.0min
2025-11-08 10:30:31,449 - INFO - 进度:  50.9% | 批次: 530/1,042 | 损失: 4.4042 | LR: 1.57e-07 | 速度: 0.117s/batch | ETA: 1.0min
2025-11-08 10:30:32,516 - INFO - 进度:  51.8% | 批次: 540/1,042 | 损失: 4.4038 | LR: 1.60e-07 | 速度: 0.106s/batch | ETA: 0.9min
2025-11-08 10:30:33,539 - INFO - 进度:  52.8% | 批次: 550/1,042 | 损失: 4.4033 | LR: 1.63e-07 | 速度: 0.102s/batch | ETA: 0.9min
2025-11-08 10:30:34,607 - INFO - 进度:  53.7% | 批次: 560/1,042 | 损失: 4.4029 | LR: 1.66e-07 | 速度: 0.106s/batch | ETA: 0.9min
2025-11-08 10:30:35,679 - INFO - 进度:  54.7% | 批次: 570/1,042 | 损失: 4.4027 | LR: 1.69e-07 | 速度: 0.107s/batch | ETA: 0.9min
2025-11-08 10:30:36,714 - INFO - 进度:  55.7% | 批次: 580/1,042 | 损失: 4.4025 | LR: 1.72e-07 | 速度: 0.103s/batch | ETA: 0.9min
2025-11-08 10:30:37,697 - INFO - 进度:  56.6% | 批次: 590/1,042 | 损失: 4.4023 | LR: 1.75e-07 | 速度: 0.098s/batch | ETA: 0.8min
2025-11-08 10:30:38,713 - INFO - 进度:  57.6% | 批次: 600/1,042 | 损失: 4.4020 | LR: 1.78e-07 | 速度: 0.101s/batch | ETA: 0.8min
2025-11-08 10:30:39,756 - INFO - 进度:  58.5% | 批次: 610/1,042 | 损失: 4.4017 | LR: 1.81e-07 | 速度: 0.104s/batch | ETA: 0.8min
2025-11-08 10:30:40,865 - INFO - 进度:  59.5% | 批次: 620/1,042 | 损失: 4.4014 | LR: 1.84e-07 | 速度: 0.111s/batch | ETA: 0.8min
2025-11-08 10:30:41,921 - INFO - 进度:  60.5% | 批次: 630/1,042 | 损失: 4.4011 | LR: 1.87e-07 | 速度: 0.105s/batch | ETA: 0.8min
2025-11-08 10:30:43,009 - INFO - 进度:  61.4% | 批次: 640/1,042 | 损失: 4.4008 | LR: 1.90e-07 | 速度: 0.108s/batch | ETA: 0.7min
2025-11-08 10:30:44,097 - INFO - 进度:  62.4% | 批次: 650/1,042 | 损失: 4.4002 | LR: 1.93e-07 | 速度: 0.108s/batch | ETA: 0.7min
2025-11-08 10:30:45,253 - INFO - 进度:  63.3% | 批次: 660/1,042 | 损失: 4.3998 | LR: 1.96e-07 | 速度: 0.115s/batch | ETA: 0.7min
2025-11-08 10:30:46,399 - INFO - 进度:  64.3% | 批次: 670/1,042 | 损失: 4.3995 | LR: 1.99e-07 | 速度: 0.114s/batch | ETA: 0.7min
2025-11-08 10:30:47,472 - INFO - 进度:  65.3% | 批次: 680/1,042 | 损失: 4.3992 | LR: 2.02e-07 | 速度: 0.107s/batch | ETA: 0.7min
2025-11-08 10:30:48,519 - INFO - 进度:  66.2% | 批次: 690/1,042 | 损失: 4.3988 | LR: 2.05e-07 | 速度: 0.105s/batch | ETA: 0.7min
2025-11-08 10:30:49,695 - INFO - 进度:  67.2% | 批次: 700/1,042 | 损失: 4.3985 | LR: 2.08e-07 | 速度: 0.117s/batch | ETA: 0.6min
2025-11-08 10:30:50,812 - INFO - 进度:  68.1% | 批次: 710/1,042 | 损失: 4.3981 | LR: 2.10e-07 | 速度: 0.111s/batch | ETA: 0.6min
2025-11-08 10:30:51,881 - INFO - 进度:  69.1% | 批次: 720/1,042 | 损失: 4.3976 | LR: 2.13e-07 | 速度: 0.106s/batch | ETA: 0.6min
2025-11-08 10:30:52,972 - INFO - 进度:  70.1% | 批次: 730/1,042 | 损失: 4.3973 | LR: 2.16e-07 | 速度: 0.109s/batch | ETA: 0.6min
2025-11-08 10:30:53,992 - INFO - 进度:  71.0% | 批次: 740/1,042 | 损失: 4.3969 | LR: 2.19e-07 | 速度: 0.102s/batch | ETA: 0.6min
2025-11-08 10:30:55,071 - INFO - 进度:  72.0% | 批次: 750/1,042 | 损失: 4.3966 | LR: 2.22e-07 | 速度: 0.107s/batch | ETA: 0.5min
2025-11-08 10:30:56,095 - INFO - 进度:  72.9% | 批次: 760/1,042 | 损失: 4.3964 | LR: 2.25e-07 | 速度: 0.102s/batch | ETA: 0.5min
2025-11-08 10:30:57,187 - INFO - 进度:  73.9% | 批次: 770/1,042 | 损失: 4.3959 | LR: 2.28e-07 | 速度: 0.109s/batch | ETA: 0.5min
2025-11-08 10:30:58,254 - INFO - 进度:  74.9% | 批次: 780/1,042 | 损失: 4.3954 | LR: 2.31e-07 | 速度: 0.106s/batch | ETA: 0.5min
2025-11-08 10:30:59,291 - INFO - 进度:  75.8% | 批次: 790/1,042 | 损失: 4.3949 | LR: 2.34e-07 | 速度: 0.103s/batch | ETA: 0.5min
2025-11-08 10:31:00,322 - INFO - 进度:  76.8% | 批次: 800/1,042 | 损失: 4.3945 | LR: 2.37e-07 | 速度: 0.103s/batch | ETA: 0.4min
2025-11-08 10:31:01,389 - INFO - 进度:  77.7% | 批次: 810/1,042 | 损失: 4.3941 | LR: 2.40e-07 | 速度: 0.106s/batch | ETA: 0.4min
2025-11-08 10:31:02,388 - INFO - 进度:  78.7% | 批次: 820/1,042 | 损失: 4.3937 | LR: 2.43e-07 | 速度: 0.100s/batch | ETA: 0.4min
2025-11-08 10:31:03,501 - INFO - 进度:  79.7% | 批次: 830/1,042 | 损失: 4.3933 | LR: 2.46e-07 | 速度: 0.111s/batch | ETA: 0.4min
2025-11-08 10:31:04,536 - INFO - 进度:  80.6% | 批次: 840/1,042 | 损失: 4.3929 | LR: 2.49e-07 | 速度: 0.103s/batch | ETA: 0.4min
2025-11-08 10:31:05,639 - INFO - 进度:  81.6% | 批次: 850/1,042 | 损失: 4.3926 | LR: 2.52e-07 | 速度: 0.110s/batch | ETA: 0.4min
2025-11-08 10:31:06,706 - INFO - 进度:  82.5% | 批次: 860/1,042 | 损失: 4.3922 | LR: 2.55e-07 | 速度: 0.106s/batch | ETA: 0.3min
2025-11-08 10:31:07,802 - INFO - 进度:  83.5% | 批次: 870/1,042 | 损失: 4.3918 | LR: 2.58e-07 | 速度: 0.109s/batch | ETA: 0.3min
2025-11-08 10:31:08,863 - INFO - 进度:  84.5% | 批次: 880/1,042 | 损失: 4.3914 | LR: 2.61e-07 | 速度: 0.106s/batch | ETA: 0.3min
2025-11-08 10:31:09,977 - INFO - 进度:  85.4% | 批次: 890/1,042 | 损失: 4.3909 | LR: 2.64e-07 | 速度: 0.111s/batch | ETA: 0.3min
2025-11-08 10:31:11,039 - INFO - 进度:  86.4% | 批次: 900/1,042 | 损失: 4.3904 | LR: 2.67e-07 | 速度: 0.106s/batch | ETA: 0.3min
2025-11-08 10:31:11,971 - INFO - 进度:  87.3% | 批次: 910/1,042 | 损失: 4.3899 | LR: 2.70e-07 | 速度: 0.093s/batch | ETA: 0.2min
2025-11-08 10:31:12,974 - INFO - 进度:  88.3% | 批次: 920/1,042 | 损失: 4.3894 | LR: 2.73e-07 | 速度: 0.100s/batch | ETA: 0.2min
2025-11-08 10:31:13,997 - INFO - 进度:  89.3% | 批次: 930/1,042 | 损失: 4.3889 | LR: 2.76e-07 | 速度: 0.102s/batch | ETA: 0.2min
2025-11-08 10:31:15,004 - INFO - 进度:  90.2% | 批次: 940/1,042 | 损失: 4.3885 | LR: 2.79e-07 | 速度: 0.100s/batch | ETA: 0.2min
2025-11-08 10:31:16,038 - INFO - 进度:  91.2% | 批次: 950/1,042 | 损失: 4.3879 | LR: 2.82e-07 | 速度: 0.103s/batch | ETA: 0.2min
2025-11-08 10:31:17,079 - INFO - 进度:  92.1% | 批次: 960/1,042 | 损失: 4.3874 | LR: 2.85e-07 | 速度: 0.104s/batch | ETA: 0.1min
2025-11-08 10:31:18,590 - INFO - 进度:  93.1% | 批次: 970/1,042 | 损失: 4.3869 | LR: 2.88e-07 | 速度: 0.151s/batch | ETA: 0.1min
2025-11-08 10:31:19,747 - INFO - 进度:  94.0% | 批次: 980/1,042 | 损失: 4.3864 | LR: 2.91e-07 | 速度: 0.115s/batch | ETA: 0.1min
2025-11-08 10:31:20,832 - INFO - 进度:  95.0% | 批次: 990/1,042 | 损失: 4.3859 | LR: 2.93e-07 | 速度: 0.108s/batch | ETA: 0.1min
2025-11-08 10:31:21,889 - INFO - 进度:  96.0% | 批次: 1,000/1,042 | 损失: 4.3853 | LR: 2.96e-07 | 速度: 0.105s/batch | ETA: 0.1min
2025-11-08 10:31:23,132 - INFO - 进度:  96.9% | 批次: 1,010/1,042 | 损失: 4.3849 | LR: 2.99e-07 | 速度: 0.124s/batch | ETA: 0.1min
2025-11-08 10:31:24,343 - INFO - 进度:  97.9% | 批次: 1,020/1,042 | 损失: 4.3844 | LR: 3.02e-07 | 速度: 0.121s/batch | ETA: 0.0min
2025-11-08 10:31:25,620 - INFO - 进度:  98.8% | 批次: 1,030/1,042 | 损失: 4.3838 | LR: 3.05e-07 | 速度: 0.127s/batch | ETA: 0.0min
2025-11-08 10:31:26,753 - INFO - 进度:  99.8% | 批次: 1,040/1,042 | 损失: 4.3833 | LR: 3.08e-07 | 速度: 0.113s/batch | ETA: 0.0min
2025-11-08 10:31:26,926 - INFO - 进度: 100.0% | 批次: 1,042/1,042 | 损失: 4.3833 | LR: 3.09e-07 | 速度: 0.107s/batch | ETA: 0.0min
2025-11-08 10:31:26,926 - INFO - Epoch 1 完成! | 平均损失: 4.3833 | 耗时: 1.9分钟 | 处理样本: 16,666 | 总批次: 1,042
2025-11-08 10:31:26,928 - INFO - 开始验证...
2025-11-08 10:31:30,190 - INFO - 验证完成! | 损失: 4.3321 | 困惑度: 76.10 | 耗时: 3.3秒 | 样本数: 1,936
2025-11-08 10:31:30,191 - INFO - Epoch 1 统计: 训练损失=4.3833, 验证损失=4.3321092384905855, 耗时=2.0分钟, 累计耗时=2.0分钟
2025-11-08 10:31:31,607 - INFO - 结果已保存至 results/ablate_pe/
2025-11-08 10:31:31,608 - INFO - 
============================================================
2025-11-08 10:31:31,608 - INFO - Epoch 2/5
2025-11-08 10:31:31,608 - INFO - ============================================================
2025-11-08 10:31:31,609 - INFO - Epoch 2/5: 开始训练 (1,042 批次)
2025-11-08 10:31:32,898 - INFO - 进度:   1.0% | 批次: 10/1,042 | 损失: 4.3391 | LR: 3.12e-07 | 速度: 0.129s/batch | ETA: 2.2min
2025-11-08 10:31:34,067 - INFO - 进度:   1.9% | 批次: 20/1,042 | 损失: 4.3342 | LR: 3.15e-07 | 速度: 0.116s/batch | ETA: 2.1min
2025-11-08 10:31:35,166 - INFO - 进度:   2.9% | 批次: 30/1,042 | 损失: 4.3317 | LR: 3.18e-07 | 速度: 0.109s/batch | ETA: 2.0min
2025-11-08 10:31:36,197 - INFO - 进度:   3.8% | 批次: 40/1,042 | 损失: 4.3301 | LR: 3.21e-07 | 速度: 0.103s/batch | ETA: 1.9min
2025-11-08 10:31:37,227 - INFO - 进度:   4.8% | 批次: 50/1,042 | 损失: 4.3268 | LR: 3.24e-07 | 速度: 0.103s/batch | ETA: 1.9min
2025-11-08 10:31:38,223 - INFO - 进度:   5.8% | 批次: 60/1,042 | 损失: 4.3274 | LR: 3.27e-07 | 速度: 0.099s/batch | ETA: 1.8min
2025-11-08 10:31:39,263 - INFO - 进度:   6.7% | 批次: 70/1,042 | 损失: 4.3253 | LR: 3.30e-07 | 速度: 0.103s/batch | ETA: 1.8min
2025-11-08 10:31:40,297 - INFO - 进度:   7.7% | 批次: 80/1,042 | 损失: 4.3246 | LR: 3.33e-07 | 速度: 0.102s/batch | ETA: 1.7min
2025-11-08 10:31:41,371 - INFO - 进度:   8.6% | 批次: 90/1,042 | 损失: 4.3238 | LR: 3.36e-07 | 速度: 0.107s/batch | ETA: 1.7min
2025-11-08 10:31:42,631 - INFO - 进度:   9.6% | 批次: 100/1,042 | 损失: 4.3237 | LR: 3.39e-07 | 速度: 0.126s/batch | ETA: 1.7min
2025-11-08 10:31:43,775 - INFO - 进度:  10.6% | 批次: 110/1,042 | 损失: 4.3230 | LR: 3.42e-07 | 速度: 0.114s/batch | ETA: 1.7min
2025-11-08 10:31:44,875 - INFO - 进度:  11.5% | 批次: 120/1,042 | 损失: 4.3226 | LR: 3.44e-07 | 速度: 0.110s/batch | ETA: 1.7min
2025-11-08 10:31:46,043 - INFO - 进度:  12.5% | 批次: 130/1,042 | 损失: 4.3218 | LR: 3.47e-07 | 速度: 0.116s/batch | ETA: 1.7min
2025-11-08 10:31:47,070 - INFO - 进度:  13.4% | 批次: 140/1,042 | 损失: 4.3209 | LR: 3.50e-07 | 速度: 0.102s/batch | ETA: 1.7min
2025-11-08 10:31:48,155 - INFO - 进度:  14.4% | 批次: 150/1,042 | 损失: 4.3201 | LR: 3.53e-07 | 速度: 0.108s/batch | ETA: 1.6min
2025-11-08 10:31:49,173 - INFO - 进度:  15.4% | 批次: 160/1,042 | 损失: 4.3195 | LR: 3.56e-07 | 速度: 0.101s/batch | ETA: 1.6min
2025-11-08 10:31:50,253 - INFO - 进度:  16.3% | 批次: 170/1,042 | 损失: 4.3189 | LR: 3.59e-07 | 速度: 0.108s/batch | ETA: 1.6min
2025-11-08 10:31:51,343 - INFO - 进度:  17.3% | 批次: 180/1,042 | 损失: 4.3181 | LR: 3.62e-07 | 速度: 0.109s/batch | ETA: 1.6min
2025-11-08 10:31:52,628 - INFO - 进度:  18.2% | 批次: 190/1,042 | 损失: 4.3170 | LR: 3.65e-07 | 速度: 0.128s/batch | ETA: 1.6min
2025-11-08 10:31:53,897 - INFO - 进度:  19.2% | 批次: 200/1,042 | 损失: 4.3155 | LR: 3.68e-07 | 速度: 0.126s/batch | ETA: 1.6min
2025-11-08 10:31:54,942 - INFO - 进度:  20.2% | 批次: 210/1,042 | 损失: 4.3142 | LR: 3.71e-07 | 速度: 0.104s/batch | ETA: 1.5min
2025-11-08 10:31:56,053 - INFO - 进度:  21.1% | 批次: 220/1,042 | 损失: 4.3129 | LR: 3.74e-07 | 速度: 0.111s/batch | ETA: 1.5min
2025-11-08 10:31:57,156 - INFO - 进度:  22.1% | 批次: 230/1,042 | 损失: 4.3121 | LR: 3.77e-07 | 速度: 0.110s/batch | ETA: 1.5min
2025-11-08 10:31:58,229 - INFO - 进度:  23.0% | 批次: 240/1,042 | 损失: 4.3113 | LR: 3.80e-07 | 速度: 0.107s/batch | ETA: 1.5min
2025-11-08 10:31:59,274 - INFO - 进度:  24.0% | 批次: 250/1,042 | 损失: 4.3102 | LR: 3.83e-07 | 速度: 0.104s/batch | ETA: 1.5min
2025-11-08 10:32:00,325 - INFO - 进度:  25.0% | 批次: 260/1,042 | 损失: 4.3093 | LR: 3.86e-07 | 速度: 0.105s/batch | ETA: 1.4min
2025-11-08 10:32:01,391 - INFO - 进度:  25.9% | 批次: 270/1,042 | 损失: 4.3081 | LR: 3.89e-07 | 速度: 0.106s/batch | ETA: 1.4min
2025-11-08 10:32:02,390 - INFO - 进度:  26.9% | 批次: 280/1,042 | 损失: 4.3073 | LR: 3.92e-07 | 速度: 0.100s/batch | ETA: 1.4min
2025-11-08 10:32:03,385 - INFO - 进度:  27.8% | 批次: 290/1,042 | 损失: 4.3061 | LR: 3.95e-07 | 速度: 0.099s/batch | ETA: 1.4min
2025-11-08 10:32:04,400 - INFO - 进度:  28.8% | 批次: 300/1,042 | 损失: 4.3050 | LR: 3.98e-07 | 速度: 0.101s/batch | ETA: 1.4min
2025-11-08 10:32:05,453 - INFO - 进度:  29.8% | 批次: 310/1,042 | 损失: 4.3039 | LR: 4.01e-07 | 速度: 0.105s/batch | ETA: 1.3min
2025-11-08 10:32:06,508 - INFO - 进度:  30.7% | 批次: 320/1,042 | 损失: 4.3030 | LR: 4.04e-07 | 速度: 0.105s/batch | ETA: 1.3min
2025-11-08 10:32:07,546 - INFO - 进度:  31.7% | 批次: 330/1,042 | 损失: 4.3019 | LR: 4.07e-07 | 速度: 0.103s/batch | ETA: 1.3min
2025-11-08 10:32:08,578 - INFO - 进度:  32.6% | 批次: 340/1,042 | 损失: 4.3010 | LR: 4.10e-07 | 速度: 0.103s/batch | ETA: 1.3min
2025-11-08 10:32:09,652 - INFO - 进度:  33.6% | 批次: 350/1,042 | 损失: 4.2999 | LR: 4.13e-07 | 速度: 0.107s/batch | ETA: 1.3min
2025-11-08 10:32:10,695 - INFO - 进度:  34.5% | 批次: 360/1,042 | 损失: 4.2990 | LR: 4.16e-07 | 速度: 0.104s/batch | ETA: 1.2min
2025-11-08 10:32:11,732 - INFO - 进度:  35.5% | 批次: 370/1,042 | 损失: 4.2981 | LR: 4.19e-07 | 速度: 0.103s/batch | ETA: 1.2min
2025-11-08 10:32:12,747 - INFO - 进度:  36.5% | 批次: 380/1,042 | 损失: 4.2972 | LR: 4.22e-07 | 速度: 0.101s/batch | ETA: 1.2min
2025-11-08 10:32:13,850 - INFO - 进度:  37.4% | 批次: 390/1,042 | 损失: 4.2963 | LR: 4.25e-07 | 速度: 0.110s/batch | ETA: 1.2min
2025-11-08 10:32:14,875 - INFO - 进度:  38.4% | 批次: 400/1,042 | 损失: 4.2954 | LR: 4.28e-07 | 速度: 0.102s/batch | ETA: 1.2min
2025-11-08 10:32:15,913 - INFO - 进度:  39.3% | 批次: 410/1,042 | 损失: 4.2944 | LR: 4.30e-07 | 速度: 0.104s/batch | ETA: 1.1min
2025-11-08 10:32:16,910 - INFO - 进度:  40.3% | 批次: 420/1,042 | 损失: 4.2933 | LR: 4.33e-07 | 速度: 0.099s/batch | ETA: 1.1min
2025-11-08 10:32:17,950 - INFO - 进度:  41.3% | 批次: 430/1,042 | 损失: 4.2920 | LR: 4.36e-07 | 速度: 0.104s/batch | ETA: 1.1min
2025-11-08 10:32:18,899 - INFO - 进度:  42.2% | 批次: 440/1,042 | 损失: 4.2911 | LR: 4.39e-07 | 速度: 0.095s/batch | ETA: 1.1min
2025-11-08 10:32:19,882 - INFO - 进度:  43.2% | 批次: 450/1,042 | 损失: 4.2901 | LR: 4.42e-07 | 速度: 0.098s/batch | ETA: 1.1min
2025-11-08 10:32:20,889 - INFO - 进度:  44.1% | 批次: 460/1,042 | 损失: 4.2887 | LR: 4.45e-07 | 速度: 0.100s/batch | ETA: 1.0min
2025-11-08 10:32:22,100 - INFO - 进度:  45.1% | 批次: 470/1,042 | 损失: 4.2876 | LR: 4.48e-07 | 速度: 0.121s/batch | ETA: 1.0min
2025-11-08 10:32:23,228 - INFO - 进度:  46.1% | 批次: 480/1,042 | 损失: 4.2865 | LR: 4.51e-07 | 速度: 0.112s/batch | ETA: 1.0min
2025-11-08 10:32:24,422 - INFO - 进度:  47.0% | 批次: 490/1,042 | 损失: 4.2855 | LR: 4.54e-07 | 速度: 0.119s/batch | ETA: 1.0min
2025-11-08 10:32:25,480 - INFO - 进度:  48.0% | 批次: 500/1,042 | 损失: 4.2845 | LR: 4.57e-07 | 速度: 0.105s/batch | ETA: 1.0min
2025-11-08 10:32:26,569 - INFO - 进度:  48.9% | 批次: 510/1,042 | 损失: 4.2836 | LR: 4.60e-07 | 速度: 0.108s/batch | ETA: 1.0min
2025-11-08 10:32:27,556 - INFO - 进度:  49.9% | 批次: 520/1,042 | 损失: 4.2826 | LR: 4.63e-07 | 速度: 0.098s/batch | ETA: 0.9min
2025-11-08 10:32:28,577 - INFO - 进度:  50.9% | 批次: 530/1,042 | 损失: 4.2815 | LR: 4.66e-07 | 速度: 0.102s/batch | ETA: 0.9min
2025-11-08 10:32:29,547 - INFO - 进度:  51.8% | 批次: 540/1,042 | 损失: 4.2805 | LR: 4.69e-07 | 速度: 0.096s/batch | ETA: 0.9min
2025-11-08 10:32:30,682 - INFO - 进度:  52.8% | 批次: 550/1,042 | 损失: 4.2793 | LR: 4.72e-07 | 速度: 0.113s/batch | ETA: 0.9min
2025-11-08 10:32:31,903 - INFO - 进度:  53.7% | 批次: 560/1,042 | 损失: 4.2782 | LR: 4.75e-07 | 速度: 0.121s/batch | ETA: 0.9min
2025-11-08 10:32:32,938 - INFO - 进度:  54.7% | 批次: 570/1,042 | 损失: 4.2772 | LR: 4.78e-07 | 速度: 0.103s/batch | ETA: 0.8min
2025-11-08 10:32:33,980 - INFO - 进度:  55.7% | 批次: 580/1,042 | 损失: 4.2762 | LR: 4.81e-07 | 速度: 0.104s/batch | ETA: 0.8min
2025-11-08 10:32:35,024 - INFO - 进度:  56.6% | 批次: 590/1,042 | 损失: 4.2752 | LR: 4.84e-07 | 速度: 0.104s/batch | ETA: 0.8min
2025-11-08 10:32:36,104 - INFO - 进度:  57.6% | 批次: 600/1,042 | 损失: 4.2740 | LR: 4.87e-07 | 速度: 0.108s/batch | ETA: 0.8min
2025-11-08 10:32:37,096 - INFO - 进度:  58.5% | 批次: 610/1,042 | 损失: 4.2730 | LR: 4.90e-07 | 速度: 0.099s/batch | ETA: 0.8min
2025-11-08 10:32:38,091 - INFO - 进度:  59.5% | 批次: 620/1,042 | 损失: 4.2718 | LR: 4.93e-07 | 速度: 0.099s/batch | ETA: 0.8min
2025-11-08 10:32:39,151 - INFO - 进度:  60.5% | 批次: 630/1,042 | 损失: 4.2707 | LR: 4.96e-07 | 速度: 0.106s/batch | ETA: 0.7min
2025-11-08 10:32:40,199 - INFO - 进度:  61.4% | 批次: 640/1,042 | 损失: 4.2696 | LR: 4.99e-07 | 速度: 0.104s/batch | ETA: 0.7min
2025-11-08 10:32:41,212 - INFO - 进度:  62.4% | 批次: 650/1,042 | 损失: 4.2684 | LR: 5.02e-07 | 速度: 0.101s/batch | ETA: 0.7min
2025-11-08 10:32:42,272 - INFO - 进度:  63.3% | 批次: 660/1,042 | 损失: 4.2673 | LR: 5.05e-07 | 速度: 0.105s/batch | ETA: 0.7min
2025-11-08 10:32:43,489 - INFO - 进度:  64.3% | 批次: 670/1,042 | 损失: 4.2662 | LR: 5.08e-07 | 速度: 0.121s/batch | ETA: 0.7min
2025-11-08 10:32:44,510 - INFO - 进度:  65.3% | 批次: 680/1,042 | 损失: 4.2651 | LR: 5.11e-07 | 速度: 0.102s/batch | ETA: 0.6min
2025-11-08 10:32:45,501 - INFO - 进度:  66.2% | 批次: 690/1,042 | 损失: 4.2639 | LR: 5.13e-07 | 速度: 0.099s/batch | ETA: 0.6min
2025-11-08 10:32:46,520 - INFO - 进度:  67.2% | 批次: 700/1,042 | 损失: 4.2628 | LR: 5.16e-07 | 速度: 0.101s/batch | ETA: 0.6min
2025-11-08 10:32:47,590 - INFO - 进度:  68.1% | 批次: 710/1,042 | 损失: 4.2617 | LR: 5.19e-07 | 速度: 0.107s/batch | ETA: 0.6min
2025-11-08 10:32:48,624 - INFO - 进度:  69.1% | 批次: 720/1,042 | 损失: 4.2606 | LR: 5.22e-07 | 速度: 0.103s/batch | ETA: 0.6min
2025-11-08 10:32:49,665 - INFO - 进度:  70.1% | 批次: 730/1,042 | 损失: 4.2594 | LR: 5.25e-07 | 速度: 0.104s/batch | ETA: 0.6min
2025-11-08 10:32:50,753 - INFO - 进度:  71.0% | 批次: 740/1,042 | 损失: 4.2582 | LR: 5.28e-07 | 速度: 0.109s/batch | ETA: 0.5min
2025-11-08 10:32:51,860 - INFO - 进度:  72.0% | 批次: 750/1,042 | 损失: 4.2571 | LR: 5.31e-07 | 速度: 0.110s/batch | ETA: 0.5min
2025-11-08 10:32:52,838 - INFO - 进度:  72.9% | 批次: 760/1,042 | 损失: 4.2559 | LR: 5.34e-07 | 速度: 0.097s/batch | ETA: 0.5min
2025-11-08 10:32:53,840 - INFO - 进度:  73.9% | 批次: 770/1,042 | 损失: 4.2548 | LR: 5.37e-07 | 速度: 0.100s/batch | ETA: 0.5min
2025-11-08 10:32:54,884 - INFO - 进度:  74.9% | 批次: 780/1,042 | 损失: 4.2536 | LR: 5.40e-07 | 速度: 0.104s/batch | ETA: 0.5min
2025-11-08 10:32:56,169 - INFO - 进度:  75.8% | 批次: 790/1,042 | 损失: 4.2523 | LR: 5.43e-07 | 速度: 0.128s/batch | ETA: 0.4min
2025-11-08 10:32:57,207 - INFO - 进度:  76.8% | 批次: 800/1,042 | 损失: 4.2512 | LR: 5.46e-07 | 速度: 0.104s/batch | ETA: 0.4min
2025-11-08 10:32:58,253 - INFO - 进度:  77.7% | 批次: 810/1,042 | 损失: 4.2500 | LR: 5.49e-07 | 速度: 0.104s/batch | ETA: 0.4min
2025-11-08 10:32:59,283 - INFO - 进度:  78.7% | 批次: 820/1,042 | 损失: 4.2489 | LR: 5.52e-07 | 速度: 0.103s/batch | ETA: 0.4min
2025-11-08 10:33:00,390 - INFO - 进度:  79.7% | 批次: 830/1,042 | 损失: 4.2477 | LR: 5.55e-07 | 速度: 0.110s/batch | ETA: 0.4min
2025-11-08 10:33:01,428 - INFO - 进度:  80.6% | 批次: 840/1,042 | 损失: 4.2465 | LR: 5.58e-07 | 速度: 0.103s/batch | ETA: 0.4min
2025-11-08 10:33:02,451 - INFO - 进度:  81.6% | 批次: 850/1,042 | 损失: 4.2454 | LR: 5.61e-07 | 速度: 0.102s/batch | ETA: 0.3min
2025-11-08 10:33:03,523 - INFO - 进度:  82.5% | 批次: 860/1,042 | 损失: 4.2442 | LR: 5.64e-07 | 速度: 0.107s/batch | ETA: 0.3min
2025-11-08 10:33:04,564 - INFO - 进度:  83.5% | 批次: 870/1,042 | 损失: 4.2430 | LR: 5.67e-07 | 速度: 0.104s/batch | ETA: 0.3min
2025-11-08 10:33:05,604 - INFO - 进度:  84.5% | 批次: 880/1,042 | 损失: 4.2418 | LR: 5.70e-07 | 速度: 0.104s/batch | ETA: 0.3min
2025-11-08 10:33:06,656 - INFO - 进度:  85.4% | 批次: 890/1,042 | 损失: 4.2406 | LR: 5.73e-07 | 速度: 0.104s/batch | ETA: 0.3min
2025-11-08 10:33:07,665 - INFO - 进度:  86.4% | 批次: 900/1,042 | 损失: 4.2393 | LR: 5.76e-07 | 速度: 0.101s/batch | ETA: 0.3min
2025-11-08 10:33:08,683 - INFO - 进度:  87.3% | 批次: 910/1,042 | 损失: 4.2380 | LR: 5.79e-07 | 速度: 0.101s/batch | ETA: 0.2min
2025-11-08 10:33:09,674 - INFO - 进度:  88.3% | 批次: 920/1,042 | 损失: 4.2368 | LR: 5.82e-07 | 速度: 0.098s/batch | ETA: 0.2min
2025-11-08 10:33:10,753 - INFO - 进度:  89.3% | 批次: 930/1,042 | 损失: 4.2357 | LR: 5.85e-07 | 速度: 0.107s/batch | ETA: 0.2min
2025-11-08 10:33:11,754 - INFO - 进度:  90.2% | 批次: 940/1,042 | 损失: 4.2344 | LR: 5.88e-07 | 速度: 0.100s/batch | ETA: 0.2min
2025-11-08 10:33:12,886 - INFO - 进度:  91.2% | 批次: 950/1,042 | 损失: 4.2331 | LR: 5.91e-07 | 速度: 0.113s/batch | ETA: 0.2min
2025-11-08 10:33:14,083 - INFO - 进度:  92.1% | 批次: 960/1,042 | 损失: 4.2319 | LR: 5.93e-07 | 速度: 0.119s/batch | ETA: 0.1min
2025-11-08 10:33:15,231 - INFO - 进度:  93.1% | 批次: 970/1,042 | 损失: 4.2306 | LR: 5.91e-07 | 速度: 0.114s/batch | ETA: 0.1min
2025-11-08 10:33:16,283 - INFO - 进度:  94.0% | 批次: 980/1,042 | 损失: 4.2294 | LR: 5.90e-07 | 速度: 0.105s/batch | ETA: 0.1min
2025-11-08 10:33:17,465 - INFO - 进度:  95.0% | 批次: 990/1,042 | 损失: 4.2282 | LR: 5.88e-07 | 速度: 0.118s/batch | ETA: 0.1min
2025-11-08 10:33:18,495 - INFO - 进度:  96.0% | 批次: 1,000/1,042 | 损失: 4.2270 | LR: 5.87e-07 | 速度: 0.103s/batch | ETA: 0.1min
2025-11-08 10:33:19,469 - INFO - 进度:  96.9% | 批次: 1,010/1,042 | 损失: 4.2258 | LR: 5.85e-07 | 速度: 0.097s/batch | ETA: 0.1min
2025-11-08 10:33:20,456 - INFO - 进度:  97.9% | 批次: 1,020/1,042 | 损失: 4.2245 | LR: 5.84e-07 | 速度: 0.098s/batch | ETA: 0.0min
2025-11-08 10:33:21,488 - INFO - 进度:  98.8% | 批次: 1,030/1,042 | 损失: 4.2232 | LR: 5.83e-07 | 速度: 0.103s/batch | ETA: 0.0min
2025-11-08 10:33:22,569 - INFO - 进度:  99.8% | 批次: 1,040/1,042 | 损失: 4.2220 | LR: 5.81e-07 | 速度: 0.108s/batch | ETA: 0.0min
2025-11-08 10:33:22,744 - INFO - 进度: 100.0% | 批次: 1,042/1,042 | 损失: 4.2218 | LR: 5.81e-07 | 速度: 0.103s/batch | ETA: 0.0min
2025-11-08 10:33:22,744 - INFO - Epoch 2 完成! | 平均损失: 4.2218 | 耗时: 1.9分钟 | 处理样本: 16,666 | 总批次: 1,042
2025-11-08 10:33:22,746 - INFO - 开始验证...
2025-11-08 10:33:26,099 - INFO - 验证完成! | 损失: 4.0878 | 困惑度: 59.61 | 耗时: 3.4秒 | 样本数: 1,936
2025-11-08 10:33:26,099 - INFO - Epoch 2 统计: 训练损失=4.2218, 验证损失=4.087762060244222, 耗时=1.9分钟, 累计耗时=3.9分钟
2025-11-08 10:33:27,517 - INFO - 结果已保存至 results/ablate_pe/
2025-11-08 10:33:27,517 - INFO - 
============================================================
2025-11-08 10:33:27,517 - INFO - Epoch 3/5
2025-11-08 10:33:27,517 - INFO - ============================================================
2025-11-08 10:33:27,517 - INFO - Epoch 3/5: 开始训练 (1,042 批次)
2025-11-08 10:33:28,506 - INFO - 进度:   1.0% | 批次: 10/1,042 | 损失: 4.0993 | LR: 5.79e-07 | 速度: 0.098s/batch | ETA: 1.7min
2025-11-08 10:33:29,708 - INFO - 进度:   1.9% | 批次: 20/1,042 | 损失: 4.0927 | LR: 5.78e-07 | 速度: 0.120s/batch | ETA: 1.9min
2025-11-08 10:33:30,874 - INFO - 进度:   2.9% | 批次: 30/1,042 | 损失: 4.0872 | LR: 5.77e-07 | 速度: 0.116s/batch | ETA: 1.9min
2025-11-08 10:33:31,939 - INFO - 进度:   3.8% | 批次: 40/1,042 | 损失: 4.0847 | LR: 5.75e-07 | 速度: 0.106s/batch | ETA: 1.8min
2025-11-08 10:33:33,506 - INFO - 进度:   4.8% | 批次: 50/1,042 | 损失: 4.0838 | LR: 5.74e-07 | 速度: 0.156s/batch | ETA: 2.0min
2025-11-08 10:33:34,751 - INFO - 进度:   5.8% | 批次: 60/1,042 | 损失: 4.0842 | LR: 5.73e-07 | 速度: 0.124s/batch | ETA: 2.0min
2025-11-08 10:33:35,875 - INFO - 进度:   6.7% | 批次: 70/1,042 | 损失: 4.0819 | LR: 5.71e-07 | 速度: 0.112s/batch | ETA: 1.9min
2025-11-08 10:33:36,939 - INFO - 进度:   7.7% | 批次: 80/1,042 | 损失: 4.0794 | LR: 5.70e-07 | 速度: 0.106s/batch | ETA: 1.9min
2025-11-08 10:33:38,003 - INFO - 进度:   8.6% | 批次: 90/1,042 | 损失: 4.0773 | LR: 5.69e-07 | 速度: 0.106s/batch | ETA: 1.8min
2025-11-08 10:33:39,080 - INFO - 进度:   9.6% | 批次: 100/1,042 | 损失: 4.0752 | LR: 5.67e-07 | 速度: 0.107s/batch | ETA: 1.8min
2025-11-08 10:33:40,211 - INFO - 进度:  10.6% | 批次: 110/1,042 | 损失: 4.0738 | LR: 5.66e-07 | 速度: 0.113s/batch | ETA: 1.8min
2025-11-08 10:33:41,375 - INFO - 进度:  11.5% | 批次: 120/1,042 | 损失: 4.0727 | LR: 5.65e-07 | 速度: 0.116s/batch | ETA: 1.8min
2025-11-08 10:33:42,591 - INFO - 进度:  12.5% | 批次: 130/1,042 | 损失: 4.0708 | LR: 5.64e-07 | 速度: 0.121s/batch | ETA: 1.8min
2025-11-08 10:33:43,611 - INFO - 进度:  13.4% | 批次: 140/1,042 | 损失: 4.0702 | LR: 5.62e-07 | 速度: 0.102s/batch | ETA: 1.7min
2025-11-08 10:33:44,604 - INFO - 进度:  14.4% | 批次: 150/1,042 | 损失: 4.0689 | LR: 5.61e-07 | 速度: 0.099s/batch | ETA: 1.7min
2025-11-08 10:33:45,599 - INFO - 进度:  15.4% | 批次: 160/1,042 | 损失: 4.0675 | LR: 5.60e-07 | 速度: 0.099s/batch | ETA: 1.7min
2025-11-08 10:33:46,610 - INFO - 进度:  16.3% | 批次: 170/1,042 | 损失: 4.0654 | LR: 5.59e-07 | 速度: 0.101s/batch | ETA: 1.6min
2025-11-08 10:33:47,695 - INFO - 进度:  17.3% | 批次: 180/1,042 | 损失: 4.0642 | LR: 5.57e-07 | 速度: 0.108s/batch | ETA: 1.6min
2025-11-08 10:33:48,822 - INFO - 进度:  18.2% | 批次: 190/1,042 | 损失: 4.0628 | LR: 5.56e-07 | 速度: 0.112s/batch | ETA: 1.6min
2025-11-08 10:33:50,029 - INFO - 进度:  19.2% | 批次: 200/1,042 | 损失: 4.0620 | LR: 5.55e-07 | 速度: 0.120s/batch | ETA: 1.6min
2025-11-08 10:33:51,050 - INFO - 进度:  20.2% | 批次: 210/1,042 | 损失: 4.0612 | LR: 5.54e-07 | 速度: 0.102s/batch | ETA: 1.6min
2025-11-08 10:33:52,165 - INFO - 进度:  21.1% | 批次: 220/1,042 | 损失: 4.0600 | LR: 5.52e-07 | 速度: 0.111s/batch | ETA: 1.5min
2025-11-08 10:33:53,167 - INFO - 进度:  22.1% | 批次: 230/1,042 | 损失: 4.0585 | LR: 5.51e-07 | 速度: 0.100s/batch | ETA: 1.5min
2025-11-08 10:33:54,202 - INFO - 进度:  23.0% | 批次: 240/1,042 | 损失: 4.0567 | LR: 5.50e-07 | 速度: 0.103s/batch | ETA: 1.5min
2025-11-08 10:33:55,384 - INFO - 进度:  24.0% | 批次: 250/1,042 | 损失: 4.0553 | LR: 5.49e-07 | 速度: 0.117s/batch | ETA: 1.5min
2025-11-08 10:33:56,407 - INFO - 进度:  25.0% | 批次: 260/1,042 | 损失: 4.0540 | LR: 5.48e-07 | 速度: 0.102s/batch | ETA: 1.4min
2025-11-08 10:33:57,446 - INFO - 进度:  25.9% | 批次: 270/1,042 | 损失: 4.0525 | LR: 5.47e-07 | 速度: 0.103s/batch | ETA: 1.4min
2025-11-08 10:33:58,431 - INFO - 进度:  26.9% | 批次: 280/1,042 | 损失: 4.0514 | LR: 5.45e-07 | 速度: 0.098s/batch | ETA: 1.4min
2025-11-08 10:33:59,462 - INFO - 进度:  27.8% | 批次: 290/1,042 | 损失: 4.0502 | LR: 5.44e-07 | 速度: 0.103s/batch | ETA: 1.4min
2025-11-08 10:34:00,529 - INFO - 进度:  28.8% | 批次: 300/1,042 | 损失: 4.0489 | LR: 5.43e-07 | 速度: 0.106s/batch | ETA: 1.4min
2025-11-08 10:34:01,536 - INFO - 进度:  29.8% | 批次: 310/1,042 | 损失: 4.0475 | LR: 5.42e-07 | 速度: 0.100s/batch | ETA: 1.3min
2025-11-08 10:34:02,548 - INFO - 进度:  30.7% | 批次: 320/1,042 | 损失: 4.0464 | LR: 5.41e-07 | 速度: 0.101s/batch | ETA: 1.3min
2025-11-08 10:34:03,623 - INFO - 进度:  31.7% | 批次: 330/1,042 | 损失: 4.0453 | LR: 5.40e-07 | 速度: 0.107s/batch | ETA: 1.3min
2025-11-08 10:34:04,855 - INFO - 进度:  32.6% | 批次: 340/1,042 | 损失: 4.0442 | LR: 5.39e-07 | 速度: 0.123s/batch | ETA: 1.3min
2025-11-08 10:34:06,047 - INFO - 进度:  33.6% | 批次: 350/1,042 | 损失: 4.0428 | LR: 5.37e-07 | 速度: 0.119s/batch | ETA: 1.3min
2025-11-08 10:34:07,184 - INFO - 进度:  34.5% | 批次: 360/1,042 | 损失: 4.0415 | LR: 5.36e-07 | 速度: 0.113s/batch | ETA: 1.3min
2025-11-08 10:34:08,316 - INFO - 进度:  35.5% | 批次: 370/1,042 | 损失: 4.0402 | LR: 5.35e-07 | 速度: 0.113s/batch | ETA: 1.2min
2025-11-08 10:34:09,346 - INFO - 进度:  36.5% | 批次: 380/1,042 | 损失: 4.0388 | LR: 5.34e-07 | 速度: 0.102s/batch | ETA: 1.2min
2025-11-08 10:34:10,324 - INFO - 进度:  37.4% | 批次: 390/1,042 | 损失: 4.0375 | LR: 5.33e-07 | 速度: 0.098s/batch | ETA: 1.2min
2025-11-08 10:34:11,400 - INFO - 进度:  38.4% | 批次: 400/1,042 | 损失: 4.0360 | LR: 5.32e-07 | 速度: 0.107s/batch | ETA: 1.2min
2025-11-08 10:34:12,409 - INFO - 进度:  39.3% | 批次: 410/1,042 | 损失: 4.0348 | LR: 5.31e-07 | 速度: 0.100s/batch | ETA: 1.2min
2025-11-08 10:34:13,475 - INFO - 进度:  40.3% | 批次: 420/1,042 | 损失: 4.0337 | LR: 5.30e-07 | 速度: 0.106s/batch | ETA: 1.1min
2025-11-08 10:34:14,522 - INFO - 进度:  41.3% | 批次: 430/1,042 | 损失: 4.0325 | LR: 5.29e-07 | 速度: 0.104s/batch | ETA: 1.1min
2025-11-08 10:34:15,579 - INFO - 进度:  42.2% | 批次: 440/1,042 | 损失: 4.0311 | LR: 5.28e-07 | 速度: 0.105s/batch | ETA: 1.1min
2025-11-08 10:34:16,667 - INFO - 进度:  43.2% | 批次: 450/1,042 | 损失: 4.0297 | LR: 5.27e-07 | 速度: 0.108s/batch | ETA: 1.1min
2025-11-08 10:34:17,831 - INFO - 进度:  44.1% | 批次: 460/1,042 | 损失: 4.0283 | LR: 5.26e-07 | 速度: 0.116s/batch | ETA: 1.1min
2025-11-08 10:34:18,911 - INFO - 进度:  45.1% | 批次: 470/1,042 | 损失: 4.0271 | LR: 5.25e-07 | 速度: 0.108s/batch | ETA: 1.0min
2025-11-08 10:34:19,918 - INFO - 进度:  46.1% | 批次: 480/1,042 | 损失: 4.0258 | LR: 5.24e-07 | 速度: 0.100s/batch | ETA: 1.0min
2025-11-08 10:34:21,122 - INFO - 进度:  47.0% | 批次: 490/1,042 | 损失: 4.0246 | LR: 5.23e-07 | 速度: 0.120s/batch | ETA: 1.0min
2025-11-08 10:34:22,196 - INFO - 进度:  48.0% | 批次: 500/1,042 | 损失: 4.0234 | LR: 5.22e-07 | 速度: 0.107s/batch | ETA: 1.0min
2025-11-08 10:34:23,334 - INFO - 进度:  48.9% | 批次: 510/1,042 | 损失: 4.0222 | LR: 5.21e-07 | 速度: 0.114s/batch | ETA: 1.0min
2025-11-08 10:34:24,303 - INFO - 进度:  49.9% | 批次: 520/1,042 | 损失: 4.0208 | LR: 5.20e-07 | 速度: 0.097s/batch | ETA: 1.0min
2025-11-08 10:34:25,357 - INFO - 进度:  50.9% | 批次: 530/1,042 | 损失: 4.0196 | LR: 5.19e-07 | 速度: 0.105s/batch | ETA: 0.9min
2025-11-08 10:34:26,349 - INFO - 进度:  51.8% | 批次: 540/1,042 | 损失: 4.0183 | LR: 5.18e-07 | 速度: 0.099s/batch | ETA: 0.9min
2025-11-08 10:34:27,366 - INFO - 进度:  52.8% | 批次: 550/1,042 | 损失: 4.0171 | LR: 5.17e-07 | 速度: 0.101s/batch | ETA: 0.9min
2025-11-08 10:34:28,412 - INFO - 进度:  53.7% | 批次: 560/1,042 | 损失: 4.0158 | LR: 5.16e-07 | 速度: 0.104s/batch | ETA: 0.9min
2025-11-08 10:34:29,537 - INFO - 进度:  54.7% | 批次: 570/1,042 | 损失: 4.0145 | LR: 5.15e-07 | 速度: 0.112s/batch | ETA: 0.9min
2025-11-08 10:34:30,583 - INFO - 进度:  55.7% | 批次: 580/1,042 | 损失: 4.0132 | LR: 5.14e-07 | 速度: 0.105s/batch | ETA: 0.8min
2025-11-08 10:34:31,605 - INFO - 进度:  56.6% | 批次: 590/1,042 | 损失: 4.0121 | LR: 5.13e-07 | 速度: 0.102s/batch | ETA: 0.8min
2025-11-08 10:34:32,723 - INFO - 进度:  57.6% | 批次: 600/1,042 | 损失: 4.0109 | LR: 5.12e-07 | 速度: 0.112s/batch | ETA: 0.8min
2025-11-08 10:34:33,791 - INFO - 进度:  58.5% | 批次: 610/1,042 | 损失: 4.0097 | LR: 5.11e-07 | 速度: 0.106s/batch | ETA: 0.8min
2025-11-08 10:34:34,857 - INFO - 进度:  59.5% | 批次: 620/1,042 | 损失: 4.0083 | LR: 5.10e-07 | 速度: 0.106s/batch | ETA: 0.8min
2025-11-08 10:34:35,874 - INFO - 进度:  60.5% | 批次: 630/1,042 | 损失: 4.0070 | LR: 5.09e-07 | 速度: 0.101s/batch | ETA: 0.7min
2025-11-08 10:34:36,877 - INFO - 进度:  61.4% | 批次: 640/1,042 | 损失: 4.0058 | LR: 5.08e-07 | 速度: 0.100s/batch | ETA: 0.7min
2025-11-08 10:34:37,939 - INFO - 进度:  62.4% | 批次: 650/1,042 | 损失: 4.0045 | LR: 5.07e-07 | 速度: 0.106s/batch | ETA: 0.7min
2025-11-08 10:34:38,980 - INFO - 进度:  63.3% | 批次: 660/1,042 | 损失: 4.0033 | LR: 5.06e-07 | 速度: 0.104s/batch | ETA: 0.7min
2025-11-08 10:34:40,047 - INFO - 进度:  64.3% | 批次: 670/1,042 | 损失: 4.0021 | LR: 5.05e-07 | 速度: 0.106s/batch | ETA: 0.7min
2025-11-08 10:34:41,115 - INFO - 进度:  65.3% | 批次: 680/1,042 | 损失: 4.0008 | LR: 5.04e-07 | 速度: 0.107s/batch | ETA: 0.7min
2025-11-08 10:34:42,363 - INFO - 进度:  66.2% | 批次: 690/1,042 | 损失: 3.9995 | LR: 5.03e-07 | 速度: 0.124s/batch | ETA: 0.6min
2025-11-08 10:34:43,611 - INFO - 进度:  67.2% | 批次: 700/1,042 | 损失: 3.9983 | LR: 5.03e-07 | 速度: 0.124s/batch | ETA: 0.6min
2025-11-08 10:34:44,687 - INFO - 进度:  68.1% | 批次: 710/1,042 | 损失: 3.9972 | LR: 5.02e-07 | 速度: 0.107s/batch | ETA: 0.6min
2025-11-08 10:34:45,711 - INFO - 进度:  69.1% | 批次: 720/1,042 | 损失: 3.9958 | LR: 5.01e-07 | 速度: 0.102s/batch | ETA: 0.6min
2025-11-08 10:34:46,797 - INFO - 进度:  70.1% | 批次: 730/1,042 | 损失: 3.9947 | LR: 5.00e-07 | 速度: 0.108s/batch | ETA: 0.6min
2025-11-08 10:34:47,797 - INFO - 进度:  71.0% | 批次: 740/1,042 | 损失: 3.9935 | LR: 4.99e-07 | 速度: 0.100s/batch | ETA: 0.5min
2025-11-08 10:34:48,819 - INFO - 进度:  72.0% | 批次: 750/1,042 | 损失: 3.9924 | LR: 4.98e-07 | 速度: 0.102s/batch | ETA: 0.5min
2025-11-08 10:34:49,824 - INFO - 进度:  72.9% | 批次: 760/1,042 | 损失: 3.9912 | LR: 4.97e-07 | 速度: 0.100s/batch | ETA: 0.5min
2025-11-08 10:34:50,830 - INFO - 进度:  73.9% | 批次: 770/1,042 | 损失: 3.9900 | LR: 4.96e-07 | 速度: 0.100s/batch | ETA: 0.5min
2025-11-08 10:34:51,841 - INFO - 进度:  74.9% | 批次: 780/1,042 | 损失: 3.9888 | LR: 4.95e-07 | 速度: 0.101s/batch | ETA: 0.5min
2025-11-08 10:34:52,937 - INFO - 进度:  75.8% | 批次: 790/1,042 | 损失: 3.9877 | LR: 4.95e-07 | 速度: 0.109s/batch | ETA: 0.5min
2025-11-08 10:34:54,019 - INFO - 进度:  76.8% | 批次: 800/1,042 | 损失: 3.9865 | LR: 4.94e-07 | 速度: 0.108s/batch | ETA: 0.4min
2025-11-08 10:34:55,101 - INFO - 进度:  77.7% | 批次: 810/1,042 | 损失: 3.9853 | LR: 4.93e-07 | 速度: 0.107s/batch | ETA: 0.4min
2025-11-08 10:34:56,114 - INFO - 进度:  78.7% | 批次: 820/1,042 | 损失: 3.9841 | LR: 4.92e-07 | 速度: 0.101s/batch | ETA: 0.4min
2025-11-08 10:34:57,131 - INFO - 进度:  79.7% | 批次: 830/1,042 | 损失: 3.9829 | LR: 4.91e-07 | 速度: 0.101s/batch | ETA: 0.4min
2025-11-08 10:34:58,146 - INFO - 进度:  80.6% | 批次: 840/1,042 | 损失: 3.9817 | LR: 4.90e-07 | 速度: 0.101s/batch | ETA: 0.4min
2025-11-08 10:34:59,189 - INFO - 进度:  81.6% | 批次: 850/1,042 | 损失: 3.9806 | LR: 4.90e-07 | 速度: 0.104s/batch | ETA: 0.3min
2025-11-08 10:35:00,192 - INFO - 进度:  82.5% | 批次: 860/1,042 | 损失: 3.9793 | LR: 4.89e-07 | 速度: 0.100s/batch | ETA: 0.3min
2025-11-08 10:35:01,180 - INFO - 进度:  83.5% | 批次: 870/1,042 | 损失: 3.9780 | LR: 4.88e-07 | 速度: 0.099s/batch | ETA: 0.3min
2025-11-08 10:35:02,146 - INFO - 进度:  84.5% | 批次: 880/1,042 | 损失: 3.9768 | LR: 4.87e-07 | 速度: 0.096s/batch | ETA: 0.3min
2025-11-08 10:35:03,219 - INFO - 进度:  85.4% | 批次: 890/1,042 | 损失: 3.9758 | LR: 4.86e-07 | 速度: 0.107s/batch | ETA: 0.3min
2025-11-08 10:35:04,263 - INFO - 进度:  86.4% | 批次: 900/1,042 | 损失: 3.9746 | LR: 4.85e-07 | 速度: 0.104s/batch | ETA: 0.3min
2025-11-08 10:35:05,291 - INFO - 进度:  87.3% | 批次: 910/1,042 | 损失: 3.9733 | LR: 4.85e-07 | 速度: 0.102s/batch | ETA: 0.2min
2025-11-08 10:35:06,329 - INFO - 进度:  88.3% | 批次: 920/1,042 | 损失: 3.9722 | LR: 4.84e-07 | 速度: 0.104s/batch | ETA: 0.2min
2025-11-08 10:35:07,582 - INFO - 进度:  89.3% | 批次: 930/1,042 | 损失: 3.9712 | LR: 4.83e-07 | 速度: 0.125s/batch | ETA: 0.2min
2025-11-08 10:35:08,643 - INFO - 进度:  90.2% | 批次: 940/1,042 | 损失: 3.9700 | LR: 4.82e-07 | 速度: 0.106s/batch | ETA: 0.2min
2025-11-08 10:35:09,720 - INFO - 进度:  91.2% | 批次: 950/1,042 | 损失: 3.9689 | LR: 4.81e-07 | 速度: 0.108s/batch | ETA: 0.2min
2025-11-08 10:35:10,741 - INFO - 进度:  92.1% | 批次: 960/1,042 | 损失: 3.9678 | LR: 4.81e-07 | 速度: 0.102s/batch | ETA: 0.1min
2025-11-08 10:35:11,777 - INFO - 进度:  93.1% | 批次: 970/1,042 | 损失: 3.9667 | LR: 4.80e-07 | 速度: 0.103s/batch | ETA: 0.1min
2025-11-08 10:35:12,846 - INFO - 进度:  94.0% | 批次: 980/1,042 | 损失: 3.9656 | LR: 4.79e-07 | 速度: 0.107s/batch | ETA: 0.1min
2025-11-08 10:35:13,863 - INFO - 进度:  95.0% | 批次: 990/1,042 | 损失: 3.9645 | LR: 4.78e-07 | 速度: 0.101s/batch | ETA: 0.1min
2025-11-08 10:35:14,876 - INFO - 进度:  96.0% | 批次: 1,000/1,042 | 损失: 3.9634 | LR: 4.77e-07 | 速度: 0.101s/batch | ETA: 0.1min
2025-11-08 10:35:15,811 - INFO - 进度:  96.9% | 批次: 1,010/1,042 | 损失: 3.9623 | LR: 4.77e-07 | 速度: 0.093s/batch | ETA: 0.1min
2025-11-08 10:35:16,859 - INFO - 进度:  97.9% | 批次: 1,020/1,042 | 损失: 3.9613 | LR: 4.76e-07 | 速度: 0.104s/batch | ETA: 0.0min
2025-11-08 10:35:17,843 - INFO - 进度:  98.8% | 批次: 1,030/1,042 | 损失: 3.9601 | LR: 4.75e-07 | 速度: 0.098s/batch | ETA: 0.0min
2025-11-08 10:35:18,866 - INFO - 进度:  99.8% | 批次: 1,040/1,042 | 损失: 3.9590 | LR: 4.74e-07 | 速度: 0.102s/batch | ETA: 0.0min
2025-11-08 10:35:19,047 - INFO - 进度: 100.0% | 批次: 1,042/1,042 | 损失: 3.9588 | LR: 4.74e-07 | 速度: 0.100s/batch | ETA: 0.0min
2025-11-08 10:35:19,047 - INFO - Epoch 3 完成! | 平均损失: 3.9588 | 耗时: 1.9分钟 | 处理样本: 16,666 | 总批次: 1,042
2025-11-08 10:35:19,049 - INFO - 开始验证...
2025-11-08 10:35:22,459 - INFO - 验证完成! | 损失: 3.8356 | 困惑度: 46.32 | 耗时: 3.4秒 | 样本数: 1,936
2025-11-08 10:35:22,459 - INFO - Epoch 3 统计: 训练损失=3.9588, 验证损失=3.8355895625658274, 耗时=1.9分钟, 累计耗时=5.8分钟
2025-11-08 10:35:23,634 - INFO - 结果已保存至 results/ablate_pe/
2025-11-08 10:35:23,635 - INFO - 
============================================================
2025-11-08 10:35:23,635 - INFO - Epoch 4/5
2025-11-08 10:35:23,635 - INFO - ============================================================
2025-11-08 10:35:23,636 - INFO - Epoch 4/5: 开始训练 (1,042 批次)
2025-11-08 10:35:24,634 - INFO - 进度:   1.0% | 批次: 10/1,042 | 损失: 3.8352 | LR: 4.74e-07 | 速度: 0.100s/batch | ETA: 1.7min
2025-11-08 10:35:25,625 - INFO - 进度:   1.9% | 批次: 20/1,042 | 损失: 3.8314 | LR: 4.73e-07 | 速度: 0.099s/batch | ETA: 1.7min
2025-11-08 10:35:26,616 - INFO - 进度:   2.9% | 批次: 30/1,042 | 损失: 3.8382 | LR: 4.72e-07 | 速度: 0.099s/batch | ETA: 1.7min
2025-11-08 10:35:27,637 - INFO - 进度:   3.8% | 批次: 40/1,042 | 损失: 3.8386 | LR: 4.71e-07 | 速度: 0.102s/batch | ETA: 1.7min
2025-11-08 10:35:28,670 - INFO - 进度:   4.8% | 批次: 50/1,042 | 损失: 3.8368 | LR: 4.71e-07 | 速度: 0.103s/batch | ETA: 1.7min
2025-11-08 10:35:29,781 - INFO - 进度:   5.8% | 批次: 60/1,042 | 损失: 3.8369 | LR: 4.70e-07 | 速度: 0.111s/batch | ETA: 1.7min
2025-11-08 10:35:30,806 - INFO - 进度:   6.7% | 批次: 70/1,042 | 损失: 3.8349 | LR: 4.69e-07 | 速度: 0.102s/batch | ETA: 1.7min
2025-11-08 10:35:31,870 - INFO - 进度:   7.7% | 批次: 80/1,042 | 损失: 3.8347 | LR: 4.68e-07 | 速度: 0.106s/batch | ETA: 1.7min
2025-11-08 10:35:33,214 - INFO - 进度:   8.6% | 批次: 90/1,042 | 损失: 3.8351 | LR: 4.68e-07 | 速度: 0.134s/batch | ETA: 1.7min
2025-11-08 10:35:34,429 - INFO - 进度:   9.6% | 批次: 100/1,042 | 损失: 3.8345 | LR: 4.67e-07 | 速度: 0.121s/batch | ETA: 1.7min
2025-11-08 10:35:35,451 - INFO - 进度:  10.6% | 批次: 110/1,042 | 损失: 3.8336 | LR: 4.66e-07 | 速度: 0.102s/batch | ETA: 1.7min
2025-11-08 10:35:36,473 - INFO - 进度:  11.5% | 批次: 120/1,042 | 损失: 3.8339 | LR: 4.65e-07 | 速度: 0.102s/batch | ETA: 1.6min
2025-11-08 10:35:37,549 - INFO - 进度:  12.5% | 批次: 130/1,042 | 损失: 3.8335 | LR: 4.65e-07 | 速度: 0.107s/batch | ETA: 1.6min
2025-11-08 10:35:38,709 - INFO - 进度:  13.4% | 批次: 140/1,042 | 损失: 3.8321 | LR: 4.64e-07 | 速度: 0.116s/batch | ETA: 1.6min
2025-11-08 10:35:39,759 - INFO - 进度:  14.4% | 批次: 150/1,042 | 损失: 3.8309 | LR: 4.63e-07 | 速度: 0.104s/batch | ETA: 1.6min
2025-11-08 10:35:40,762 - INFO - 进度:  15.4% | 批次: 160/1,042 | 损失: 3.8292 | LR: 4.63e-07 | 速度: 0.100s/batch | ETA: 1.6min
2025-11-08 10:35:41,818 - INFO - 进度:  16.3% | 批次: 170/1,042 | 损失: 3.8280 | LR: 4.62e-07 | 速度: 0.105s/batch | ETA: 1.6min
2025-11-08 10:35:42,794 - INFO - 进度:  17.3% | 批次: 180/1,042 | 损失: 3.8269 | LR: 4.61e-07 | 速度: 0.097s/batch | ETA: 1.5min
2025-11-08 10:35:43,835 - INFO - 进度:  18.2% | 批次: 190/1,042 | 损失: 3.8254 | LR: 4.60e-07 | 速度: 0.104s/batch | ETA: 1.5min
2025-11-08 10:35:44,940 - INFO - 进度:  19.2% | 批次: 200/1,042 | 损失: 3.8238 | LR: 4.60e-07 | 速度: 0.110s/batch | ETA: 1.5min
2025-11-08 10:35:45,985 - INFO - 进度:  20.2% | 批次: 210/1,042 | 损失: 3.8228 | LR: 4.59e-07 | 速度: 0.104s/batch | ETA: 1.5min
2025-11-08 10:35:47,136 - INFO - 进度:  21.1% | 批次: 220/1,042 | 损失: 3.8215 | LR: 4.58e-07 | 速度: 0.115s/batch | ETA: 1.5min
2025-11-08 10:35:48,192 - INFO - 进度:  22.1% | 批次: 230/1,042 | 损失: 3.8206 | LR: 4.58e-07 | 速度: 0.105s/batch | ETA: 1.4min
2025-11-08 10:35:49,199 - INFO - 进度:  23.0% | 批次: 240/1,042 | 损失: 3.8198 | LR: 4.57e-07 | 速度: 0.100s/batch | ETA: 1.4min
2025-11-08 10:35:50,334 - INFO - 进度:  24.0% | 批次: 250/1,042 | 损失: 3.8189 | LR: 4.56e-07 | 速度: 0.113s/batch | ETA: 1.4min
2025-11-08 10:35:51,433 - INFO - 进度:  25.0% | 批次: 260/1,042 | 损失: 3.8184 | LR: 4.56e-07 | 速度: 0.110s/batch | ETA: 1.4min
2025-11-08 10:35:52,534 - INFO - 进度:  25.9% | 批次: 270/1,042 | 损失: 3.8175 | LR: 4.55e-07 | 速度: 0.110s/batch | ETA: 1.4min
2025-11-08 10:35:53,631 - INFO - 进度:  26.9% | 批次: 280/1,042 | 损失: 3.8165 | LR: 4.54e-07 | 速度: 0.109s/batch | ETA: 1.4min
2025-11-08 10:35:54,844 - INFO - 进度:  27.8% | 批次: 290/1,042 | 损失: 3.8155 | LR: 4.54e-07 | 速度: 0.121s/batch | ETA: 1.3min
2025-11-08 10:35:56,066 - INFO - 进度:  28.8% | 批次: 300/1,042 | 损失: 3.8150 | LR: 4.53e-07 | 速度: 0.121s/batch | ETA: 1.3min
2025-11-08 10:35:57,206 - INFO - 进度:  29.8% | 批次: 310/1,042 | 损失: 3.8137 | LR: 4.52e-07 | 速度: 0.113s/batch | ETA: 1.3min
2025-11-08 10:35:58,439 - INFO - 进度:  30.7% | 批次: 320/1,042 | 损失: 3.8128 | LR: 4.52e-07 | 速度: 0.123s/batch | ETA: 1.3min
2025-11-08 10:35:59,609 - INFO - 进度:  31.7% | 批次: 330/1,042 | 损失: 3.8117 | LR: 4.51e-07 | 速度: 0.117s/batch | ETA: 1.3min
2025-11-08 10:36:00,609 - INFO - 进度:  32.6% | 批次: 340/1,042 | 损失: 3.8109 | LR: 4.50e-07 | 速度: 0.100s/batch | ETA: 1.3min
2025-11-08 10:36:01,731 - INFO - 进度:  33.6% | 批次: 350/1,042 | 损失: 3.8102 | LR: 4.50e-07 | 速度: 0.112s/batch | ETA: 1.3min
2025-11-08 10:36:02,893 - INFO - 进度:  34.5% | 批次: 360/1,042 | 损失: 3.8093 | LR: 4.49e-07 | 速度: 0.116s/batch | ETA: 1.2min
2025-11-08 10:36:03,985 - INFO - 进度:  35.5% | 批次: 370/1,042 | 损失: 3.8080 | LR: 4.48e-07 | 速度: 0.109s/batch | ETA: 1.2min
2025-11-08 10:36:05,061 - INFO - 进度:  36.5% | 批次: 380/1,042 | 损失: 3.8071 | LR: 4.48e-07 | 速度: 0.107s/batch | ETA: 1.2min
2025-11-08 10:36:06,201 - INFO - 进度:  37.4% | 批次: 390/1,042 | 损失: 3.8063 | LR: 4.47e-07 | 速度: 0.113s/batch | ETA: 1.2min
2025-11-08 10:36:07,257 - INFO - 进度:  38.4% | 批次: 400/1,042 | 损失: 3.8051 | LR: 4.47e-07 | 速度: 0.105s/batch | ETA: 1.2min
2025-11-08 10:36:08,300 - INFO - 进度:  39.3% | 批次: 410/1,042 | 损失: 3.8040 | LR: 4.46e-07 | 速度: 0.103s/batch | ETA: 1.1min
2025-11-08 10:36:09,519 - INFO - 进度:  40.3% | 批次: 420/1,042 | 损失: 3.8030 | LR: 4.45e-07 | 速度: 0.122s/batch | ETA: 1.1min
2025-11-08 10:36:10,657 - INFO - 进度:  41.3% | 批次: 430/1,042 | 损失: 3.8022 | LR: 4.45e-07 | 速度: 0.113s/batch | ETA: 1.1min
2025-11-08 10:36:11,846 - INFO - 进度:  42.2% | 批次: 440/1,042 | 损失: 3.8013 | LR: 4.44e-07 | 速度: 0.118s/batch | ETA: 1.1min
2025-11-08 10:36:12,855 - INFO - 进度:  43.2% | 批次: 450/1,042 | 损失: 3.8002 | LR: 4.43e-07 | 速度: 0.100s/batch | ETA: 1.1min
2025-11-08 10:36:13,888 - INFO - 进度:  44.1% | 批次: 460/1,042 | 损失: 3.7990 | LR: 4.43e-07 | 速度: 0.103s/batch | ETA: 1.1min
2025-11-08 10:36:14,903 - INFO - 进度:  45.1% | 批次: 470/1,042 | 损失: 3.7983 | LR: 4.42e-07 | 速度: 0.101s/batch | ETA: 1.0min
2025-11-08 10:36:15,952 - INFO - 进度:  46.1% | 批次: 480/1,042 | 损失: 3.7975 | LR: 4.42e-07 | 速度: 0.104s/batch | ETA: 1.0min
2025-11-08 10:36:16,933 - INFO - 进度:  47.0% | 批次: 490/1,042 | 损失: 3.7968 | LR: 4.41e-07 | 速度: 0.097s/batch | ETA: 1.0min
2025-11-08 10:36:17,903 - INFO - 进度:  48.0% | 批次: 500/1,042 | 损失: 3.7959 | LR: 4.40e-07 | 速度: 0.097s/batch | ETA: 1.0min
2025-11-08 10:36:18,929 - INFO - 进度:  48.9% | 批次: 510/1,042 | 损失: 3.7948 | LR: 4.40e-07 | 速度: 0.102s/batch | ETA: 1.0min
2025-11-08 10:36:19,989 - INFO - 进度:  49.9% | 批次: 520/1,042 | 损失: 3.7940 | LR: 4.39e-07 | 速度: 0.106s/batch | ETA: 0.9min
2025-11-08 10:36:21,036 - INFO - 进度:  50.9% | 批次: 530/1,042 | 损失: 3.7930 | LR: 4.39e-07 | 速度: 0.104s/batch | ETA: 0.9min
2025-11-08 10:36:22,152 - INFO - 进度:  51.8% | 批次: 540/1,042 | 损失: 3.7921 | LR: 4.38e-07 | 速度: 0.111s/batch | ETA: 0.9min
2025-11-08 10:36:23,131 - INFO - 进度:  52.8% | 批次: 550/1,042 | 损失: 3.7910 | LR: 4.37e-07 | 速度: 0.098s/batch | ETA: 0.9min
2025-11-08 10:36:24,205 - INFO - 进度:  53.7% | 批次: 560/1,042 | 损失: 3.7902 | LR: 4.37e-07 | 速度: 0.107s/batch | ETA: 0.9min
2025-11-08 10:36:25,255 - INFO - 进度:  54.7% | 批次: 570/1,042 | 损失: 3.7896 | LR: 4.36e-07 | 速度: 0.105s/batch | ETA: 0.9min
2025-11-08 10:36:26,389 - INFO - 进度:  55.7% | 批次: 580/1,042 | 损失: 3.7888 | LR: 4.36e-07 | 速度: 0.113s/batch | ETA: 0.8min
2025-11-08 10:36:27,422 - INFO - 进度:  56.6% | 批次: 590/1,042 | 损失: 3.7878 | LR: 4.35e-07 | 速度: 0.103s/batch | ETA: 0.8min
2025-11-08 10:36:28,451 - INFO - 进度:  57.6% | 批次: 600/1,042 | 损失: 3.7866 | LR: 4.34e-07 | 速度: 0.102s/batch | ETA: 0.8min
2025-11-08 10:36:29,443 - INFO - 进度:  58.5% | 批次: 610/1,042 | 损失: 3.7858 | LR: 4.34e-07 | 速度: 0.099s/batch | ETA: 0.8min
2025-11-08 10:36:30,452 - INFO - 进度:  59.5% | 批次: 620/1,042 | 损失: 3.7851 | LR: 4.33e-07 | 速度: 0.101s/batch | ETA: 0.8min
2025-11-08 10:36:31,427 - INFO - 进度:  60.5% | 批次: 630/1,042 | 损失: 3.7841 | LR: 4.33e-07 | 速度: 0.097s/batch | ETA: 0.7min
2025-11-08 10:36:32,428 - INFO - 进度:  61.4% | 批次: 640/1,042 | 损失: 3.7830 | LR: 4.32e-07 | 速度: 0.100s/batch | ETA: 0.7min
2025-11-08 10:36:33,491 - INFO - 进度:  62.4% | 批次: 650/1,042 | 损失: 3.7822 | LR: 4.32e-07 | 速度: 0.106s/batch | ETA: 0.7min
2025-11-08 10:36:34,509 - INFO - 进度:  63.3% | 批次: 660/1,042 | 损失: 3.7812 | LR: 4.31e-07 | 速度: 0.101s/batch | ETA: 0.7min
2025-11-08 10:36:35,534 - INFO - 进度:  64.3% | 批次: 670/1,042 | 损失: 3.7805 | LR: 4.30e-07 | 速度: 0.102s/batch | ETA: 0.7min
2025-11-08 10:36:36,567 - INFO - 进度:  65.3% | 批次: 680/1,042 | 损失: 3.7797 | LR: 4.30e-07 | 速度: 0.103s/batch | ETA: 0.6min
2025-11-08 10:36:37,779 - INFO - 进度:  66.2% | 批次: 690/1,042 | 损失: 3.7788 | LR: 4.29e-07 | 速度: 0.121s/batch | ETA: 0.6min
2025-11-08 10:36:38,924 - INFO - 进度:  67.2% | 批次: 700/1,042 | 损失: 3.7783 | LR: 4.29e-07 | 速度: 0.114s/batch | ETA: 0.6min
2025-11-08 10:36:40,008 - INFO - 进度:  68.1% | 批次: 710/1,042 | 损失: 3.7773 | LR: 4.28e-07 | 速度: 0.108s/batch | ETA: 0.6min
2025-11-08 10:36:41,021 - INFO - 进度:  69.1% | 批次: 720/1,042 | 损失: 3.7765 | LR: 4.28e-07 | 速度: 0.101s/batch | ETA: 0.6min
2025-11-08 10:36:41,999 - INFO - 进度:  70.1% | 批次: 730/1,042 | 损失: 3.7757 | LR: 4.27e-07 | 速度: 0.097s/batch | ETA: 0.6min
2025-11-08 10:36:42,976 - INFO - 进度:  71.0% | 批次: 740/1,042 | 损失: 3.7750 | LR: 4.26e-07 | 速度: 0.097s/batch | ETA: 0.5min
2025-11-08 10:36:43,989 - INFO - 进度:  72.0% | 批次: 750/1,042 | 损失: 3.7742 | LR: 4.26e-07 | 速度: 0.101s/batch | ETA: 0.5min
2025-11-08 10:36:45,033 - INFO - 进度:  72.9% | 批次: 760/1,042 | 损失: 3.7733 | LR: 4.25e-07 | 速度: 0.104s/batch | ETA: 0.5min
2025-11-08 10:36:46,124 - INFO - 进度:  73.9% | 批次: 770/1,042 | 损失: 3.7724 | LR: 4.25e-07 | 速度: 0.109s/batch | ETA: 0.5min
2025-11-08 10:36:47,206 - INFO - 进度:  74.9% | 批次: 780/1,042 | 损失: 3.7715 | LR: 4.24e-07 | 速度: 0.108s/batch | ETA: 0.5min
2025-11-08 10:36:48,187 - INFO - 进度:  75.8% | 批次: 790/1,042 | 损失: 3.7707 | LR: 4.24e-07 | 速度: 0.098s/batch | ETA: 0.4min
2025-11-08 10:36:49,393 - INFO - 进度:  76.8% | 批次: 800/1,042 | 损失: 3.7698 | LR: 4.23e-07 | 速度: 0.120s/batch | ETA: 0.4min
2025-11-08 10:36:50,596 - INFO - 进度:  77.7% | 批次: 810/1,042 | 损失: 3.7691 | LR: 4.23e-07 | 速度: 0.120s/batch | ETA: 0.4min
2025-11-08 10:36:51,683 - INFO - 进度:  78.7% | 批次: 820/1,042 | 损失: 3.7682 | LR: 4.22e-07 | 速度: 0.108s/batch | ETA: 0.4min
2025-11-08 10:36:52,799 - INFO - 进度:  79.7% | 批次: 830/1,042 | 损失: 3.7677 | LR: 4.22e-07 | 速度: 0.111s/batch | ETA: 0.4min
2025-11-08 10:36:53,860 - INFO - 进度:  80.6% | 批次: 840/1,042 | 损失: 3.7668 | LR: 4.21e-07 | 速度: 0.106s/batch | ETA: 0.4min
2025-11-08 10:36:54,901 - INFO - 进度:  81.6% | 批次: 850/1,042 | 损失: 3.7660 | LR: 4.21e-07 | 速度: 0.104s/batch | ETA: 0.3min
2025-11-08 10:36:55,909 - INFO - 进度:  82.5% | 批次: 860/1,042 | 损失: 3.7651 | LR: 4.20e-07 | 速度: 0.100s/batch | ETA: 0.3min
2025-11-08 10:36:56,814 - INFO - 进度:  83.5% | 批次: 870/1,042 | 损失: 3.7643 | LR: 4.19e-07 | 速度: 0.090s/batch | ETA: 0.3min
2025-11-08 10:36:57,961 - INFO - 进度:  84.5% | 批次: 880/1,042 | 损失: 3.7635 | LR: 4.19e-07 | 速度: 0.114s/batch | ETA: 0.3min
2025-11-08 10:36:59,083 - INFO - 进度:  85.4% | 批次: 890/1,042 | 损失: 3.7628 | LR: 4.18e-07 | 速度: 0.112s/batch | ETA: 0.3min
2025-11-08 10:37:00,203 - INFO - 进度:  86.4% | 批次: 900/1,042 | 损失: 3.7621 | LR: 4.18e-07 | 速度: 0.112s/batch | ETA: 0.3min
2025-11-08 10:37:01,342 - INFO - 进度:  87.3% | 批次: 910/1,042 | 损失: 3.7612 | LR: 4.17e-07 | 速度: 0.113s/batch | ETA: 0.2min
2025-11-08 10:37:02,496 - INFO - 进度:  88.3% | 批次: 920/1,042 | 损失: 3.7604 | LR: 4.17e-07 | 速度: 0.115s/batch | ETA: 0.2min
2025-11-08 10:37:03,489 - INFO - 进度:  89.3% | 批次: 930/1,042 | 损失: 3.7594 | LR: 4.16e-07 | 速度: 0.099s/batch | ETA: 0.2min
2025-11-08 10:37:04,491 - INFO - 进度:  90.2% | 批次: 940/1,042 | 损失: 3.7587 | LR: 4.16e-07 | 速度: 0.100s/batch | ETA: 0.2min
2025-11-08 10:37:05,489 - INFO - 进度:  91.2% | 批次: 950/1,042 | 损失: 3.7579 | LR: 4.15e-07 | 速度: 0.099s/batch | ETA: 0.2min
2025-11-08 10:37:06,529 - INFO - 进度:  92.1% | 批次: 960/1,042 | 损失: 3.7571 | LR: 4.15e-07 | 速度: 0.104s/batch | ETA: 0.1min
2025-11-08 10:37:07,519 - INFO - 进度:  93.1% | 批次: 970/1,042 | 损失: 3.7561 | LR: 4.14e-07 | 速度: 0.098s/batch | ETA: 0.1min
2025-11-08 10:37:08,553 - INFO - 进度:  94.0% | 批次: 980/1,042 | 损失: 3.7555 | LR: 4.14e-07 | 速度: 0.103s/batch | ETA: 0.1min
2025-11-08 10:37:09,591 - INFO - 进度:  95.0% | 批次: 990/1,042 | 损失: 3.7548 | LR: 4.13e-07 | 速度: 0.103s/batch | ETA: 0.1min
2025-11-08 10:37:10,650 - INFO - 进度:  96.0% | 批次: 1,000/1,042 | 损失: 3.7542 | LR: 4.13e-07 | 速度: 0.105s/batch | ETA: 0.1min
2025-11-08 10:37:11,689 - INFO - 进度:  96.9% | 批次: 1,010/1,042 | 损失: 3.7534 | LR: 4.12e-07 | 速度: 0.103s/batch | ETA: 0.1min
2025-11-08 10:37:12,688 - INFO - 进度:  97.9% | 批次: 1,020/1,042 | 损失: 3.7527 | LR: 4.12e-07 | 速度: 0.099s/batch | ETA: 0.0min
2025-11-08 10:37:13,731 - INFO - 进度:  98.8% | 批次: 1,030/1,042 | 损失: 3.7517 | LR: 4.11e-07 | 速度: 0.104s/batch | ETA: 0.0min
2025-11-08 10:37:14,775 - INFO - 进度:  99.8% | 批次: 1,040/1,042 | 损失: 3.7510 | LR: 4.11e-07 | 速度: 0.104s/batch | ETA: 0.0min
2025-11-08 10:37:14,983 - INFO - 进度: 100.0% | 批次: 1,042/1,042 | 损失: 3.7508 | LR: 4.11e-07 | 速度: 0.103s/batch | ETA: 0.0min
2025-11-08 10:37:14,984 - INFO - Epoch 4 完成! | 平均损失: 3.7508 | 耗时: 1.9分钟 | 处理样本: 16,666 | 总批次: 1,042
2025-11-08 10:37:14,986 - INFO - 开始验证...
2025-11-08 10:37:18,457 - INFO - 验证完成! | 损失: 3.6686 | 困惑度: 39.20 | 耗时: 3.5秒 | 样本数: 1,936
2025-11-08 10:37:18,458 - INFO - Epoch 4 统计: 训练损失=3.7508, 验证损失=3.6685681875087015, 耗时=1.9分钟, 累计耗时=7.8分钟
2025-11-08 10:37:19,911 - INFO - 结果已保存至 results/ablate_pe/
2025-11-08 10:37:19,911 - INFO - 
============================================================
2025-11-08 10:37:19,911 - INFO - Epoch 5/5
2025-11-08 10:37:19,911 - INFO - ============================================================
2025-11-08 10:37:19,912 - INFO - Epoch 5/5: 开始训练 (1,042 批次)
2025-11-08 10:37:20,919 - INFO - 进度:   1.0% | 批次: 10/1,042 | 损失: 3.6528 | LR: 4.10e-07 | 速度: 0.100s/batch | ETA: 1.7min
2025-11-08 10:37:22,040 - INFO - 进度:   1.9% | 批次: 20/1,042 | 损失: 3.6600 | LR: 4.10e-07 | 速度: 0.112s/batch | ETA: 1.8min
2025-11-08 10:37:23,121 - INFO - 进度:   2.9% | 批次: 30/1,042 | 损失: 3.6600 | LR: 4.09e-07 | 速度: 0.108s/batch | ETA: 1.8min
2025-11-08 10:37:24,275 - INFO - 进度:   3.8% | 批次: 40/1,042 | 损失: 3.6648 | LR: 4.09e-07 | 速度: 0.115s/batch | ETA: 1.8min
2025-11-08 10:37:25,383 - INFO - 进度:   4.8% | 批次: 50/1,042 | 损失: 3.6630 | LR: 4.08e-07 | 速度: 0.110s/batch | ETA: 1.8min
2025-11-08 10:37:26,572 - INFO - 进度:   5.8% | 批次: 60/1,042 | 损失: 3.6630 | LR: 4.08e-07 | 速度: 0.118s/batch | ETA: 1.8min
2025-11-08 10:37:27,711 - INFO - 进度:   6.7% | 批次: 70/1,042 | 损失: 3.6621 | LR: 4.07e-07 | 速度: 0.113s/batch | ETA: 1.8min
2025-11-08 10:37:28,957 - INFO - 进度:   7.7% | 批次: 80/1,042 | 损失: 3.6626 | LR: 4.07e-07 | 速度: 0.124s/batch | ETA: 1.8min
2025-11-08 10:37:30,064 - INFO - 进度:   8.6% | 批次: 90/1,042 | 损失: 3.6615 | LR: 4.06e-07 | 速度: 0.110s/batch | ETA: 1.8min
2025-11-08 10:37:31,107 - INFO - 进度:   9.6% | 批次: 100/1,042 | 损失: 3.6605 | LR: 4.06e-07 | 速度: 0.103s/batch | ETA: 1.8min
2025-11-08 10:37:32,132 - INFO - 进度:  10.6% | 批次: 110/1,042 | 损失: 3.6606 | LR: 4.05e-07 | 速度: 0.102s/batch | ETA: 1.7min
2025-11-08 10:37:33,607 - INFO - 进度:  11.5% | 批次: 120/1,042 | 损失: 3.6618 | LR: 4.05e-07 | 速度: 0.147s/batch | ETA: 1.8min
2025-11-08 10:37:34,787 - INFO - 进度:  12.5% | 批次: 130/1,042 | 损失: 3.6620 | LR: 4.04e-07 | 速度: 0.117s/batch | ETA: 1.7min
2025-11-08 10:37:35,860 - INFO - 进度:  13.4% | 批次: 140/1,042 | 损失: 3.6616 | LR: 4.04e-07 | 速度: 0.107s/batch | ETA: 1.7min
2025-11-08 10:37:36,959 - INFO - 进度:  14.4% | 批次: 150/1,042 | 损失: 3.6621 | LR: 4.04e-07 | 速度: 0.110s/batch | ETA: 1.7min
2025-11-08 10:37:37,996 - INFO - 进度:  15.4% | 批次: 160/1,042 | 损失: 3.6605 | LR: 4.03e-07 | 速度: 0.103s/batch | ETA: 1.7min
2025-11-08 10:37:39,007 - INFO - 进度:  16.3% | 批次: 170/1,042 | 损失: 3.6598 | LR: 4.03e-07 | 速度: 0.101s/batch | ETA: 1.6min
2025-11-08 10:37:40,056 - INFO - 进度:  17.3% | 批次: 180/1,042 | 损失: 3.6590 | LR: 4.02e-07 | 速度: 0.104s/batch | ETA: 1.6min
2025-11-08 10:37:41,187 - INFO - 进度:  18.2% | 批次: 190/1,042 | 损失: 3.6592 | LR: 4.02e-07 | 速度: 0.113s/batch | ETA: 1.6min
2025-11-08 10:37:42,214 - INFO - 进度:  19.2% | 批次: 200/1,042 | 损失: 3.6590 | LR: 4.01e-07 | 速度: 0.102s/batch | ETA: 1.6min
2025-11-08 10:37:43,230 - INFO - 进度:  20.2% | 批次: 210/1,042 | 损失: 3.6585 | LR: 4.01e-07 | 速度: 0.101s/batch | ETA: 1.5min
2025-11-08 10:37:44,270 - INFO - 进度:  21.1% | 批次: 220/1,042 | 损失: 3.6574 | LR: 4.00e-07 | 速度: 0.104s/batch | ETA: 1.5min
2025-11-08 10:37:45,335 - INFO - 进度:  22.1% | 批次: 230/1,042 | 损失: 3.6571 | LR: 4.00e-07 | 速度: 0.106s/batch | ETA: 1.5min
2025-11-08 10:37:46,349 - INFO - 进度:  23.0% | 批次: 240/1,042 | 损失: 3.6568 | LR: 3.99e-07 | 速度: 0.101s/batch | ETA: 1.5min
2025-11-08 10:37:47,333 - INFO - 进度:  24.0% | 批次: 250/1,042 | 损失: 3.6554 | LR: 3.99e-07 | 速度: 0.098s/batch | ETA: 1.4min
2025-11-08 10:37:48,307 - INFO - 进度:  25.0% | 批次: 260/1,042 | 损失: 3.6543 | LR: 3.98e-07 | 速度: 0.097s/batch | ETA: 1.4min
2025-11-08 10:37:49,372 - INFO - 进度:  25.9% | 批次: 270/1,042 | 损失: 3.6528 | LR: 3.98e-07 | 速度: 0.106s/batch | ETA: 1.4min
2025-11-08 10:37:50,417 - INFO - 进度:  26.9% | 批次: 280/1,042 | 损失: 3.6519 | LR: 3.98e-07 | 速度: 0.104s/batch | ETA: 1.4min
2025-11-08 10:37:51,461 - INFO - 进度:  27.8% | 批次: 290/1,042 | 损失: 3.6510 | LR: 3.97e-07 | 速度: 0.104s/batch | ETA: 1.4min
2025-11-08 10:37:52,517 - INFO - 进度:  28.8% | 批次: 300/1,042 | 损失: 3.6504 | LR: 3.97e-07 | 速度: 0.105s/batch | ETA: 1.3min
2025-11-08 10:37:53,586 - INFO - 进度:  29.8% | 批次: 310/1,042 | 损失: 3.6498 | LR: 3.96e-07 | 速度: 0.106s/batch | ETA: 1.3min
2025-11-08 10:37:54,587 - INFO - 进度:  30.7% | 批次: 320/1,042 | 损失: 3.6493 | LR: 3.96e-07 | 速度: 0.100s/batch | ETA: 1.3min
2025-11-08 10:37:55,588 - INFO - 进度:  31.7% | 批次: 330/1,042 | 损失: 3.6492 | LR: 3.95e-07 | 速度: 0.100s/batch | ETA: 1.3min
2025-11-08 10:37:56,592 - INFO - 进度:  32.6% | 批次: 340/1,042 | 损失: 3.6485 | LR: 3.95e-07 | 速度: 0.100s/batch | ETA: 1.3min
2025-11-08 10:37:57,626 - INFO - 进度:  33.6% | 批次: 350/1,042 | 损失: 3.6476 | LR: 3.94e-07 | 速度: 0.103s/batch | ETA: 1.2min
2025-11-08 10:37:58,622 - INFO - 进度:  34.5% | 批次: 360/1,042 | 损失: 3.6476 | LR: 3.94e-07 | 速度: 0.099s/batch | ETA: 1.2min
2025-11-08 10:37:59,633 - INFO - 进度:  35.5% | 批次: 370/1,042 | 损失: 3.6469 | LR: 3.94e-07 | 速度: 0.101s/batch | ETA: 1.2min
2025-11-08 10:38:00,655 - INFO - 进度:  36.5% | 批次: 380/1,042 | 损失: 3.6467 | LR: 3.93e-07 | 速度: 0.102s/batch | ETA: 1.2min
2025-11-08 10:38:01,754 - INFO - 进度:  37.4% | 批次: 390/1,042 | 损失: 3.6460 | LR: 3.93e-07 | 速度: 0.109s/batch | ETA: 1.2min
2025-11-08 10:38:02,757 - INFO - 进度:  38.4% | 批次: 400/1,042 | 损失: 3.6452 | LR: 3.92e-07 | 速度: 0.100s/batch | ETA: 1.1min
2025-11-08 10:38:03,745 - INFO - 进度:  39.3% | 批次: 410/1,042 | 损失: 3.6450 | LR: 3.92e-07 | 速度: 0.099s/batch | ETA: 1.1min
2025-11-08 10:38:04,864 - INFO - 进度:  40.3% | 批次: 420/1,042 | 损失: 3.6448 | LR: 3.91e-07 | 速度: 0.112s/batch | ETA: 1.1min
2025-11-08 10:38:05,925 - INFO - 进度:  41.3% | 批次: 430/1,042 | 损失: 3.6442 | LR: 3.91e-07 | 速度: 0.106s/batch | ETA: 1.1min
2025-11-08 10:38:06,975 - INFO - 进度:  42.2% | 批次: 440/1,042 | 损失: 3.6429 | LR: 3.91e-07 | 速度: 0.104s/batch | ETA: 1.1min
2025-11-08 10:38:07,976 - INFO - 进度:  43.2% | 批次: 450/1,042 | 损失: 3.6424 | LR: 3.90e-07 | 速度: 0.099s/batch | ETA: 1.1min
2025-11-08 10:38:09,000 - INFO - 进度:  44.1% | 批次: 460/1,042 | 损失: 3.6417 | LR: 3.90e-07 | 速度: 0.102s/batch | ETA: 1.0min
2025-11-08 10:38:10,035 - INFO - 进度:  45.1% | 批次: 470/1,042 | 损失: 3.6412 | LR: 3.89e-07 | 速度: 0.103s/batch | ETA: 1.0min
2025-11-08 10:38:11,046 - INFO - 进度:  46.1% | 批次: 480/1,042 | 损失: 3.6404 | LR: 3.89e-07 | 速度: 0.101s/batch | ETA: 1.0min
2025-11-08 10:38:12,039 - INFO - 进度:  47.0% | 批次: 490/1,042 | 损失: 3.6401 | LR: 3.89e-07 | 速度: 0.099s/batch | ETA: 1.0min
2025-11-08 10:38:13,020 - INFO - 进度:  48.0% | 批次: 500/1,042 | 损失: 3.6394 | LR: 3.88e-07 | 速度: 0.098s/batch | ETA: 1.0min
2025-11-08 10:38:13,951 - INFO - 进度:  48.9% | 批次: 510/1,042 | 损失: 3.6387 | LR: 3.88e-07 | 速度: 0.092s/batch | ETA: 0.9min
2025-11-08 10:38:15,021 - INFO - 进度:  49.9% | 批次: 520/1,042 | 损失: 3.6384 | LR: 3.87e-07 | 速度: 0.106s/batch | ETA: 0.9min
2025-11-08 10:38:16,046 - INFO - 进度:  50.9% | 批次: 530/1,042 | 损失: 3.6379 | LR: 3.87e-07 | 速度: 0.102s/batch | ETA: 0.9min
2025-11-08 10:38:17,082 - INFO - 进度:  51.8% | 批次: 540/1,042 | 损失: 3.6374 | LR: 3.86e-07 | 速度: 0.103s/batch | ETA: 0.9min
2025-11-08 10:38:18,059 - INFO - 进度:  52.8% | 批次: 550/1,042 | 损失: 3.6368 | LR: 3.86e-07 | 速度: 0.097s/batch | ETA: 0.9min
2025-11-08 10:38:19,139 - INFO - 进度:  53.7% | 批次: 560/1,042 | 损失: 3.6365 | LR: 3.86e-07 | 速度: 0.107s/batch | ETA: 0.8min
2025-11-08 10:38:20,195 - INFO - 进度:  54.7% | 批次: 570/1,042 | 损失: 3.6361 | LR: 3.85e-07 | 速度: 0.105s/batch | ETA: 0.8min
2025-11-08 10:38:21,154 - INFO - 进度:  55.7% | 批次: 580/1,042 | 损失: 3.6355 | LR: 3.85e-07 | 速度: 0.095s/batch | ETA: 0.8min
2025-11-08 10:38:22,187 - INFO - 进度:  56.6% | 批次: 590/1,042 | 损失: 3.6350 | LR: 3.84e-07 | 速度: 0.103s/batch | ETA: 0.8min
2025-11-08 10:38:23,189 - INFO - 进度:  57.6% | 批次: 600/1,042 | 损失: 3.6343 | LR: 3.84e-07 | 速度: 0.100s/batch | ETA: 0.8min
2025-11-08 10:38:24,182 - INFO - 进度:  58.5% | 批次: 610/1,042 | 损失: 3.6337 | LR: 3.84e-07 | 速度: 0.099s/batch | ETA: 0.8min
2025-11-08 10:38:25,201 - INFO - 进度:  59.5% | 批次: 620/1,042 | 损失: 3.6332 | LR: 3.83e-07 | 速度: 0.101s/batch | ETA: 0.7min
2025-11-08 10:38:26,224 - INFO - 进度:  60.5% | 批次: 630/1,042 | 损失: 3.6325 | LR: 3.83e-07 | 速度: 0.102s/batch | ETA: 0.7min
2025-11-08 10:38:27,297 - INFO - 进度:  61.4% | 批次: 640/1,042 | 损失: 3.6322 | LR: 3.82e-07 | 速度: 0.107s/batch | ETA: 0.7min
2025-11-08 10:38:28,286 - INFO - 进度:  62.4% | 批次: 650/1,042 | 损失: 3.6318 | LR: 3.82e-07 | 速度: 0.098s/batch | ETA: 0.7min
2025-11-08 10:38:29,320 - INFO - 进度:  63.3% | 批次: 660/1,042 | 损失: 3.6314 | LR: 3.82e-07 | 速度: 0.103s/batch | ETA: 0.7min
2025-11-08 10:38:30,395 - INFO - 进度:  64.3% | 批次: 670/1,042 | 损失: 3.6311 | LR: 3.81e-07 | 速度: 0.107s/batch | ETA: 0.7min
2025-11-08 10:38:31,491 - INFO - 进度:  65.3% | 批次: 680/1,042 | 损失: 3.6308 | LR: 3.81e-07 | 速度: 0.109s/batch | ETA: 0.6min
2025-11-08 10:38:32,551 - INFO - 进度:  66.2% | 批次: 690/1,042 | 损失: 3.6302 | LR: 3.80e-07 | 速度: 0.105s/batch | ETA: 0.6min
2025-11-08 10:38:33,564 - INFO - 进度:  67.2% | 批次: 700/1,042 | 损失: 3.6294 | LR: 3.80e-07 | 速度: 0.101s/batch | ETA: 0.6min
2025-11-08 10:38:34,588 - INFO - 进度:  68.1% | 批次: 710/1,042 | 损失: 3.6289 | LR: 3.80e-07 | 速度: 0.102s/batch | ETA: 0.6min
2025-11-08 10:38:35,607 - INFO - 进度:  69.1% | 批次: 720/1,042 | 损失: 3.6283 | LR: 3.79e-07 | 速度: 0.102s/batch | ETA: 0.6min
2025-11-08 10:38:36,627 - INFO - 进度:  70.1% | 批次: 730/1,042 | 损失: 3.6277 | LR: 3.79e-07 | 速度: 0.101s/batch | ETA: 0.5min
2025-11-08 10:38:37,629 - INFO - 进度:  71.0% | 批次: 740/1,042 | 损失: 3.6273 | LR: 3.78e-07 | 速度: 0.100s/batch | ETA: 0.5min
2025-11-08 10:38:38,604 - INFO - 进度:  72.0% | 批次: 750/1,042 | 损失: 3.6267 | LR: 3.78e-07 | 速度: 0.097s/batch | ETA: 0.5min
2025-11-08 10:38:39,626 - INFO - 进度:  72.9% | 批次: 760/1,042 | 损失: 3.6257 | LR: 3.78e-07 | 速度: 0.102s/batch | ETA: 0.5min
2025-11-08 10:38:40,689 - INFO - 进度:  73.9% | 批次: 770/1,042 | 损失: 3.6252 | LR: 3.77e-07 | 速度: 0.106s/batch | ETA: 0.5min
2025-11-08 10:38:41,718 - INFO - 进度:  74.9% | 批次: 780/1,042 | 损失: 3.6247 | LR: 3.77e-07 | 速度: 0.103s/batch | ETA: 0.5min
2025-11-08 10:38:42,730 - INFO - 进度:  75.8% | 批次: 790/1,042 | 损失: 3.6242 | LR: 3.77e-07 | 速度: 0.101s/batch | ETA: 0.4min
2025-11-08 10:38:43,736 - INFO - 进度:  76.8% | 批次: 800/1,042 | 损失: 3.6238 | LR: 3.76e-07 | 速度: 0.100s/batch | ETA: 0.4min
2025-11-08 10:38:44,793 - INFO - 进度:  77.7% | 批次: 810/1,042 | 损失: 3.6229 | LR: 3.76e-07 | 速度: 0.105s/batch | ETA: 0.4min
2025-11-08 10:38:45,834 - INFO - 进度:  78.7% | 批次: 820/1,042 | 损失: 3.6224 | LR: 3.75e-07 | 速度: 0.104s/batch | ETA: 0.4min
2025-11-08 10:38:46,827 - INFO - 进度:  79.7% | 批次: 830/1,042 | 损失: 3.6217 | LR: 3.75e-07 | 速度: 0.099s/batch | ETA: 0.4min
2025-11-08 10:38:47,788 - INFO - 进度:  80.6% | 批次: 840/1,042 | 损失: 3.6210 | LR: 3.75e-07 | 速度: 0.096s/batch | ETA: 0.4min
2025-11-08 10:38:48,793 - INFO - 进度:  81.6% | 批次: 850/1,042 | 损失: 3.6205 | LR: 3.74e-07 | 速度: 0.100s/batch | ETA: 0.3min
2025-11-08 10:38:49,838 - INFO - 进度:  82.5% | 批次: 860/1,042 | 损失: 3.6204 | LR: 3.74e-07 | 速度: 0.104s/batch | ETA: 0.3min
2025-11-08 10:38:50,838 - INFO - 进度:  83.5% | 批次: 870/1,042 | 损失: 3.6197 | LR: 3.74e-07 | 速度: 0.100s/batch | ETA: 0.3min
2025-11-08 10:38:51,850 - INFO - 进度:  84.5% | 批次: 880/1,042 | 损失: 3.6189 | LR: 3.73e-07 | 速度: 0.101s/batch | ETA: 0.3min
2025-11-08 10:38:52,952 - INFO - 进度:  85.4% | 批次: 890/1,042 | 损失: 3.6185 | LR: 3.73e-07 | 速度: 0.110s/batch | ETA: 0.3min
2025-11-08 10:38:54,008 - INFO - 进度:  86.4% | 批次: 900/1,042 | 损失: 3.6180 | LR: 3.72e-07 | 速度: 0.105s/batch | ETA: 0.2min
2025-11-08 10:38:55,065 - INFO - 进度:  87.3% | 批次: 910/1,042 | 损失: 3.6176 | LR: 3.72e-07 | 速度: 0.105s/batch | ETA: 0.2min
2025-11-08 10:38:56,084 - INFO - 进度:  88.3% | 批次: 920/1,042 | 损失: 3.6168 | LR: 3.72e-07 | 速度: 0.101s/batch | ETA: 0.2min
2025-11-08 10:38:57,159 - INFO - 进度:  89.3% | 批次: 930/1,042 | 损失: 3.6162 | LR: 3.71e-07 | 速度: 0.107s/batch | ETA: 0.2min
2025-11-08 10:38:58,158 - INFO - 进度:  90.2% | 批次: 940/1,042 | 损失: 3.6156 | LR: 3.71e-07 | 速度: 0.100s/batch | ETA: 0.2min
2025-11-08 10:38:59,210 - INFO - 进度:  91.2% | 批次: 950/1,042 | 损失: 3.6150 | LR: 3.71e-07 | 速度: 0.105s/batch | ETA: 0.2min
2025-11-08 10:39:00,202 - INFO - 进度:  92.1% | 批次: 960/1,042 | 损失: 3.6142 | LR: 3.70e-07 | 速度: 0.099s/batch | ETA: 0.1min
2025-11-08 10:39:01,309 - INFO - 进度:  93.1% | 批次: 970/1,042 | 损失: 3.6136 | LR: 3.70e-07 | 速度: 0.110s/batch | ETA: 0.1min
2025-11-08 10:39:02,309 - INFO - 进度:  94.0% | 批次: 980/1,042 | 损失: 3.6130 | LR: 3.70e-07 | 速度: 0.100s/batch | ETA: 0.1min
2025-11-08 10:39:03,287 - INFO - 进度:  95.0% | 批次: 990/1,042 | 损失: 3.6125 | LR: 3.69e-07 | 速度: 0.097s/batch | ETA: 0.1min
2025-11-08 10:39:04,285 - INFO - 进度:  96.0% | 批次: 1,000/1,042 | 损失: 3.6119 | LR: 3.69e-07 | 速度: 0.099s/batch | ETA: 0.1min
2025-11-08 10:39:05,371 - INFO - 进度:  96.9% | 批次: 1,010/1,042 | 损失: 3.6114 | LR: 3.68e-07 | 速度: 0.108s/batch | ETA: 0.1min
2025-11-08 10:39:06,390 - INFO - 进度:  97.9% | 批次: 1,020/1,042 | 损失: 3.6109 | LR: 3.68e-07 | 速度: 0.101s/batch | ETA: 0.0min
2025-11-08 10:39:07,455 - INFO - 进度:  98.8% | 批次: 1,030/1,042 | 损失: 3.6103 | LR: 3.68e-07 | 速度: 0.106s/batch | ETA: 0.0min
2025-11-08 10:39:08,445 - INFO - 进度:  99.8% | 批次: 1,040/1,042 | 损失: 3.6098 | LR: 3.67e-07 | 速度: 0.098s/batch | ETA: 0.0min
2025-11-08 10:39:08,629 - INFO - 进度: 100.0% | 批次: 1,042/1,042 | 损失: 3.6097 | LR: 3.67e-07 | 速度: 0.097s/batch | ETA: 0.0min
2025-11-08 10:39:08,629 - INFO - Epoch 5 完成! | 平均损失: 3.6097 | 耗时: 1.8分钟 | 处理样本: 16,666 | 总批次: 1,042
2025-11-08 10:39:08,630 - INFO - 开始验证...
2025-11-08 10:39:12,019 - INFO - 验证完成! | 损失: 3.5585 | 困惑度: 35.11 | 耗时: 3.4秒 | 样本数: 1,936
2025-11-08 10:39:12,019 - INFO - Epoch 5 统计: 训练损失=3.6097, 验证损失=3.558503822846846, 耗时=1.9分钟, 累计耗时=9.7分钟
2025-11-08 10:39:13,443 - INFO - 结果已保存至 results/ablate_pe/
2025-11-08 10:39:13,443 - INFO - 
训练完成! 总耗时: 9.7分钟, 最终训练损失: 3.6097
2025-11-08 10:39:13,443 - INFO - 最终验证损失: 3.5585, 困惑度: 35.11
2025-11-08 10:39:13,444 - INFO - 实验报告已保存至 results/ablate_pe/training_report.txt
