2025-11-08 10:45:25,700 - INFO - 使用设备: cpu
2025-11-08 10:45:25,701 - INFO - 实验配置: d_model=128, batch_size=32, epochs=5, block_size=64, seed=42, ablate_pe=False, ablate_multihead=True
2025-11-08 10:45:25,701 - INFO - 加载数据集...
2025-11-08 10:45:25,828 - INFO - 训练批次: 1,042, 验证批次: 121, 词汇表大小: 65
2025-11-08 10:45:25,828 - INFO - 初始化模型...
2025-11-08 10:45:25,842 - INFO - 
============================================================
2025-11-08 10:45:25,842 - INFO - Epoch 1/5
2025-11-08 10:45:25,842 - INFO - ============================================================
2025-11-08 10:45:25,843 - INFO - Epoch 1/5: 开始训练 (1,042 批次)
2025-11-08 10:45:26,619 - INFO - 进度:   1.0% | 批次: 10/1,042 | 损失: 4.4110 | LR: 2.96e-09 | 速度: 0.077s/batch | ETA: 1.3min
2025-11-08 10:45:27,375 - INFO - 进度:   1.9% | 批次: 20/1,042 | 损失: 4.4098 | LR: 5.93e-09 | 速度: 0.075s/batch | ETA: 1.3min
2025-11-08 10:45:28,414 - INFO - 进度:   2.9% | 批次: 30/1,042 | 损失: 4.4080 | LR: 8.89e-09 | 速度: 0.104s/batch | ETA: 1.4min
2025-11-08 10:45:29,601 - INFO - 进度:   3.8% | 批次: 40/1,042 | 损失: 4.4082 | LR: 1.19e-08 | 速度: 0.118s/batch | ETA: 1.6min
2025-11-08 10:45:30,996 - INFO - 进度:   4.8% | 批次: 50/1,042 | 损失: 4.4099 | LR: 1.48e-08 | 速度: 0.139s/batch | ETA: 1.7min
2025-11-08 10:45:33,949 - INFO - 进度:   5.8% | 批次: 60/1,042 | 损失: 4.4087 | LR: 1.78e-08 | 速度: 0.295s/batch | ETA: 2.2min
2025-11-08 10:45:35,267 - INFO - 进度:   6.7% | 批次: 70/1,042 | 损失: 4.4087 | LR: 2.08e-08 | 速度: 0.131s/batch | ETA: 2.2min
2025-11-08 10:45:36,490 - INFO - 进度:   7.7% | 批次: 80/1,042 | 损失: 4.4078 | LR: 2.37e-08 | 速度: 0.122s/batch | ETA: 2.1min
2025-11-08 10:45:37,453 - INFO - 进度:   8.6% | 批次: 90/1,042 | 损失: 4.4081 | LR: 2.67e-08 | 速度: 0.096s/batch | ETA: 2.0min
2025-11-08 10:45:38,330 - INFO - 进度:   9.6% | 批次: 100/1,042 | 损失: 4.4087 | LR: 2.96e-08 | 速度: 0.087s/batch | ETA: 2.0min
2025-11-08 10:45:39,281 - INFO - 进度:  10.6% | 批次: 110/1,042 | 损失: 4.4084 | LR: 3.26e-08 | 速度: 0.095s/batch | ETA: 1.9min
2025-11-08 10:45:40,219 - INFO - 进度:  11.5% | 批次: 120/1,042 | 损失: 4.4088 | LR: 3.56e-08 | 速度: 0.093s/batch | ETA: 1.8min
2025-11-08 10:45:41,246 - INFO - 进度:  12.5% | 批次: 130/1,042 | 损失: 4.4094 | LR: 3.85e-08 | 速度: 0.102s/batch | ETA: 1.8min
2025-11-08 10:45:42,179 - INFO - 进度:  13.4% | 批次: 140/1,042 | 损失: 4.4085 | LR: 4.15e-08 | 速度: 0.093s/batch | ETA: 1.8min
2025-11-08 10:45:43,176 - INFO - 进度:  14.4% | 批次: 150/1,042 | 损失: 4.4081 | LR: 4.45e-08 | 速度: 0.099s/batch | ETA: 1.7min
2025-11-08 10:45:44,117 - INFO - 进度:  15.4% | 批次: 160/1,042 | 损失: 4.4078 | LR: 4.74e-08 | 速度: 0.094s/batch | ETA: 1.7min
2025-11-08 10:45:45,080 - INFO - 进度:  16.3% | 批次: 170/1,042 | 损失: 4.4079 | LR: 5.04e-08 | 速度: 0.096s/batch | ETA: 1.6min
2025-11-08 10:45:46,014 - INFO - 进度:  17.3% | 批次: 180/1,042 | 损失: 4.4076 | LR: 5.34e-08 | 速度: 0.093s/batch | ETA: 1.6min
2025-11-08 10:45:46,929 - INFO - 进度:  18.2% | 批次: 190/1,042 | 损失: 4.4074 | LR: 5.63e-08 | 速度: 0.091s/batch | ETA: 1.6min
2025-11-08 10:45:47,826 - INFO - 进度:  19.2% | 批次: 200/1,042 | 损失: 4.4074 | LR: 5.93e-08 | 速度: 0.089s/batch | ETA: 1.5min
2025-11-08 10:45:48,748 - INFO - 进度:  20.2% | 批次: 210/1,042 | 损失: 4.4073 | LR: 6.23e-08 | 速度: 0.092s/batch | ETA: 1.5min
2025-11-08 10:45:49,713 - INFO - 进度:  21.1% | 批次: 220/1,042 | 损失: 4.4071 | LR: 6.52e-08 | 速度: 0.096s/batch | ETA: 1.5min
2025-11-08 10:45:50,675 - INFO - 进度:  22.1% | 批次: 230/1,042 | 损失: 4.4067 | LR: 6.82e-08 | 速度: 0.096s/batch | ETA: 1.5min
2025-11-08 10:45:51,673 - INFO - 进度:  23.0% | 批次: 240/1,042 | 损失: 4.4064 | LR: 7.12e-08 | 速度: 0.100s/batch | ETA: 1.4min
2025-11-08 10:45:52,761 - INFO - 进度:  24.0% | 批次: 250/1,042 | 损失: 4.4062 | LR: 7.41e-08 | 速度: 0.108s/batch | ETA: 1.4min
2025-11-08 10:45:53,969 - INFO - 进度:  25.0% | 批次: 260/1,042 | 损失: 4.4060 | LR: 7.71e-08 | 速度: 0.120s/batch | ETA: 1.4min
2025-11-08 10:45:55,025 - INFO - 进度:  25.9% | 批次: 270/1,042 | 损失: 4.4056 | LR: 8.00e-08 | 速度: 0.105s/batch | ETA: 1.4min
2025-11-08 10:45:55,941 - INFO - 进度:  26.9% | 批次: 280/1,042 | 损失: 4.4055 | LR: 8.30e-08 | 速度: 0.091s/batch | ETA: 1.4min
2025-11-08 10:45:56,879 - INFO - 进度:  27.8% | 批次: 290/1,042 | 损失: 4.4054 | LR: 8.60e-08 | 速度: 0.094s/batch | ETA: 1.3min
2025-11-08 10:45:57,909 - INFO - 进度:  28.8% | 批次: 300/1,042 | 损失: 4.4054 | LR: 8.89e-08 | 速度: 0.102s/batch | ETA: 1.3min
2025-11-08 10:45:59,029 - INFO - 进度:  29.8% | 批次: 310/1,042 | 损失: 4.4051 | LR: 9.19e-08 | 速度: 0.112s/batch | ETA: 1.3min
2025-11-08 10:46:00,187 - INFO - 进度:  30.7% | 批次: 320/1,042 | 损失: 4.4052 | LR: 9.49e-08 | 速度: 0.115s/batch | ETA: 1.3min
2025-11-08 10:46:01,291 - INFO - 进度:  31.7% | 批次: 330/1,042 | 损失: 4.4052 | LR: 9.78e-08 | 速度: 0.110s/batch | ETA: 1.3min
2025-11-08 10:46:02,419 - INFO - 进度:  32.6% | 批次: 340/1,042 | 损失: 4.4052 | LR: 1.01e-07 | 速度: 0.112s/batch | ETA: 1.3min
2025-11-08 10:46:03,480 - INFO - 进度:  33.6% | 批次: 350/1,042 | 损失: 4.4048 | LR: 1.04e-07 | 速度: 0.106s/batch | ETA: 1.2min
2025-11-08 10:46:04,522 - INFO - 进度:  34.5% | 批次: 360/1,042 | 损失: 4.4048 | LR: 1.07e-07 | 速度: 0.103s/batch | ETA: 1.2min
2025-11-08 10:46:05,655 - INFO - 进度:  35.5% | 批次: 370/1,042 | 损失: 4.4047 | LR: 1.10e-07 | 速度: 0.113s/batch | ETA: 1.2min
2025-11-08 10:46:06,791 - INFO - 进度:  36.5% | 批次: 380/1,042 | 损失: 4.4047 | LR: 1.13e-07 | 速度: 0.113s/batch | ETA: 1.2min
2025-11-08 10:46:07,967 - INFO - 进度:  37.4% | 批次: 390/1,042 | 损失: 4.4045 | LR: 1.16e-07 | 速度: 0.117s/batch | ETA: 1.2min
2025-11-08 10:46:09,032 - INFO - 进度:  38.4% | 批次: 400/1,042 | 损失: 4.4044 | LR: 1.19e-07 | 速度: 0.106s/batch | ETA: 1.2min
2025-11-08 10:46:09,993 - INFO - 进度:  39.3% | 批次: 410/1,042 | 损失: 4.4041 | LR: 1.22e-07 | 速度: 0.096s/batch | ETA: 1.1min
2025-11-08 10:46:11,039 - INFO - 进度:  40.3% | 批次: 420/1,042 | 损失: 4.4041 | LR: 1.25e-07 | 速度: 0.104s/batch | ETA: 1.1min
2025-11-08 10:46:12,121 - INFO - 进度:  41.3% | 批次: 430/1,042 | 损失: 4.4037 | LR: 1.27e-07 | 速度: 0.108s/batch | ETA: 1.1min
2025-11-08 10:46:13,157 - INFO - 进度:  42.2% | 批次: 440/1,042 | 损失: 4.4035 | LR: 1.30e-07 | 速度: 0.103s/batch | ETA: 1.1min
2025-11-08 10:46:14,153 - INFO - 进度:  43.2% | 批次: 450/1,042 | 损失: 4.4032 | LR: 1.33e-07 | 速度: 0.099s/batch | ETA: 1.1min
2025-11-08 10:46:15,241 - INFO - 进度:  44.1% | 批次: 460/1,042 | 损失: 4.4031 | LR: 1.36e-07 | 速度: 0.108s/batch | ETA: 1.0min
2025-11-08 10:46:16,214 - INFO - 进度:  45.1% | 批次: 470/1,042 | 损失: 4.4028 | LR: 1.39e-07 | 速度: 0.097s/batch | ETA: 1.0min
2025-11-08 10:46:17,233 - INFO - 进度:  46.1% | 批次: 480/1,042 | 损失: 4.4027 | LR: 1.42e-07 | 速度: 0.101s/batch | ETA: 1.0min
2025-11-08 10:46:18,191 - INFO - 进度:  47.0% | 批次: 490/1,042 | 损失: 4.4024 | LR: 1.45e-07 | 速度: 0.095s/batch | ETA: 1.0min
2025-11-08 10:46:19,221 - INFO - 进度:  48.0% | 批次: 500/1,042 | 损失: 4.4020 | LR: 1.48e-07 | 速度: 0.103s/batch | ETA: 1.0min
2025-11-08 10:46:20,176 - INFO - 进度:  48.9% | 批次: 510/1,042 | 损失: 4.4016 | LR: 1.51e-07 | 速度: 0.095s/batch | ETA: 0.9min
2025-11-08 10:46:21,106 - INFO - 进度:  49.9% | 批次: 520/1,042 | 损失: 4.4012 | LR: 1.54e-07 | 速度: 0.093s/batch | ETA: 0.9min
2025-11-08 10:46:22,052 - INFO - 进度:  50.9% | 批次: 530/1,042 | 损失: 4.4008 | LR: 1.57e-07 | 速度: 0.094s/batch | ETA: 0.9min
2025-11-08 10:46:22,971 - INFO - 进度:  51.8% | 批次: 540/1,042 | 损失: 4.4004 | LR: 1.60e-07 | 速度: 0.092s/batch | ETA: 0.9min
2025-11-08 10:46:23,958 - INFO - 进度:  52.8% | 批次: 550/1,042 | 损失: 4.3999 | LR: 1.63e-07 | 速度: 0.098s/batch | ETA: 0.9min
2025-11-08 10:46:24,965 - INFO - 进度:  53.7% | 批次: 560/1,042 | 损失: 4.3994 | LR: 1.66e-07 | 速度: 0.100s/batch | ETA: 0.8min
2025-11-08 10:46:25,964 - INFO - 进度:  54.7% | 批次: 570/1,042 | 损失: 4.3993 | LR: 1.69e-07 | 速度: 0.100s/batch | ETA: 0.8min
2025-11-08 10:46:26,961 - INFO - 进度:  55.7% | 批次: 580/1,042 | 损失: 4.3991 | LR: 1.72e-07 | 速度: 0.099s/batch | ETA: 0.8min
2025-11-08 10:46:27,927 - INFO - 进度:  56.6% | 批次: 590/1,042 | 损失: 4.3988 | LR: 1.75e-07 | 速度: 0.096s/batch | ETA: 0.8min
2025-11-08 10:46:28,905 - INFO - 进度:  57.6% | 批次: 600/1,042 | 损失: 4.3985 | LR: 1.78e-07 | 速度: 0.097s/batch | ETA: 0.8min
2025-11-08 10:46:29,934 - INFO - 进度:  58.5% | 批次: 610/1,042 | 损失: 4.3981 | LR: 1.81e-07 | 速度: 0.103s/batch | ETA: 0.8min
2025-11-08 10:46:30,923 - INFO - 进度:  59.5% | 批次: 620/1,042 | 损失: 4.3978 | LR: 1.84e-07 | 速度: 0.099s/batch | ETA: 0.7min
2025-11-08 10:46:31,969 - INFO - 进度:  60.5% | 批次: 630/1,042 | 损失: 4.3976 | LR: 1.87e-07 | 速度: 0.104s/batch | ETA: 0.7min
2025-11-08 10:46:32,909 - INFO - 进度:  61.4% | 批次: 640/1,042 | 损失: 4.3972 | LR: 1.90e-07 | 速度: 0.093s/batch | ETA: 0.7min
2025-11-08 10:46:33,831 - INFO - 进度:  62.4% | 批次: 650/1,042 | 损失: 4.3966 | LR: 1.93e-07 | 速度: 0.092s/batch | ETA: 0.7min
2025-11-08 10:46:34,784 - INFO - 进度:  63.3% | 批次: 660/1,042 | 损失: 4.3962 | LR: 1.96e-07 | 速度: 0.095s/batch | ETA: 0.7min
2025-11-08 10:46:35,743 - INFO - 进度:  64.3% | 批次: 670/1,042 | 损失: 4.3959 | LR: 1.99e-07 | 速度: 0.095s/batch | ETA: 0.6min
2025-11-08 10:46:36,769 - INFO - 进度:  65.3% | 批次: 680/1,042 | 损失: 4.3956 | LR: 2.02e-07 | 速度: 0.102s/batch | ETA: 0.6min
2025-11-08 10:46:37,651 - INFO - 进度:  66.2% | 批次: 690/1,042 | 损失: 4.3953 | LR: 2.05e-07 | 速度: 0.088s/batch | ETA: 0.6min
2025-11-08 10:46:38,552 - INFO - 进度:  67.2% | 批次: 700/1,042 | 损失: 4.3950 | LR: 2.08e-07 | 速度: 0.089s/batch | ETA: 0.6min
2025-11-08 10:46:39,519 - INFO - 进度:  68.1% | 批次: 710/1,042 | 损失: 4.3946 | LR: 2.10e-07 | 速度: 0.096s/batch | ETA: 0.6min
2025-11-08 10:46:40,534 - INFO - 进度:  69.1% | 批次: 720/1,042 | 损失: 4.3942 | LR: 2.13e-07 | 速度: 0.101s/batch | ETA: 0.6min
2025-11-08 10:46:41,513 - INFO - 进度:  70.1% | 批次: 730/1,042 | 损失: 4.3939 | LR: 2.16e-07 | 速度: 0.097s/batch | ETA: 0.5min
2025-11-08 10:46:42,682 - INFO - 进度:  71.0% | 批次: 740/1,042 | 损失: 4.3935 | LR: 2.19e-07 | 速度: 0.117s/batch | ETA: 0.5min
2025-11-08 10:46:44,173 - INFO - 进度:  72.0% | 批次: 750/1,042 | 损失: 4.3932 | LR: 2.22e-07 | 速度: 0.149s/batch | ETA: 0.5min
2025-11-08 10:46:45,481 - INFO - 进度:  72.9% | 批次: 760/1,042 | 损失: 4.3929 | LR: 2.25e-07 | 速度: 0.130s/batch | ETA: 0.5min
2025-11-08 10:46:46,831 - INFO - 进度:  73.9% | 批次: 770/1,042 | 损失: 4.3925 | LR: 2.28e-07 | 速度: 0.134s/batch | ETA: 0.5min
2025-11-08 10:46:47,938 - INFO - 进度:  74.9% | 批次: 780/1,042 | 损失: 4.3920 | LR: 2.31e-07 | 速度: 0.110s/batch | ETA: 0.5min
2025-11-08 10:46:49,056 - INFO - 进度:  75.8% | 批次: 790/1,042 | 损失: 4.3916 | LR: 2.34e-07 | 速度: 0.111s/batch | ETA: 0.4min
2025-11-08 10:46:50,282 - INFO - 进度:  76.8% | 批次: 800/1,042 | 损失: 4.3912 | LR: 2.37e-07 | 速度: 0.122s/batch | ETA: 0.4min
2025-11-08 10:46:51,553 - INFO - 进度:  77.7% | 批次: 810/1,042 | 损失: 4.3907 | LR: 2.40e-07 | 速度: 0.127s/batch | ETA: 0.4min
2025-11-08 10:46:52,691 - INFO - 进度:  78.7% | 批次: 820/1,042 | 损失: 4.3903 | LR: 2.43e-07 | 速度: 0.114s/batch | ETA: 0.4min
2025-11-08 10:46:53,802 - INFO - 进度:  79.7% | 批次: 830/1,042 | 损失: 4.3899 | LR: 2.46e-07 | 速度: 0.110s/batch | ETA: 0.4min
2025-11-08 10:46:54,890 - INFO - 进度:  80.6% | 批次: 840/1,042 | 损失: 4.3895 | LR: 2.49e-07 | 速度: 0.108s/batch | ETA: 0.4min
2025-11-08 10:46:55,940 - INFO - 进度:  81.6% | 批次: 850/1,042 | 损失: 4.3892 | LR: 2.52e-07 | 速度: 0.104s/batch | ETA: 0.3min
2025-11-08 10:46:57,165 - INFO - 进度:  82.5% | 批次: 860/1,042 | 损失: 4.3888 | LR: 2.55e-07 | 速度: 0.122s/batch | ETA: 0.3min
2025-11-08 10:46:58,400 - INFO - 进度:  83.5% | 批次: 870/1,042 | 损失: 4.3885 | LR: 2.58e-07 | 速度: 0.123s/batch | ETA: 0.3min
2025-11-08 10:46:59,606 - INFO - 进度:  84.5% | 批次: 880/1,042 | 损失: 4.3880 | LR: 2.61e-07 | 速度: 0.120s/batch | ETA: 0.3min
2025-11-08 10:47:00,590 - INFO - 进度:  85.4% | 批次: 890/1,042 | 损失: 4.3876 | LR: 2.64e-07 | 速度: 0.098s/batch | ETA: 0.3min
2025-11-08 10:47:01,536 - INFO - 进度:  86.4% | 批次: 900/1,042 | 损失: 4.3872 | LR: 2.67e-07 | 速度: 0.094s/batch | ETA: 0.3min
2025-11-08 10:47:02,517 - INFO - 进度:  87.3% | 批次: 910/1,042 | 损失: 4.3866 | LR: 2.70e-07 | 速度: 0.098s/batch | ETA: 0.2min
2025-11-08 10:47:03,412 - INFO - 进度:  88.3% | 批次: 920/1,042 | 损失: 4.3861 | LR: 2.73e-07 | 速度: 0.089s/batch | ETA: 0.2min
2025-11-08 10:47:04,367 - INFO - 进度:  89.3% | 批次: 930/1,042 | 损失: 4.3857 | LR: 2.76e-07 | 速度: 0.095s/batch | ETA: 0.2min
2025-11-08 10:47:05,305 - INFO - 进度:  90.2% | 批次: 940/1,042 | 损失: 4.3852 | LR: 2.79e-07 | 速度: 0.093s/batch | ETA: 0.2min
2025-11-08 10:47:06,330 - INFO - 进度:  91.2% | 批次: 950/1,042 | 损失: 4.3847 | LR: 2.82e-07 | 速度: 0.102s/batch | ETA: 0.2min
2025-11-08 10:47:07,399 - INFO - 进度:  92.1% | 批次: 960/1,042 | 损失: 4.3842 | LR: 2.85e-07 | 速度: 0.107s/batch | ETA: 0.1min
2025-11-08 10:47:08,394 - INFO - 进度:  93.1% | 批次: 970/1,042 | 损失: 4.3836 | LR: 2.88e-07 | 速度: 0.099s/batch | ETA: 0.1min
2025-11-08 10:47:09,365 - INFO - 进度:  94.0% | 批次: 980/1,042 | 损失: 4.3831 | LR: 2.91e-07 | 速度: 0.097s/batch | ETA: 0.1min
2025-11-08 10:47:10,367 - INFO - 进度:  95.0% | 批次: 990/1,042 | 损失: 4.3827 | LR: 2.93e-07 | 速度: 0.100s/batch | ETA: 0.1min
2025-11-08 10:47:11,321 - INFO - 进度:  96.0% | 批次: 1,000/1,042 | 损失: 4.3821 | LR: 2.96e-07 | 速度: 0.095s/batch | ETA: 0.1min
2025-11-08 10:47:12,340 - INFO - 进度:  96.9% | 批次: 1,010/1,042 | 损失: 4.3817 | LR: 2.99e-07 | 速度: 0.101s/batch | ETA: 0.1min
2025-11-08 10:47:13,334 - INFO - 进度:  97.9% | 批次: 1,020/1,042 | 损失: 4.3812 | LR: 3.02e-07 | 速度: 0.099s/batch | ETA: 0.0min
2025-11-08 10:47:14,284 - INFO - 进度:  98.8% | 批次: 1,030/1,042 | 损失: 4.3806 | LR: 3.05e-07 | 速度: 0.095s/batch | ETA: 0.0min
2025-11-08 10:47:15,249 - INFO - 进度:  99.8% | 批次: 1,040/1,042 | 损失: 4.3801 | LR: 3.08e-07 | 速度: 0.096s/batch | ETA: 0.0min
2025-11-08 10:47:15,440 - INFO - 进度: 100.0% | 批次: 1,042/1,042 | 损失: 4.3801 | LR: 3.09e-07 | 速度: 0.094s/batch | ETA: 0.0min
2025-11-08 10:47:15,441 - INFO - Epoch 1 完成! | 平均损失: 4.3801 | 耗时: 1.8分钟 | 处理样本: 16,666 | 总批次: 1,042
2025-11-08 10:47:15,443 - INFO - 开始验证...
2025-11-08 10:47:18,335 - INFO - 验证完成! | 损失: 4.3213 | 困惑度: 75.29 | 耗时: 2.9秒 | 样本数: 1,936
2025-11-08 10:47:18,336 - INFO - Epoch 1 统计: 训练损失=4.3801, 验证损失=4.32134341405443, 耗时=1.9分钟, 累计耗时=1.9分钟
2025-11-08 10:47:19,735 - INFO - 结果已保存至 results/ablate_multihead/
2025-11-08 10:47:19,735 - INFO - 
============================================================
2025-11-08 10:47:19,735 - INFO - Epoch 2/5
2025-11-08 10:47:19,735 - INFO - ============================================================
2025-11-08 10:47:19,736 - INFO - Epoch 2/5: 开始训练 (1,042 批次)
2025-11-08 10:47:20,679 - INFO - 进度:   1.0% | 批次: 10/1,042 | 损失: 4.3352 | LR: 3.12e-07 | 速度: 0.094s/batch | ETA: 1.6min
2025-11-08 10:47:21,638 - INFO - 进度:   1.9% | 批次: 20/1,042 | 损失: 4.3295 | LR: 3.15e-07 | 速度: 0.095s/batch | ETA: 1.6min
2025-11-08 10:47:22,632 - INFO - 进度:   2.9% | 批次: 30/1,042 | 损失: 4.3270 | LR: 3.18e-07 | 速度: 0.099s/batch | ETA: 1.6min
2025-11-08 10:47:23,658 - INFO - 进度:   3.8% | 批次: 40/1,042 | 损失: 4.3256 | LR: 3.21e-07 | 速度: 0.102s/batch | ETA: 1.6min
2025-11-08 10:47:24,609 - INFO - 进度:   4.8% | 批次: 50/1,042 | 损失: 4.3232 | LR: 3.24e-07 | 速度: 0.095s/batch | ETA: 1.6min
2025-11-08 10:47:25,545 - INFO - 进度:   5.8% | 批次: 60/1,042 | 损失: 4.3236 | LR: 3.27e-07 | 速度: 0.093s/batch | ETA: 1.6min
2025-11-08 10:47:26,482 - INFO - 进度:   6.7% | 批次: 70/1,042 | 损失: 4.3222 | LR: 3.30e-07 | 速度: 0.093s/batch | ETA: 1.6min
2025-11-08 10:47:27,488 - INFO - 进度:   7.7% | 批次: 80/1,042 | 损失: 4.3215 | LR: 3.33e-07 | 速度: 0.100s/batch | ETA: 1.6min
2025-11-08 10:47:28,406 - INFO - 进度:   8.6% | 批次: 90/1,042 | 损失: 4.3206 | LR: 3.36e-07 | 速度: 0.091s/batch | ETA: 1.5min
2025-11-08 10:47:29,427 - INFO - 进度:   9.6% | 批次: 100/1,042 | 损失: 4.3200 | LR: 3.39e-07 | 速度: 0.102s/batch | ETA: 1.5min
2025-11-08 10:47:30,516 - INFO - 进度:  10.6% | 批次: 110/1,042 | 损失: 4.3192 | LR: 3.42e-07 | 速度: 0.109s/batch | ETA: 1.5min
2025-11-08 10:47:32,986 - INFO - 进度:  11.5% | 批次: 120/1,042 | 损失: 4.3185 | LR: 3.44e-07 | 速度: 0.246s/batch | ETA: 1.7min
2025-11-08 10:47:34,214 - INFO - 进度:  12.5% | 批次: 130/1,042 | 损失: 4.3179 | LR: 3.47e-07 | 速度: 0.122s/batch | ETA: 1.7min
2025-11-08 10:47:35,336 - INFO - 进度:  13.4% | 批次: 140/1,042 | 损失: 4.3169 | LR: 3.50e-07 | 速度: 0.112s/batch | ETA: 1.7min
2025-11-08 10:47:36,477 - INFO - 进度:  14.4% | 批次: 150/1,042 | 损失: 4.3161 | LR: 3.53e-07 | 速度: 0.114s/batch | ETA: 1.7min
2025-11-08 10:47:37,599 - INFO - 进度:  15.4% | 批次: 160/1,042 | 损失: 4.3152 | LR: 3.56e-07 | 速度: 0.112s/batch | ETA: 1.6min
2025-11-08 10:47:38,647 - INFO - 进度:  16.3% | 批次: 170/1,042 | 损失: 4.3146 | LR: 3.59e-07 | 速度: 0.105s/batch | ETA: 1.6min
2025-11-08 10:47:39,662 - INFO - 进度:  17.3% | 批次: 180/1,042 | 损失: 4.3139 | LR: 3.62e-07 | 速度: 0.101s/batch | ETA: 1.6min
2025-11-08 10:47:40,734 - INFO - 进度:  18.2% | 批次: 190/1,042 | 损失: 4.3127 | LR: 3.65e-07 | 速度: 0.107s/batch | ETA: 1.6min
2025-11-08 10:47:41,779 - INFO - 进度:  19.2% | 批次: 200/1,042 | 损失: 4.3113 | LR: 3.68e-07 | 速度: 0.104s/batch | ETA: 1.5min
2025-11-08 10:47:42,752 - INFO - 进度:  20.2% | 批次: 210/1,042 | 损失: 4.3101 | LR: 3.71e-07 | 速度: 0.097s/batch | ETA: 1.5min
2025-11-08 10:47:43,746 - INFO - 进度:  21.1% | 批次: 220/1,042 | 损失: 4.3087 | LR: 3.74e-07 | 速度: 0.099s/batch | ETA: 1.5min
2025-11-08 10:47:44,772 - INFO - 进度:  22.1% | 批次: 230/1,042 | 损失: 4.3080 | LR: 3.77e-07 | 速度: 0.102s/batch | ETA: 1.5min
2025-11-08 10:47:45,773 - INFO - 进度:  23.0% | 批次: 240/1,042 | 损失: 4.3072 | LR: 3.80e-07 | 速度: 0.099s/batch | ETA: 1.5min
2025-11-08 10:47:46,810 - INFO - 进度:  24.0% | 批次: 250/1,042 | 损失: 4.3064 | LR: 3.83e-07 | 速度: 0.103s/batch | ETA: 1.4min
2025-11-08 10:47:47,942 - INFO - 进度:  25.0% | 批次: 260/1,042 | 损失: 4.3056 | LR: 3.86e-07 | 速度: 0.113s/batch | ETA: 1.4min
2025-11-08 10:47:49,067 - INFO - 进度:  25.9% | 批次: 270/1,042 | 损失: 4.3046 | LR: 3.89e-07 | 速度: 0.112s/batch | ETA: 1.4min
2025-11-08 10:47:50,175 - INFO - 进度:  26.9% | 批次: 280/1,042 | 损失: 4.3037 | LR: 3.92e-07 | 速度: 0.110s/batch | ETA: 1.4min
2025-11-08 10:47:51,197 - INFO - 进度:  27.8% | 批次: 290/1,042 | 损失: 4.3027 | LR: 3.95e-07 | 速度: 0.102s/batch | ETA: 1.4min
2025-11-08 10:47:52,227 - INFO - 进度:  28.8% | 批次: 300/1,042 | 损失: 4.3016 | LR: 3.98e-07 | 速度: 0.102s/batch | ETA: 1.3min
2025-11-08 10:47:53,310 - INFO - 进度:  29.8% | 批次: 310/1,042 | 损失: 4.3006 | LR: 4.01e-07 | 速度: 0.108s/batch | ETA: 1.3min
2025-11-08 10:47:54,449 - INFO - 进度:  30.7% | 批次: 320/1,042 | 损失: 4.2996 | LR: 4.04e-07 | 速度: 0.113s/batch | ETA: 1.3min
2025-11-08 10:47:55,630 - INFO - 进度:  31.7% | 批次: 330/1,042 | 损失: 4.2986 | LR: 4.07e-07 | 速度: 0.117s/batch | ETA: 1.3min
2025-11-08 10:47:56,689 - INFO - 进度:  32.6% | 批次: 340/1,042 | 损失: 4.2977 | LR: 4.10e-07 | 速度: 0.105s/batch | ETA: 1.3min
2025-11-08 10:47:57,696 - INFO - 进度:  33.6% | 批次: 350/1,042 | 损失: 4.2967 | LR: 4.13e-07 | 速度: 0.100s/batch | ETA: 1.3min
2025-11-08 10:47:58,705 - INFO - 进度:  34.5% | 批次: 360/1,042 | 损失: 4.2958 | LR: 4.16e-07 | 速度: 0.100s/batch | ETA: 1.2min
2025-11-08 10:47:59,835 - INFO - 进度:  35.5% | 批次: 370/1,042 | 损失: 4.2949 | LR: 4.19e-07 | 速度: 0.113s/batch | ETA: 1.2min
2025-11-08 10:48:00,866 - INFO - 进度:  36.5% | 批次: 380/1,042 | 损失: 4.2942 | LR: 4.22e-07 | 速度: 0.102s/batch | ETA: 1.2min
2025-11-08 10:48:01,930 - INFO - 进度:  37.4% | 批次: 390/1,042 | 损失: 4.2933 | LR: 4.25e-07 | 速度: 0.106s/batch | ETA: 1.2min
2025-11-08 10:48:02,893 - INFO - 进度:  38.4% | 批次: 400/1,042 | 损失: 4.2925 | LR: 4.28e-07 | 速度: 0.096s/batch | ETA: 1.2min
2025-11-08 10:48:03,893 - INFO - 进度:  39.3% | 批次: 410/1,042 | 损失: 4.2915 | LR: 4.30e-07 | 速度: 0.100s/batch | ETA: 1.1min
2025-11-08 10:48:04,864 - INFO - 进度:  40.3% | 批次: 420/1,042 | 损失: 4.2905 | LR: 4.33e-07 | 速度: 0.097s/batch | ETA: 1.1min
2025-11-08 10:48:05,806 - INFO - 进度:  41.3% | 批次: 430/1,042 | 损失: 4.2892 | LR: 4.36e-07 | 速度: 0.094s/batch | ETA: 1.1min
2025-11-08 10:48:06,824 - INFO - 进度:  42.2% | 批次: 440/1,042 | 损失: 4.2883 | LR: 4.39e-07 | 速度: 0.101s/batch | ETA: 1.1min
2025-11-08 10:48:07,764 - INFO - 进度:  43.2% | 批次: 450/1,042 | 损失: 4.2872 | LR: 4.42e-07 | 速度: 0.094s/batch | ETA: 1.1min
2025-11-08 10:48:08,695 - INFO - 进度:  44.1% | 批次: 460/1,042 | 损失: 4.2859 | LR: 4.45e-07 | 速度: 0.092s/batch | ETA: 1.0min
2025-11-08 10:48:09,727 - INFO - 进度:  45.1% | 批次: 470/1,042 | 损失: 4.2848 | LR: 4.48e-07 | 速度: 0.103s/batch | ETA: 1.0min
2025-11-08 10:48:10,881 - INFO - 进度:  46.1% | 批次: 480/1,042 | 损失: 4.2837 | LR: 4.51e-07 | 速度: 0.115s/batch | ETA: 1.0min
2025-11-08 10:48:11,927 - INFO - 进度:  47.0% | 批次: 490/1,042 | 损失: 4.2827 | LR: 4.54e-07 | 速度: 0.104s/batch | ETA: 1.0min
2025-11-08 10:48:12,966 - INFO - 进度:  48.0% | 批次: 500/1,042 | 损失: 4.2817 | LR: 4.57e-07 | 速度: 0.104s/batch | ETA: 1.0min
2025-11-08 10:48:14,035 - INFO - 进度:  48.9% | 批次: 510/1,042 | 损失: 4.2808 | LR: 4.60e-07 | 速度: 0.107s/batch | ETA: 0.9min
2025-11-08 10:48:15,167 - INFO - 进度:  49.9% | 批次: 520/1,042 | 损失: 4.2798 | LR: 4.63e-07 | 速度: 0.113s/batch | ETA: 0.9min
2025-11-08 10:48:16,201 - INFO - 进度:  50.9% | 批次: 530/1,042 | 损失: 4.2788 | LR: 4.66e-07 | 速度: 0.103s/batch | ETA: 0.9min
2025-11-08 10:48:17,215 - INFO - 进度:  51.8% | 批次: 540/1,042 | 损失: 4.2779 | LR: 4.69e-07 | 速度: 0.101s/batch | ETA: 0.9min
2025-11-08 10:48:18,270 - INFO - 进度:  52.8% | 批次: 550/1,042 | 损失: 4.2767 | LR: 4.72e-07 | 速度: 0.105s/batch | ETA: 0.9min
2025-11-08 10:48:19,356 - INFO - 进度:  53.7% | 批次: 560/1,042 | 损失: 4.2756 | LR: 4.75e-07 | 速度: 0.108s/batch | ETA: 0.9min
2025-11-08 10:48:20,438 - INFO - 进度:  54.7% | 批次: 570/1,042 | 损失: 4.2745 | LR: 4.78e-07 | 速度: 0.108s/batch | ETA: 0.8min
2025-11-08 10:48:21,464 - INFO - 进度:  55.7% | 批次: 580/1,042 | 损失: 4.2735 | LR: 4.81e-07 | 速度: 0.102s/batch | ETA: 0.8min
2025-11-08 10:48:22,555 - INFO - 进度:  56.6% | 批次: 590/1,042 | 损失: 4.2725 | LR: 4.84e-07 | 速度: 0.109s/batch | ETA: 0.8min
2025-11-08 10:48:23,673 - INFO - 进度:  57.6% | 批次: 600/1,042 | 损失: 4.2713 | LR: 4.87e-07 | 速度: 0.111s/batch | ETA: 0.8min
2025-11-08 10:48:24,780 - INFO - 进度:  58.5% | 批次: 610/1,042 | 损失: 4.2703 | LR: 4.90e-07 | 速度: 0.110s/batch | ETA: 0.8min
2025-11-08 10:48:25,819 - INFO - 进度:  59.5% | 批次: 620/1,042 | 损失: 4.2692 | LR: 4.93e-07 | 速度: 0.104s/batch | ETA: 0.7min
2025-11-08 10:48:26,929 - INFO - 进度:  60.5% | 批次: 630/1,042 | 损失: 4.2681 | LR: 4.96e-07 | 速度: 0.111s/batch | ETA: 0.7min
2025-11-08 10:48:27,980 - INFO - 进度:  61.4% | 批次: 640/1,042 | 损失: 4.2669 | LR: 4.99e-07 | 速度: 0.105s/batch | ETA: 0.7min
2025-11-08 10:48:29,031 - INFO - 进度:  62.4% | 批次: 650/1,042 | 损失: 4.2657 | LR: 5.02e-07 | 速度: 0.104s/batch | ETA: 0.7min
2025-11-08 10:48:29,987 - INFO - 进度:  63.3% | 批次: 660/1,042 | 损失: 4.2646 | LR: 5.05e-07 | 速度: 0.095s/batch | ETA: 0.7min
2025-11-08 10:48:30,947 - INFO - 进度:  64.3% | 批次: 670/1,042 | 损失: 4.2636 | LR: 5.08e-07 | 速度: 0.096s/batch | ETA: 0.7min
2025-11-08 10:48:31,965 - INFO - 进度:  65.3% | 批次: 680/1,042 | 损失: 4.2625 | LR: 5.11e-07 | 速度: 0.101s/batch | ETA: 0.6min
2025-11-08 10:48:32,982 - INFO - 进度:  66.2% | 批次: 690/1,042 | 损失: 4.2613 | LR: 5.13e-07 | 速度: 0.101s/batch | ETA: 0.6min
2025-11-08 10:48:33,880 - INFO - 进度:  67.2% | 批次: 700/1,042 | 损失: 4.2602 | LR: 5.16e-07 | 速度: 0.089s/batch | ETA: 0.6min
2025-11-08 10:48:34,886 - INFO - 进度:  68.1% | 批次: 710/1,042 | 损失: 4.2591 | LR: 5.19e-07 | 速度: 0.100s/batch | ETA: 0.6min
2025-11-08 10:48:35,996 - INFO - 进度:  69.1% | 批次: 720/1,042 | 损失: 4.2582 | LR: 5.22e-07 | 速度: 0.111s/batch | ETA: 0.6min
2025-11-08 10:48:37,016 - INFO - 进度:  70.1% | 批次: 730/1,042 | 损失: 4.2569 | LR: 5.25e-07 | 速度: 0.101s/batch | ETA: 0.6min
2025-11-08 10:48:38,081 - INFO - 进度:  71.0% | 批次: 740/1,042 | 损失: 4.2558 | LR: 5.28e-07 | 速度: 0.106s/batch | ETA: 0.5min
2025-11-08 10:48:39,125 - INFO - 进度:  72.0% | 批次: 750/1,042 | 损失: 4.2547 | LR: 5.31e-07 | 速度: 0.104s/batch | ETA: 0.5min
2025-11-08 10:48:40,294 - INFO - 进度:  72.9% | 批次: 760/1,042 | 损失: 4.2535 | LR: 5.34e-07 | 速度: 0.117s/batch | ETA: 0.5min
2025-11-08 10:48:41,460 - INFO - 进度:  73.9% | 批次: 770/1,042 | 损失: 4.2524 | LR: 5.37e-07 | 速度: 0.116s/batch | ETA: 0.5min
2025-11-08 10:48:42,467 - INFO - 进度:  74.9% | 批次: 780/1,042 | 损失: 4.2512 | LR: 5.40e-07 | 速度: 0.100s/batch | ETA: 0.5min
2025-11-08 10:48:43,684 - INFO - 进度:  75.8% | 批次: 790/1,042 | 损失: 4.2499 | LR: 5.43e-07 | 速度: 0.121s/batch | ETA: 0.4min
2025-11-08 10:48:44,782 - INFO - 进度:  76.8% | 批次: 800/1,042 | 损失: 4.2488 | LR: 5.46e-07 | 速度: 0.109s/batch | ETA: 0.4min
2025-11-08 10:48:45,839 - INFO - 进度:  77.7% | 批次: 810/1,042 | 损失: 4.2477 | LR: 5.49e-07 | 速度: 0.105s/batch | ETA: 0.4min
2025-11-08 10:48:46,910 - INFO - 进度:  78.7% | 批次: 820/1,042 | 损失: 4.2466 | LR: 5.52e-07 | 速度: 0.107s/batch | ETA: 0.4min
2025-11-08 10:48:47,950 - INFO - 进度:  79.7% | 批次: 830/1,042 | 损失: 4.2454 | LR: 5.55e-07 | 速度: 0.103s/batch | ETA: 0.4min
2025-11-08 10:48:49,127 - INFO - 进度:  80.6% | 批次: 840/1,042 | 损失: 4.2442 | LR: 5.58e-07 | 速度: 0.117s/batch | ETA: 0.4min
2025-11-08 10:48:50,170 - INFO - 进度:  81.6% | 批次: 850/1,042 | 损失: 4.2431 | LR: 5.61e-07 | 速度: 0.104s/batch | ETA: 0.3min
2025-11-08 10:48:51,179 - INFO - 进度:  82.5% | 批次: 860/1,042 | 损失: 4.2420 | LR: 5.64e-07 | 速度: 0.100s/batch | ETA: 0.3min
2025-11-08 10:48:52,276 - INFO - 进度:  83.5% | 批次: 870/1,042 | 损失: 4.2407 | LR: 5.67e-07 | 速度: 0.109s/batch | ETA: 0.3min
2025-11-08 10:48:53,340 - INFO - 进度:  84.5% | 批次: 880/1,042 | 损失: 4.2395 | LR: 5.70e-07 | 速度: 0.106s/batch | ETA: 0.3min
2025-11-08 10:48:54,395 - INFO - 进度:  85.4% | 批次: 890/1,042 | 损失: 4.2383 | LR: 5.73e-07 | 速度: 0.105s/batch | ETA: 0.3min
2025-11-08 10:48:55,411 - INFO - 进度:  86.4% | 批次: 900/1,042 | 损失: 4.2371 | LR: 5.76e-07 | 速度: 0.101s/batch | ETA: 0.3min
2025-11-08 10:48:56,492 - INFO - 进度:  87.3% | 批次: 910/1,042 | 损失: 4.2358 | LR: 5.79e-07 | 速度: 0.108s/batch | ETA: 0.2min
2025-11-08 10:48:57,577 - INFO - 进度:  88.3% | 批次: 920/1,042 | 损失: 4.2347 | LR: 5.82e-07 | 速度: 0.107s/batch | ETA: 0.2min
2025-11-08 10:48:58,678 - INFO - 进度:  89.3% | 批次: 930/1,042 | 损失: 4.2335 | LR: 5.85e-07 | 速度: 0.110s/batch | ETA: 0.2min
2025-11-08 10:48:59,663 - INFO - 进度:  90.2% | 批次: 940/1,042 | 损失: 4.2323 | LR: 5.88e-07 | 速度: 0.098s/batch | ETA: 0.2min
2025-11-08 10:49:00,664 - INFO - 进度:  91.2% | 批次: 950/1,042 | 损失: 4.2310 | LR: 5.91e-07 | 速度: 0.099s/batch | ETA: 0.2min
2025-11-08 10:49:01,761 - INFO - 进度:  92.1% | 批次: 960/1,042 | 损失: 4.2298 | LR: 5.93e-07 | 速度: 0.109s/batch | ETA: 0.1min
2025-11-08 10:49:02,728 - INFO - 进度:  93.1% | 批次: 970/1,042 | 损失: 4.2286 | LR: 5.91e-07 | 速度: 0.096s/batch | ETA: 0.1min
2025-11-08 10:49:03,674 - INFO - 进度:  94.0% | 批次: 980/1,042 | 损失: 4.2274 | LR: 5.90e-07 | 速度: 0.094s/batch | ETA: 0.1min
2025-11-08 10:49:04,592 - INFO - 进度:  95.0% | 批次: 990/1,042 | 损失: 4.2262 | LR: 5.88e-07 | 速度: 0.091s/batch | ETA: 0.1min
2025-11-08 10:49:05,611 - INFO - 进度:  96.0% | 批次: 1,000/1,042 | 损失: 4.2250 | LR: 5.87e-07 | 速度: 0.102s/batch | ETA: 0.1min
2025-11-08 10:49:06,589 - INFO - 进度:  96.9% | 批次: 1,010/1,042 | 损失: 4.2238 | LR: 5.85e-07 | 速度: 0.097s/batch | ETA: 0.1min
2025-11-08 10:49:07,511 - INFO - 进度:  97.9% | 批次: 1,020/1,042 | 损失: 4.2225 | LR: 5.84e-07 | 速度: 0.092s/batch | ETA: 0.0min
2025-11-08 10:49:08,439 - INFO - 进度:  98.8% | 批次: 1,030/1,042 | 损失: 4.2213 | LR: 5.83e-07 | 速度: 0.092s/batch | ETA: 0.0min
2025-11-08 10:49:09,473 - INFO - 进度:  99.8% | 批次: 1,040/1,042 | 损失: 4.2201 | LR: 5.81e-07 | 速度: 0.103s/batch | ETA: 0.0min
2025-11-08 10:49:09,652 - INFO - 进度: 100.0% | 批次: 1,042/1,042 | 损失: 4.2199 | LR: 5.81e-07 | 速度: 0.102s/batch | ETA: 0.0min
2025-11-08 10:49:09,652 - INFO - Epoch 2 完成! | 平均损失: 4.2199 | 耗时: 1.8分钟 | 处理样本: 16,666 | 总批次: 1,042
2025-11-08 10:49:09,654 - INFO - 开始验证...
2025-11-08 10:49:12,562 - INFO - 验证完成! | 损失: 4.0856 | 困惑度: 59.48 | 耗时: 2.9秒 | 样本数: 1,936
2025-11-08 10:49:12,562 - INFO - Epoch 2 统计: 训练损失=4.2199, 验证损失=4.085622497826568, 耗时=1.9分钟, 累计耗时=3.8分钟
2025-11-08 10:49:13,947 - INFO - 结果已保存至 results/ablate_multihead/
2025-11-08 10:49:13,947 - INFO - 
============================================================
2025-11-08 10:49:13,947 - INFO - Epoch 3/5
2025-11-08 10:49:13,947 - INFO - ============================================================
2025-11-08 10:49:13,948 - INFO - Epoch 3/5: 开始训练 (1,042 批次)
2025-11-08 10:49:14,868 - INFO - 进度:   1.0% | 批次: 10/1,042 | 损失: 4.0967 | LR: 5.79e-07 | 速度: 0.092s/batch | ETA: 1.6min
2025-11-08 10:49:15,804 - INFO - 进度:   1.9% | 批次: 20/1,042 | 损失: 4.0902 | LR: 5.78e-07 | 速度: 0.093s/batch | ETA: 1.6min
2025-11-08 10:49:17,596 - INFO - 进度:   2.9% | 批次: 30/1,042 | 损失: 4.0852 | LR: 5.77e-07 | 速度: 0.179s/batch | ETA: 2.1min
2025-11-08 10:49:18,775 - INFO - 进度:   3.8% | 批次: 40/1,042 | 损失: 4.0825 | LR: 5.75e-07 | 速度: 0.117s/batch | ETA: 2.0min
2025-11-08 10:49:19,879 - INFO - 进度:   4.8% | 批次: 50/1,042 | 损失: 4.0821 | LR: 5.74e-07 | 速度: 0.110s/batch | ETA: 2.0min
2025-11-08 10:49:20,926 - INFO - 进度:   5.8% | 批次: 60/1,042 | 损失: 4.0823 | LR: 5.73e-07 | 速度: 0.104s/batch | ETA: 1.9min
2025-11-08 10:49:22,111 - INFO - 进度:   6.7% | 批次: 70/1,042 | 损失: 4.0798 | LR: 5.71e-07 | 速度: 0.118s/batch | ETA: 1.9min
2025-11-08 10:49:23,204 - INFO - 进度:   7.7% | 批次: 80/1,042 | 损失: 4.0777 | LR: 5.70e-07 | 速度: 0.109s/batch | ETA: 1.9min
2025-11-08 10:49:24,163 - INFO - 进度:   8.6% | 批次: 90/1,042 | 损失: 4.0756 | LR: 5.69e-07 | 速度: 0.095s/batch | ETA: 1.8min
2025-11-08 10:49:25,167 - INFO - 进度:   9.6% | 批次: 100/1,042 | 损失: 4.0732 | LR: 5.67e-07 | 速度: 0.100s/batch | ETA: 1.8min
2025-11-08 10:49:26,228 - INFO - 进度:  10.6% | 批次: 110/1,042 | 损失: 4.0716 | LR: 5.66e-07 | 速度: 0.106s/batch | ETA: 1.7min
2025-11-08 10:49:27,240 - INFO - 进度:  11.5% | 批次: 120/1,042 | 损失: 4.0706 | LR: 5.65e-07 | 速度: 0.100s/batch | ETA: 1.7min
2025-11-08 10:49:28,332 - INFO - 进度:  12.5% | 批次: 130/1,042 | 损失: 4.0690 | LR: 5.64e-07 | 速度: 0.109s/batch | ETA: 1.7min
2025-11-08 10:49:29,366 - INFO - 进度:  13.4% | 批次: 140/1,042 | 损失: 4.0683 | LR: 5.62e-07 | 速度: 0.103s/batch | ETA: 1.7min
2025-11-08 10:49:30,395 - INFO - 进度:  14.4% | 批次: 150/1,042 | 损失: 4.0675 | LR: 5.61e-07 | 速度: 0.103s/batch | ETA: 1.6min
2025-11-08 10:49:31,605 - INFO - 进度:  15.4% | 批次: 160/1,042 | 损失: 4.0661 | LR: 5.60e-07 | 速度: 0.120s/batch | ETA: 1.6min
2025-11-08 10:49:32,693 - INFO - 进度:  16.3% | 批次: 170/1,042 | 损失: 4.0640 | LR: 5.59e-07 | 速度: 0.109s/batch | ETA: 1.6min
2025-11-08 10:49:33,731 - INFO - 进度:  17.3% | 批次: 180/1,042 | 损失: 4.0627 | LR: 5.57e-07 | 速度: 0.103s/batch | ETA: 1.6min
2025-11-08 10:49:35,069 - INFO - 进度:  18.2% | 批次: 190/1,042 | 损失: 4.0615 | LR: 5.56e-07 | 速度: 0.133s/batch | ETA: 1.6min
2025-11-08 10:49:36,148 - INFO - 进度:  19.2% | 批次: 200/1,042 | 损失: 4.0605 | LR: 5.55e-07 | 速度: 0.108s/batch | ETA: 1.6min
2025-11-08 10:49:37,098 - INFO - 进度:  20.2% | 批次: 210/1,042 | 损失: 4.0596 | LR: 5.54e-07 | 速度: 0.095s/batch | ETA: 1.5min
2025-11-08 10:49:38,076 - INFO - 进度:  21.1% | 批次: 220/1,042 | 损失: 4.0584 | LR: 5.52e-07 | 速度: 0.097s/batch | ETA: 1.5min
2025-11-08 10:49:39,185 - INFO - 进度:  22.1% | 批次: 230/1,042 | 损失: 4.0569 | LR: 5.51e-07 | 速度: 0.110s/batch | ETA: 1.5min
2025-11-08 10:49:40,182 - INFO - 进度:  23.0% | 批次: 240/1,042 | 损失: 4.0551 | LR: 5.50e-07 | 速度: 0.099s/batch | ETA: 1.5min
2025-11-08 10:49:41,280 - INFO - 进度:  24.0% | 批次: 250/1,042 | 损失: 4.0538 | LR: 5.49e-07 | 速度: 0.109s/batch | ETA: 1.4min
2025-11-08 10:49:42,330 - INFO - 进度:  25.0% | 批次: 260/1,042 | 损失: 4.0526 | LR: 5.48e-07 | 速度: 0.104s/batch | ETA: 1.4min
2025-11-08 10:49:43,366 - INFO - 进度:  25.9% | 批次: 270/1,042 | 损失: 4.0512 | LR: 5.47e-07 | 速度: 0.103s/batch | ETA: 1.4min
2025-11-08 10:49:44,324 - INFO - 进度:  26.9% | 批次: 280/1,042 | 损失: 4.0501 | LR: 5.45e-07 | 速度: 0.095s/batch | ETA: 1.4min
2025-11-08 10:49:45,280 - INFO - 进度:  27.8% | 批次: 290/1,042 | 损失: 4.0490 | LR: 5.44e-07 | 速度: 0.095s/batch | ETA: 1.4min
2025-11-08 10:49:46,301 - INFO - 进度:  28.8% | 批次: 300/1,042 | 损失: 4.0477 | LR: 5.43e-07 | 速度: 0.102s/batch | ETA: 1.3min
2025-11-08 10:49:47,323 - INFO - 进度:  29.8% | 批次: 310/1,042 | 损失: 4.0463 | LR: 5.42e-07 | 速度: 0.102s/batch | ETA: 1.3min
2025-11-08 10:49:48,343 - INFO - 进度:  30.7% | 批次: 320/1,042 | 损失: 4.0453 | LR: 5.41e-07 | 速度: 0.101s/batch | ETA: 1.3min
2025-11-08 10:49:49,307 - INFO - 进度:  31.7% | 批次: 330/1,042 | 损失: 4.0441 | LR: 5.40e-07 | 速度: 0.096s/batch | ETA: 1.3min
2025-11-08 10:49:50,409 - INFO - 进度:  32.6% | 批次: 340/1,042 | 损失: 4.0430 | LR: 5.39e-07 | 速度: 0.110s/batch | ETA: 1.3min
2025-11-08 10:49:51,518 - INFO - 进度:  33.6% | 批次: 350/1,042 | 损失: 4.0416 | LR: 5.37e-07 | 速度: 0.110s/batch | ETA: 1.2min
2025-11-08 10:49:52,675 - INFO - 进度:  34.5% | 批次: 360/1,042 | 损失: 4.0402 | LR: 5.36e-07 | 速度: 0.115s/batch | ETA: 1.2min
2025-11-08 10:49:53,647 - INFO - 进度:  35.5% | 批次: 370/1,042 | 损失: 4.0389 | LR: 5.35e-07 | 速度: 0.097s/batch | ETA: 1.2min
2025-11-08 10:49:54,749 - INFO - 进度:  36.5% | 批次: 380/1,042 | 损失: 4.0376 | LR: 5.34e-07 | 速度: 0.110s/batch | ETA: 1.2min
2025-11-08 10:49:55,851 - INFO - 进度:  37.4% | 批次: 390/1,042 | 损失: 4.0363 | LR: 5.33e-07 | 速度: 0.110s/batch | ETA: 1.2min
2025-11-08 10:49:56,864 - INFO - 进度:  38.4% | 批次: 400/1,042 | 损失: 4.0348 | LR: 5.32e-07 | 速度: 0.101s/batch | ETA: 1.1min
2025-11-08 10:49:57,803 - INFO - 进度:  39.3% | 批次: 410/1,042 | 损失: 4.0337 | LR: 5.31e-07 | 速度: 0.094s/batch | ETA: 1.1min
2025-11-08 10:49:58,861 - INFO - 进度:  40.3% | 批次: 420/1,042 | 损失: 4.0326 | LR: 5.30e-07 | 速度: 0.105s/batch | ETA: 1.1min
2025-11-08 10:49:59,930 - INFO - 进度:  41.3% | 批次: 430/1,042 | 损失: 4.0314 | LR: 5.29e-07 | 速度: 0.107s/batch | ETA: 1.1min
2025-11-08 10:50:01,049 - INFO - 进度:  42.2% | 批次: 440/1,042 | 损失: 4.0300 | LR: 5.28e-07 | 速度: 0.111s/batch | ETA: 1.1min
2025-11-08 10:50:02,024 - INFO - 进度:  43.2% | 批次: 450/1,042 | 损失: 4.0287 | LR: 5.27e-07 | 速度: 0.097s/batch | ETA: 1.1min
2025-11-08 10:50:03,000 - INFO - 进度:  44.1% | 批次: 460/1,042 | 损失: 4.0272 | LR: 5.26e-07 | 速度: 0.097s/batch | ETA: 1.0min
2025-11-08 10:50:04,022 - INFO - 进度:  45.1% | 批次: 470/1,042 | 损失: 4.0262 | LR: 5.25e-07 | 速度: 0.102s/batch | ETA: 1.0min
2025-11-08 10:50:05,025 - INFO - 进度:  46.1% | 批次: 480/1,042 | 损失: 4.0249 | LR: 5.24e-07 | 速度: 0.100s/batch | ETA: 1.0min
2025-11-08 10:50:06,118 - INFO - 进度:  47.0% | 批次: 490/1,042 | 损失: 4.0238 | LR: 5.23e-07 | 速度: 0.109s/batch | ETA: 1.0min
2025-11-08 10:50:07,191 - INFO - 进度:  48.0% | 批次: 500/1,042 | 损失: 4.0226 | LR: 5.22e-07 | 速度: 0.107s/batch | ETA: 1.0min
2025-11-08 10:50:08,178 - INFO - 进度:  48.9% | 批次: 510/1,042 | 损失: 4.0214 | LR: 5.21e-07 | 速度: 0.098s/batch | ETA: 0.9min
2025-11-08 10:50:09,307 - INFO - 进度:  49.9% | 批次: 520/1,042 | 损失: 4.0200 | LR: 5.20e-07 | 速度: 0.112s/batch | ETA: 0.9min
2025-11-08 10:50:10,336 - INFO - 进度:  50.9% | 批次: 530/1,042 | 损失: 4.0188 | LR: 5.19e-07 | 速度: 0.102s/batch | ETA: 0.9min
2025-11-08 10:50:11,331 - INFO - 进度:  51.8% | 批次: 540/1,042 | 损失: 4.0175 | LR: 5.18e-07 | 速度: 0.099s/batch | ETA: 0.9min
2025-11-08 10:50:12,310 - INFO - 进度:  52.8% | 批次: 550/1,042 | 损失: 4.0162 | LR: 5.17e-07 | 速度: 0.098s/batch | ETA: 0.9min
2025-11-08 10:50:13,438 - INFO - 进度:  53.7% | 批次: 560/1,042 | 损失: 4.0150 | LR: 5.16e-07 | 速度: 0.112s/batch | ETA: 0.9min
2025-11-08 10:50:14,524 - INFO - 进度:  54.7% | 批次: 570/1,042 | 损失: 4.0136 | LR: 5.15e-07 | 速度: 0.108s/batch | ETA: 0.8min
2025-11-08 10:50:15,511 - INFO - 进度:  55.7% | 批次: 580/1,042 | 损失: 4.0124 | LR: 5.14e-07 | 速度: 0.098s/batch | ETA: 0.8min
2025-11-08 10:50:16,520 - INFO - 进度:  56.6% | 批次: 590/1,042 | 损失: 4.0113 | LR: 5.13e-07 | 速度: 0.101s/batch | ETA: 0.8min
2025-11-08 10:50:17,588 - INFO - 进度:  57.6% | 批次: 600/1,042 | 损失: 4.0102 | LR: 5.12e-07 | 速度: 0.106s/batch | ETA: 0.8min
2025-11-08 10:50:18,539 - INFO - 进度:  58.5% | 批次: 610/1,042 | 损失: 4.0089 | LR: 5.11e-07 | 速度: 0.095s/batch | ETA: 0.8min
2025-11-08 10:50:19,511 - INFO - 进度:  59.5% | 批次: 620/1,042 | 损失: 4.0076 | LR: 5.10e-07 | 速度: 0.097s/batch | ETA: 0.7min
2025-11-08 10:50:20,522 - INFO - 进度:  60.5% | 批次: 630/1,042 | 损失: 4.0063 | LR: 5.09e-07 | 速度: 0.100s/batch | ETA: 0.7min
2025-11-08 10:50:21,546 - INFO - 进度:  61.4% | 批次: 640/1,042 | 损失: 4.0051 | LR: 5.08e-07 | 速度: 0.102s/batch | ETA: 0.7min
2025-11-08 10:50:22,626 - INFO - 进度:  62.4% | 批次: 650/1,042 | 损失: 4.0038 | LR: 5.07e-07 | 速度: 0.108s/batch | ETA: 0.7min
2025-11-08 10:50:23,579 - INFO - 进度:  63.3% | 批次: 660/1,042 | 损失: 4.0027 | LR: 5.06e-07 | 速度: 0.095s/batch | ETA: 0.7min
2025-11-08 10:50:24,502 - INFO - 进度:  64.3% | 批次: 670/1,042 | 损失: 4.0015 | LR: 5.05e-07 | 速度: 0.092s/batch | ETA: 0.7min
2025-11-08 10:50:25,501 - INFO - 进度:  65.3% | 批次: 680/1,042 | 损失: 4.0002 | LR: 5.04e-07 | 速度: 0.100s/batch | ETA: 0.6min
2025-11-08 10:50:26,597 - INFO - 进度:  66.2% | 批次: 690/1,042 | 损失: 3.9989 | LR: 5.03e-07 | 速度: 0.109s/batch | ETA: 0.6min
2025-11-08 10:50:27,672 - INFO - 进度:  67.2% | 批次: 700/1,042 | 损失: 3.9978 | LR: 5.03e-07 | 速度: 0.107s/batch | ETA: 0.6min
2025-11-08 10:50:28,775 - INFO - 进度:  68.1% | 批次: 710/1,042 | 损失: 3.9966 | LR: 5.02e-07 | 速度: 0.110s/batch | ETA: 0.6min
2025-11-08 10:50:29,825 - INFO - 进度:  69.1% | 批次: 720/1,042 | 损失: 3.9953 | LR: 5.01e-07 | 速度: 0.105s/batch | ETA: 0.6min
2025-11-08 10:50:30,945 - INFO - 进度:  70.1% | 批次: 730/1,042 | 损失: 3.9942 | LR: 5.00e-07 | 速度: 0.111s/batch | ETA: 0.5min
2025-11-08 10:50:32,037 - INFO - 进度:  71.0% | 批次: 740/1,042 | 损失: 3.9930 | LR: 4.99e-07 | 速度: 0.109s/batch | ETA: 0.5min
2025-11-08 10:50:33,096 - INFO - 进度:  72.0% | 批次: 750/1,042 | 损失: 3.9919 | LR: 4.98e-07 | 速度: 0.105s/batch | ETA: 0.5min
2025-11-08 10:50:34,133 - INFO - 进度:  72.9% | 批次: 760/1,042 | 损失: 3.9907 | LR: 4.97e-07 | 速度: 0.103s/batch | ETA: 0.5min
2025-11-08 10:50:35,164 - INFO - 进度:  73.9% | 批次: 770/1,042 | 损失: 3.9894 | LR: 4.96e-07 | 速度: 0.103s/batch | ETA: 0.5min
2025-11-08 10:50:36,066 - INFO - 进度:  74.9% | 批次: 780/1,042 | 损失: 3.9883 | LR: 4.95e-07 | 速度: 0.090s/batch | ETA: 0.5min
2025-11-08 10:50:37,046 - INFO - 进度:  75.8% | 批次: 790/1,042 | 损失: 3.9871 | LR: 4.95e-07 | 速度: 0.098s/batch | ETA: 0.4min
2025-11-08 10:50:38,058 - INFO - 进度:  76.8% | 批次: 800/1,042 | 损失: 3.9859 | LR: 4.94e-07 | 速度: 0.100s/batch | ETA: 0.4min
2025-11-08 10:50:39,062 - INFO - 进度:  77.7% | 批次: 810/1,042 | 损失: 3.9848 | LR: 4.93e-07 | 速度: 0.100s/batch | ETA: 0.4min
2025-11-08 10:50:40,022 - INFO - 进度:  78.7% | 批次: 820/1,042 | 损失: 3.9835 | LR: 4.92e-07 | 速度: 0.096s/batch | ETA: 0.4min
2025-11-08 10:50:40,990 - INFO - 进度:  79.7% | 批次: 830/1,042 | 损失: 3.9824 | LR: 4.91e-07 | 速度: 0.096s/batch | ETA: 0.4min
2025-11-08 10:50:42,011 - INFO - 进度:  80.6% | 批次: 840/1,042 | 损失: 3.9812 | LR: 4.90e-07 | 速度: 0.102s/batch | ETA: 0.4min
2025-11-08 10:50:43,026 - INFO - 进度:  81.6% | 批次: 850/1,042 | 损失: 3.9800 | LR: 4.90e-07 | 速度: 0.101s/batch | ETA: 0.3min
2025-11-08 10:50:44,024 - INFO - 进度:  82.5% | 批次: 860/1,042 | 损失: 3.9788 | LR: 4.89e-07 | 速度: 0.100s/batch | ETA: 0.3min
2025-11-08 10:50:45,021 - INFO - 进度:  83.5% | 批次: 870/1,042 | 损失: 3.9775 | LR: 4.88e-07 | 速度: 0.100s/batch | ETA: 0.3min
2025-11-08 10:50:46,109 - INFO - 进度:  84.5% | 批次: 880/1,042 | 损失: 3.9763 | LR: 4.87e-07 | 速度: 0.108s/batch | ETA: 0.3min
2025-11-08 10:50:47,207 - INFO - 进度:  85.4% | 批次: 890/1,042 | 损失: 3.9753 | LR: 4.86e-07 | 速度: 0.109s/batch | ETA: 0.3min
2025-11-08 10:50:48,289 - INFO - 进度:  86.4% | 批次: 900/1,042 | 损失: 3.9741 | LR: 4.85e-07 | 速度: 0.108s/batch | ETA: 0.2min
2025-11-08 10:50:49,338 - INFO - 进度:  87.3% | 批次: 910/1,042 | 损失: 3.9729 | LR: 4.85e-07 | 速度: 0.104s/batch | ETA: 0.2min
2025-11-08 10:50:50,402 - INFO - 进度:  88.3% | 批次: 920/1,042 | 损失: 3.9718 | LR: 4.84e-07 | 速度: 0.106s/batch | ETA: 0.2min
2025-11-08 10:50:51,463 - INFO - 进度:  89.3% | 批次: 930/1,042 | 损失: 3.9707 | LR: 4.83e-07 | 速度: 0.106s/batch | ETA: 0.2min
2025-11-08 10:50:52,545 - INFO - 进度:  90.2% | 批次: 940/1,042 | 损失: 3.9695 | LR: 4.82e-07 | 速度: 0.108s/batch | ETA: 0.2min
2025-11-08 10:50:53,641 - INFO - 进度:  91.2% | 批次: 950/1,042 | 损失: 3.9685 | LR: 4.81e-07 | 速度: 0.109s/batch | ETA: 0.2min
2025-11-08 10:50:54,792 - INFO - 进度:  92.1% | 批次: 960/1,042 | 损失: 3.9674 | LR: 4.81e-07 | 速度: 0.115s/batch | ETA: 0.1min
2025-11-08 10:50:55,930 - INFO - 进度:  93.1% | 批次: 970/1,042 | 损失: 3.9663 | LR: 4.80e-07 | 速度: 0.113s/batch | ETA: 0.1min
2025-11-08 10:50:57,010 - INFO - 进度:  94.0% | 批次: 980/1,042 | 损失: 3.9651 | LR: 4.79e-07 | 速度: 0.108s/batch | ETA: 0.1min
2025-11-08 10:50:58,142 - INFO - 进度:  95.0% | 批次: 990/1,042 | 损失: 3.9640 | LR: 4.78e-07 | 速度: 0.113s/batch | ETA: 0.1min
2025-11-08 10:50:59,192 - INFO - 进度:  96.0% | 批次: 1,000/1,042 | 损失: 3.9629 | LR: 4.77e-07 | 速度: 0.104s/batch | ETA: 0.1min
2025-11-08 10:51:00,288 - INFO - 进度:  96.9% | 批次: 1,010/1,042 | 损失: 3.9618 | LR: 4.77e-07 | 速度: 0.109s/batch | ETA: 0.1min
2025-11-08 10:51:01,267 - INFO - 进度:  97.9% | 批次: 1,020/1,042 | 损失: 3.9608 | LR: 4.76e-07 | 速度: 0.098s/batch | ETA: 0.0min
2025-11-08 10:51:02,206 - INFO - 进度:  98.8% | 批次: 1,030/1,042 | 损失: 3.9596 | LR: 4.75e-07 | 速度: 0.093s/batch | ETA: 0.0min
2025-11-08 10:51:03,260 - INFO - 进度:  99.8% | 批次: 1,040/1,042 | 损失: 3.9585 | LR: 4.74e-07 | 速度: 0.105s/batch | ETA: 0.0min
2025-11-08 10:51:03,425 - INFO - 进度: 100.0% | 批次: 1,042/1,042 | 损失: 3.9583 | LR: 4.74e-07 | 速度: 0.100s/batch | ETA: 0.0min
2025-11-08 10:51:03,426 - INFO - Epoch 3 完成! | 平均损失: 3.9583 | 耗时: 1.8分钟 | 处理样本: 16,666 | 总批次: 1,042
2025-11-08 10:51:03,427 - INFO - 开始验证...
2025-11-08 10:51:06,460 - INFO - 验证完成! | 损失: 3.8390 | 困惑度: 46.48 | 耗时: 3.0秒 | 样本数: 1,936
2025-11-08 10:51:06,460 - INFO - Epoch 3 统计: 训练损失=3.9583, 验证损失=3.83903044511464, 耗时=1.9分钟, 累计耗时=5.7分钟
2025-11-08 10:51:07,693 - INFO - 结果已保存至 results/ablate_multihead/
2025-11-08 10:51:07,693 - INFO - 
============================================================
2025-11-08 10:51:07,693 - INFO - Epoch 4/5
2025-11-08 10:51:07,693 - INFO - ============================================================
2025-11-08 10:51:07,694 - INFO - Epoch 4/5: 开始训练 (1,042 批次)
2025-11-08 10:51:08,676 - INFO - 进度:   1.0% | 批次: 10/1,042 | 损失: 3.8348 | LR: 4.74e-07 | 速度: 0.098s/batch | ETA: 1.7min
2025-11-08 10:51:09,695 - INFO - 进度:   1.9% | 批次: 20/1,042 | 损失: 3.8298 | LR: 4.73e-07 | 速度: 0.101s/batch | ETA: 1.7min
2025-11-08 10:51:10,669 - INFO - 进度:   2.9% | 批次: 30/1,042 | 损失: 3.8364 | LR: 4.72e-07 | 速度: 0.097s/batch | ETA: 1.7min
2025-11-08 10:51:11,639 - INFO - 进度:   3.8% | 批次: 40/1,042 | 损失: 3.8370 | LR: 4.71e-07 | 速度: 0.097s/batch | ETA: 1.6min
2025-11-08 10:51:12,627 - INFO - 进度:   4.8% | 批次: 50/1,042 | 损失: 3.8351 | LR: 4.71e-07 | 速度: 0.099s/batch | ETA: 1.6min
2025-11-08 10:51:13,590 - INFO - 进度:   5.8% | 批次: 60/1,042 | 损失: 3.8360 | LR: 4.70e-07 | 速度: 0.096s/batch | ETA: 1.6min
2025-11-08 10:51:14,522 - INFO - 进度:   6.7% | 批次: 70/1,042 | 损失: 3.8341 | LR: 4.69e-07 | 速度: 0.093s/batch | ETA: 1.6min
2025-11-08 10:51:15,392 - INFO - 进度:   7.7% | 批次: 80/1,042 | 损失: 3.8343 | LR: 4.68e-07 | 速度: 0.086s/batch | ETA: 1.5min
2025-11-08 10:51:17,257 - INFO - 进度:   8.6% | 批次: 90/1,042 | 损失: 3.8351 | LR: 4.68e-07 | 速度: 0.186s/batch | ETA: 1.7min
2025-11-08 10:51:18,443 - INFO - 进度:   9.6% | 批次: 100/1,042 | 损失: 3.8344 | LR: 4.67e-07 | 速度: 0.118s/batch | ETA: 1.7min
2025-11-08 10:51:19,427 - INFO - 进度:  10.6% | 批次: 110/1,042 | 损失: 3.8335 | LR: 4.66e-07 | 速度: 0.098s/batch | ETA: 1.7min
2025-11-08 10:51:20,431 - INFO - 进度:  11.5% | 批次: 120/1,042 | 损失: 3.8336 | LR: 4.65e-07 | 速度: 0.100s/batch | ETA: 1.6min
2025-11-08 10:51:21,418 - INFO - 进度:  12.5% | 批次: 130/1,042 | 损失: 3.8333 | LR: 4.65e-07 | 速度: 0.098s/batch | ETA: 1.6min
2025-11-08 10:51:22,392 - INFO - 进度:  13.4% | 批次: 140/1,042 | 损失: 3.8318 | LR: 4.64e-07 | 速度: 0.097s/batch | ETA: 1.6min
2025-11-08 10:51:23,321 - INFO - 进度:  14.4% | 批次: 150/1,042 | 损失: 3.8308 | LR: 4.63e-07 | 速度: 0.092s/batch | ETA: 1.5min
2025-11-08 10:51:24,193 - INFO - 进度:  15.4% | 批次: 160/1,042 | 损失: 3.8291 | LR: 4.63e-07 | 速度: 0.087s/batch | ETA: 1.5min
2025-11-08 10:51:25,145 - INFO - 进度:  16.3% | 批次: 170/1,042 | 损失: 3.8279 | LR: 4.62e-07 | 速度: 0.095s/batch | ETA: 1.5min
2025-11-08 10:51:26,129 - INFO - 进度:  17.3% | 批次: 180/1,042 | 损失: 3.8267 | LR: 4.61e-07 | 速度: 0.098s/batch | ETA: 1.5min
2025-11-08 10:51:27,060 - INFO - 进度:  18.2% | 批次: 190/1,042 | 损失: 3.8251 | LR: 4.60e-07 | 速度: 0.092s/batch | ETA: 1.4min
2025-11-08 10:51:27,997 - INFO - 进度:  19.2% | 批次: 200/1,042 | 损失: 3.8238 | LR: 4.60e-07 | 速度: 0.093s/batch | ETA: 1.4min
2025-11-08 10:51:28,959 - INFO - 进度:  20.2% | 批次: 210/1,042 | 损失: 3.8230 | LR: 4.59e-07 | 速度: 0.095s/batch | ETA: 1.4min
2025-11-08 10:51:30,032 - INFO - 进度:  21.1% | 批次: 220/1,042 | 损失: 3.8217 | LR: 4.58e-07 | 速度: 0.107s/batch | ETA: 1.4min
2025-11-08 10:51:30,967 - INFO - 进度:  22.1% | 批次: 230/1,042 | 损失: 3.8207 | LR: 4.58e-07 | 速度: 0.093s/batch | ETA: 1.4min
2025-11-08 10:51:31,898 - INFO - 进度:  23.0% | 批次: 240/1,042 | 损失: 3.8201 | LR: 4.57e-07 | 速度: 0.093s/batch | ETA: 1.3min
2025-11-08 10:51:32,905 - INFO - 进度:  24.0% | 批次: 250/1,042 | 损失: 3.8191 | LR: 4.56e-07 | 速度: 0.100s/batch | ETA: 1.3min
2025-11-08 10:51:33,922 - INFO - 进度:  25.0% | 批次: 260/1,042 | 损失: 3.8187 | LR: 4.56e-07 | 速度: 0.101s/batch | ETA: 1.3min
2025-11-08 10:51:34,845 - INFO - 进度:  25.9% | 批次: 270/1,042 | 损失: 3.8176 | LR: 4.55e-07 | 速度: 0.092s/batch | ETA: 1.3min
2025-11-08 10:51:35,791 - INFO - 进度:  26.9% | 批次: 280/1,042 | 损失: 3.8166 | LR: 4.54e-07 | 速度: 0.094s/batch | ETA: 1.3min
2025-11-08 10:51:36,779 - INFO - 进度:  27.8% | 批次: 290/1,042 | 损失: 3.8155 | LR: 4.54e-07 | 速度: 0.098s/batch | ETA: 1.3min
2025-11-08 10:51:37,714 - INFO - 进度:  28.8% | 批次: 300/1,042 | 损失: 3.8151 | LR: 4.53e-07 | 速度: 0.093s/batch | ETA: 1.2min
2025-11-08 10:51:38,719 - INFO - 进度:  29.8% | 批次: 310/1,042 | 损失: 3.8139 | LR: 4.52e-07 | 速度: 0.100s/batch | ETA: 1.2min
2025-11-08 10:51:39,586 - INFO - 进度:  30.7% | 批次: 320/1,042 | 损失: 3.8131 | LR: 4.52e-07 | 速度: 0.086s/batch | ETA: 1.2min
2025-11-08 10:51:40,511 - INFO - 进度:  31.7% | 批次: 330/1,042 | 损失: 3.8120 | LR: 4.51e-07 | 速度: 0.092s/batch | ETA: 1.2min
2025-11-08 10:51:41,415 - INFO - 进度:  32.6% | 批次: 340/1,042 | 损失: 3.8111 | LR: 4.50e-07 | 速度: 0.090s/batch | ETA: 1.2min
2025-11-08 10:51:42,509 - INFO - 进度:  33.6% | 批次: 350/1,042 | 损失: 3.8104 | LR: 4.50e-07 | 速度: 0.109s/batch | ETA: 1.1min
2025-11-08 10:51:43,538 - INFO - 进度:  34.5% | 批次: 360/1,042 | 损失: 3.8095 | LR: 4.49e-07 | 速度: 0.102s/batch | ETA: 1.1min
2025-11-08 10:51:44,678 - INFO - 进度:  35.5% | 批次: 370/1,042 | 损失: 3.8084 | LR: 4.48e-07 | 速度: 0.114s/batch | ETA: 1.1min
2025-11-08 10:51:45,779 - INFO - 进度:  36.5% | 批次: 380/1,042 | 损失: 3.8075 | LR: 4.48e-07 | 速度: 0.110s/batch | ETA: 1.1min
2025-11-08 10:51:46,914 - INFO - 进度:  37.4% | 批次: 390/1,042 | 损失: 3.8067 | LR: 4.47e-07 | 速度: 0.113s/batch | ETA: 1.1min
2025-11-08 10:51:47,992 - INFO - 进度:  38.4% | 批次: 400/1,042 | 损失: 3.8054 | LR: 4.47e-07 | 速度: 0.107s/batch | ETA: 1.1min
2025-11-08 10:51:49,156 - INFO - 进度:  39.3% | 批次: 410/1,042 | 损失: 3.8044 | LR: 4.46e-07 | 速度: 0.116s/batch | ETA: 1.1min
2025-11-08 10:51:50,238 - INFO - 进度:  40.3% | 批次: 420/1,042 | 损失: 3.8034 | LR: 4.45e-07 | 速度: 0.108s/batch | ETA: 1.1min
2025-11-08 10:51:51,291 - INFO - 进度:  41.3% | 批次: 430/1,042 | 损失: 3.8025 | LR: 4.45e-07 | 速度: 0.105s/batch | ETA: 1.0min
2025-11-08 10:51:52,322 - INFO - 进度:  42.2% | 批次: 440/1,042 | 损失: 3.8016 | LR: 4.44e-07 | 速度: 0.103s/batch | ETA: 1.0min
2025-11-08 10:51:53,389 - INFO - 进度:  43.2% | 批次: 450/1,042 | 损失: 3.8005 | LR: 4.43e-07 | 速度: 0.106s/batch | ETA: 1.0min
2025-11-08 10:51:54,338 - INFO - 进度:  44.1% | 批次: 460/1,042 | 损失: 3.7992 | LR: 4.43e-07 | 速度: 0.094s/batch | ETA: 1.0min
2025-11-08 10:51:55,379 - INFO - 进度:  45.1% | 批次: 470/1,042 | 损失: 3.7985 | LR: 4.42e-07 | 速度: 0.103s/batch | ETA: 1.0min
2025-11-08 10:51:56,310 - INFO - 进度:  46.1% | 批次: 480/1,042 | 损失: 3.7977 | LR: 4.42e-07 | 速度: 0.092s/batch | ETA: 0.9min
2025-11-08 10:51:57,303 - INFO - 进度:  47.0% | 批次: 490/1,042 | 损失: 3.7970 | LR: 4.41e-07 | 速度: 0.099s/batch | ETA: 0.9min
2025-11-08 10:51:58,287 - INFO - 进度:  48.0% | 批次: 500/1,042 | 损失: 3.7961 | LR: 4.40e-07 | 速度: 0.097s/batch | ETA: 0.9min
2025-11-08 10:51:59,296 - INFO - 进度:  48.9% | 批次: 510/1,042 | 损失: 3.7951 | LR: 4.40e-07 | 速度: 0.100s/batch | ETA: 0.9min
2025-11-08 10:52:00,315 - INFO - 进度:  49.9% | 批次: 520/1,042 | 损失: 3.7942 | LR: 4.39e-07 | 速度: 0.102s/batch | ETA: 0.9min
2025-11-08 10:52:01,294 - INFO - 进度:  50.9% | 批次: 530/1,042 | 损失: 3.7932 | LR: 4.39e-07 | 速度: 0.097s/batch | ETA: 0.9min
2025-11-08 10:52:02,265 - INFO - 进度:  51.8% | 批次: 540/1,042 | 损失: 3.7924 | LR: 4.38e-07 | 速度: 0.097s/batch | ETA: 0.8min
2025-11-08 10:52:03,196 - INFO - 进度:  52.8% | 批次: 550/1,042 | 损失: 3.7913 | LR: 4.37e-07 | 速度: 0.093s/batch | ETA: 0.8min
2025-11-08 10:52:04,168 - INFO - 进度:  53.7% | 批次: 560/1,042 | 损失: 3.7905 | LR: 4.37e-07 | 速度: 0.097s/batch | ETA: 0.8min
2025-11-08 10:52:05,086 - INFO - 进度:  54.7% | 批次: 570/1,042 | 损失: 3.7899 | LR: 4.36e-07 | 速度: 0.091s/batch | ETA: 0.8min
2025-11-08 10:52:06,036 - INFO - 进度:  55.7% | 批次: 580/1,042 | 损失: 3.7891 | LR: 4.36e-07 | 速度: 0.094s/batch | ETA: 0.8min
2025-11-08 10:52:06,926 - INFO - 进度:  56.6% | 批次: 590/1,042 | 损失: 3.7881 | LR: 4.35e-07 | 速度: 0.088s/batch | ETA: 0.8min
2025-11-08 10:52:07,920 - INFO - 进度:  57.6% | 批次: 600/1,042 | 损失: 3.7868 | LR: 4.34e-07 | 速度: 0.099s/batch | ETA: 0.7min
2025-11-08 10:52:08,884 - INFO - 进度:  58.5% | 批次: 610/1,042 | 损失: 3.7860 | LR: 4.34e-07 | 速度: 0.096s/batch | ETA: 0.7min
2025-11-08 10:52:09,892 - INFO - 进度:  59.5% | 批次: 620/1,042 | 损失: 3.7852 | LR: 4.33e-07 | 速度: 0.100s/batch | ETA: 0.7min
2025-11-08 10:52:10,854 - INFO - 进度:  60.5% | 批次: 630/1,042 | 损失: 3.7843 | LR: 4.33e-07 | 速度: 0.096s/batch | ETA: 0.7min
2025-11-08 10:52:11,810 - INFO - 进度:  61.4% | 批次: 640/1,042 | 损失: 3.7833 | LR: 4.32e-07 | 速度: 0.095s/batch | ETA: 0.7min
2025-11-08 10:52:12,824 - INFO - 进度:  62.4% | 批次: 650/1,042 | 损失: 3.7825 | LR: 4.32e-07 | 速度: 0.101s/batch | ETA: 0.7min
2025-11-08 10:52:13,802 - INFO - 进度:  63.3% | 批次: 660/1,042 | 损失: 3.7815 | LR: 4.31e-07 | 速度: 0.097s/batch | ETA: 0.6min
2025-11-08 10:52:14,702 - INFO - 进度:  64.3% | 批次: 670/1,042 | 损失: 3.7807 | LR: 4.30e-07 | 速度: 0.089s/batch | ETA: 0.6min
2025-11-08 10:52:15,592 - INFO - 进度:  65.3% | 批次: 680/1,042 | 损失: 3.7799 | LR: 4.30e-07 | 速度: 0.089s/batch | ETA: 0.6min
2025-11-08 10:52:16,559 - INFO - 进度:  66.2% | 批次: 690/1,042 | 损失: 3.7791 | LR: 4.29e-07 | 速度: 0.096s/batch | ETA: 0.6min
2025-11-08 10:52:17,523 - INFO - 进度:  67.2% | 批次: 700/1,042 | 损失: 3.7785 | LR: 4.29e-07 | 速度: 0.096s/batch | ETA: 0.6min
2025-11-08 10:52:18,467 - INFO - 进度:  68.1% | 批次: 710/1,042 | 损失: 3.7776 | LR: 4.28e-07 | 速度: 0.094s/batch | ETA: 0.6min
2025-11-08 10:52:19,421 - INFO - 进度:  69.1% | 批次: 720/1,042 | 损失: 3.7768 | LR: 4.28e-07 | 速度: 0.095s/batch | ETA: 0.5min
2025-11-08 10:52:20,442 - INFO - 进度:  70.1% | 批次: 730/1,042 | 损失: 3.7760 | LR: 4.27e-07 | 速度: 0.102s/batch | ETA: 0.5min
2025-11-08 10:52:21,416 - INFO - 进度:  71.0% | 批次: 740/1,042 | 损失: 3.7754 | LR: 4.26e-07 | 速度: 0.097s/batch | ETA: 0.5min
2025-11-08 10:52:22,352 - INFO - 进度:  72.0% | 批次: 750/1,042 | 损失: 3.7746 | LR: 4.26e-07 | 速度: 0.093s/batch | ETA: 0.5min
2025-11-08 10:52:23,300 - INFO - 进度:  72.9% | 批次: 760/1,042 | 损失: 3.7736 | LR: 4.25e-07 | 速度: 0.094s/batch | ETA: 0.5min
2025-11-08 10:52:24,262 - INFO - 进度:  73.9% | 批次: 770/1,042 | 损失: 3.7728 | LR: 4.25e-07 | 速度: 0.096s/batch | ETA: 0.5min
2025-11-08 10:52:25,285 - INFO - 进度:  74.9% | 批次: 780/1,042 | 损失: 3.7719 | LR: 4.24e-07 | 速度: 0.102s/batch | ETA: 0.4min
2025-11-08 10:52:26,219 - INFO - 进度:  75.8% | 批次: 790/1,042 | 损失: 3.7711 | LR: 4.24e-07 | 速度: 0.093s/batch | ETA: 0.4min
2025-11-08 10:52:27,165 - INFO - 进度:  76.8% | 批次: 800/1,042 | 损失: 3.7702 | LR: 4.23e-07 | 速度: 0.094s/batch | ETA: 0.4min
2025-11-08 10:52:28,090 - INFO - 进度:  77.7% | 批次: 810/1,042 | 损失: 3.7695 | LR: 4.23e-07 | 速度: 0.092s/batch | ETA: 0.4min
2025-11-08 10:52:29,108 - INFO - 进度:  78.7% | 批次: 820/1,042 | 损失: 3.7686 | LR: 4.22e-07 | 速度: 0.101s/batch | ETA: 0.4min
2025-11-08 10:52:30,056 - INFO - 进度:  79.7% | 批次: 830/1,042 | 损失: 3.7681 | LR: 4.22e-07 | 速度: 0.095s/batch | ETA: 0.4min
2025-11-08 10:52:30,942 - INFO - 进度:  80.6% | 批次: 840/1,042 | 损失: 3.7673 | LR: 4.21e-07 | 速度: 0.088s/batch | ETA: 0.3min
2025-11-08 10:52:31,875 - INFO - 进度:  81.6% | 批次: 850/1,042 | 损失: 3.7664 | LR: 4.21e-07 | 速度: 0.093s/batch | ETA: 0.3min
2025-11-08 10:52:32,884 - INFO - 进度:  82.5% | 批次: 860/1,042 | 损失: 3.7656 | LR: 4.20e-07 | 速度: 0.101s/batch | ETA: 0.3min
2025-11-08 10:52:34,032 - INFO - 进度:  83.5% | 批次: 870/1,042 | 损失: 3.7647 | LR: 4.19e-07 | 速度: 0.114s/batch | ETA: 0.3min
2025-11-08 10:52:35,056 - INFO - 进度:  84.5% | 批次: 880/1,042 | 损失: 3.7639 | LR: 4.19e-07 | 速度: 0.102s/batch | ETA: 0.3min
2025-11-08 10:52:36,116 - INFO - 进度:  85.4% | 批次: 890/1,042 | 损失: 3.7633 | LR: 4.18e-07 | 速度: 0.106s/batch | ETA: 0.3min
2025-11-08 10:52:37,167 - INFO - 进度:  86.4% | 批次: 900/1,042 | 损失: 3.7626 | LR: 4.18e-07 | 速度: 0.105s/batch | ETA: 0.2min
2025-11-08 10:52:38,227 - INFO - 进度:  87.3% | 批次: 910/1,042 | 损失: 3.7617 | LR: 4.17e-07 | 速度: 0.106s/batch | ETA: 0.2min
2025-11-08 10:52:39,257 - INFO - 进度:  88.3% | 批次: 920/1,042 | 损失: 3.7609 | LR: 4.17e-07 | 速度: 0.102s/batch | ETA: 0.2min
2025-11-08 10:52:40,257 - INFO - 进度:  89.3% | 批次: 930/1,042 | 损失: 3.7600 | LR: 4.16e-07 | 速度: 0.100s/batch | ETA: 0.2min
2025-11-08 10:52:41,365 - INFO - 进度:  90.2% | 批次: 940/1,042 | 损失: 3.7593 | LR: 4.16e-07 | 速度: 0.110s/batch | ETA: 0.2min
2025-11-08 10:52:42,394 - INFO - 进度:  91.2% | 批次: 950/1,042 | 损失: 3.7584 | LR: 4.15e-07 | 速度: 0.102s/batch | ETA: 0.2min
2025-11-08 10:52:43,436 - INFO - 进度:  92.1% | 批次: 960/1,042 | 损失: 3.7577 | LR: 4.15e-07 | 速度: 0.104s/batch | ETA: 0.1min
2025-11-08 10:52:44,502 - INFO - 进度:  93.1% | 批次: 970/1,042 | 损失: 3.7567 | LR: 4.14e-07 | 速度: 0.106s/batch | ETA: 0.1min
2025-11-08 10:52:45,565 - INFO - 进度:  94.0% | 批次: 980/1,042 | 损失: 3.7560 | LR: 4.14e-07 | 速度: 0.106s/batch | ETA: 0.1min
2025-11-08 10:52:46,700 - INFO - 进度:  95.0% | 批次: 990/1,042 | 损失: 3.7554 | LR: 4.13e-07 | 速度: 0.113s/batch | ETA: 0.1min
2025-11-08 10:52:47,730 - INFO - 进度:  96.0% | 批次: 1,000/1,042 | 损失: 3.7548 | LR: 4.13e-07 | 速度: 0.103s/batch | ETA: 0.1min
2025-11-08 10:52:48,678 - INFO - 进度:  96.9% | 批次: 1,010/1,042 | 损失: 3.7540 | LR: 4.12e-07 | 速度: 0.094s/batch | ETA: 0.1min
2025-11-08 10:52:49,696 - INFO - 进度:  97.9% | 批次: 1,020/1,042 | 损失: 3.7532 | LR: 4.12e-07 | 速度: 0.101s/batch | ETA: 0.0min
2025-11-08 10:52:50,721 - INFO - 进度:  98.8% | 批次: 1,030/1,042 | 损失: 3.7523 | LR: 4.11e-07 | 速度: 0.102s/batch | ETA: 0.0min
2025-11-08 10:52:51,742 - INFO - 进度:  99.8% | 批次: 1,040/1,042 | 损失: 3.7515 | LR: 4.11e-07 | 速度: 0.101s/batch | ETA: 0.0min
2025-11-08 10:52:51,928 - INFO - 进度: 100.0% | 批次: 1,042/1,042 | 损失: 3.7514 | LR: 4.11e-07 | 速度: 0.101s/batch | ETA: 0.0min
2025-11-08 10:52:51,929 - INFO - Epoch 4 完成! | 平均损失: 3.7514 | 耗时: 1.7分钟 | 处理样本: 16,666 | 总批次: 1,042
2025-11-08 10:52:51,930 - INFO - 开始验证...
2025-11-08 10:52:55,423 - INFO - 验证完成! | 损失: 3.6734 | 困惑度: 39.38 | 耗时: 3.5秒 | 样本数: 1,936
2025-11-08 10:52:55,423 - INFO - Epoch 4 统计: 训练损失=3.7514, 验证损失=3.6733633427580528, 耗时=1.8分钟, 累计耗时=7.5分钟
2025-11-08 10:52:56,765 - INFO - 结果已保存至 results/ablate_multihead/
2025-11-08 10:52:56,766 - INFO - 
============================================================
2025-11-08 10:52:56,766 - INFO - Epoch 5/5
2025-11-08 10:52:56,766 - INFO - ============================================================
2025-11-08 10:52:56,767 - INFO - Epoch 5/5: 开始训练 (1,042 批次)
2025-11-08 10:52:57,670 - INFO - 进度:   1.0% | 批次: 10/1,042 | 损失: 3.6575 | LR: 4.10e-07 | 速度: 0.090s/batch | ETA: 1.6min
2025-11-08 10:52:58,859 - INFO - 进度:   1.9% | 批次: 20/1,042 | 损失: 3.6634 | LR: 4.10e-07 | 速度: 0.118s/batch | ETA: 1.8min
2025-11-08 10:52:59,916 - INFO - 进度:   2.9% | 批次: 30/1,042 | 损失: 3.6626 | LR: 4.09e-07 | 速度: 0.105s/batch | ETA: 1.8min
2025-11-08 10:53:01,022 - INFO - 进度:   3.8% | 批次: 40/1,042 | 损失: 3.6666 | LR: 4.09e-07 | 速度: 0.110s/batch | ETA: 1.8min
2025-11-08 10:53:03,097 - INFO - 进度:   4.8% | 批次: 50/1,042 | 损失: 3.6646 | LR: 4.08e-07 | 速度: 0.207s/batch | ETA: 2.1min
2025-11-08 10:53:04,144 - INFO - 进度:   5.8% | 批次: 60/1,042 | 损失: 3.6645 | LR: 4.08e-07 | 速度: 0.104s/batch | ETA: 2.0min
2025-11-08 10:53:05,199 - INFO - 进度:   6.7% | 批次: 70/1,042 | 损失: 3.6638 | LR: 4.07e-07 | 速度: 0.105s/batch | ETA: 2.0min
2025-11-08 10:53:06,114 - INFO - 进度:   7.7% | 批次: 80/1,042 | 损失: 3.6642 | LR: 4.07e-07 | 速度: 0.091s/batch | ETA: 1.9min
2025-11-08 10:53:07,119 - INFO - 进度:   8.6% | 批次: 90/1,042 | 损失: 3.6631 | LR: 4.06e-07 | 速度: 0.100s/batch | ETA: 1.8min
2025-11-08 10:53:08,150 - INFO - 进度:   9.6% | 批次: 100/1,042 | 损失: 3.6619 | LR: 4.06e-07 | 速度: 0.103s/batch | ETA: 1.8min
2025-11-08 10:53:09,277 - INFO - 进度:  10.6% | 批次: 110/1,042 | 损失: 3.6618 | LR: 4.05e-07 | 速度: 0.112s/batch | ETA: 1.8min
2025-11-08 10:53:10,301 - INFO - 进度:  11.5% | 批次: 120/1,042 | 损失: 3.6627 | LR: 4.05e-07 | 速度: 0.102s/batch | ETA: 1.7min
2025-11-08 10:53:11,372 - INFO - 进度:  12.5% | 批次: 130/1,042 | 损失: 3.6626 | LR: 4.04e-07 | 速度: 0.107s/batch | ETA: 1.7min
2025-11-08 10:53:12,320 - INFO - 进度:  13.4% | 批次: 140/1,042 | 损失: 3.6620 | LR: 4.04e-07 | 速度: 0.095s/batch | ETA: 1.7min
2025-11-08 10:53:13,359 - INFO - 进度:  14.4% | 批次: 150/1,042 | 损失: 3.6626 | LR: 4.04e-07 | 速度: 0.103s/batch | ETA: 1.6min
2025-11-08 10:53:14,344 - INFO - 进度:  15.4% | 批次: 160/1,042 | 损失: 3.6609 | LR: 4.03e-07 | 速度: 0.098s/batch | ETA: 1.6min
2025-11-08 10:53:15,317 - INFO - 进度:  16.3% | 批次: 170/1,042 | 损失: 3.6601 | LR: 4.03e-07 | 速度: 0.097s/batch | ETA: 1.6min
2025-11-08 10:53:16,433 - INFO - 进度:  17.3% | 批次: 180/1,042 | 损失: 3.6595 | LR: 4.02e-07 | 速度: 0.111s/batch | ETA: 1.6min
2025-11-08 10:53:17,398 - INFO - 进度:  18.2% | 批次: 190/1,042 | 损失: 3.6597 | LR: 4.02e-07 | 速度: 0.096s/batch | ETA: 1.5min
2025-11-08 10:53:18,360 - INFO - 进度:  19.2% | 批次: 200/1,042 | 损失: 3.6594 | LR: 4.01e-07 | 速度: 0.096s/batch | ETA: 1.5min
2025-11-08 10:53:19,329 - INFO - 进度:  20.2% | 批次: 210/1,042 | 损失: 3.6590 | LR: 4.01e-07 | 速度: 0.097s/batch | ETA: 1.5min
2025-11-08 10:53:20,429 - INFO - 进度:  21.1% | 批次: 220/1,042 | 损失: 3.6578 | LR: 4.00e-07 | 速度: 0.109s/batch | ETA: 1.5min
2025-11-08 10:53:21,321 - INFO - 进度:  22.1% | 批次: 230/1,042 | 损失: 3.6575 | LR: 4.00e-07 | 速度: 0.089s/batch | ETA: 1.4min
2025-11-08 10:53:22,252 - INFO - 进度:  23.0% | 批次: 240/1,042 | 损失: 3.6571 | LR: 3.99e-07 | 速度: 0.093s/batch | ETA: 1.4min
2025-11-08 10:53:23,210 - INFO - 进度:  24.0% | 批次: 250/1,042 | 损失: 3.6559 | LR: 3.99e-07 | 速度: 0.095s/batch | ETA: 1.4min
2025-11-08 10:53:24,317 - INFO - 进度:  25.0% | 批次: 260/1,042 | 损失: 3.6548 | LR: 3.98e-07 | 速度: 0.110s/batch | ETA: 1.4min
2025-11-08 10:53:25,329 - INFO - 进度:  25.9% | 批次: 270/1,042 | 损失: 3.6534 | LR: 3.98e-07 | 速度: 0.101s/batch | ETA: 1.4min
2025-11-08 10:53:26,296 - INFO - 进度:  26.9% | 批次: 280/1,042 | 损失: 3.6527 | LR: 3.98e-07 | 速度: 0.096s/batch | ETA: 1.3min
2025-11-08 10:53:27,416 - INFO - 进度:  27.8% | 批次: 290/1,042 | 损失: 3.6519 | LR: 3.97e-07 | 速度: 0.112s/batch | ETA: 1.3min
2025-11-08 10:53:28,421 - INFO - 进度:  28.8% | 批次: 300/1,042 | 损失: 3.6513 | LR: 3.97e-07 | 速度: 0.100s/batch | ETA: 1.3min
2025-11-08 10:53:29,421 - INFO - 进度:  29.8% | 批次: 310/1,042 | 损失: 3.6506 | LR: 3.96e-07 | 速度: 0.099s/batch | ETA: 1.3min
2025-11-08 10:53:30,386 - INFO - 进度:  30.7% | 批次: 320/1,042 | 损失: 3.6500 | LR: 3.96e-07 | 速度: 0.096s/batch | ETA: 1.3min
2025-11-08 10:53:31,325 - INFO - 进度:  31.7% | 批次: 330/1,042 | 损失: 3.6499 | LR: 3.95e-07 | 速度: 0.094s/batch | ETA: 1.2min
2025-11-08 10:53:32,246 - INFO - 进度:  32.6% | 批次: 340/1,042 | 损失: 3.6492 | LR: 3.95e-07 | 速度: 0.092s/batch | ETA: 1.2min
2025-11-08 10:53:33,347 - INFO - 进度:  33.6% | 批次: 350/1,042 | 损失: 3.6482 | LR: 3.94e-07 | 速度: 0.109s/batch | ETA: 1.2min
2025-11-08 10:53:34,325 - INFO - 进度:  34.5% | 批次: 360/1,042 | 损失: 3.6481 | LR: 3.94e-07 | 速度: 0.097s/batch | ETA: 1.2min
2025-11-08 10:53:35,324 - INFO - 进度:  35.5% | 批次: 370/1,042 | 损失: 3.6474 | LR: 3.94e-07 | 速度: 0.100s/batch | ETA: 1.2min
2025-11-08 10:53:36,294 - INFO - 进度:  36.5% | 批次: 380/1,042 | 损失: 3.6472 | LR: 3.93e-07 | 速度: 0.097s/batch | ETA: 1.1min
2025-11-08 10:53:37,383 - INFO - 进度:  37.4% | 批次: 390/1,042 | 损失: 3.6465 | LR: 3.93e-07 | 速度: 0.109s/batch | ETA: 1.1min
2025-11-08 10:53:38,470 - INFO - 进度:  38.4% | 批次: 400/1,042 | 损失: 3.6457 | LR: 3.92e-07 | 速度: 0.108s/batch | ETA: 1.1min
2025-11-08 10:53:39,643 - INFO - 进度:  39.3% | 批次: 410/1,042 | 损失: 3.6454 | LR: 3.92e-07 | 速度: 0.117s/batch | ETA: 1.1min
2025-11-08 10:53:40,719 - INFO - 进度:  40.3% | 批次: 420/1,042 | 损失: 3.6453 | LR: 3.91e-07 | 速度: 0.107s/batch | ETA: 1.1min
2025-11-08 10:53:41,763 - INFO - 进度:  41.3% | 批次: 430/1,042 | 损失: 3.6447 | LR: 3.91e-07 | 速度: 0.104s/batch | ETA: 1.1min
2025-11-08 10:53:42,850 - INFO - 进度:  42.2% | 批次: 440/1,042 | 损失: 3.6435 | LR: 3.91e-07 | 速度: 0.108s/batch | ETA: 1.1min
2025-11-08 10:53:43,879 - INFO - 进度:  43.2% | 批次: 450/1,042 | 损失: 3.6430 | LR: 3.90e-07 | 速度: 0.103s/batch | ETA: 1.0min
2025-11-08 10:53:44,882 - INFO - 进度:  44.1% | 批次: 460/1,042 | 损失: 3.6423 | LR: 3.90e-07 | 速度: 0.100s/batch | ETA: 1.0min
2025-11-08 10:53:45,808 - INFO - 进度:  45.1% | 批次: 470/1,042 | 损失: 3.6418 | LR: 3.89e-07 | 速度: 0.092s/batch | ETA: 1.0min
2025-11-08 10:53:46,727 - INFO - 进度:  46.1% | 批次: 480/1,042 | 损失: 3.6410 | LR: 3.89e-07 | 速度: 0.092s/batch | ETA: 1.0min
2025-11-08 10:53:47,649 - INFO - 进度:  47.0% | 批次: 490/1,042 | 损失: 3.6406 | LR: 3.89e-07 | 速度: 0.092s/batch | ETA: 1.0min
2025-11-08 10:53:48,600 - INFO - 进度:  48.0% | 批次: 500/1,042 | 损失: 3.6399 | LR: 3.88e-07 | 速度: 0.095s/batch | ETA: 0.9min
2025-11-08 10:53:49,562 - INFO - 进度:  48.9% | 批次: 510/1,042 | 损失: 3.6392 | LR: 3.88e-07 | 速度: 0.096s/batch | ETA: 0.9min
2025-11-08 10:53:50,649 - INFO - 进度:  49.9% | 批次: 520/1,042 | 损失: 3.6390 | LR: 3.87e-07 | 速度: 0.108s/batch | ETA: 0.9min
2025-11-08 10:53:51,640 - INFO - 进度:  50.9% | 批次: 530/1,042 | 损失: 3.6386 | LR: 3.87e-07 | 速度: 0.099s/batch | ETA: 0.9min
2025-11-08 10:53:52,581 - INFO - 进度:  51.8% | 批次: 540/1,042 | 损失: 3.6382 | LR: 3.86e-07 | 速度: 0.094s/batch | ETA: 0.9min
2025-11-08 10:53:53,534 - INFO - 进度:  52.8% | 批次: 550/1,042 | 损失: 3.6375 | LR: 3.86e-07 | 速度: 0.095s/batch | ETA: 0.8min
2025-11-08 10:53:54,514 - INFO - 进度:  53.7% | 批次: 560/1,042 | 损失: 3.6372 | LR: 3.86e-07 | 速度: 0.098s/batch | ETA: 0.8min
2025-11-08 10:53:55,483 - INFO - 进度:  54.7% | 批次: 570/1,042 | 损失: 3.6368 | LR: 3.85e-07 | 速度: 0.097s/batch | ETA: 0.8min
2025-11-08 10:53:56,406 - INFO - 进度:  55.7% | 批次: 580/1,042 | 损失: 3.6362 | LR: 3.85e-07 | 速度: 0.092s/batch | ETA: 0.8min
2025-11-08 10:53:57,326 - INFO - 进度:  56.6% | 批次: 590/1,042 | 损失: 3.6358 | LR: 3.84e-07 | 速度: 0.091s/batch | ETA: 0.8min
2025-11-08 10:53:58,261 - INFO - 进度:  57.6% | 批次: 600/1,042 | 损失: 3.6351 | LR: 3.84e-07 | 速度: 0.093s/batch | ETA: 0.8min
2025-11-08 10:53:59,256 - INFO - 进度:  58.5% | 批次: 610/1,042 | 损失: 3.6346 | LR: 3.84e-07 | 速度: 0.099s/batch | ETA: 0.7min
2025-11-08 10:54:00,389 - INFO - 进度:  59.5% | 批次: 620/1,042 | 损失: 3.6340 | LR: 3.83e-07 | 速度: 0.113s/batch | ETA: 0.7min
2025-11-08 10:54:01,494 - INFO - 进度:  60.5% | 批次: 630/1,042 | 损失: 3.6334 | LR: 3.83e-07 | 速度: 0.110s/batch | ETA: 0.7min
2025-11-08 10:54:02,658 - INFO - 进度:  61.4% | 批次: 640/1,042 | 损失: 3.6331 | LR: 3.82e-07 | 速度: 0.116s/batch | ETA: 0.7min
2025-11-08 10:54:03,729 - INFO - 进度:  62.4% | 批次: 650/1,042 | 损失: 3.6326 | LR: 3.82e-07 | 速度: 0.107s/batch | ETA: 0.7min
2025-11-08 10:54:04,805 - INFO - 进度:  63.3% | 批次: 660/1,042 | 损失: 3.6322 | LR: 3.82e-07 | 速度: 0.107s/batch | ETA: 0.7min
2025-11-08 10:54:05,812 - INFO - 进度:  64.3% | 批次: 670/1,042 | 损失: 3.6319 | LR: 3.81e-07 | 速度: 0.100s/batch | ETA: 0.6min
2025-11-08 10:54:07,028 - INFO - 进度:  65.3% | 批次: 680/1,042 | 损失: 3.6316 | LR: 3.81e-07 | 速度: 0.121s/batch | ETA: 0.6min
2025-11-08 10:54:08,140 - INFO - 进度:  66.2% | 批次: 690/1,042 | 损失: 3.6310 | LR: 3.80e-07 | 速度: 0.111s/batch | ETA: 0.6min
2025-11-08 10:54:09,150 - INFO - 进度:  67.2% | 批次: 700/1,042 | 损失: 3.6302 | LR: 3.80e-07 | 速度: 0.100s/batch | ETA: 0.6min
2025-11-08 10:54:10,224 - INFO - 进度:  68.1% | 批次: 710/1,042 | 损失: 3.6297 | LR: 3.80e-07 | 速度: 0.107s/batch | ETA: 0.6min
2025-11-08 10:54:11,404 - INFO - 进度:  69.1% | 批次: 720/1,042 | 损失: 3.6291 | LR: 3.79e-07 | 速度: 0.117s/batch | ETA: 0.6min
2025-11-08 10:54:12,492 - INFO - 进度:  70.1% | 批次: 730/1,042 | 损失: 3.6286 | LR: 3.79e-07 | 速度: 0.108s/batch | ETA: 0.5min
2025-11-08 10:54:13,558 - INFO - 进度:  71.0% | 批次: 740/1,042 | 损失: 3.6281 | LR: 3.78e-07 | 速度: 0.106s/batch | ETA: 0.5min
2025-11-08 10:54:14,644 - INFO - 进度:  72.0% | 批次: 750/1,042 | 损失: 3.6275 | LR: 3.78e-07 | 速度: 0.108s/batch | ETA: 0.5min
2025-11-08 10:54:15,800 - INFO - 进度:  72.9% | 批次: 760/1,042 | 损失: 3.6265 | LR: 3.78e-07 | 速度: 0.115s/batch | ETA: 0.5min
2025-11-08 10:54:16,885 - INFO - 进度:  73.9% | 批次: 770/1,042 | 损失: 3.6261 | LR: 3.77e-07 | 速度: 0.108s/batch | ETA: 0.5min
2025-11-08 10:54:17,945 - INFO - 进度:  74.9% | 批次: 780/1,042 | 损失: 3.6256 | LR: 3.77e-07 | 速度: 0.106s/batch | ETA: 0.5min
2025-11-08 10:54:18,976 - INFO - 进度:  75.8% | 批次: 790/1,042 | 损失: 3.6251 | LR: 3.77e-07 | 速度: 0.103s/batch | ETA: 0.4min
2025-11-08 10:54:20,105 - INFO - 进度:  76.8% | 批次: 800/1,042 | 损失: 3.6247 | LR: 3.76e-07 | 速度: 0.112s/batch | ETA: 0.4min
2025-11-08 10:54:21,138 - INFO - 进度:  77.7% | 批次: 810/1,042 | 损失: 3.6238 | LR: 3.76e-07 | 速度: 0.103s/batch | ETA: 0.4min
2025-11-08 10:54:22,145 - INFO - 进度:  78.7% | 批次: 820/1,042 | 损失: 3.6232 | LR: 3.75e-07 | 速度: 0.100s/batch | ETA: 0.4min
2025-11-08 10:54:23,099 - INFO - 进度:  79.7% | 批次: 830/1,042 | 损失: 3.6226 | LR: 3.75e-07 | 速度: 0.095s/batch | ETA: 0.4min
2025-11-08 10:54:24,076 - INFO - 进度:  80.6% | 批次: 840/1,042 | 损失: 3.6219 | LR: 3.75e-07 | 速度: 0.097s/batch | ETA: 0.3min
2025-11-08 10:54:25,067 - INFO - 进度:  81.6% | 批次: 850/1,042 | 损失: 3.6214 | LR: 3.74e-07 | 速度: 0.099s/batch | ETA: 0.3min
2025-11-08 10:54:26,123 - INFO - 进度:  82.5% | 批次: 860/1,042 | 损失: 3.6212 | LR: 3.74e-07 | 速度: 0.105s/batch | ETA: 0.3min
2025-11-08 10:54:27,059 - INFO - 进度:  83.5% | 批次: 870/1,042 | 损失: 3.6205 | LR: 3.74e-07 | 速度: 0.093s/batch | ETA: 0.3min
2025-11-08 10:54:28,038 - INFO - 进度:  84.5% | 批次: 880/1,042 | 损失: 3.6198 | LR: 3.73e-07 | 速度: 0.098s/batch | ETA: 0.3min
2025-11-08 10:54:29,075 - INFO - 进度:  85.4% | 批次: 890/1,042 | 损失: 3.6193 | LR: 3.73e-07 | 速度: 0.103s/batch | ETA: 0.3min
2025-11-08 10:54:30,062 - INFO - 进度:  86.4% | 批次: 900/1,042 | 损失: 3.6189 | LR: 3.72e-07 | 速度: 0.098s/batch | ETA: 0.2min
2025-11-08 10:54:31,008 - INFO - 进度:  87.3% | 批次: 910/1,042 | 损失: 3.6184 | LR: 3.72e-07 | 速度: 0.094s/batch | ETA: 0.2min
2025-11-08 10:54:31,983 - INFO - 进度:  88.3% | 批次: 920/1,042 | 损失: 3.6177 | LR: 3.72e-07 | 速度: 0.097s/batch | ETA: 0.2min
2025-11-08 10:54:33,014 - INFO - 进度:  89.3% | 批次: 930/1,042 | 损失: 3.6171 | LR: 3.71e-07 | 速度: 0.102s/batch | ETA: 0.2min
2025-11-08 10:54:33,972 - INFO - 进度:  90.2% | 批次: 940/1,042 | 损失: 3.6165 | LR: 3.71e-07 | 速度: 0.095s/batch | ETA: 0.2min
2025-11-08 10:54:34,884 - INFO - 进度:  91.2% | 批次: 950/1,042 | 损失: 3.6159 | LR: 3.71e-07 | 速度: 0.091s/batch | ETA: 0.2min
2025-11-08 10:54:35,836 - INFO - 进度:  92.1% | 批次: 960/1,042 | 损失: 3.6151 | LR: 3.70e-07 | 速度: 0.095s/batch | ETA: 0.1min
2025-11-08 10:54:36,863 - INFO - 进度:  93.1% | 批次: 970/1,042 | 损失: 3.6145 | LR: 3.70e-07 | 速度: 0.102s/batch | ETA: 0.1min
2025-11-08 10:54:37,790 - INFO - 进度:  94.0% | 批次: 980/1,042 | 损失: 3.6139 | LR: 3.70e-07 | 速度: 0.092s/batch | ETA: 0.1min
2025-11-08 10:54:38,717 - INFO - 进度:  95.0% | 批次: 990/1,042 | 损失: 3.6134 | LR: 3.69e-07 | 速度: 0.092s/batch | ETA: 0.1min
2025-11-08 10:54:39,695 - INFO - 进度:  96.0% | 批次: 1,000/1,042 | 损失: 3.6128 | LR: 3.69e-07 | 速度: 0.098s/batch | ETA: 0.1min
2025-11-08 10:54:40,686 - INFO - 进度:  96.9% | 批次: 1,010/1,042 | 损失: 3.6123 | LR: 3.68e-07 | 速度: 0.098s/batch | ETA: 0.1min
2025-11-08 10:54:41,676 - INFO - 进度:  97.9% | 批次: 1,020/1,042 | 损失: 3.6118 | LR: 3.68e-07 | 速度: 0.098s/batch | ETA: 0.0min
2025-11-08 10:54:42,616 - INFO - 进度:  98.8% | 批次: 1,030/1,042 | 损失: 3.6112 | LR: 3.68e-07 | 速度: 0.093s/batch | ETA: 0.0min
2025-11-08 10:54:43,594 - INFO - 进度:  99.8% | 批次: 1,040/1,042 | 损失: 3.6107 | LR: 3.67e-07 | 速度: 0.097s/batch | ETA: 0.0min
2025-11-08 10:54:43,777 - INFO - 进度: 100.0% | 批次: 1,042/1,042 | 损失: 3.6105 | LR: 3.67e-07 | 速度: 0.097s/batch | ETA: 0.0min
2025-11-08 10:54:43,779 - INFO - Epoch 5 完成! | 平均损失: 3.6105 | 耗时: 1.8分钟 | 处理样本: 16,666 | 总批次: 1,042
2025-11-08 10:54:43,780 - INFO - 开始验证...
2025-11-08 10:54:46,681 - INFO - 验证完成! | 损失: 3.5614 | 困惑度: 35.21 | 耗时: 2.9秒 | 样本数: 1,936
2025-11-08 10:54:46,681 - INFO - Epoch 5 统计: 训练损失=3.6105, 验证损失=3.561441537762476, 耗时=1.8分钟, 累计耗时=9.3分钟
2025-11-08 10:54:48,080 - INFO - 结果已保存至 results/ablate_multihead/
2025-11-08 10:54:48,081 - INFO - 
训练完成! 总耗时: 9.4分钟, 最终训练损失: 3.6105
2025-11-08 10:54:48,081 - INFO - 最终验证损失: 3.5614, 困惑度: 35.21
2025-11-08 10:54:48,082 - INFO - 实验报告已保存至 results/ablate_multihead/training_report.txt
