2025-11-08 10:59:13,826 - INFO - 使用设备: cpu
2025-11-08 10:59:13,826 - INFO - 实验配置: d_model=128, batch_size=32, epochs=5, block_size=64, seed=42, ablate_pe=False, ablate_multihead=False, ablate_ffn=True
2025-11-08 10:59:13,827 - INFO - 加载数据集...
2025-11-08 10:59:13,954 - INFO - 训练批次: 1,042, 验证批次: 121, 词汇表大小: 65
2025-11-08 10:59:13,955 - INFO - 初始化模型...
2025-11-08 10:59:13,963 - INFO - 
============================================================
2025-11-08 10:59:13,964 - INFO - Epoch 1/5
2025-11-08 10:59:13,964 - INFO - ============================================================
2025-11-08 10:59:13,965 - INFO - Epoch 1/5: 开始训练 (1,042 批次)
2025-11-08 10:59:14,916 - INFO - 进度:   1.0% | 批次: 10/1,042 | 损失: 4.3300 | LR: 2.96e-09 | 速度: 0.094s/batch | ETA: 1.6min
2025-11-08 10:59:15,916 - INFO - 进度:   1.9% | 批次: 20/1,042 | 损失: 4.3388 | LR: 5.93e-09 | 速度: 0.100s/batch | ETA: 1.7min
2025-11-08 10:59:17,278 - INFO - 进度:   2.9% | 批次: 30/1,042 | 损失: 4.3363 | LR: 8.89e-09 | 速度: 0.136s/batch | ETA: 1.9min
2025-11-08 10:59:19,912 - INFO - 进度:   3.8% | 批次: 40/1,042 | 损失: 4.3354 | LR: 1.19e-08 | 速度: 0.262s/batch | ETA: 2.5min
2025-11-08 10:59:21,474 - INFO - 进度:   4.8% | 批次: 50/1,042 | 损失: 4.3341 | LR: 1.48e-08 | 速度: 0.156s/batch | ETA: 2.5min
2025-11-08 10:59:22,728 - INFO - 进度:   5.8% | 批次: 60/1,042 | 损失: 4.3336 | LR: 1.78e-08 | 速度: 0.125s/batch | ETA: 2.4min
2025-11-08 10:59:23,722 - INFO - 进度:   6.7% | 批次: 70/1,042 | 损失: 4.3346 | LR: 2.08e-08 | 速度: 0.099s/batch | ETA: 2.3min
2025-11-08 10:59:24,665 - INFO - 进度:   7.7% | 批次: 80/1,042 | 损失: 4.3341 | LR: 2.37e-08 | 速度: 0.094s/batch | ETA: 2.1min
2025-11-08 10:59:25,692 - INFO - 进度:   8.6% | 批次: 90/1,042 | 损失: 4.3332 | LR: 2.67e-08 | 速度: 0.102s/batch | ETA: 2.1min
2025-11-08 10:59:26,545 - INFO - 进度:   9.6% | 批次: 100/1,042 | 损失: 4.3323 | LR: 2.96e-08 | 速度: 0.085s/batch | ETA: 2.0min
2025-11-08 10:59:27,561 - INFO - 进度:  10.6% | 批次: 110/1,042 | 损失: 4.3337 | LR: 3.26e-08 | 速度: 0.101s/batch | ETA: 1.9min
2025-11-08 10:59:30,356 - INFO - 进度:  11.5% | 批次: 120/1,042 | 损失: 4.3338 | LR: 3.56e-08 | 速度: 0.279s/batch | ETA: 2.1min
2025-11-08 10:59:31,683 - INFO - 进度:  12.5% | 批次: 130/1,042 | 损失: 4.3344 | LR: 3.85e-08 | 速度: 0.132s/batch | ETA: 2.1min
2025-11-08 10:59:32,915 - INFO - 进度:  13.4% | 批次: 140/1,042 | 损失: 4.3335 | LR: 4.15e-08 | 速度: 0.123s/batch | ETA: 2.0min
2025-11-08 10:59:33,860 - INFO - 进度:  14.4% | 批次: 150/1,042 | 损失: 4.3330 | LR: 4.45e-08 | 速度: 0.094s/batch | ETA: 2.0min
2025-11-08 10:59:34,755 - INFO - 进度:  15.4% | 批次: 160/1,042 | 损失: 4.3331 | LR: 4.74e-08 | 速度: 0.089s/batch | ETA: 1.9min
2025-11-08 10:59:35,606 - INFO - 进度:  16.3% | 批次: 170/1,042 | 损失: 4.3324 | LR: 5.04e-08 | 速度: 0.085s/batch | ETA: 1.9min
2025-11-08 10:59:36,471 - INFO - 进度:  17.3% | 批次: 180/1,042 | 损失: 4.3325 | LR: 5.34e-08 | 速度: 0.086s/batch | ETA: 1.8min
2025-11-08 10:59:37,329 - INFO - 进度:  18.2% | 批次: 190/1,042 | 损失: 4.3324 | LR: 5.63e-08 | 速度: 0.086s/batch | ETA: 1.7min
2025-11-08 10:59:38,129 - INFO - 进度:  19.2% | 批次: 200/1,042 | 损失: 4.3327 | LR: 5.93e-08 | 速度: 0.080s/batch | ETA: 1.7min
2025-11-08 10:59:38,888 - INFO - 进度:  20.2% | 批次: 210/1,042 | 损失: 4.3334 | LR: 6.23e-08 | 速度: 0.075s/batch | ETA: 1.6min
2025-11-08 10:59:39,714 - INFO - 进度:  21.1% | 批次: 220/1,042 | 损失: 4.3333 | LR: 6.52e-08 | 速度: 0.082s/batch | ETA: 1.6min
2025-11-08 10:59:40,475 - INFO - 进度:  22.1% | 批次: 230/1,042 | 损失: 4.3330 | LR: 6.82e-08 | 速度: 0.076s/batch | ETA: 1.6min
2025-11-08 10:59:41,556 - INFO - 进度:  23.0% | 批次: 240/1,042 | 损失: 4.3330 | LR: 7.12e-08 | 速度: 0.108s/batch | ETA: 1.5min
2025-11-08 10:59:42,629 - INFO - 进度:  24.0% | 批次: 250/1,042 | 损失: 4.3328 | LR: 7.41e-08 | 速度: 0.107s/batch | ETA: 1.5min
2025-11-08 10:59:43,733 - INFO - 进度:  25.0% | 批次: 260/1,042 | 损失: 4.3328 | LR: 7.71e-08 | 速度: 0.109s/batch | ETA: 1.5min
2025-11-08 10:59:44,735 - INFO - 进度:  25.9% | 批次: 270/1,042 | 损失: 4.3331 | LR: 8.00e-08 | 速度: 0.100s/batch | ETA: 1.5min
2025-11-08 10:59:45,786 - INFO - 进度:  26.9% | 批次: 280/1,042 | 损失: 4.3330 | LR: 8.30e-08 | 速度: 0.104s/batch | ETA: 1.4min
2025-11-08 10:59:46,916 - INFO - 进度:  27.8% | 批次: 290/1,042 | 损失: 4.3326 | LR: 8.60e-08 | 速度: 0.112s/batch | ETA: 1.4min
2025-11-08 10:59:48,106 - INFO - 进度:  28.8% | 批次: 300/1,042 | 损失: 4.3329 | LR: 8.89e-08 | 速度: 0.118s/batch | ETA: 1.4min
2025-11-08 10:59:49,375 - INFO - 进度:  29.8% | 批次: 310/1,042 | 损失: 4.3326 | LR: 9.19e-08 | 速度: 0.126s/batch | ETA: 1.4min
2025-11-08 10:59:50,535 - INFO - 进度:  30.7% | 批次: 320/1,042 | 损失: 4.3327 | LR: 9.49e-08 | 速度: 0.115s/batch | ETA: 1.4min
2025-11-08 10:59:51,508 - INFO - 进度:  31.7% | 批次: 330/1,042 | 损失: 4.3325 | LR: 9.78e-08 | 速度: 0.097s/batch | ETA: 1.3min
2025-11-08 10:59:52,512 - INFO - 进度:  32.6% | 批次: 340/1,042 | 损失: 4.3325 | LR: 1.01e-07 | 速度: 0.100s/batch | ETA: 1.3min
2025-11-08 10:59:53,551 - INFO - 进度:  33.6% | 批次: 350/1,042 | 损失: 4.3323 | LR: 1.04e-07 | 速度: 0.103s/batch | ETA: 1.3min
2025-11-08 10:59:54,905 - INFO - 进度:  34.5% | 批次: 360/1,042 | 损失: 4.3319 | LR: 1.07e-07 | 速度: 0.135s/batch | ETA: 1.3min
2025-11-08 10:59:56,157 - INFO - 进度:  35.5% | 批次: 370/1,042 | 损失: 4.3319 | LR: 1.10e-07 | 速度: 0.125s/batch | ETA: 1.3min
2025-11-08 10:59:57,413 - INFO - 进度:  36.5% | 批次: 380/1,042 | 损失: 4.3318 | LR: 1.13e-07 | 速度: 0.125s/batch | ETA: 1.3min
2025-11-08 10:59:58,725 - INFO - 进度:  37.4% | 批次: 390/1,042 | 损失: 4.3316 | LR: 1.16e-07 | 速度: 0.131s/batch | ETA: 1.2min
2025-11-08 10:59:59,887 - INFO - 进度:  38.4% | 批次: 400/1,042 | 损失: 4.3318 | LR: 1.19e-07 | 速度: 0.116s/batch | ETA: 1.2min
2025-11-08 11:00:01,191 - INFO - 进度:  39.3% | 批次: 410/1,042 | 损失: 4.3317 | LR: 1.22e-07 | 速度: 0.130s/batch | ETA: 1.2min
2025-11-08 11:00:02,340 - INFO - 进度:  40.3% | 批次: 420/1,042 | 损失: 4.3315 | LR: 1.25e-07 | 速度: 0.114s/batch | ETA: 1.2min
2025-11-08 11:00:03,404 - INFO - 进度:  41.3% | 批次: 430/1,042 | 损失: 4.3313 | LR: 1.27e-07 | 速度: 0.106s/batch | ETA: 1.2min
2025-11-08 11:00:04,545 - INFO - 进度:  42.2% | 批次: 440/1,042 | 损失: 4.3313 | LR: 1.30e-07 | 速度: 0.113s/batch | ETA: 1.2min
2025-11-08 11:00:05,799 - INFO - 进度:  43.2% | 批次: 450/1,042 | 损失: 4.3309 | LR: 1.33e-07 | 速度: 0.125s/batch | ETA: 1.1min
2025-11-08 11:00:07,504 - INFO - 进度:  44.1% | 批次: 460/1,042 | 损失: 4.3309 | LR: 1.36e-07 | 速度: 0.170s/batch | ETA: 1.1min
2025-11-08 11:00:08,577 - INFO - 进度:  45.1% | 批次: 470/1,042 | 损失: 4.3308 | LR: 1.39e-07 | 速度: 0.107s/batch | ETA: 1.1min
2025-11-08 11:00:09,469 - INFO - 进度:  46.1% | 批次: 480/1,042 | 损失: 4.3308 | LR: 1.42e-07 | 速度: 0.089s/batch | ETA: 1.1min
2025-11-08 11:00:10,268 - INFO - 进度:  47.0% | 批次: 490/1,042 | 损失: 4.3307 | LR: 1.45e-07 | 速度: 0.080s/batch | ETA: 1.1min
2025-11-08 11:00:11,020 - INFO - 进度:  48.0% | 批次: 500/1,042 | 损失: 4.3307 | LR: 1.48e-07 | 速度: 0.075s/batch | ETA: 1.0min
2025-11-08 11:00:11,772 - INFO - 进度:  48.9% | 批次: 510/1,042 | 损失: 4.3305 | LR: 1.51e-07 | 速度: 0.075s/batch | ETA: 1.0min
2025-11-08 11:00:12,756 - INFO - 进度:  49.9% | 批次: 520/1,042 | 损失: 4.3304 | LR: 1.54e-07 | 速度: 0.098s/batch | ETA: 1.0min
2025-11-08 11:00:13,670 - INFO - 进度:  50.9% | 批次: 530/1,042 | 损失: 4.3304 | LR: 1.57e-07 | 速度: 0.091s/batch | ETA: 1.0min
2025-11-08 11:00:14,568 - INFO - 进度:  51.8% | 批次: 540/1,042 | 损失: 4.3302 | LR: 1.60e-07 | 速度: 0.089s/batch | ETA: 0.9min
2025-11-08 11:00:15,330 - INFO - 进度:  52.8% | 批次: 550/1,042 | 损失: 4.3302 | LR: 1.63e-07 | 速度: 0.076s/batch | ETA: 0.9min
2025-11-08 11:00:16,088 - INFO - 进度:  53.7% | 批次: 560/1,042 | 损失: 4.3301 | LR: 1.66e-07 | 速度: 0.075s/batch | ETA: 0.9min
2025-11-08 11:00:16,789 - INFO - 进度:  54.7% | 批次: 570/1,042 | 损失: 4.3300 | LR: 1.69e-07 | 速度: 0.070s/batch | ETA: 0.9min
2025-11-08 11:00:17,622 - INFO - 进度:  55.7% | 批次: 580/1,042 | 损失: 4.3297 | LR: 1.72e-07 | 速度: 0.083s/batch | ETA: 0.8min
2025-11-08 11:00:18,553 - INFO - 进度:  56.6% | 批次: 590/1,042 | 损失: 4.3295 | LR: 1.75e-07 | 速度: 0.093s/batch | ETA: 0.8min
2025-11-08 11:00:19,512 - INFO - 进度:  57.6% | 批次: 600/1,042 | 损失: 4.3293 | LR: 1.78e-07 | 速度: 0.095s/batch | ETA: 0.8min
2025-11-08 11:00:20,496 - INFO - 进度:  58.5% | 批次: 610/1,042 | 损失: 4.3291 | LR: 1.81e-07 | 速度: 0.098s/batch | ETA: 0.8min
2025-11-08 11:00:21,433 - INFO - 进度:  59.5% | 批次: 620/1,042 | 损失: 4.3290 | LR: 1.84e-07 | 速度: 0.093s/batch | ETA: 0.8min
2025-11-08 11:00:22,474 - INFO - 进度:  60.5% | 批次: 630/1,042 | 损失: 4.3290 | LR: 1.87e-07 | 速度: 0.104s/batch | ETA: 0.7min
2025-11-08 11:00:23,547 - INFO - 进度:  61.4% | 批次: 640/1,042 | 损失: 4.3288 | LR: 1.90e-07 | 速度: 0.107s/batch | ETA: 0.7min
2025-11-08 11:00:24,588 - INFO - 进度:  62.4% | 批次: 650/1,042 | 损失: 4.3283 | LR: 1.93e-07 | 速度: 0.103s/batch | ETA: 0.7min
2025-11-08 11:00:25,471 - INFO - 进度:  63.3% | 批次: 660/1,042 | 损失: 4.3281 | LR: 1.96e-07 | 速度: 0.088s/batch | ETA: 0.7min
2025-11-08 11:00:26,374 - INFO - 进度:  64.3% | 批次: 670/1,042 | 损失: 4.3280 | LR: 1.99e-07 | 速度: 0.090s/batch | ETA: 0.7min
2025-11-08 11:00:27,229 - INFO - 进度:  65.3% | 批次: 680/1,042 | 损失: 4.3279 | LR: 2.02e-07 | 速度: 0.085s/batch | ETA: 0.7min
2025-11-08 11:00:28,105 - INFO - 进度:  66.2% | 批次: 690/1,042 | 损失: 4.3279 | LR: 2.05e-07 | 速度: 0.087s/batch | ETA: 0.6min
2025-11-08 11:00:29,055 - INFO - 进度:  67.2% | 批次: 700/1,042 | 损失: 4.3277 | LR: 2.08e-07 | 速度: 0.094s/batch | ETA: 0.6min
2025-11-08 11:00:30,065 - INFO - 进度:  68.1% | 批次: 710/1,042 | 损失: 4.3274 | LR: 2.10e-07 | 速度: 0.100s/batch | ETA: 0.6min
2025-11-08 11:00:30,998 - INFO - 进度:  69.1% | 批次: 720/1,042 | 损失: 4.3272 | LR: 2.13e-07 | 速度: 0.093s/batch | ETA: 0.6min
2025-11-08 11:00:31,922 - INFO - 进度:  70.1% | 批次: 730/1,042 | 损失: 4.3269 | LR: 2.16e-07 | 速度: 0.092s/batch | ETA: 0.6min
2025-11-08 11:00:32,985 - INFO - 进度:  71.0% | 批次: 740/1,042 | 损失: 4.3268 | LR: 2.19e-07 | 速度: 0.106s/batch | ETA: 0.5min
2025-11-08 11:00:33,960 - INFO - 进度:  72.0% | 批次: 750/1,042 | 损失: 4.3269 | LR: 2.22e-07 | 速度: 0.097s/batch | ETA: 0.5min
2025-11-08 11:00:34,849 - INFO - 进度:  72.9% | 批次: 760/1,042 | 损失: 4.3266 | LR: 2.25e-07 | 速度: 0.088s/batch | ETA: 0.5min
2025-11-08 11:00:35,739 - INFO - 进度:  73.9% | 批次: 770/1,042 | 损失: 4.3263 | LR: 2.28e-07 | 速度: 0.088s/batch | ETA: 0.5min
2025-11-08 11:00:36,754 - INFO - 进度:  74.9% | 批次: 780/1,042 | 损失: 4.3261 | LR: 2.31e-07 | 速度: 0.101s/batch | ETA: 0.5min
2025-11-08 11:00:37,813 - INFO - 进度:  75.8% | 批次: 790/1,042 | 损失: 4.3259 | LR: 2.34e-07 | 速度: 0.105s/batch | ETA: 0.4min
2025-11-08 11:00:38,779 - INFO - 进度:  76.8% | 批次: 800/1,042 | 损失: 4.3258 | LR: 2.37e-07 | 速度: 0.096s/batch | ETA: 0.4min
2025-11-08 11:00:39,730 - INFO - 进度:  77.7% | 批次: 810/1,042 | 损失: 4.3256 | LR: 2.40e-07 | 速度: 0.095s/batch | ETA: 0.4min
2025-11-08 11:00:40,654 - INFO - 进度:  78.7% | 批次: 820/1,042 | 损失: 4.3255 | LR: 2.43e-07 | 速度: 0.091s/batch | ETA: 0.4min
2025-11-08 11:00:41,773 - INFO - 进度:  79.7% | 批次: 830/1,042 | 损失: 4.3252 | LR: 2.46e-07 | 速度: 0.111s/batch | ETA: 0.4min
2025-11-08 11:00:42,776 - INFO - 进度:  80.6% | 批次: 840/1,042 | 损失: 4.3250 | LR: 2.49e-07 | 速度: 0.100s/batch | ETA: 0.4min
2025-11-08 11:00:43,741 - INFO - 进度:  81.6% | 批次: 850/1,042 | 损失: 4.3248 | LR: 2.52e-07 | 速度: 0.096s/batch | ETA: 0.3min
2025-11-08 11:00:44,711 - INFO - 进度:  82.5% | 批次: 860/1,042 | 损失: 4.3246 | LR: 2.55e-07 | 速度: 0.096s/batch | ETA: 0.3min
2025-11-08 11:00:45,720 - INFO - 进度:  83.5% | 批次: 870/1,042 | 损失: 4.3243 | LR: 2.58e-07 | 速度: 0.100s/batch | ETA: 0.3min
2025-11-08 11:00:46,748 - INFO - 进度:  84.5% | 批次: 880/1,042 | 损失: 4.3240 | LR: 2.61e-07 | 速度: 0.103s/batch | ETA: 0.3min
2025-11-08 11:00:47,778 - INFO - 进度:  85.4% | 批次: 890/1,042 | 损失: 4.3238 | LR: 2.64e-07 | 速度: 0.102s/batch | ETA: 0.3min
2025-11-08 11:00:48,802 - INFO - 进度:  86.4% | 批次: 900/1,042 | 损失: 4.3237 | LR: 2.67e-07 | 速度: 0.102s/batch | ETA: 0.2min
2025-11-08 11:00:49,873 - INFO - 进度:  87.3% | 批次: 910/1,042 | 损失: 4.3235 | LR: 2.70e-07 | 速度: 0.106s/batch | ETA: 0.2min
2025-11-08 11:00:50,976 - INFO - 进度:  88.3% | 批次: 920/1,042 | 损失: 4.3233 | LR: 2.73e-07 | 速度: 0.110s/batch | ETA: 0.2min
2025-11-08 11:00:52,029 - INFO - 进度:  89.3% | 批次: 930/1,042 | 损失: 4.3230 | LR: 2.76e-07 | 速度: 0.105s/batch | ETA: 0.2min
2025-11-08 11:00:53,045 - INFO - 进度:  90.2% | 批次: 940/1,042 | 损失: 4.3228 | LR: 2.79e-07 | 速度: 0.101s/batch | ETA: 0.2min
2025-11-08 11:00:54,050 - INFO - 进度:  91.2% | 批次: 950/1,042 | 损失: 4.3226 | LR: 2.82e-07 | 速度: 0.100s/batch | ETA: 0.2min
2025-11-08 11:00:55,058 - INFO - 进度:  92.1% | 批次: 960/1,042 | 损失: 4.3222 | LR: 2.85e-07 | 速度: 0.100s/batch | ETA: 0.1min
2025-11-08 11:00:56,059 - INFO - 进度:  93.1% | 批次: 970/1,042 | 损失: 4.3221 | LR: 2.88e-07 | 速度: 0.100s/batch | ETA: 0.1min
2025-11-08 11:00:57,081 - INFO - 进度:  94.0% | 批次: 980/1,042 | 损失: 4.3218 | LR: 2.91e-07 | 速度: 0.102s/batch | ETA: 0.1min
2025-11-08 11:00:58,064 - INFO - 进度:  95.0% | 批次: 990/1,042 | 损失: 4.3216 | LR: 2.93e-07 | 速度: 0.098s/batch | ETA: 0.1min
2025-11-08 11:00:59,139 - INFO - 进度:  96.0% | 批次: 1,000/1,042 | 损失: 4.3214 | LR: 2.96e-07 | 速度: 0.107s/batch | ETA: 0.1min
2025-11-08 11:01:00,109 - INFO - 进度:  96.9% | 批次: 1,010/1,042 | 损失: 4.3211 | LR: 2.99e-07 | 速度: 0.097s/batch | ETA: 0.1min
2025-11-08 11:01:01,105 - INFO - 进度:  97.9% | 批次: 1,020/1,042 | 损失: 4.3209 | LR: 3.02e-07 | 速度: 0.099s/batch | ETA: 0.0min
2025-11-08 11:01:02,119 - INFO - 进度:  98.8% | 批次: 1,030/1,042 | 损失: 4.3205 | LR: 3.05e-07 | 速度: 0.101s/batch | ETA: 0.0min
2025-11-08 11:01:03,147 - INFO - 进度:  99.8% | 批次: 1,040/1,042 | 损失: 4.3202 | LR: 3.08e-07 | 速度: 0.102s/batch | ETA: 0.0min
2025-11-08 11:01:03,315 - INFO - 进度: 100.0% | 批次: 1,042/1,042 | 损失: 4.3202 | LR: 3.09e-07 | 速度: 0.100s/batch | ETA: 0.0min
2025-11-08 11:01:03,316 - INFO - Epoch 1 完成! | 平均损失: 4.3202 | 耗时: 1.8分钟 | 处理样本: 16,666 | 总批次: 1,042
2025-11-08 11:01:03,317 - INFO - 开始验证...
2025-11-08 11:01:06,531 - INFO - 验证完成! | 损失: 4.3182 | 困惑度: 75.05 | 耗时: 3.2秒 | 样本数: 1,936
2025-11-08 11:01:06,531 - INFO - Epoch 1 统计: 训练损失=4.3202, 验证损失=4.31821391602193, 耗时=1.9分钟, 累计耗时=1.9分钟
2025-11-08 11:01:08,460 - INFO - 结果已保存至 results/ablate_ffn/
2025-11-08 11:01:08,461 - INFO - 
============================================================
2025-11-08 11:01:08,461 - INFO - Epoch 2/5
2025-11-08 11:01:08,461 - INFO - ============================================================
2025-11-08 11:01:08,462 - INFO - Epoch 2/5: 开始训练 (1,042 批次)
2025-11-08 11:01:09,425 - INFO - 进度:   1.0% | 批次: 10/1,042 | 损失: 4.2917 | LR: 3.12e-07 | 速度: 0.096s/batch | ETA: 1.7min
2025-11-08 11:01:10,381 - INFO - 进度:   1.9% | 批次: 20/1,042 | 损失: 4.2933 | LR: 3.15e-07 | 速度: 0.095s/batch | ETA: 1.6min
2025-11-08 11:01:11,226 - INFO - 进度:   2.9% | 批次: 30/1,042 | 损失: 4.2913 | LR: 3.18e-07 | 速度: 0.084s/batch | ETA: 1.6min
2025-11-08 11:01:12,134 - INFO - 进度:   3.8% | 批次: 40/1,042 | 损失: 4.2919 | LR: 3.21e-07 | 速度: 0.090s/batch | ETA: 1.5min
2025-11-08 11:01:14,262 - INFO - 进度:   4.8% | 批次: 50/1,042 | 损失: 4.2921 | LR: 3.24e-07 | 速度: 0.212s/batch | ETA: 1.9min
2025-11-08 11:01:15,213 - INFO - 进度:   5.8% | 批次: 60/1,042 | 损失: 4.2928 | LR: 3.27e-07 | 速度: 0.095s/batch | ETA: 1.8min
2025-11-08 11:01:16,192 - INFO - 进度:   6.7% | 批次: 70/1,042 | 损失: 4.2929 | LR: 3.30e-07 | 速度: 0.098s/batch | ETA: 1.8min
2025-11-08 11:01:17,185 - INFO - 进度:   7.7% | 批次: 80/1,042 | 损失: 4.2914 | LR: 3.33e-07 | 速度: 0.099s/batch | ETA: 1.7min
2025-11-08 11:01:18,161 - INFO - 进度:   8.6% | 批次: 90/1,042 | 损失: 4.2916 | LR: 3.36e-07 | 速度: 0.097s/batch | ETA: 1.7min
2025-11-08 11:01:19,034 - INFO - 进度:   9.6% | 批次: 100/1,042 | 损失: 4.2928 | LR: 3.39e-07 | 速度: 0.087s/batch | ETA: 1.7min
2025-11-08 11:01:19,831 - INFO - 进度:  10.6% | 批次: 110/1,042 | 损失: 4.2921 | LR: 3.42e-07 | 速度: 0.079s/batch | ETA: 1.6min
2025-11-08 11:01:20,857 - INFO - 进度:  11.5% | 批次: 120/1,042 | 损失: 4.2922 | LR: 3.44e-07 | 速度: 0.102s/batch | ETA: 1.6min
2025-11-08 11:01:21,956 - INFO - 进度:  12.5% | 批次: 130/1,042 | 损失: 4.2920 | LR: 3.47e-07 | 速度: 0.109s/batch | ETA: 1.6min
2025-11-08 11:01:22,932 - INFO - 进度:  13.4% | 批次: 140/1,042 | 损失: 4.2916 | LR: 3.50e-07 | 速度: 0.097s/batch | ETA: 1.6min
2025-11-08 11:01:23,946 - INFO - 进度:  14.4% | 批次: 150/1,042 | 损失: 4.2909 | LR: 3.53e-07 | 速度: 0.101s/batch | ETA: 1.5min
2025-11-08 11:01:25,033 - INFO - 进度:  15.4% | 批次: 160/1,042 | 损失: 4.2911 | LR: 3.56e-07 | 速度: 0.108s/batch | ETA: 1.5min
2025-11-08 11:01:26,117 - INFO - 进度:  16.3% | 批次: 170/1,042 | 损失: 4.2907 | LR: 3.59e-07 | 速度: 0.108s/batch | ETA: 1.5min
2025-11-08 11:01:27,099 - INFO - 进度:  17.3% | 批次: 180/1,042 | 损失: 4.2900 | LR: 3.62e-07 | 速度: 0.098s/batch | ETA: 1.5min
2025-11-08 11:01:28,067 - INFO - 进度:  18.2% | 批次: 190/1,042 | 损失: 4.2895 | LR: 3.65e-07 | 速度: 0.096s/batch | ETA: 1.5min
2025-11-08 11:01:29,076 - INFO - 进度:  19.2% | 批次: 200/1,042 | 损失: 4.2885 | LR: 3.68e-07 | 速度: 0.101s/batch | ETA: 1.4min
2025-11-08 11:01:30,018 - INFO - 进度:  20.2% | 批次: 210/1,042 | 损失: 4.2878 | LR: 3.71e-07 | 速度: 0.094s/batch | ETA: 1.4min
2025-11-08 11:01:30,925 - INFO - 进度:  21.1% | 批次: 220/1,042 | 损失: 4.2870 | LR: 3.74e-07 | 速度: 0.090s/batch | ETA: 1.4min
2025-11-08 11:01:31,848 - INFO - 进度:  22.1% | 批次: 230/1,042 | 损失: 4.2864 | LR: 3.77e-07 | 速度: 0.092s/batch | ETA: 1.4min
2025-11-08 11:01:32,795 - INFO - 进度:  23.0% | 批次: 240/1,042 | 损失: 4.2861 | LR: 3.80e-07 | 速度: 0.094s/batch | ETA: 1.4min
2025-11-08 11:01:33,786 - INFO - 进度:  24.0% | 批次: 250/1,042 | 损失: 4.2854 | LR: 3.83e-07 | 速度: 0.099s/batch | ETA: 1.3min
2025-11-08 11:01:34,838 - INFO - 进度:  25.0% | 批次: 260/1,042 | 损失: 4.2852 | LR: 3.86e-07 | 速度: 0.105s/batch | ETA: 1.3min
2025-11-08 11:01:35,885 - INFO - 进度:  25.9% | 批次: 270/1,042 | 损失: 4.2843 | LR: 3.89e-07 | 速度: 0.104s/batch | ETA: 1.3min
2025-11-08 11:01:36,931 - INFO - 进度:  26.9% | 批次: 280/1,042 | 损失: 4.2840 | LR: 3.92e-07 | 速度: 0.104s/batch | ETA: 1.3min
2025-11-08 11:01:38,019 - INFO - 进度:  27.8% | 批次: 290/1,042 | 损失: 4.2839 | LR: 3.95e-07 | 速度: 0.108s/batch | ETA: 1.3min
2025-11-08 11:01:38,973 - INFO - 进度:  28.8% | 批次: 300/1,042 | 损失: 4.2831 | LR: 3.98e-07 | 速度: 0.095s/batch | ETA: 1.3min
2025-11-08 11:01:39,994 - INFO - 进度:  29.8% | 批次: 310/1,042 | 损失: 4.2826 | LR: 4.01e-07 | 速度: 0.102s/batch | ETA: 1.2min
2025-11-08 11:01:41,011 - INFO - 进度:  30.7% | 批次: 320/1,042 | 损失: 4.2824 | LR: 4.04e-07 | 速度: 0.101s/batch | ETA: 1.2min
2025-11-08 11:01:42,045 - INFO - 进度:  31.7% | 批次: 330/1,042 | 损失: 4.2821 | LR: 4.07e-07 | 速度: 0.103s/batch | ETA: 1.2min
2025-11-08 11:01:43,049 - INFO - 进度:  32.6% | 批次: 340/1,042 | 损失: 4.2816 | LR: 4.10e-07 | 速度: 0.100s/batch | ETA: 1.2min
2025-11-08 11:01:44,031 - INFO - 进度:  33.6% | 批次: 350/1,042 | 损失: 4.2808 | LR: 4.13e-07 | 速度: 0.097s/batch | ETA: 1.2min
2025-11-08 11:01:45,035 - INFO - 进度:  34.5% | 批次: 360/1,042 | 损失: 4.2800 | LR: 4.16e-07 | 速度: 0.100s/batch | ETA: 1.2min
2025-11-08 11:01:46,000 - INFO - 进度:  35.5% | 批次: 370/1,042 | 损失: 4.2798 | LR: 4.19e-07 | 速度: 0.096s/batch | ETA: 1.1min
2025-11-08 11:01:46,780 - INFO - 进度:  36.5% | 批次: 380/1,042 | 损失: 4.2789 | LR: 4.22e-07 | 速度: 0.078s/batch | ETA: 1.1min
2025-11-08 11:01:47,579 - INFO - 进度:  37.4% | 批次: 390/1,042 | 损失: 4.2787 | LR: 4.25e-07 | 速度: 0.079s/batch | ETA: 1.1min
2025-11-08 11:01:48,502 - INFO - 进度:  38.4% | 批次: 400/1,042 | 损失: 4.2783 | LR: 4.28e-07 | 速度: 0.092s/batch | ETA: 1.1min
2025-11-08 11:01:49,398 - INFO - 进度:  39.3% | 批次: 410/1,042 | 损失: 4.2778 | LR: 4.30e-07 | 速度: 0.089s/batch | ETA: 1.1min
2025-11-08 11:01:50,355 - INFO - 进度:  40.3% | 批次: 420/1,042 | 损失: 4.2776 | LR: 4.33e-07 | 速度: 0.095s/batch | ETA: 1.0min
2025-11-08 11:01:51,224 - INFO - 进度:  41.3% | 批次: 430/1,042 | 损失: 4.2771 | LR: 4.36e-07 | 速度: 0.086s/batch | ETA: 1.0min
2025-11-08 11:01:52,057 - INFO - 进度:  42.2% | 批次: 440/1,042 | 损失: 4.2765 | LR: 4.39e-07 | 速度: 0.082s/batch | ETA: 1.0min
2025-11-08 11:01:52,875 - INFO - 进度:  43.2% | 批次: 450/1,042 | 损失: 4.2760 | LR: 4.42e-07 | 速度: 0.082s/batch | ETA: 1.0min
2025-11-08 11:01:53,672 - INFO - 进度:  44.1% | 批次: 460/1,042 | 损失: 4.2755 | LR: 4.45e-07 | 速度: 0.079s/batch | ETA: 1.0min
2025-11-08 11:01:54,545 - INFO - 进度:  45.1% | 批次: 470/1,042 | 损失: 4.2749 | LR: 4.48e-07 | 速度: 0.087s/batch | ETA: 0.9min
2025-11-08 11:01:55,453 - INFO - 进度:  46.1% | 批次: 480/1,042 | 损失: 4.2745 | LR: 4.51e-07 | 速度: 0.090s/batch | ETA: 0.9min
2025-11-08 11:01:56,215 - INFO - 进度:  47.0% | 批次: 490/1,042 | 损失: 4.2741 | LR: 4.54e-07 | 速度: 0.076s/batch | ETA: 0.9min
2025-11-08 11:01:57,069 - INFO - 进度:  48.0% | 批次: 500/1,042 | 损失: 4.2739 | LR: 4.57e-07 | 速度: 0.085s/batch | ETA: 0.9min
2025-11-08 11:01:57,994 - INFO - 进度:  48.9% | 批次: 510/1,042 | 损失: 4.2733 | LR: 4.60e-07 | 速度: 0.092s/batch | ETA: 0.9min
2025-11-08 11:01:58,903 - INFO - 进度:  49.9% | 批次: 520/1,042 | 损失: 4.2728 | LR: 4.63e-07 | 速度: 0.090s/batch | ETA: 0.8min
2025-11-08 11:01:59,774 - INFO - 进度:  50.9% | 批次: 530/1,042 | 损失: 4.2720 | LR: 4.66e-07 | 速度: 0.086s/batch | ETA: 0.8min
2025-11-08 11:02:00,678 - INFO - 进度:  51.8% | 批次: 540/1,042 | 损失: 4.2716 | LR: 4.69e-07 | 速度: 0.090s/batch | ETA: 0.8min
2025-11-08 11:02:01,498 - INFO - 进度:  52.8% | 批次: 550/1,042 | 损失: 4.2709 | LR: 4.72e-07 | 速度: 0.082s/batch | ETA: 0.8min
2025-11-08 11:02:02,308 - INFO - 进度:  53.7% | 批次: 560/1,042 | 损失: 4.2704 | LR: 4.75e-07 | 速度: 0.081s/batch | ETA: 0.8min
2025-11-08 11:02:03,169 - INFO - 进度:  54.7% | 批次: 570/1,042 | 损失: 4.2700 | LR: 4.78e-07 | 速度: 0.086s/batch | ETA: 0.8min
2025-11-08 11:02:04,023 - INFO - 进度:  55.7% | 批次: 580/1,042 | 损失: 4.2695 | LR: 4.81e-07 | 速度: 0.085s/batch | ETA: 0.7min
2025-11-08 11:02:04,868 - INFO - 进度:  56.6% | 批次: 590/1,042 | 损失: 4.2690 | LR: 4.84e-07 | 速度: 0.084s/batch | ETA: 0.7min
2025-11-08 11:02:05,666 - INFO - 进度:  57.6% | 批次: 600/1,042 | 损失: 4.2686 | LR: 4.87e-07 | 速度: 0.079s/batch | ETA: 0.7min
2025-11-08 11:02:06,500 - INFO - 进度:  58.5% | 批次: 610/1,042 | 损失: 4.2678 | LR: 4.90e-07 | 速度: 0.083s/batch | ETA: 0.7min
2025-11-08 11:02:07,395 - INFO - 进度:  59.5% | 批次: 620/1,042 | 损失: 4.2674 | LR: 4.93e-07 | 速度: 0.089s/batch | ETA: 0.7min
2025-11-08 11:02:08,323 - INFO - 进度:  60.5% | 批次: 630/1,042 | 损失: 4.2668 | LR: 4.96e-07 | 速度: 0.092s/batch | ETA: 0.7min
2025-11-08 11:02:09,179 - INFO - 进度:  61.4% | 批次: 640/1,042 | 损失: 4.2664 | LR: 4.99e-07 | 速度: 0.085s/batch | ETA: 0.6min
2025-11-08 11:02:10,124 - INFO - 进度:  62.4% | 批次: 650/1,042 | 损失: 4.2659 | LR: 5.02e-07 | 速度: 0.094s/batch | ETA: 0.6min
2025-11-08 11:02:11,027 - INFO - 进度:  63.3% | 批次: 660/1,042 | 损失: 4.2654 | LR: 5.05e-07 | 速度: 0.090s/batch | ETA: 0.6min
2025-11-08 11:02:11,866 - INFO - 进度:  64.3% | 批次: 670/1,042 | 损失: 4.2647 | LR: 5.08e-07 | 速度: 0.083s/batch | ETA: 0.6min
2025-11-08 11:02:12,655 - INFO - 进度:  65.3% | 批次: 680/1,042 | 损失: 4.2641 | LR: 5.11e-07 | 速度: 0.078s/batch | ETA: 0.6min
2025-11-08 11:02:13,533 - INFO - 进度:  66.2% | 批次: 690/1,042 | 损失: 4.2636 | LR: 5.13e-07 | 速度: 0.087s/batch | ETA: 0.6min
2025-11-08 11:02:14,412 - INFO - 进度:  67.2% | 批次: 700/1,042 | 损失: 4.2630 | LR: 5.16e-07 | 速度: 0.087s/batch | ETA: 0.5min
2025-11-08 11:02:15,273 - INFO - 进度:  68.1% | 批次: 710/1,042 | 损失: 4.2624 | LR: 5.19e-07 | 速度: 0.086s/batch | ETA: 0.5min
2025-11-08 11:02:16,149 - INFO - 进度:  69.1% | 批次: 720/1,042 | 损失: 4.2619 | LR: 5.22e-07 | 速度: 0.087s/batch | ETA: 0.5min
2025-11-08 11:02:16,969 - INFO - 进度:  70.1% | 批次: 730/1,042 | 损失: 4.2615 | LR: 5.25e-07 | 速度: 0.081s/batch | ETA: 0.5min
2025-11-08 11:02:17,765 - INFO - 进度:  71.0% | 批次: 740/1,042 | 损失: 4.2611 | LR: 5.28e-07 | 速度: 0.079s/batch | ETA: 0.5min
2025-11-08 11:02:18,615 - INFO - 进度:  72.0% | 批次: 750/1,042 | 损失: 4.2606 | LR: 5.31e-07 | 速度: 0.085s/batch | ETA: 0.5min
2025-11-08 11:02:19,473 - INFO - 进度:  72.9% | 批次: 760/1,042 | 损失: 4.2601 | LR: 5.34e-07 | 速度: 0.085s/batch | ETA: 0.4min
2025-11-08 11:02:20,341 - INFO - 进度:  73.9% | 批次: 770/1,042 | 损失: 4.2596 | LR: 5.37e-07 | 速度: 0.086s/batch | ETA: 0.4min
2025-11-08 11:02:21,188 - INFO - 进度:  74.9% | 批次: 780/1,042 | 损失: 4.2591 | LR: 5.40e-07 | 速度: 0.084s/batch | ETA: 0.4min
2025-11-08 11:02:21,947 - INFO - 进度:  75.8% | 批次: 790/1,042 | 损失: 4.2584 | LR: 5.43e-07 | 速度: 0.076s/batch | ETA: 0.4min
2025-11-08 11:02:22,739 - INFO - 进度:  76.8% | 批次: 800/1,042 | 损失: 4.2579 | LR: 5.46e-07 | 速度: 0.079s/batch | ETA: 0.4min
2025-11-08 11:02:23,527 - INFO - 进度:  77.7% | 批次: 810/1,042 | 损失: 4.2573 | LR: 5.49e-07 | 速度: 0.078s/batch | ETA: 0.4min
2025-11-08 11:02:24,402 - INFO - 进度:  78.7% | 批次: 820/1,042 | 损失: 4.2568 | LR: 5.52e-07 | 速度: 0.087s/batch | ETA: 0.3min
2025-11-08 11:02:25,211 - INFO - 进度:  79.7% | 批次: 830/1,042 | 损失: 4.2563 | LR: 5.55e-07 | 速度: 0.081s/batch | ETA: 0.3min
2025-11-08 11:02:26,134 - INFO - 进度:  80.6% | 批次: 840/1,042 | 损失: 4.2556 | LR: 5.58e-07 | 速度: 0.092s/batch | ETA: 0.3min
2025-11-08 11:02:27,070 - INFO - 进度:  81.6% | 批次: 850/1,042 | 损失: 4.2551 | LR: 5.61e-07 | 速度: 0.093s/batch | ETA: 0.3min
2025-11-08 11:02:27,898 - INFO - 进度:  82.5% | 批次: 860/1,042 | 损失: 4.2547 | LR: 5.64e-07 | 速度: 0.083s/batch | ETA: 0.3min
2025-11-08 11:02:28,802 - INFO - 进度:  83.5% | 批次: 870/1,042 | 损失: 4.2542 | LR: 5.67e-07 | 速度: 0.090s/batch | ETA: 0.3min
2025-11-08 11:02:29,625 - INFO - 进度:  84.5% | 批次: 880/1,042 | 损失: 4.2536 | LR: 5.70e-07 | 速度: 0.082s/batch | ETA: 0.2min
2025-11-08 11:02:30,592 - INFO - 进度:  85.4% | 批次: 890/1,042 | 损失: 4.2530 | LR: 5.73e-07 | 速度: 0.096s/batch | ETA: 0.2min
2025-11-08 11:02:31,492 - INFO - 进度:  86.4% | 批次: 900/1,042 | 损失: 4.2524 | LR: 5.76e-07 | 速度: 0.090s/batch | ETA: 0.2min
2025-11-08 11:02:32,515 - INFO - 进度:  87.3% | 批次: 910/1,042 | 损失: 4.2518 | LR: 5.79e-07 | 速度: 0.102s/batch | ETA: 0.2min
2025-11-08 11:02:33,452 - INFO - 进度:  88.3% | 批次: 920/1,042 | 损失: 4.2513 | LR: 5.82e-07 | 速度: 0.093s/batch | ETA: 0.2min
2025-11-08 11:02:34,319 - INFO - 进度:  89.3% | 批次: 930/1,042 | 损失: 4.2507 | LR: 5.85e-07 | 速度: 0.086s/batch | ETA: 0.2min
2025-11-08 11:02:35,145 - INFO - 进度:  90.2% | 批次: 940/1,042 | 损失: 4.2502 | LR: 5.88e-07 | 速度: 0.082s/batch | ETA: 0.2min
2025-11-08 11:02:35,977 - INFO - 进度:  91.2% | 批次: 950/1,042 | 损失: 4.2496 | LR: 5.91e-07 | 速度: 0.083s/batch | ETA: 0.1min
2025-11-08 11:02:36,779 - INFO - 进度:  92.1% | 批次: 960/1,042 | 损失: 4.2489 | LR: 5.93e-07 | 速度: 0.079s/batch | ETA: 0.1min
2025-11-08 11:02:37,579 - INFO - 进度:  93.1% | 批次: 970/1,042 | 损失: 4.2484 | LR: 5.91e-07 | 速度: 0.079s/batch | ETA: 0.1min
2025-11-08 11:02:38,359 - INFO - 进度:  94.0% | 批次: 980/1,042 | 损失: 4.2477 | LR: 5.90e-07 | 速度: 0.078s/batch | ETA: 0.1min
2025-11-08 11:02:39,231 - INFO - 进度:  95.0% | 批次: 990/1,042 | 损失: 4.2471 | LR: 5.88e-07 | 速度: 0.087s/batch | ETA: 0.1min
2025-11-08 11:02:40,088 - INFO - 进度:  96.0% | 批次: 1,000/1,042 | 损失: 4.2465 | LR: 5.87e-07 | 速度: 0.085s/batch | ETA: 0.1min
2025-11-08 11:02:40,954 - INFO - 进度:  96.9% | 批次: 1,010/1,042 | 损失: 4.2459 | LR: 5.85e-07 | 速度: 0.086s/batch | ETA: 0.0min
2025-11-08 11:02:41,806 - INFO - 进度:  97.9% | 批次: 1,020/1,042 | 损失: 4.2455 | LR: 5.84e-07 | 速度: 0.085s/batch | ETA: 0.0min
2025-11-08 11:02:42,620 - INFO - 进度:  98.8% | 批次: 1,030/1,042 | 损失: 4.2449 | LR: 5.83e-07 | 速度: 0.081s/batch | ETA: 0.0min
2025-11-08 11:02:43,453 - INFO - 进度:  99.8% | 批次: 1,040/1,042 | 损失: 4.2442 | LR: 5.81e-07 | 速度: 0.083s/batch | ETA: 0.0min
2025-11-08 11:02:43,588 - INFO - 进度: 100.0% | 批次: 1,042/1,042 | 损失: 4.2441 | LR: 5.81e-07 | 速度: 0.081s/batch | ETA: 0.0min
2025-11-08 11:02:43,589 - INFO - Epoch 2 完成! | 平均损失: 4.2441 | 耗时: 1.6分钟 | 处理样本: 16,666 | 总批次: 1,042
2025-11-08 11:02:43,589 - INFO - 开始验证...
2025-11-08 11:02:46,337 - INFO - 验证完成! | 损失: 4.1991 | 困惑度: 66.62 | 耗时: 2.7秒 | 样本数: 1,936
2025-11-08 11:02:46,337 - INFO - Epoch 2 统计: 训练损失=4.2441, 验证损失=4.199066717762593, 耗时=1.6分钟, 累计耗时=3.5分钟
2025-11-08 11:02:47,670 - INFO - 结果已保存至 results/ablate_ffn/
2025-11-08 11:02:47,670 - INFO - 
============================================================
2025-11-08 11:02:47,670 - INFO - Epoch 3/5
2025-11-08 11:02:47,670 - INFO - ============================================================
2025-11-08 11:02:47,671 - INFO - Epoch 3/5: 开始训练 (1,042 批次)
2025-11-08 11:02:48,368 - INFO - 进度:   1.0% | 批次: 10/1,042 | 损失: 4.1768 | LR: 5.79e-07 | 速度: 0.069s/batch | ETA: 1.2min
2025-11-08 11:02:49,183 - INFO - 进度:   1.9% | 批次: 20/1,042 | 损失: 4.1836 | LR: 5.78e-07 | 速度: 0.081s/batch | ETA: 1.3min
2025-11-08 11:02:50,053 - INFO - 进度:   2.9% | 批次: 30/1,042 | 损失: 4.1769 | LR: 5.77e-07 | 速度: 0.087s/batch | ETA: 1.3min
2025-11-08 11:02:50,877 - INFO - 进度:   3.8% | 批次: 40/1,042 | 损失: 4.1798 | LR: 5.75e-07 | 速度: 0.082s/batch | ETA: 1.3min
2025-11-08 11:02:51,697 - INFO - 进度:   4.8% | 批次: 50/1,042 | 损失: 4.1773 | LR: 5.74e-07 | 速度: 0.081s/batch | ETA: 1.3min
2025-11-08 11:02:52,444 - INFO - 进度:   5.8% | 批次: 60/1,042 | 损失: 4.1765 | LR: 5.73e-07 | 速度: 0.075s/batch | ETA: 1.3min
2025-11-08 11:02:53,205 - INFO - 进度:   6.7% | 批次: 70/1,042 | 损失: 4.1760 | LR: 5.71e-07 | 速度: 0.075s/batch | ETA: 1.3min
2025-11-08 11:02:54,034 - INFO - 进度:   7.7% | 批次: 80/1,042 | 损失: 4.1760 | LR: 5.70e-07 | 速度: 0.083s/batch | ETA: 1.3min
2025-11-08 11:02:54,791 - INFO - 进度:   8.6% | 批次: 90/1,042 | 损失: 4.1757 | LR: 5.69e-07 | 速度: 0.075s/batch | ETA: 1.3min
2025-11-08 11:02:55,507 - INFO - 进度:   9.6% | 批次: 100/1,042 | 损失: 4.1762 | LR: 5.67e-07 | 速度: 0.071s/batch | ETA: 1.2min
2025-11-08 11:02:56,265 - INFO - 进度:  10.6% | 批次: 110/1,042 | 损失: 4.1759 | LR: 5.66e-07 | 速度: 0.075s/batch | ETA: 1.2min
2025-11-08 11:02:57,100 - INFO - 进度:  11.5% | 批次: 120/1,042 | 损失: 4.1739 | LR: 5.65e-07 | 速度: 0.083s/batch | ETA: 1.2min
2025-11-08 11:02:57,925 - INFO - 进度:  12.5% | 批次: 130/1,042 | 损失: 4.1732 | LR: 5.64e-07 | 速度: 0.082s/batch | ETA: 1.2min
2025-11-08 11:02:59,739 - INFO - 进度:  13.4% | 批次: 140/1,042 | 损失: 4.1722 | LR: 5.62e-07 | 速度: 0.181s/batch | ETA: 1.3min
2025-11-08 11:03:00,483 - INFO - 进度:  14.4% | 批次: 150/1,042 | 损失: 4.1721 | LR: 5.61e-07 | 速度: 0.074s/batch | ETA: 1.3min
2025-11-08 11:03:01,243 - INFO - 进度:  15.4% | 批次: 160/1,042 | 损失: 4.1709 | LR: 5.60e-07 | 速度: 0.076s/batch | ETA: 1.2min
2025-11-08 11:03:02,042 - INFO - 进度:  16.3% | 批次: 170/1,042 | 损失: 4.1703 | LR: 5.59e-07 | 速度: 0.080s/batch | ETA: 1.2min
2025-11-08 11:03:02,890 - INFO - 进度:  17.3% | 批次: 180/1,042 | 损失: 4.1701 | LR: 5.57e-07 | 速度: 0.084s/batch | ETA: 1.2min
2025-11-08 11:03:03,763 - INFO - 进度:  18.2% | 批次: 190/1,042 | 损失: 4.1689 | LR: 5.56e-07 | 速度: 0.087s/batch | ETA: 1.2min
2025-11-08 11:03:04,560 - INFO - 进度:  19.2% | 批次: 200/1,042 | 损失: 4.1682 | LR: 5.55e-07 | 速度: 0.079s/batch | ETA: 1.2min
2025-11-08 11:03:05,363 - INFO - 进度:  20.2% | 批次: 210/1,042 | 损失: 4.1668 | LR: 5.54e-07 | 速度: 0.080s/batch | ETA: 1.2min
2025-11-08 11:03:06,224 - INFO - 进度:  21.1% | 批次: 220/1,042 | 损失: 4.1660 | LR: 5.52e-07 | 速度: 0.086s/batch | ETA: 1.2min
2025-11-08 11:03:07,073 - INFO - 进度:  22.1% | 批次: 230/1,042 | 损失: 4.1656 | LR: 5.51e-07 | 速度: 0.085s/batch | ETA: 1.1min
2025-11-08 11:03:07,874 - INFO - 进度:  23.0% | 批次: 240/1,042 | 损失: 4.1645 | LR: 5.50e-07 | 速度: 0.080s/batch | ETA: 1.1min
2025-11-08 11:03:08,732 - INFO - 进度:  24.0% | 批次: 250/1,042 | 损失: 4.1636 | LR: 5.49e-07 | 速度: 0.085s/batch | ETA: 1.1min
2025-11-08 11:03:09,706 - INFO - 进度:  25.0% | 批次: 260/1,042 | 损失: 4.1626 | LR: 5.48e-07 | 速度: 0.097s/batch | ETA: 1.1min
2025-11-08 11:03:10,517 - INFO - 进度:  25.9% | 批次: 270/1,042 | 损失: 4.1621 | LR: 5.47e-07 | 速度: 0.080s/batch | ETA: 1.1min
2025-11-08 11:03:11,346 - INFO - 进度:  26.9% | 批次: 280/1,042 | 损失: 4.1613 | LR: 5.45e-07 | 速度: 0.083s/batch | ETA: 1.1min
2025-11-08 11:03:12,136 - INFO - 进度:  27.8% | 批次: 290/1,042 | 损失: 4.1603 | LR: 5.44e-07 | 速度: 0.079s/batch | ETA: 1.1min
2025-11-08 11:03:12,988 - INFO - 进度:  28.8% | 批次: 300/1,042 | 损失: 4.1595 | LR: 5.43e-07 | 速度: 0.085s/batch | ETA: 1.0min
2025-11-08 11:03:13,846 - INFO - 进度:  29.8% | 批次: 310/1,042 | 损失: 4.1588 | LR: 5.42e-07 | 速度: 0.085s/batch | ETA: 1.0min
2025-11-08 11:03:14,750 - INFO - 进度:  30.7% | 批次: 320/1,042 | 损失: 4.1580 | LR: 5.41e-07 | 速度: 0.090s/batch | ETA: 1.0min
2025-11-08 11:03:15,692 - INFO - 进度:  31.7% | 批次: 330/1,042 | 损失: 4.1576 | LR: 5.40e-07 | 速度: 0.094s/batch | ETA: 1.0min
2025-11-08 11:03:16,575 - INFO - 进度:  32.6% | 批次: 340/1,042 | 损失: 4.1571 | LR: 5.39e-07 | 速度: 0.088s/batch | ETA: 1.0min
2025-11-08 11:03:17,513 - INFO - 进度:  33.6% | 批次: 350/1,042 | 损失: 4.1567 | LR: 5.37e-07 | 速度: 0.094s/batch | ETA: 1.0min
2025-11-08 11:03:18,314 - INFO - 进度:  34.5% | 批次: 360/1,042 | 损失: 4.1561 | LR: 5.36e-07 | 速度: 0.080s/batch | ETA: 1.0min
2025-11-08 11:03:19,296 - INFO - 进度:  35.5% | 批次: 370/1,042 | 损失: 4.1553 | LR: 5.35e-07 | 速度: 0.098s/batch | ETA: 1.0min
2025-11-08 11:03:20,235 - INFO - 进度:  36.5% | 批次: 380/1,042 | 损失: 4.1548 | LR: 5.34e-07 | 速度: 0.093s/batch | ETA: 0.9min
2025-11-08 11:03:21,104 - INFO - 进度:  37.4% | 批次: 390/1,042 | 损失: 4.1545 | LR: 5.33e-07 | 速度: 0.086s/batch | ETA: 0.9min
2025-11-08 11:03:21,998 - INFO - 进度:  38.4% | 批次: 400/1,042 | 损失: 4.1541 | LR: 5.32e-07 | 速度: 0.089s/batch | ETA: 0.9min
2025-11-08 11:03:22,873 - INFO - 进度:  39.3% | 批次: 410/1,042 | 损失: 4.1537 | LR: 5.31e-07 | 速度: 0.087s/batch | ETA: 0.9min
2025-11-08 11:03:23,846 - INFO - 进度:  40.3% | 批次: 420/1,042 | 损失: 4.1531 | LR: 5.30e-07 | 速度: 0.097s/batch | ETA: 0.9min
2025-11-08 11:03:24,800 - INFO - 进度:  41.3% | 批次: 430/1,042 | 损失: 4.1521 | LR: 5.29e-07 | 速度: 0.095s/batch | ETA: 0.9min
2025-11-08 11:03:25,714 - INFO - 进度:  42.2% | 批次: 440/1,042 | 损失: 4.1516 | LR: 5.28e-07 | 速度: 0.091s/batch | ETA: 0.9min
2025-11-08 11:03:26,579 - INFO - 进度:  43.2% | 批次: 450/1,042 | 损失: 4.1510 | LR: 5.27e-07 | 速度: 0.086s/batch | ETA: 0.9min
2025-11-08 11:03:27,435 - INFO - 进度:  44.1% | 批次: 460/1,042 | 损失: 4.1500 | LR: 5.26e-07 | 速度: 0.085s/batch | ETA: 0.8min
2025-11-08 11:03:28,354 - INFO - 进度:  45.1% | 批次: 470/1,042 | 损失: 4.1492 | LR: 5.25e-07 | 速度: 0.092s/batch | ETA: 0.8min
2025-11-08 11:03:29,238 - INFO - 进度:  46.1% | 批次: 480/1,042 | 损失: 4.1485 | LR: 5.24e-07 | 速度: 0.088s/batch | ETA: 0.8min
2025-11-08 11:03:30,163 - INFO - 进度:  47.0% | 批次: 490/1,042 | 损失: 4.1477 | LR: 5.23e-07 | 速度: 0.092s/batch | ETA: 0.8min
2025-11-08 11:03:31,040 - INFO - 进度:  48.0% | 批次: 500/1,042 | 损失: 4.1473 | LR: 5.22e-07 | 速度: 0.087s/batch | ETA: 0.8min
2025-11-08 11:03:32,014 - INFO - 进度:  48.9% | 批次: 510/1,042 | 损失: 4.1469 | LR: 5.21e-07 | 速度: 0.097s/batch | ETA: 0.8min
2025-11-08 11:03:32,913 - INFO - 进度:  49.9% | 批次: 520/1,042 | 损失: 4.1463 | LR: 5.20e-07 | 速度: 0.089s/batch | ETA: 0.8min
2025-11-08 11:03:33,821 - INFO - 进度:  50.9% | 批次: 530/1,042 | 损失: 4.1456 | LR: 5.19e-07 | 速度: 0.091s/batch | ETA: 0.7min
2025-11-08 11:03:34,708 - INFO - 进度:  51.8% | 批次: 540/1,042 | 损失: 4.1451 | LR: 5.18e-07 | 速度: 0.088s/batch | ETA: 0.7min
2025-11-08 11:03:35,595 - INFO - 进度:  52.8% | 批次: 550/1,042 | 损失: 4.1444 | LR: 5.17e-07 | 速度: 0.088s/batch | ETA: 0.7min
2025-11-08 11:03:36,533 - INFO - 进度:  53.7% | 批次: 560/1,042 | 损失: 4.1440 | LR: 5.16e-07 | 速度: 0.093s/batch | ETA: 0.7min
2025-11-08 11:03:37,366 - INFO - 进度:  54.7% | 批次: 570/1,042 | 损失: 4.1435 | LR: 5.15e-07 | 速度: 0.083s/batch | ETA: 0.7min
2025-11-08 11:03:38,196 - INFO - 进度:  55.7% | 批次: 580/1,042 | 损失: 4.1429 | LR: 5.14e-07 | 速度: 0.083s/batch | ETA: 0.7min
2025-11-08 11:03:39,038 - INFO - 进度:  56.6% | 批次: 590/1,042 | 损失: 4.1422 | LR: 5.13e-07 | 速度: 0.084s/batch | ETA: 0.7min
2025-11-08 11:03:39,980 - INFO - 进度:  57.6% | 批次: 600/1,042 | 损失: 4.1415 | LR: 5.12e-07 | 速度: 0.094s/batch | ETA: 0.6min
2025-11-08 11:03:40,978 - INFO - 进度:  58.5% | 批次: 610/1,042 | 损失: 4.1406 | LR: 5.11e-07 | 速度: 0.099s/batch | ETA: 0.6min
2025-11-08 11:03:41,771 - INFO - 进度:  59.5% | 批次: 620/1,042 | 损失: 4.1399 | LR: 5.10e-07 | 速度: 0.079s/batch | ETA: 0.6min
2025-11-08 11:03:42,536 - INFO - 进度:  60.5% | 批次: 630/1,042 | 损失: 4.1394 | LR: 5.09e-07 | 速度: 0.076s/batch | ETA: 0.6min
2025-11-08 11:03:43,327 - INFO - 进度:  61.4% | 批次: 640/1,042 | 损失: 4.1388 | LR: 5.08e-07 | 速度: 0.079s/batch | ETA: 0.6min
2025-11-08 11:03:44,265 - INFO - 进度:  62.4% | 批次: 650/1,042 | 损失: 4.1384 | LR: 5.07e-07 | 速度: 0.093s/batch | ETA: 0.6min
2025-11-08 11:03:45,785 - INFO - 进度:  63.3% | 批次: 660/1,042 | 损失: 4.1378 | LR: 5.06e-07 | 速度: 0.152s/batch | ETA: 0.6min
2025-11-08 11:03:46,656 - INFO - 进度:  64.3% | 批次: 670/1,042 | 损失: 4.1370 | LR: 5.05e-07 | 速度: 0.086s/batch | ETA: 0.5min
2025-11-08 11:03:47,447 - INFO - 进度:  65.3% | 批次: 680/1,042 | 损失: 4.1361 | LR: 5.04e-07 | 速度: 0.079s/batch | ETA: 0.5min
2025-11-08 11:03:48,254 - INFO - 进度:  66.2% | 批次: 690/1,042 | 损失: 4.1356 | LR: 5.03e-07 | 速度: 0.080s/batch | ETA: 0.5min
2025-11-08 11:03:49,046 - INFO - 进度:  67.2% | 批次: 700/1,042 | 损失: 4.1349 | LR: 5.03e-07 | 速度: 0.079s/batch | ETA: 0.5min
2025-11-08 11:03:49,868 - INFO - 进度:  68.1% | 批次: 710/1,042 | 损失: 4.1342 | LR: 5.02e-07 | 速度: 0.082s/batch | ETA: 0.5min
2025-11-08 11:03:50,658 - INFO - 进度:  69.1% | 批次: 720/1,042 | 损失: 4.1335 | LR: 5.01e-07 | 速度: 0.079s/batch | ETA: 0.5min
2025-11-08 11:03:51,434 - INFO - 进度:  70.1% | 批次: 730/1,042 | 损失: 4.1329 | LR: 5.00e-07 | 速度: 0.077s/batch | ETA: 0.5min
2025-11-08 11:03:52,195 - INFO - 进度:  71.0% | 批次: 740/1,042 | 损失: 4.1323 | LR: 4.99e-07 | 速度: 0.076s/batch | ETA: 0.4min
2025-11-08 11:03:52,945 - INFO - 进度:  72.0% | 批次: 750/1,042 | 损失: 4.1317 | LR: 4.98e-07 | 速度: 0.075s/batch | ETA: 0.4min
2025-11-08 11:03:53,731 - INFO - 进度:  72.9% | 批次: 760/1,042 | 损失: 4.1310 | LR: 4.97e-07 | 速度: 0.078s/batch | ETA: 0.4min
2025-11-08 11:03:54,472 - INFO - 进度:  73.9% | 批次: 770/1,042 | 损失: 4.1302 | LR: 4.96e-07 | 速度: 0.074s/batch | ETA: 0.4min
2025-11-08 11:03:55,306 - INFO - 进度:  74.9% | 批次: 780/1,042 | 损失: 4.1297 | LR: 4.95e-07 | 速度: 0.083s/batch | ETA: 0.4min
2025-11-08 11:03:56,057 - INFO - 进度:  75.8% | 批次: 790/1,042 | 损失: 4.1292 | LR: 4.95e-07 | 速度: 0.075s/batch | ETA: 0.4min
2025-11-08 11:03:56,867 - INFO - 进度:  76.8% | 批次: 800/1,042 | 损失: 4.1286 | LR: 4.94e-07 | 速度: 0.081s/batch | ETA: 0.3min
2025-11-08 11:03:57,697 - INFO - 进度:  77.7% | 批次: 810/1,042 | 损失: 4.1279 | LR: 4.93e-07 | 速度: 0.082s/batch | ETA: 0.3min
2025-11-08 11:03:58,451 - INFO - 进度:  78.7% | 批次: 820/1,042 | 损失: 4.1271 | LR: 4.92e-07 | 速度: 0.075s/batch | ETA: 0.3min
2025-11-08 11:03:59,254 - INFO - 进度:  79.7% | 批次: 830/1,042 | 损失: 4.1264 | LR: 4.91e-07 | 速度: 0.080s/batch | ETA: 0.3min
2025-11-08 11:04:00,008 - INFO - 进度:  80.6% | 批次: 840/1,042 | 损失: 4.1258 | LR: 4.90e-07 | 速度: 0.075s/batch | ETA: 0.3min
2025-11-08 11:04:00,713 - INFO - 进度:  81.6% | 批次: 850/1,042 | 损失: 4.1253 | LR: 4.90e-07 | 速度: 0.070s/batch | ETA: 0.3min
2025-11-08 11:04:01,506 - INFO - 进度:  82.5% | 批次: 860/1,042 | 损失: 4.1247 | LR: 4.89e-07 | 速度: 0.079s/batch | ETA: 0.3min
2025-11-08 11:04:02,325 - INFO - 进度:  83.5% | 批次: 870/1,042 | 损失: 4.1241 | LR: 4.88e-07 | 速度: 0.081s/batch | ETA: 0.2min
2025-11-08 11:04:03,129 - INFO - 进度:  84.5% | 批次: 880/1,042 | 损失: 4.1235 | LR: 4.87e-07 | 速度: 0.080s/batch | ETA: 0.2min
2025-11-08 11:04:03,897 - INFO - 进度:  85.4% | 批次: 890/1,042 | 损失: 4.1229 | LR: 4.86e-07 | 速度: 0.076s/batch | ETA: 0.2min
2025-11-08 11:04:04,703 - INFO - 进度:  86.4% | 批次: 900/1,042 | 损失: 4.1221 | LR: 4.85e-07 | 速度: 0.080s/batch | ETA: 0.2min
2025-11-08 11:04:05,549 - INFO - 进度:  87.3% | 批次: 910/1,042 | 损失: 4.1215 | LR: 4.85e-07 | 速度: 0.084s/batch | ETA: 0.2min
2025-11-08 11:04:06,446 - INFO - 进度:  88.3% | 批次: 920/1,042 | 损失: 4.1209 | LR: 4.84e-07 | 速度: 0.089s/batch | ETA: 0.2min
2025-11-08 11:04:07,160 - INFO - 进度:  89.3% | 批次: 930/1,042 | 损失: 4.1203 | LR: 4.83e-07 | 速度: 0.071s/batch | ETA: 0.2min
2025-11-08 11:04:07,896 - INFO - 进度:  90.2% | 批次: 940/1,042 | 损失: 4.1197 | LR: 4.82e-07 | 速度: 0.073s/batch | ETA: 0.1min
2025-11-08 11:04:08,641 - INFO - 进度:  91.2% | 批次: 950/1,042 | 损失: 4.1190 | LR: 4.81e-07 | 速度: 0.074s/batch | ETA: 0.1min
2025-11-08 11:04:09,366 - INFO - 进度:  92.1% | 批次: 960/1,042 | 损失: 4.1184 | LR: 4.81e-07 | 速度: 0.072s/batch | ETA: 0.1min
2025-11-08 11:04:10,104 - INFO - 进度:  93.1% | 批次: 970/1,042 | 损失: 4.1178 | LR: 4.80e-07 | 速度: 0.073s/batch | ETA: 0.1min
2025-11-08 11:04:10,871 - INFO - 进度:  94.0% | 批次: 980/1,042 | 损失: 4.1172 | LR: 4.79e-07 | 速度: 0.076s/batch | ETA: 0.1min
2025-11-08 11:04:11,626 - INFO - 进度:  95.0% | 批次: 990/1,042 | 损失: 4.1166 | LR: 4.78e-07 | 速度: 0.075s/batch | ETA: 0.1min
2025-11-08 11:04:12,403 - INFO - 进度:  96.0% | 批次: 1,000/1,042 | 损失: 4.1161 | LR: 4.77e-07 | 速度: 0.077s/batch | ETA: 0.1min
2025-11-08 11:04:13,137 - INFO - 进度:  96.9% | 批次: 1,010/1,042 | 损失: 4.1154 | LR: 4.77e-07 | 速度: 0.073s/batch | ETA: 0.0min
2025-11-08 11:04:13,923 - INFO - 进度:  97.9% | 批次: 1,020/1,042 | 损失: 4.1148 | LR: 4.76e-07 | 速度: 0.078s/batch | ETA: 0.0min
2025-11-08 11:04:14,676 - INFO - 进度:  98.8% | 批次: 1,030/1,042 | 损失: 4.1142 | LR: 4.75e-07 | 速度: 0.075s/batch | ETA: 0.0min
2025-11-08 11:04:15,461 - INFO - 进度:  99.8% | 批次: 1,040/1,042 | 损失: 4.1136 | LR: 4.74e-07 | 速度: 0.078s/batch | ETA: 0.0min
2025-11-08 11:04:15,597 - INFO - 进度: 100.0% | 批次: 1,042/1,042 | 损失: 4.1135 | LR: 4.74e-07 | 速度: 0.077s/batch | ETA: 0.0min
2025-11-08 11:04:15,598 - INFO - Epoch 3 完成! | 平均损失: 4.1135 | 耗时: 1.5分钟 | 处理样本: 16,666 | 总批次: 1,042
2025-11-08 11:04:15,598 - INFO - 开始验证...
2025-11-08 11:04:17,980 - INFO - 验证完成! | 损失: 4.0565 | 困惑度: 57.77 | 耗时: 2.4秒 | 样本数: 1,936
2025-11-08 11:04:17,981 - INFO - Epoch 3 统计: 训练损失=4.1135, 验证损失=4.056469003031077, 耗时=1.5分钟, 累计耗时=5.1分钟
2025-11-08 11:04:19,228 - INFO - 结果已保存至 results/ablate_ffn/
2025-11-08 11:04:19,228 - INFO - 
============================================================
2025-11-08 11:04:19,228 - INFO - Epoch 4/5
2025-11-08 11:04:19,228 - INFO - ============================================================
2025-11-08 11:04:19,229 - INFO - Epoch 4/5: 开始训练 (1,042 批次)
2025-11-08 11:04:19,947 - INFO - 进度:   1.0% | 批次: 10/1,042 | 损失: 4.0357 | LR: 4.74e-07 | 速度: 0.071s/batch | ETA: 1.2min
2025-11-08 11:04:20,769 - INFO - 进度:   1.9% | 批次: 20/1,042 | 损失: 4.0356 | LR: 4.73e-07 | 速度: 0.081s/batch | ETA: 1.3min
2025-11-08 11:04:21,707 - INFO - 进度:   2.9% | 批次: 30/1,042 | 损失: 4.0388 | LR: 4.72e-07 | 速度: 0.093s/batch | ETA: 1.4min
2025-11-08 11:04:22,631 - INFO - 进度:   3.8% | 批次: 40/1,042 | 损失: 4.0405 | LR: 4.71e-07 | 速度: 0.092s/batch | ETA: 1.4min
2025-11-08 11:04:23,638 - INFO - 进度:   4.8% | 批次: 50/1,042 | 损失: 4.0404 | LR: 4.71e-07 | 速度: 0.100s/batch | ETA: 1.5min
2025-11-08 11:04:24,442 - INFO - 进度:   5.8% | 批次: 60/1,042 | 损失: 4.0387 | LR: 4.70e-07 | 速度: 0.080s/batch | ETA: 1.4min
2025-11-08 11:04:25,406 - INFO - 进度:   6.7% | 批次: 70/1,042 | 损失: 4.0384 | LR: 4.69e-07 | 速度: 0.096s/batch | ETA: 1.4min
2025-11-08 11:04:26,294 - INFO - 进度:   7.7% | 批次: 80/1,042 | 损失: 4.0386 | LR: 4.68e-07 | 速度: 0.088s/batch | ETA: 1.4min
2025-11-08 11:04:27,096 - INFO - 进度:   8.6% | 批次: 90/1,042 | 损失: 4.0375 | LR: 4.68e-07 | 速度: 0.080s/batch | ETA: 1.4min
2025-11-08 11:04:27,861 - INFO - 进度:   9.6% | 批次: 100/1,042 | 损失: 4.0385 | LR: 4.67e-07 | 速度: 0.076s/batch | ETA: 1.4min
2025-11-08 11:04:29,655 - INFO - 进度:  10.6% | 批次: 110/1,042 | 损失: 4.0378 | LR: 4.66e-07 | 速度: 0.179s/batch | ETA: 1.5min
2025-11-08 11:04:30,594 - INFO - 进度:  11.5% | 批次: 120/1,042 | 损失: 4.0379 | LR: 4.65e-07 | 速度: 0.094s/batch | ETA: 1.5min
2025-11-08 11:04:31,540 - INFO - 进度:  12.5% | 批次: 130/1,042 | 损失: 4.0374 | LR: 4.65e-07 | 速度: 0.094s/batch | ETA: 1.4min
2025-11-08 11:04:32,394 - INFO - 进度:  13.4% | 批次: 140/1,042 | 损失: 4.0374 | LR: 4.64e-07 | 速度: 0.085s/batch | ETA: 1.4min
2025-11-08 11:04:33,190 - INFO - 进度:  14.4% | 批次: 150/1,042 | 损失: 4.0379 | LR: 4.63e-07 | 速度: 0.079s/batch | ETA: 1.4min
2025-11-08 11:04:34,119 - INFO - 进度:  15.4% | 批次: 160/1,042 | 损失: 4.0385 | LR: 4.63e-07 | 速度: 0.092s/batch | ETA: 1.4min
2025-11-08 11:04:34,993 - INFO - 进度:  16.3% | 批次: 170/1,042 | 损失: 4.0382 | LR: 4.62e-07 | 速度: 0.087s/batch | ETA: 1.3min
2025-11-08 11:04:35,892 - INFO - 进度:  17.3% | 批次: 180/1,042 | 损失: 4.0377 | LR: 4.61e-07 | 速度: 0.089s/batch | ETA: 1.3min
2025-11-08 11:04:36,756 - INFO - 进度:  18.2% | 批次: 190/1,042 | 损失: 4.0377 | LR: 4.60e-07 | 速度: 0.086s/batch | ETA: 1.3min
2025-11-08 11:04:37,680 - INFO - 进度:  19.2% | 批次: 200/1,042 | 损失: 4.0371 | LR: 4.60e-07 | 速度: 0.092s/batch | ETA: 1.3min
2025-11-08 11:04:38,547 - INFO - 进度:  20.2% | 批次: 210/1,042 | 损失: 4.0362 | LR: 4.59e-07 | 速度: 0.086s/batch | ETA: 1.3min
2025-11-08 11:04:39,425 - INFO - 进度:  21.1% | 批次: 220/1,042 | 损失: 4.0358 | LR: 4.58e-07 | 速度: 0.087s/batch | ETA: 1.3min
2025-11-08 11:04:40,385 - INFO - 进度:  22.1% | 批次: 230/1,042 | 损失: 4.0351 | LR: 4.58e-07 | 速度: 0.095s/batch | ETA: 1.2min
2025-11-08 11:04:41,317 - INFO - 进度:  23.0% | 批次: 240/1,042 | 损失: 4.0345 | LR: 4.57e-07 | 速度: 0.093s/batch | ETA: 1.2min
2025-11-08 11:04:42,441 - INFO - 进度:  24.0% | 批次: 250/1,042 | 损失: 4.0334 | LR: 4.56e-07 | 速度: 0.112s/batch | ETA: 1.2min
2025-11-08 11:04:43,693 - INFO - 进度:  25.0% | 批次: 260/1,042 | 损失: 4.0325 | LR: 4.56e-07 | 速度: 0.125s/batch | ETA: 1.2min
2025-11-08 11:04:44,422 - INFO - 进度:  25.9% | 批次: 270/1,042 | 损失: 4.0322 | LR: 4.55e-07 | 速度: 0.073s/batch | ETA: 1.2min
2025-11-08 11:04:45,182 - INFO - 进度:  26.9% | 批次: 280/1,042 | 损失: 4.0315 | LR: 4.54e-07 | 速度: 0.075s/batch | ETA: 1.2min
2025-11-08 11:04:46,099 - INFO - 进度:  27.8% | 批次: 290/1,042 | 损失: 4.0310 | LR: 4.54e-07 | 速度: 0.091s/batch | ETA: 1.2min
2025-11-08 11:04:46,938 - INFO - 进度:  28.8% | 批次: 300/1,042 | 损失: 4.0310 | LR: 4.53e-07 | 速度: 0.083s/batch | ETA: 1.1min
2025-11-08 11:04:47,788 - INFO - 进度:  29.8% | 批次: 310/1,042 | 损失: 4.0306 | LR: 4.52e-07 | 速度: 0.084s/batch | ETA: 1.1min
2025-11-08 11:04:48,643 - INFO - 进度:  30.7% | 批次: 320/1,042 | 损失: 4.0298 | LR: 4.52e-07 | 速度: 0.085s/batch | ETA: 1.1min
2025-11-08 11:04:49,421 - INFO - 进度:  31.7% | 批次: 330/1,042 | 损失: 4.0295 | LR: 4.51e-07 | 速度: 0.077s/batch | ETA: 1.1min
2025-11-08 11:04:50,293 - INFO - 进度:  32.6% | 批次: 340/1,042 | 损失: 4.0288 | LR: 4.50e-07 | 速度: 0.087s/batch | ETA: 1.1min
2025-11-08 11:04:51,372 - INFO - 进度:  33.6% | 批次: 350/1,042 | 损失: 4.0283 | LR: 4.50e-07 | 速度: 0.107s/batch | ETA: 1.1min
2025-11-08 11:04:52,237 - INFO - 进度:  34.5% | 批次: 360/1,042 | 损失: 4.0275 | LR: 4.49e-07 | 速度: 0.086s/batch | ETA: 1.0min
2025-11-08 11:04:52,992 - INFO - 进度:  35.5% | 批次: 370/1,042 | 损失: 4.0267 | LR: 4.48e-07 | 速度: 0.075s/batch | ETA: 1.0min
2025-11-08 11:04:53,895 - INFO - 进度:  36.5% | 批次: 380/1,042 | 损失: 4.0261 | LR: 4.48e-07 | 速度: 0.089s/batch | ETA: 1.0min
2025-11-08 11:04:54,920 - INFO - 进度:  37.4% | 批次: 390/1,042 | 损失: 4.0255 | LR: 4.47e-07 | 速度: 0.102s/batch | ETA: 1.0min
2025-11-08 11:04:55,748 - INFO - 进度:  38.4% | 批次: 400/1,042 | 损失: 4.0250 | LR: 4.47e-07 | 速度: 0.082s/batch | ETA: 1.0min
2025-11-08 11:04:56,687 - INFO - 进度:  39.3% | 批次: 410/1,042 | 损失: 4.0244 | LR: 4.46e-07 | 速度: 0.093s/batch | ETA: 1.0min
2025-11-08 11:04:57,654 - INFO - 进度:  40.3% | 批次: 420/1,042 | 损失: 4.0240 | LR: 4.45e-07 | 速度: 0.096s/batch | ETA: 0.9min
2025-11-08 11:04:58,544 - INFO - 进度:  41.3% | 批次: 430/1,042 | 损失: 4.0233 | LR: 4.45e-07 | 速度: 0.088s/batch | ETA: 0.9min
2025-11-08 11:04:59,338 - INFO - 进度:  42.2% | 批次: 440/1,042 | 损失: 4.0226 | LR: 4.44e-07 | 速度: 0.079s/batch | ETA: 0.9min
2025-11-08 11:05:00,217 - INFO - 进度:  43.2% | 批次: 450/1,042 | 损失: 4.0219 | LR: 4.43e-07 | 速度: 0.087s/batch | ETA: 0.9min
2025-11-08 11:05:01,101 - INFO - 进度:  44.1% | 批次: 460/1,042 | 损失: 4.0215 | LR: 4.43e-07 | 速度: 0.088s/batch | ETA: 0.9min
2025-11-08 11:05:02,004 - INFO - 进度:  45.1% | 批次: 470/1,042 | 损失: 4.0207 | LR: 4.42e-07 | 速度: 0.090s/batch | ETA: 0.9min
2025-11-08 11:05:02,811 - INFO - 进度:  46.1% | 批次: 480/1,042 | 损失: 4.0203 | LR: 4.42e-07 | 速度: 0.081s/batch | ETA: 0.9min
2025-11-08 11:05:03,612 - INFO - 进度:  47.0% | 批次: 490/1,042 | 损失: 4.0199 | LR: 4.41e-07 | 速度: 0.079s/batch | ETA: 0.8min
2025-11-08 11:05:04,388 - INFO - 进度:  48.0% | 批次: 500/1,042 | 损失: 4.0195 | LR: 4.40e-07 | 速度: 0.077s/batch | ETA: 0.8min
2025-11-08 11:05:05,048 - INFO - 进度:  48.9% | 批次: 510/1,042 | 损失: 4.0191 | LR: 4.40e-07 | 速度: 0.066s/batch | ETA: 0.8min
2025-11-08 11:05:05,690 - INFO - 进度:  49.9% | 批次: 520/1,042 | 损失: 4.0187 | LR: 4.39e-07 | 速度: 0.064s/batch | ETA: 0.8min
2025-11-08 11:05:06,318 - INFO - 进度:  50.9% | 批次: 530/1,042 | 损失: 4.0183 | LR: 4.39e-07 | 速度: 0.062s/batch | ETA: 0.8min
2025-11-08 11:05:06,947 - INFO - 进度:  51.8% | 批次: 540/1,042 | 损失: 4.0179 | LR: 4.38e-07 | 速度: 0.063s/batch | ETA: 0.7min
2025-11-08 11:05:07,602 - INFO - 进度:  52.8% | 批次: 550/1,042 | 损失: 4.0174 | LR: 4.37e-07 | 速度: 0.065s/batch | ETA: 0.7min
2025-11-08 11:05:08,225 - INFO - 进度:  53.7% | 批次: 560/1,042 | 损失: 4.0170 | LR: 4.37e-07 | 速度: 0.062s/batch | ETA: 0.7min
2025-11-08 11:05:08,859 - INFO - 进度:  54.7% | 批次: 570/1,042 | 损失: 4.0163 | LR: 4.36e-07 | 速度: 0.063s/batch | ETA: 0.7min
2025-11-08 11:05:09,458 - INFO - 进度:  55.7% | 批次: 580/1,042 | 损失: 4.0158 | LR: 4.36e-07 | 速度: 0.060s/batch | ETA: 0.7min
2025-11-08 11:05:10,127 - INFO - 进度:  56.6% | 批次: 590/1,042 | 损失: 4.0153 | LR: 4.35e-07 | 速度: 0.066s/batch | ETA: 0.6min
2025-11-08 11:05:10,766 - INFO - 进度:  57.6% | 批次: 600/1,042 | 损失: 4.0149 | LR: 4.34e-07 | 速度: 0.063s/batch | ETA: 0.6min
2025-11-08 11:05:11,433 - INFO - 进度:  58.5% | 批次: 610/1,042 | 损失: 4.0144 | LR: 4.34e-07 | 速度: 0.066s/batch | ETA: 0.6min
2025-11-08 11:05:12,086 - INFO - 进度:  59.5% | 批次: 620/1,042 | 损失: 4.0139 | LR: 4.33e-07 | 速度: 0.065s/batch | ETA: 0.6min
2025-11-08 11:05:12,729 - INFO - 进度:  60.5% | 批次: 630/1,042 | 损失: 4.0135 | LR: 4.33e-07 | 速度: 0.064s/batch | ETA: 0.6min
2025-11-08 11:05:13,360 - INFO - 进度:  61.4% | 批次: 640/1,042 | 损失: 4.0132 | LR: 4.32e-07 | 速度: 0.063s/batch | ETA: 0.6min
2025-11-08 11:05:14,006 - INFO - 进度:  62.4% | 批次: 650/1,042 | 损失: 4.0126 | LR: 4.32e-07 | 速度: 0.064s/batch | ETA: 0.6min
2025-11-08 11:05:14,659 - INFO - 进度:  63.3% | 批次: 660/1,042 | 损失: 4.0120 | LR: 4.31e-07 | 速度: 0.065s/batch | ETA: 0.5min
2025-11-08 11:05:15,378 - INFO - 进度:  64.3% | 批次: 670/1,042 | 损失: 4.0116 | LR: 4.30e-07 | 速度: 0.071s/batch | ETA: 0.5min
2025-11-08 11:05:16,046 - INFO - 进度:  65.3% | 批次: 680/1,042 | 损失: 4.0110 | LR: 4.30e-07 | 速度: 0.066s/batch | ETA: 0.5min
2025-11-08 11:05:16,682 - INFO - 进度:  66.2% | 批次: 690/1,042 | 损失: 4.0102 | LR: 4.29e-07 | 速度: 0.063s/batch | ETA: 0.5min
2025-11-08 11:05:17,302 - INFO - 进度:  67.2% | 批次: 700/1,042 | 损失: 4.0097 | LR: 4.29e-07 | 速度: 0.062s/batch | ETA: 0.5min
2025-11-08 11:05:17,923 - INFO - 进度:  68.1% | 批次: 710/1,042 | 损失: 4.0092 | LR: 4.28e-07 | 速度: 0.062s/batch | ETA: 0.5min
2025-11-08 11:05:18,559 - INFO - 进度:  69.1% | 批次: 720/1,042 | 损失: 4.0085 | LR: 4.28e-07 | 速度: 0.063s/batch | ETA: 0.4min
2025-11-08 11:05:19,199 - INFO - 进度:  70.1% | 批次: 730/1,042 | 损失: 4.0081 | LR: 4.27e-07 | 速度: 0.064s/batch | ETA: 0.4min
2025-11-08 11:05:19,832 - INFO - 进度:  71.0% | 批次: 740/1,042 | 损失: 4.0074 | LR: 4.26e-07 | 速度: 0.063s/batch | ETA: 0.4min
2025-11-08 11:05:20,490 - INFO - 进度:  72.0% | 批次: 750/1,042 | 损失: 4.0067 | LR: 4.26e-07 | 速度: 0.065s/batch | ETA: 0.4min
2025-11-08 11:05:21,106 - INFO - 进度:  72.9% | 批次: 760/1,042 | 损失: 4.0061 | LR: 4.25e-07 | 速度: 0.061s/batch | ETA: 0.4min
2025-11-08 11:05:21,732 - INFO - 进度:  73.9% | 批次: 770/1,042 | 损失: 4.0055 | LR: 4.25e-07 | 速度: 0.062s/batch | ETA: 0.4min
2025-11-08 11:05:22,385 - INFO - 进度:  74.9% | 批次: 780/1,042 | 损失: 4.0049 | LR: 4.24e-07 | 速度: 0.065s/batch | ETA: 0.4min
2025-11-08 11:05:23,066 - INFO - 进度:  75.8% | 批次: 790/1,042 | 损失: 4.0042 | LR: 4.24e-07 | 速度: 0.068s/batch | ETA: 0.3min
2025-11-08 11:05:23,706 - INFO - 进度:  76.8% | 批次: 800/1,042 | 损失: 4.0038 | LR: 4.23e-07 | 速度: 0.063s/batch | ETA: 0.3min
2025-11-08 11:05:24,367 - INFO - 进度:  77.7% | 批次: 810/1,042 | 损失: 4.0030 | LR: 4.23e-07 | 速度: 0.066s/batch | ETA: 0.3min
2025-11-08 11:05:24,998 - INFO - 进度:  78.7% | 批次: 820/1,042 | 损失: 4.0025 | LR: 4.22e-07 | 速度: 0.063s/batch | ETA: 0.3min
2025-11-08 11:05:25,654 - INFO - 进度:  79.7% | 批次: 830/1,042 | 损失: 4.0020 | LR: 4.22e-07 | 速度: 0.065s/batch | ETA: 0.3min
2025-11-08 11:05:26,292 - INFO - 进度:  80.6% | 批次: 840/1,042 | 损失: 4.0011 | LR: 4.21e-07 | 速度: 0.064s/batch | ETA: 0.3min
2025-11-08 11:05:26,970 - INFO - 进度:  81.6% | 批次: 850/1,042 | 损失: 4.0006 | LR: 4.21e-07 | 速度: 0.067s/batch | ETA: 0.3min
2025-11-08 11:05:27,625 - INFO - 进度:  82.5% | 批次: 860/1,042 | 损失: 4.0001 | LR: 4.20e-07 | 速度: 0.065s/batch | ETA: 0.2min
2025-11-08 11:05:28,277 - INFO - 进度:  83.5% | 批次: 870/1,042 | 损失: 3.9995 | LR: 4.19e-07 | 速度: 0.065s/batch | ETA: 0.2min
2025-11-08 11:05:28,918 - INFO - 进度:  84.5% | 批次: 880/1,042 | 损失: 3.9990 | LR: 4.19e-07 | 速度: 0.064s/batch | ETA: 0.2min
2025-11-08 11:05:29,537 - INFO - 进度:  85.4% | 批次: 890/1,042 | 损失: 3.9983 | LR: 4.18e-07 | 速度: 0.062s/batch | ETA: 0.2min
2025-11-08 11:05:30,178 - INFO - 进度:  86.4% | 批次: 900/1,042 | 损失: 3.9977 | LR: 4.18e-07 | 速度: 0.063s/batch | ETA: 0.2min
2025-11-08 11:05:30,911 - INFO - 进度:  87.3% | 批次: 910/1,042 | 损失: 3.9973 | LR: 4.17e-07 | 速度: 0.073s/batch | ETA: 0.2min
2025-11-08 11:05:31,575 - INFO - 进度:  88.3% | 批次: 920/1,042 | 损失: 3.9968 | LR: 4.17e-07 | 速度: 0.066s/batch | ETA: 0.2min
2025-11-08 11:05:32,227 - INFO - 进度:  89.3% | 批次: 930/1,042 | 损失: 3.9962 | LR: 4.16e-07 | 速度: 0.065s/batch | ETA: 0.1min
2025-11-08 11:05:32,858 - INFO - 进度:  90.2% | 批次: 940/1,042 | 损失: 3.9956 | LR: 4.16e-07 | 速度: 0.062s/batch | ETA: 0.1min
2025-11-08 11:05:33,473 - INFO - 进度:  91.2% | 批次: 950/1,042 | 损失: 3.9951 | LR: 4.15e-07 | 速度: 0.061s/batch | ETA: 0.1min
2025-11-08 11:05:34,105 - INFO - 进度:  92.1% | 批次: 960/1,042 | 损失: 3.9947 | LR: 4.15e-07 | 速度: 0.063s/batch | ETA: 0.1min
2025-11-08 11:05:34,734 - INFO - 进度:  93.1% | 批次: 970/1,042 | 损失: 3.9940 | LR: 4.14e-07 | 速度: 0.063s/batch | ETA: 0.1min
2025-11-08 11:05:35,411 - INFO - 进度:  94.0% | 批次: 980/1,042 | 损失: 3.9935 | LR: 4.14e-07 | 速度: 0.068s/batch | ETA: 0.1min
2025-11-08 11:05:36,049 - INFO - 进度:  95.0% | 批次: 990/1,042 | 损失: 3.9930 | LR: 4.13e-07 | 速度: 0.064s/batch | ETA: 0.1min
2025-11-08 11:05:36,765 - INFO - 进度:  96.0% | 批次: 1,000/1,042 | 损失: 3.9923 | LR: 4.13e-07 | 速度: 0.071s/batch | ETA: 0.1min
2025-11-08 11:05:37,428 - INFO - 进度:  96.9% | 批次: 1,010/1,042 | 损失: 3.9919 | LR: 4.12e-07 | 速度: 0.066s/batch | ETA: 0.0min
2025-11-08 11:05:38,061 - INFO - 进度:  97.9% | 批次: 1,020/1,042 | 损失: 3.9914 | LR: 4.12e-07 | 速度: 0.063s/batch | ETA: 0.0min
2025-11-08 11:05:38,698 - INFO - 进度:  98.8% | 批次: 1,030/1,042 | 损失: 3.9907 | LR: 4.11e-07 | 速度: 0.063s/batch | ETA: 0.0min
2025-11-08 11:05:39,413 - INFO - 进度:  99.8% | 批次: 1,040/1,042 | 损失: 3.9903 | LR: 4.11e-07 | 速度: 0.071s/batch | ETA: 0.0min
2025-11-08 11:05:39,536 - INFO - 进度: 100.0% | 批次: 1,042/1,042 | 损失: 3.9902 | LR: 4.11e-07 | 速度: 0.070s/batch | ETA: 0.0min
2025-11-08 11:05:39,537 - INFO - Epoch 4 完成! | 平均损失: 3.9902 | 耗时: 1.3分钟 | 处理样本: 16,666 | 总批次: 1,042
2025-11-08 11:05:39,538 - INFO - 开始验证...
2025-11-08 11:05:41,590 - INFO - 验证完成! | 损失: 3.9404 | 困惑度: 51.44 | 耗时: 2.1秒 | 样本数: 1,936
2025-11-08 11:05:41,591 - INFO - Epoch 4 统计: 训练损失=3.9902, 验证损失=3.940429933800185, 耗时=1.4分钟, 累计耗时=6.5分钟
2025-11-08 11:05:42,597 - INFO - 结果已保存至 results/ablate_ffn/
2025-11-08 11:05:42,598 - INFO - 
============================================================
2025-11-08 11:05:42,598 - INFO - Epoch 5/5
2025-11-08 11:05:42,598 - INFO - ============================================================
2025-11-08 11:05:42,598 - INFO - Epoch 5/5: 开始训练 (1,042 批次)
2025-11-08 11:05:43,180 - INFO - 进度:   1.0% | 批次: 10/1,042 | 损失: 3.9278 | LR: 4.10e-07 | 速度: 0.058s/batch | ETA: 1.0min
2025-11-08 11:05:43,814 - INFO - 进度:   1.9% | 批次: 20/1,042 | 损失: 3.9224 | LR: 4.10e-07 | 速度: 0.063s/batch | ETA: 1.0min
2025-11-08 11:05:44,446 - INFO - 进度:   2.9% | 批次: 30/1,042 | 损失: 3.9212 | LR: 4.09e-07 | 速度: 0.063s/batch | ETA: 1.0min
2025-11-08 11:05:45,111 - INFO - 进度:   3.8% | 批次: 40/1,042 | 损失: 3.9228 | LR: 4.09e-07 | 速度: 0.066s/batch | ETA: 1.0min
2025-11-08 11:05:45,714 - INFO - 进度:   4.8% | 批次: 50/1,042 | 损失: 3.9236 | LR: 4.08e-07 | 速度: 0.060s/batch | ETA: 1.0min
2025-11-08 11:05:46,356 - INFO - 进度:   5.8% | 批次: 60/1,042 | 损失: 3.9248 | LR: 4.08e-07 | 速度: 0.064s/batch | ETA: 1.0min
2025-11-08 11:05:47,021 - INFO - 进度:   6.7% | 批次: 70/1,042 | 损失: 3.9263 | LR: 4.07e-07 | 速度: 0.066s/batch | ETA: 1.0min
2025-11-08 11:05:47,714 - INFO - 进度:   7.7% | 批次: 80/1,042 | 损失: 3.9254 | LR: 4.07e-07 | 速度: 0.069s/batch | ETA: 1.0min
2025-11-08 11:05:48,351 - INFO - 进度:   8.6% | 批次: 90/1,042 | 损失: 3.9259 | LR: 4.06e-07 | 速度: 0.063s/batch | ETA: 1.0min
2025-11-08 11:05:48,997 - INFO - 进度:   9.6% | 批次: 100/1,042 | 损失: 3.9252 | LR: 4.06e-07 | 速度: 0.064s/batch | ETA: 1.0min
2025-11-08 11:05:49,627 - INFO - 进度:  10.6% | 批次: 110/1,042 | 损失: 3.9254 | LR: 4.05e-07 | 速度: 0.063s/batch | ETA: 1.0min
2025-11-08 11:05:50,270 - INFO - 进度:  11.5% | 批次: 120/1,042 | 损失: 3.9256 | LR: 4.05e-07 | 速度: 0.064s/batch | ETA: 1.0min
2025-11-08 11:05:50,944 - INFO - 进度:  12.5% | 批次: 130/1,042 | 损失: 3.9259 | LR: 4.04e-07 | 速度: 0.067s/batch | ETA: 1.0min
2025-11-08 11:05:51,618 - INFO - 进度:  13.4% | 批次: 140/1,042 | 损失: 3.9248 | LR: 4.04e-07 | 速度: 0.067s/batch | ETA: 1.0min
2025-11-08 11:05:52,289 - INFO - 进度:  14.4% | 批次: 150/1,042 | 损失: 3.9254 | LR: 4.04e-07 | 速度: 0.067s/batch | ETA: 1.0min
2025-11-08 11:05:52,924 - INFO - 进度:  15.4% | 批次: 160/1,042 | 损失: 3.9255 | LR: 4.03e-07 | 速度: 0.063s/batch | ETA: 0.9min
2025-11-08 11:05:53,556 - INFO - 进度:  16.3% | 批次: 170/1,042 | 损失: 3.9243 | LR: 4.03e-07 | 速度: 0.063s/batch | ETA: 0.9min
2025-11-08 11:05:54,215 - INFO - 进度:  17.3% | 批次: 180/1,042 | 损失: 3.9236 | LR: 4.02e-07 | 速度: 0.065s/batch | ETA: 0.9min
2025-11-08 11:05:54,866 - INFO - 进度:  18.2% | 批次: 190/1,042 | 损失: 3.9229 | LR: 4.02e-07 | 速度: 0.065s/batch | ETA: 0.9min
2025-11-08 11:05:55,517 - INFO - 进度:  19.2% | 批次: 200/1,042 | 损失: 3.9225 | LR: 4.01e-07 | 速度: 0.065s/batch | ETA: 0.9min
2025-11-08 11:05:56,198 - INFO - 进度:  20.2% | 批次: 210/1,042 | 损失: 3.9221 | LR: 4.01e-07 | 速度: 0.068s/batch | ETA: 0.9min
2025-11-08 11:05:56,817 - INFO - 进度:  21.1% | 批次: 220/1,042 | 损失: 3.9222 | LR: 4.00e-07 | 速度: 0.061s/batch | ETA: 0.9min
2025-11-08 11:05:57,546 - INFO - 进度:  22.1% | 批次: 230/1,042 | 损失: 3.9213 | LR: 4.00e-07 | 速度: 0.072s/batch | ETA: 0.9min
2025-11-08 11:05:58,206 - INFO - 进度:  23.0% | 批次: 240/1,042 | 损失: 3.9210 | LR: 3.99e-07 | 速度: 0.065s/batch | ETA: 0.9min
2025-11-08 11:05:58,846 - INFO - 进度:  24.0% | 批次: 250/1,042 | 损失: 3.9203 | LR: 3.99e-07 | 速度: 0.064s/batch | ETA: 0.9min
2025-11-08 11:05:59,456 - INFO - 进度:  25.0% | 批次: 260/1,042 | 损失: 3.9197 | LR: 3.98e-07 | 速度: 0.061s/batch | ETA: 0.8min
2025-11-08 11:06:00,105 - INFO - 进度:  25.9% | 批次: 270/1,042 | 损失: 3.9186 | LR: 3.98e-07 | 速度: 0.065s/batch | ETA: 0.8min
2025-11-08 11:06:00,759 - INFO - 进度:  26.9% | 批次: 280/1,042 | 损失: 3.9180 | LR: 3.98e-07 | 速度: 0.065s/batch | ETA: 0.8min
2025-11-08 11:06:01,411 - INFO - 进度:  27.8% | 批次: 290/1,042 | 损失: 3.9180 | LR: 3.97e-07 | 速度: 0.065s/batch | ETA: 0.8min
2025-11-08 11:06:02,068 - INFO - 进度:  28.8% | 批次: 300/1,042 | 损失: 3.9179 | LR: 3.97e-07 | 速度: 0.065s/batch | ETA: 0.8min
2025-11-08 11:06:02,713 - INFO - 进度:  29.8% | 批次: 310/1,042 | 损失: 3.9176 | LR: 3.96e-07 | 速度: 0.064s/batch | ETA: 0.8min
2025-11-08 11:06:03,361 - INFO - 进度:  30.7% | 批次: 320/1,042 | 损失: 3.9169 | LR: 3.96e-07 | 速度: 0.064s/batch | ETA: 0.8min
2025-11-08 11:06:03,990 - INFO - 进度:  31.7% | 批次: 330/1,042 | 损失: 3.9164 | LR: 3.95e-07 | 速度: 0.063s/batch | ETA: 0.8min
2025-11-08 11:06:04,681 - INFO - 进度:  32.6% | 批次: 340/1,042 | 损失: 3.9165 | LR: 3.95e-07 | 速度: 0.069s/batch | ETA: 0.8min
2025-11-08 11:06:05,320 - INFO - 进度:  33.6% | 批次: 350/1,042 | 损失: 3.9162 | LR: 3.94e-07 | 速度: 0.064s/batch | ETA: 0.7min
2025-11-08 11:06:05,986 - INFO - 进度:  34.5% | 批次: 360/1,042 | 损失: 3.9161 | LR: 3.94e-07 | 速度: 0.066s/batch | ETA: 0.7min
2025-11-08 11:06:06,627 - INFO - 进度:  35.5% | 批次: 370/1,042 | 损失: 3.9156 | LR: 3.94e-07 | 速度: 0.064s/batch | ETA: 0.7min
2025-11-08 11:06:07,236 - INFO - 进度:  36.5% | 批次: 380/1,042 | 损失: 3.9147 | LR: 3.93e-07 | 速度: 0.060s/batch | ETA: 0.7min
2025-11-08 11:06:07,868 - INFO - 进度:  37.4% | 批次: 390/1,042 | 损失: 3.9144 | LR: 3.93e-07 | 速度: 0.063s/batch | ETA: 0.7min
2025-11-08 11:06:08,526 - INFO - 进度:  38.4% | 批次: 400/1,042 | 损失: 3.9136 | LR: 3.92e-07 | 速度: 0.066s/batch | ETA: 0.7min
2025-11-08 11:06:09,185 - INFO - 进度:  39.3% | 批次: 410/1,042 | 损失: 3.9135 | LR: 3.92e-07 | 速度: 0.066s/batch | ETA: 0.7min
2025-11-08 11:06:09,811 - INFO - 进度:  40.3% | 批次: 420/1,042 | 损失: 3.9131 | LR: 3.91e-07 | 速度: 0.062s/batch | ETA: 0.7min
2025-11-08 11:06:10,451 - INFO - 进度:  41.3% | 批次: 430/1,042 | 损失: 3.9126 | LR: 3.91e-07 | 速度: 0.064s/batch | ETA: 0.7min
2025-11-08 11:06:11,075 - INFO - 进度:  42.2% | 批次: 440/1,042 | 损失: 3.9120 | LR: 3.91e-07 | 速度: 0.062s/batch | ETA: 0.6min
2025-11-08 11:06:11,687 - INFO - 进度:  43.2% | 批次: 450/1,042 | 损失: 3.9112 | LR: 3.90e-07 | 速度: 0.061s/batch | ETA: 0.6min
2025-11-08 11:06:12,315 - INFO - 进度:  44.1% | 批次: 460/1,042 | 损失: 3.9106 | LR: 3.90e-07 | 速度: 0.062s/batch | ETA: 0.6min
2025-11-08 11:06:13,019 - INFO - 进度:  45.1% | 批次: 470/1,042 | 损失: 3.9102 | LR: 3.89e-07 | 速度: 0.070s/batch | ETA: 0.6min
2025-11-08 11:06:13,662 - INFO - 进度:  46.1% | 批次: 480/1,042 | 损失: 3.9097 | LR: 3.89e-07 | 速度: 0.064s/batch | ETA: 0.6min
2025-11-08 11:06:14,318 - INFO - 进度:  47.0% | 批次: 490/1,042 | 损失: 3.9096 | LR: 3.89e-07 | 速度: 0.065s/batch | ETA: 0.6min
2025-11-08 11:06:14,977 - INFO - 进度:  48.0% | 批次: 500/1,042 | 损失: 3.9091 | LR: 3.88e-07 | 速度: 0.066s/batch | ETA: 0.6min
2025-11-08 11:06:15,588 - INFO - 进度:  48.9% | 批次: 510/1,042 | 损失: 3.9090 | LR: 3.88e-07 | 速度: 0.061s/batch | ETA: 0.6min
2025-11-08 11:06:16,238 - INFO - 进度:  49.9% | 批次: 520/1,042 | 损失: 3.9083 | LR: 3.87e-07 | 速度: 0.065s/batch | ETA: 0.6min
2025-11-08 11:06:16,892 - INFO - 进度:  50.9% | 批次: 530/1,042 | 损失: 3.9075 | LR: 3.87e-07 | 速度: 0.065s/batch | ETA: 0.6min
2025-11-08 11:06:17,533 - INFO - 进度:  51.8% | 批次: 540/1,042 | 损失: 3.9067 | LR: 3.86e-07 | 速度: 0.064s/batch | ETA: 0.5min
2025-11-08 11:06:18,196 - INFO - 进度:  52.8% | 批次: 550/1,042 | 损失: 3.9063 | LR: 3.86e-07 | 速度: 0.066s/batch | ETA: 0.5min
2025-11-08 11:06:18,838 - INFO - 进度:  53.7% | 批次: 560/1,042 | 损失: 3.9057 | LR: 3.86e-07 | 速度: 0.064s/batch | ETA: 0.5min
2025-11-08 11:06:19,488 - INFO - 进度:  54.7% | 批次: 570/1,042 | 损失: 3.9051 | LR: 3.85e-07 | 速度: 0.065s/batch | ETA: 0.5min
2025-11-08 11:06:20,141 - INFO - 进度:  55.7% | 批次: 580/1,042 | 损失: 3.9046 | LR: 3.85e-07 | 速度: 0.065s/batch | ETA: 0.5min
2025-11-08 11:06:20,765 - INFO - 进度:  56.6% | 批次: 590/1,042 | 损失: 3.9040 | LR: 3.84e-07 | 速度: 0.062s/batch | ETA: 0.5min
2025-11-08 11:06:21,420 - INFO - 进度:  57.6% | 批次: 600/1,042 | 损失: 3.9035 | LR: 3.84e-07 | 速度: 0.065s/batch | ETA: 0.5min
2025-11-08 11:06:22,044 - INFO - 进度:  58.5% | 批次: 610/1,042 | 损失: 3.9031 | LR: 3.84e-07 | 速度: 0.062s/batch | ETA: 0.5min
2025-11-08 11:06:22,679 - INFO - 进度:  59.5% | 批次: 620/1,042 | 损失: 3.9027 | LR: 3.83e-07 | 速度: 0.063s/batch | ETA: 0.5min
2025-11-08 11:06:23,369 - INFO - 进度:  60.5% | 批次: 630/1,042 | 损失: 3.9020 | LR: 3.83e-07 | 速度: 0.069s/batch | ETA: 0.4min
2025-11-08 11:06:24,026 - INFO - 进度:  61.4% | 批次: 640/1,042 | 损失: 3.9014 | LR: 3.82e-07 | 速度: 0.065s/batch | ETA: 0.4min
2025-11-08 11:06:24,645 - INFO - 进度:  62.4% | 批次: 650/1,042 | 损失: 3.9009 | LR: 3.82e-07 | 速度: 0.061s/batch | ETA: 0.4min
2025-11-08 11:06:25,288 - INFO - 进度:  63.3% | 批次: 660/1,042 | 损失: 3.9003 | LR: 3.82e-07 | 速度: 0.064s/batch | ETA: 0.4min
2025-11-08 11:06:25,914 - INFO - 进度:  64.3% | 批次: 670/1,042 | 损失: 3.8998 | LR: 3.81e-07 | 速度: 0.062s/batch | ETA: 0.4min
2025-11-08 11:06:26,530 - INFO - 进度:  65.3% | 批次: 680/1,042 | 损失: 3.8991 | LR: 3.81e-07 | 速度: 0.061s/batch | ETA: 0.4min
2025-11-08 11:06:27,174 - INFO - 进度:  66.2% | 批次: 690/1,042 | 损失: 3.8985 | LR: 3.80e-07 | 速度: 0.064s/batch | ETA: 0.4min
2025-11-08 11:06:27,817 - INFO - 进度:  67.2% | 批次: 700/1,042 | 损失: 3.8978 | LR: 3.80e-07 | 速度: 0.064s/batch | ETA: 0.4min
2025-11-08 11:06:28,490 - INFO - 进度:  68.1% | 批次: 710/1,042 | 损失: 3.8974 | LR: 3.80e-07 | 速度: 0.067s/batch | ETA: 0.4min
2025-11-08 11:06:29,113 - INFO - 进度:  69.1% | 批次: 720/1,042 | 损失: 3.8969 | LR: 3.79e-07 | 速度: 0.062s/batch | ETA: 0.3min
2025-11-08 11:06:29,804 - INFO - 进度:  70.1% | 批次: 730/1,042 | 损失: 3.8965 | LR: 3.79e-07 | 速度: 0.069s/batch | ETA: 0.3min
2025-11-08 11:06:30,453 - INFO - 进度:  71.0% | 批次: 740/1,042 | 损失: 3.8959 | LR: 3.78e-07 | 速度: 0.064s/batch | ETA: 0.3min
2025-11-08 11:06:31,065 - INFO - 进度:  72.0% | 批次: 750/1,042 | 损失: 3.8956 | LR: 3.78e-07 | 速度: 0.061s/batch | ETA: 0.3min
2025-11-08 11:06:31,682 - INFO - 进度:  72.9% | 批次: 760/1,042 | 损失: 3.8950 | LR: 3.78e-07 | 速度: 0.061s/batch | ETA: 0.3min
2025-11-08 11:06:32,337 - INFO - 进度:  73.9% | 批次: 770/1,042 | 损失: 3.8945 | LR: 3.77e-07 | 速度: 0.065s/batch | ETA: 0.3min
2025-11-08 11:06:32,959 - INFO - 进度:  74.9% | 批次: 780/1,042 | 损失: 3.8942 | LR: 3.77e-07 | 速度: 0.061s/batch | ETA: 0.3min
2025-11-08 11:06:33,622 - INFO - 进度:  75.8% | 批次: 790/1,042 | 损失: 3.8936 | LR: 3.77e-07 | 速度: 0.066s/batch | ETA: 0.3min
2025-11-08 11:06:34,252 - INFO - 进度:  76.8% | 批次: 800/1,042 | 损失: 3.8931 | LR: 3.76e-07 | 速度: 0.063s/batch | ETA: 0.3min
2025-11-08 11:06:34,887 - INFO - 进度:  77.7% | 批次: 810/1,042 | 损失: 3.8926 | LR: 3.76e-07 | 速度: 0.063s/batch | ETA: 0.2min
2025-11-08 11:06:35,498 - INFO - 进度:  78.7% | 批次: 820/1,042 | 损失: 3.8920 | LR: 3.75e-07 | 速度: 0.061s/batch | ETA: 0.2min
2025-11-08 11:06:36,128 - INFO - 进度:  79.7% | 批次: 830/1,042 | 损失: 3.8912 | LR: 3.75e-07 | 速度: 0.062s/batch | ETA: 0.2min
2025-11-08 11:06:36,763 - INFO - 进度:  80.6% | 批次: 840/1,042 | 损失: 3.8908 | LR: 3.75e-07 | 速度: 0.063s/batch | ETA: 0.2min
2025-11-08 11:06:37,413 - INFO - 进度:  81.6% | 批次: 850/1,042 | 损失: 3.8903 | LR: 3.74e-07 | 速度: 0.064s/batch | ETA: 0.2min
2025-11-08 11:06:38,103 - INFO - 进度:  82.5% | 批次: 860/1,042 | 损失: 3.8898 | LR: 3.74e-07 | 速度: 0.069s/batch | ETA: 0.2min
2025-11-08 11:06:38,774 - INFO - 进度:  83.5% | 批次: 870/1,042 | 损失: 3.8893 | LR: 3.74e-07 | 速度: 0.067s/batch | ETA: 0.2min
2025-11-08 11:06:39,415 - INFO - 进度:  84.5% | 批次: 880/1,042 | 损失: 3.8889 | LR: 3.73e-07 | 速度: 0.064s/batch | ETA: 0.2min
2025-11-08 11:06:40,047 - INFO - 进度:  85.4% | 批次: 890/1,042 | 损失: 3.8883 | LR: 3.73e-07 | 速度: 0.063s/batch | ETA: 0.2min
2025-11-08 11:06:40,677 - INFO - 进度:  86.4% | 批次: 900/1,042 | 损失: 3.8879 | LR: 3.72e-07 | 速度: 0.063s/batch | ETA: 0.2min
2025-11-08 11:06:41,328 - INFO - 进度:  87.3% | 批次: 910/1,042 | 损失: 3.8874 | LR: 3.72e-07 | 速度: 0.065s/batch | ETA: 0.1min
2025-11-08 11:06:41,990 - INFO - 进度:  88.3% | 批次: 920/1,042 | 损失: 3.8869 | LR: 3.72e-07 | 速度: 0.066s/batch | ETA: 0.1min
2025-11-08 11:06:42,648 - INFO - 进度:  89.3% | 批次: 930/1,042 | 损失: 3.8864 | LR: 3.71e-07 | 速度: 0.066s/batch | ETA: 0.1min
2025-11-08 11:06:43,299 - INFO - 进度:  90.2% | 批次: 940/1,042 | 损失: 3.8858 | LR: 3.71e-07 | 速度: 0.065s/batch | ETA: 0.1min
2025-11-08 11:06:43,965 - INFO - 进度:  91.2% | 批次: 950/1,042 | 损失: 3.8853 | LR: 3.71e-07 | 速度: 0.066s/batch | ETA: 0.1min
2025-11-08 11:06:44,621 - INFO - 进度:  92.1% | 批次: 960/1,042 | 损失: 3.8850 | LR: 3.70e-07 | 速度: 0.065s/batch | ETA: 0.1min
2025-11-08 11:06:45,270 - INFO - 进度:  93.1% | 批次: 970/1,042 | 损失: 3.8845 | LR: 3.70e-07 | 速度: 0.065s/batch | ETA: 0.1min
2025-11-08 11:06:45,914 - INFO - 进度:  94.0% | 批次: 980/1,042 | 损失: 3.8841 | LR: 3.70e-07 | 速度: 0.064s/batch | ETA: 0.1min
2025-11-08 11:06:46,579 - INFO - 进度:  95.0% | 批次: 990/1,042 | 损失: 3.8837 | LR: 3.69e-07 | 速度: 0.066s/batch | ETA: 0.1min
2025-11-08 11:06:47,259 - INFO - 进度:  96.0% | 批次: 1,000/1,042 | 损失: 3.8832 | LR: 3.69e-07 | 速度: 0.068s/batch | ETA: 0.0min
2025-11-08 11:06:47,905 - INFO - 进度:  96.9% | 批次: 1,010/1,042 | 损失: 3.8828 | LR: 3.68e-07 | 速度: 0.064s/batch | ETA: 0.0min
2025-11-08 11:06:48,544 - INFO - 进度:  97.9% | 批次: 1,020/1,042 | 损失: 3.8823 | LR: 3.68e-07 | 速度: 0.063s/batch | ETA: 0.0min
2025-11-08 11:06:49,181 - INFO - 进度:  98.8% | 批次: 1,030/1,042 | 损失: 3.8817 | LR: 3.68e-07 | 速度: 0.063s/batch | ETA: 0.0min
2025-11-08 11:06:49,784 - INFO - 进度:  99.8% | 批次: 1,040/1,042 | 损失: 3.8812 | LR: 3.67e-07 | 速度: 0.060s/batch | ETA: 0.0min
2025-11-08 11:06:49,885 - INFO - 进度: 100.0% | 批次: 1,042/1,042 | 损失: 3.8811 | LR: 3.67e-07 | 速度: 0.058s/batch | ETA: 0.0min
2025-11-08 11:06:49,885 - INFO - Epoch 5 完成! | 平均损失: 3.8811 | 耗时: 1.1分钟 | 处理样本: 16,666 | 总批次: 1,042
2025-11-08 11:06:49,886 - INFO - 开始验证...
2025-11-08 11:06:51,975 - INFO - 验证完成! | 损失: 3.8376 | 困惑度: 46.41 | 耗时: 2.1秒 | 样本数: 1,936
2025-11-08 11:06:51,975 - INFO - Epoch 5 统计: 训练损失=3.8811, 验证损失=3.837580956703375, 耗时=1.2分钟, 累计耗时=7.6分钟
2025-11-08 11:06:53,052 - INFO - 结果已保存至 results/ablate_ffn/
2025-11-08 11:06:53,053 - INFO - 
训练完成! 总耗时: 7.7分钟, 最终训练损失: 3.8811
2025-11-08 11:06:53,053 - INFO - 最终验证损失: 3.8376, 困惑度: 46.41
2025-11-08 11:06:53,053 - INFO - 实验报告已保存至 results/ablate_ffn/training_report.txt
