2025-11-08 09:16:24,288 - INFO - 使用设备: cpu
2025-11-08 09:16:24,289 - INFO - 开始完整数据训练
2025-11-08 09:16:24,289 - INFO - 配置: d_model=128, batch_size=16, epochs=5
2025-11-08 09:16:24,289 - INFO - 加载完整数据集...
2025-11-08 09:16:24,438 - INFO - 数据集加载完成!
2025-11-08 09:16:24,439 - INFO - 训练批次: 1,100
2025-11-08 09:16:24,439 - INFO - 验证批次: 138,293
2025-11-08 09:16:24,439 - INFO - 词汇表大小: 65
2025-11-08 09:16:24,440 - INFO - 初始化Transformer模型...
2025-11-08 09:16:24,493 - INFO - 
============================================================
2025-11-08 09:16:24,494 - INFO - Epoch 1/5
2025-11-08 09:16:24,494 - INFO - ============================================================
2025-11-08 09:16:24,495 - INFO - Epoch 1/5: 开始完整训练 (1,100 批次)
2025-11-08 09:16:26,699 - INFO - 进度:   1.0% | 批次: 11/1,100 | 损失: 4.3392 | LR: 1.15e-09 | 速度: 0.193s/batch | ETA: 3.6min
2025-11-08 09:16:28,745 - INFO - 进度:   2.0% | 批次: 22/1,100 | 损失: 4.3408 | LR: 2.31e-09 | 速度: 0.186s/batch | ETA: 3.5min
2025-11-08 09:16:30,900 - INFO - 进度:   3.0% | 批次: 33/1,100 | 损失: 4.3415 | LR: 3.46e-09 | 速度: 0.195s/batch | ETA: 3.5min
2025-11-08 09:16:33,052 - INFO - 进度:   4.0% | 批次: 44/1,100 | 损失: 4.3418 | LR: 4.61e-09 | 速度: 0.197s/batch | ETA: 3.4min
2025-11-08 09:16:35,234 - INFO - 进度:   5.0% | 批次: 55/1,100 | 损失: 4.3418 | LR: 5.76e-09 | 速度: 0.198s/batch | ETA: 3.4min
2025-11-08 09:16:37,344 - INFO - 进度:   6.0% | 批次: 66/1,100 | 损失: 4.3419 | LR: 6.92e-09 | 速度: 0.193s/batch | ETA: 3.4min
2025-11-08 09:16:39,527 - INFO - 进度:   7.0% | 批次: 77/1,100 | 损失: 4.3418 | LR: 8.07e-09 | 速度: 0.200s/batch | ETA: 3.3min
2025-11-08 09:16:41,850 - INFO - 进度:   8.0% | 批次: 88/1,100 | 损失: 4.3407 | LR: 9.22e-09 | 速度: 0.211s/batch | ETA: 3.3min
2025-11-08 09:16:44,312 - INFO - 进度:   9.0% | 批次: 99/1,100 | 损失: 4.3406 | LR: 1.04e-08 | 速度: 0.218s/batch | ETA: 3.3min
2025-11-08 09:16:46,692 - INFO - 进度:  10.0% | 批次: 110/1,100 | 损失: 4.3407 | LR: 1.15e-08 | 速度: 0.217s/batch | ETA: 3.3min
2025-11-08 09:16:49,368 - INFO - 进度:  11.0% | 批次: 121/1,100 | 损失: 4.3409 | LR: 1.27e-08 | 速度: 0.242s/batch | ETA: 3.4min
2025-11-08 09:16:51,890 - INFO - 进度:  12.0% | 批次: 132/1,100 | 损失: 4.3416 | LR: 1.38e-08 | 速度: 0.227s/batch | ETA: 3.3min
2025-11-08 09:16:54,623 - INFO - 进度:  13.0% | 批次: 143/1,100 | 损失: 4.3423 | LR: 1.50e-08 | 速度: 0.250s/batch | ETA: 3.4min
2025-11-08 09:16:57,306 - INFO - 进度:  14.0% | 批次: 154/1,100 | 损失: 4.3430 | LR: 1.61e-08 | 速度: 0.239s/batch | ETA: 3.4min
2025-11-08 09:16:59,813 - INFO - 进度:  15.0% | 批次: 165/1,100 | 损失: 4.3432 | LR: 1.73e-08 | 速度: 0.229s/batch | ETA: 3.3min
2025-11-08 09:17:02,380 - INFO - 进度:  16.0% | 批次: 176/1,100 | 损失: 4.3431 | LR: 1.84e-08 | 速度: 0.234s/batch | ETA: 3.3min
2025-11-08 09:17:05,025 - INFO - 进度:  17.0% | 批次: 187/1,100 | 损失: 4.3438 | LR: 1.96e-08 | 速度: 0.240s/batch | ETA: 3.3min
2025-11-08 09:17:07,335 - INFO - 进度:  18.0% | 批次: 198/1,100 | 损失: 4.3437 | LR: 2.08e-08 | 速度: 0.208s/batch | ETA: 3.3min
2025-11-08 09:17:09,726 - INFO - 进度:  19.0% | 批次: 209/1,100 | 损失: 4.3439 | LR: 2.19e-08 | 速度: 0.216s/batch | ETA: 3.2min
2025-11-08 09:17:12,047 - INFO - 进度:  20.0% | 批次: 220/1,100 | 损失: 4.3441 | LR: 2.31e-08 | 速度: 0.210s/batch | ETA: 3.2min
2025-11-08 09:17:14,489 - INFO - 进度:  21.0% | 批次: 231/1,100 | 损失: 4.3439 | LR: 2.42e-08 | 速度: 0.224s/batch | ETA: 3.1min
2025-11-08 09:17:16,906 - INFO - 进度:  22.0% | 批次: 242/1,100 | 损失: 4.3432 | LR: 2.54e-08 | 速度: 0.219s/batch | ETA: 3.1min
2025-11-08 09:17:19,250 - INFO - 进度:  23.0% | 批次: 253/1,100 | 损失: 4.3427 | LR: 2.65e-08 | 速度: 0.213s/batch | ETA: 3.1min
2025-11-08 09:17:21,596 - INFO - 进度:  24.0% | 批次: 264/1,100 | 损失: 4.3426 | LR: 2.77e-08 | 速度: 0.213s/batch | ETA: 3.0min
2025-11-08 09:17:23,846 - INFO - 进度:  25.0% | 批次: 275/1,100 | 损失: 4.3421 | LR: 2.88e-08 | 速度: 0.204s/batch | ETA: 3.0min
2025-11-08 09:17:26,082 - INFO - 进度:  26.0% | 批次: 286/1,100 | 损失: 4.3421 | LR: 3.00e-08 | 速度: 0.202s/batch | ETA: 2.9min
2025-11-08 09:17:28,417 - INFO - 进度:  27.0% | 批次: 297/1,100 | 损失: 4.3417 | LR: 3.11e-08 | 速度: 0.212s/batch | ETA: 2.9min
2025-11-08 09:17:30,997 - INFO - 进度:  28.0% | 批次: 308/1,100 | 损失: 4.3417 | LR: 3.23e-08 | 速度: 0.232s/batch | ETA: 2.9min
2025-11-08 09:17:33,537 - INFO - 进度:  29.0% | 批次: 319/1,100 | 损失: 4.3419 | LR: 3.34e-08 | 速度: 0.231s/batch | ETA: 2.8min
2025-11-08 09:17:35,910 - INFO - 进度:  30.0% | 批次: 330/1,100 | 损失: 4.3417 | LR: 3.46e-08 | 速度: 0.214s/batch | ETA: 2.8min
2025-11-08 09:17:38,515 - INFO - 进度:  31.0% | 批次: 341/1,100 | 损失: 4.3414 | LR: 3.57e-08 | 速度: 0.241s/batch | ETA: 2.7min
2025-11-08 09:17:41,269 - INFO - 进度:  32.0% | 批次: 352/1,100 | 损失: 4.3414 | LR: 3.69e-08 | 速度: 0.252s/batch | ETA: 2.7min
2025-11-08 09:17:43,632 - INFO - 进度:  33.0% | 批次: 363/1,100 | 损失: 4.3411 | LR: 3.80e-08 | 速度: 0.213s/batch | ETA: 2.7min
2025-11-08 09:17:46,207 - INFO - 进度:  34.0% | 批次: 374/1,100 | 损失: 4.3406 | LR: 3.92e-08 | 速度: 0.234s/batch | ETA: 2.6min
2025-11-08 09:17:48,610 - INFO - 进度:  35.0% | 批次: 385/1,100 | 损失: 4.3405 | LR: 4.04e-08 | 速度: 0.218s/batch | ETA: 2.6min
2025-11-08 09:17:51,738 - INFO - 进度:  36.0% | 批次: 396/1,100 | 损失: 4.3402 | LR: 4.15e-08 | 速度: 0.290s/batch | ETA: 2.6min
2025-11-08 09:17:54,159 - INFO - 进度:  37.0% | 批次: 407/1,100 | 损失: 4.3399 | LR: 4.27e-08 | 速度: 0.218s/batch | ETA: 2.5min
2025-11-08 09:17:56,448 - INFO - 进度:  38.0% | 批次: 418/1,100 | 损失: 4.3396 | LR: 4.38e-08 | 速度: 0.205s/batch | ETA: 2.5min
2025-11-08 09:17:58,672 - INFO - 进度:  39.0% | 批次: 429/1,100 | 损失: 4.3394 | LR: 4.50e-08 | 速度: 0.203s/batch | ETA: 2.5min
2025-11-08 09:18:00,885 - INFO - 进度:  40.0% | 批次: 440/1,100 | 损失: 4.3392 | LR: 4.61e-08 | 速度: 0.200s/batch | ETA: 2.4min
2025-11-08 09:18:03,278 - INFO - 进度:  41.0% | 批次: 451/1,100 | 损失: 4.3390 | LR: 4.73e-08 | 速度: 0.219s/batch | ETA: 2.4min
2025-11-08 09:18:05,578 - INFO - 进度:  42.0% | 批次: 462/1,100 | 损失: 4.3388 | LR: 4.84e-08 | 速度: 0.208s/batch | ETA: 2.3min
2025-11-08 09:18:07,946 - INFO - 进度:  43.0% | 批次: 473/1,100 | 损失: 4.3385 | LR: 4.96e-08 | 速度: 0.215s/batch | ETA: 2.3min
2025-11-08 09:18:10,263 - INFO - 进度:  44.0% | 批次: 484/1,100 | 损失: 4.3381 | LR: 5.07e-08 | 速度: 0.211s/batch | ETA: 2.2min
2025-11-08 09:18:12,517 - INFO - 进度:  45.0% | 批次: 495/1,100 | 损失: 4.3379 | LR: 5.19e-08 | 速度: 0.203s/batch | ETA: 2.2min
2025-11-08 09:18:14,866 - INFO - 进度:  46.0% | 批次: 506/1,100 | 损失: 4.3375 | LR: 5.30e-08 | 速度: 0.215s/batch | ETA: 2.2min
2025-11-08 09:18:18,107 - INFO - 进度:  47.0% | 批次: 517/1,100 | 损失: 4.3375 | LR: 5.42e-08 | 速度: 0.299s/batch | ETA: 2.1min
2025-11-08 09:18:20,605 - INFO - 进度:  48.0% | 批次: 528/1,100 | 损失: 4.3373 | LR: 5.53e-08 | 速度: 0.227s/batch | ETA: 2.1min
2025-11-08 09:18:23,531 - INFO - 进度:  49.0% | 批次: 539/1,100 | 损失: 4.3370 | LR: 5.65e-08 | 速度: 0.266s/batch | ETA: 2.1min
2025-11-08 09:18:25,858 - INFO - 进度:  50.0% | 批次: 550/1,100 | 损失: 4.3367 | LR: 5.76e-08 | 速度: 0.212s/batch | ETA: 2.0min
2025-11-08 09:18:28,341 - INFO - 进度:  51.0% | 批次: 561/1,100 | 损失: 4.3364 | LR: 5.88e-08 | 速度: 0.226s/batch | ETA: 2.0min
2025-11-08 09:18:30,808 - INFO - 进度:  52.0% | 批次: 572/1,100 | 损失: 4.3362 | LR: 6.00e-08 | 速度: 0.223s/batch | ETA: 1.9min
2025-11-08 09:18:33,330 - INFO - 进度:  53.0% | 批次: 583/1,100 | 损失: 4.3360 | LR: 6.11e-08 | 速度: 0.229s/batch | ETA: 1.9min
2025-11-08 09:18:36,238 - INFO - 进度:  54.0% | 批次: 594/1,100 | 损失: 4.3355 | LR: 6.23e-08 | 速度: 0.264s/batch | ETA: 1.9min
2025-11-08 09:18:38,895 - INFO - 进度:  55.0% | 批次: 605/1,100 | 损失: 4.3353 | LR: 6.34e-08 | 速度: 0.240s/batch | ETA: 1.8min
2025-11-08 09:18:41,281 - INFO - 进度:  56.0% | 批次: 616/1,100 | 损失: 4.3351 | LR: 6.46e-08 | 速度: 0.218s/batch | ETA: 1.8min
2025-11-08 09:18:43,667 - INFO - 进度:  57.0% | 批次: 627/1,100 | 损失: 4.3350 | LR: 6.57e-08 | 速度: 0.216s/batch | ETA: 1.7min
2025-11-08 09:18:45,938 - INFO - 进度:  58.0% | 批次: 638/1,100 | 损失: 4.3346 | LR: 6.69e-08 | 速度: 0.207s/batch | ETA: 1.7min
2025-11-08 09:18:48,498 - INFO - 进度:  59.0% | 批次: 649/1,100 | 损失: 4.3343 | LR: 6.80e-08 | 速度: 0.231s/batch | ETA: 1.7min
2025-11-08 09:18:51,011 - INFO - 进度:  60.0% | 批次: 660/1,100 | 损失: 4.3341 | LR: 6.92e-08 | 速度: 0.225s/batch | ETA: 1.6min
2025-11-08 09:18:53,706 - INFO - 进度:  61.0% | 批次: 671/1,100 | 损失: 4.3339 | LR: 7.03e-08 | 速度: 0.248s/batch | ETA: 1.6min
2025-11-08 09:18:56,204 - INFO - 进度:  62.0% | 批次: 682/1,100 | 损失: 4.3335 | LR: 7.15e-08 | 速度: 0.224s/batch | ETA: 1.5min
2025-11-08 09:18:59,051 - INFO - 进度:  63.0% | 批次: 693/1,100 | 损失: 4.3333 | LR: 7.26e-08 | 速度: 0.258s/batch | ETA: 1.5min
2025-11-08 09:19:01,768 - INFO - 进度:  64.0% | 批次: 704/1,100 | 损失: 4.3329 | LR: 7.38e-08 | 速度: 0.242s/batch | ETA: 1.5min
2025-11-08 09:19:04,372 - INFO - 进度:  65.0% | 批次: 715/1,100 | 损失: 4.3327 | LR: 7.49e-08 | 速度: 0.233s/batch | ETA: 1.4min
2025-11-08 09:19:06,855 - INFO - 进度:  66.0% | 批次: 726/1,100 | 损失: 4.3324 | LR: 7.61e-08 | 速度: 0.224s/batch | ETA: 1.4min
2025-11-08 09:19:09,573 - INFO - 进度:  67.0% | 批次: 737/1,100 | 损失: 4.3322 | LR: 7.72e-08 | 速度: 0.248s/batch | ETA: 1.4min
2025-11-08 09:19:12,457 - INFO - 进度:  68.0% | 批次: 748/1,100 | 损失: 4.3319 | LR: 7.84e-08 | 速度: 0.261s/batch | ETA: 1.3min
2025-11-08 09:19:15,104 - INFO - 进度:  69.0% | 批次: 759/1,100 | 损失: 4.3316 | LR: 7.96e-08 | 速度: 0.242s/batch | ETA: 1.3min
2025-11-08 09:19:17,852 - INFO - 进度:  70.0% | 批次: 770/1,100 | 损失: 4.3313 | LR: 8.07e-08 | 速度: 0.248s/batch | ETA: 1.2min
2025-11-08 09:19:20,658 - INFO - 进度:  71.0% | 批次: 781/1,100 | 损失: 4.3309 | LR: 8.19e-08 | 速度: 0.250s/batch | ETA: 1.2min
2025-11-08 09:19:23,526 - INFO - 进度:  72.0% | 批次: 792/1,100 | 损失: 4.3304 | LR: 8.30e-08 | 速度: 0.264s/batch | ETA: 1.2min
2025-11-08 09:19:26,356 - INFO - 进度:  73.0% | 批次: 803/1,100 | 损失: 4.3300 | LR: 8.42e-08 | 速度: 0.256s/batch | ETA: 1.1min
2025-11-08 09:19:29,229 - INFO - 进度:  74.0% | 批次: 814/1,100 | 损失: 4.3296 | LR: 8.53e-08 | 速度: 0.260s/batch | ETA: 1.1min
2025-11-08 09:19:32,349 - INFO - 进度:  75.0% | 批次: 825/1,100 | 损失: 4.3292 | LR: 8.65e-08 | 速度: 0.283s/batch | ETA: 1.0min
2025-11-08 09:19:35,845 - INFO - 进度:  76.0% | 批次: 836/1,100 | 损失: 4.3290 | LR: 8.76e-08 | 速度: 0.320s/batch | ETA: 1.0min
2025-11-08 09:19:39,261 - INFO - 进度:  77.0% | 批次: 847/1,100 | 损失: 4.3287 | LR: 8.88e-08 | 速度: 0.308s/batch | ETA: 1.0min
2025-11-08 09:19:42,244 - INFO - 进度:  78.0% | 批次: 858/1,100 | 损失: 4.3283 | LR: 8.99e-08 | 速度: 0.267s/batch | ETA: 0.9min
2025-11-08 09:19:45,021 - INFO - 进度:  79.0% | 批次: 869/1,100 | 损失: 4.3280 | LR: 9.11e-08 | 速度: 0.253s/batch | ETA: 0.9min
2025-11-08 09:19:47,810 - INFO - 进度:  80.0% | 批次: 880/1,100 | 损失: 4.3276 | LR: 9.22e-08 | 速度: 0.252s/batch | ETA: 0.8min
2025-11-08 09:19:50,673 - INFO - 进度:  81.0% | 批次: 891/1,100 | 损失: 4.3273 | LR: 9.34e-08 | 速度: 0.261s/batch | ETA: 0.8min
2025-11-08 09:19:53,687 - INFO - 进度:  82.0% | 批次: 902/1,100 | 损失: 4.3270 | LR: 9.45e-08 | 速度: 0.276s/batch | ETA: 0.8min
2025-11-08 09:19:56,461 - INFO - 进度:  83.0% | 批次: 913/1,100 | 损失: 4.3265 | LR: 9.57e-08 | 速度: 0.252s/batch | ETA: 0.7min
2025-11-08 09:19:59,316 - INFO - 进度:  84.0% | 批次: 924/1,100 | 损失: 4.3260 | LR: 9.68e-08 | 速度: 0.258s/batch | ETA: 0.7min
2025-11-08 09:20:02,368 - INFO - 进度:  85.0% | 批次: 935/1,100 | 损失: 4.3256 | LR: 9.80e-08 | 速度: 0.278s/batch | ETA: 0.6min
2025-11-08 09:20:05,172 - INFO - 进度:  86.0% | 批次: 946/1,100 | 损失: 4.3252 | LR: 9.92e-08 | 速度: 0.251s/batch | ETA: 0.6min
2025-11-08 09:20:07,983 - INFO - 进度:  87.0% | 批次: 957/1,100 | 损失: 4.3246 | LR: 1.00e-07 | 速度: 0.252s/batch | ETA: 0.6min
2025-11-08 09:20:10,951 - INFO - 进度:  88.0% | 批次: 968/1,100 | 损失: 4.3242 | LR: 1.01e-07 | 速度: 0.269s/batch | ETA: 0.5min
2025-11-08 09:20:13,908 - INFO - 进度:  89.0% | 批次: 979/1,100 | 损失: 4.3238 | LR: 1.03e-07 | 速度: 0.267s/batch | ETA: 0.5min
2025-11-08 09:20:16,906 - INFO - 进度:  90.0% | 批次: 990/1,100 | 损失: 4.3232 | LR: 1.04e-07 | 速度: 0.269s/batch | ETA: 0.4min
2025-11-08 09:20:19,748 - INFO - 进度:  91.0% | 批次: 1,001/1,100 | 损失: 4.3227 | LR: 1.05e-07 | 速度: 0.257s/batch | ETA: 0.4min
2025-11-08 09:20:22,444 - INFO - 进度:  92.0% | 批次: 1,012/1,100 | 损失: 4.3222 | LR: 1.06e-07 | 速度: 0.245s/batch | ETA: 0.3min
2025-11-08 09:20:25,373 - INFO - 进度:  93.0% | 批次: 1,023/1,100 | 损失: 4.3218 | LR: 1.07e-07 | 速度: 0.264s/batch | ETA: 0.3min
2025-11-08 09:20:28,347 - INFO - 进度:  94.0% | 批次: 1,034/1,100 | 损失: 4.3214 | LR: 1.08e-07 | 速度: 0.269s/batch | ETA: 0.3min
2025-11-08 09:20:31,068 - INFO - 进度:  95.0% | 批次: 1,045/1,100 | 损失: 4.3209 | LR: 1.10e-07 | 速度: 0.247s/batch | ETA: 0.2min
2025-11-08 09:20:33,874 - INFO - 进度:  96.0% | 批次: 1,056/1,100 | 损失: 4.3204 | LR: 1.11e-07 | 速度: 0.254s/batch | ETA: 0.2min
2025-11-08 09:20:36,801 - INFO - 进度:  97.0% | 批次: 1,067/1,100 | 损失: 4.3199 | LR: 1.12e-07 | 速度: 0.266s/batch | ETA: 0.1min
2025-11-08 09:20:40,546 - INFO - 进度:  98.0% | 批次: 1,078/1,100 | 损失: 4.3193 | LR: 1.13e-07 | 速度: 0.345s/batch | ETA: 0.1min
2025-11-08 09:20:44,091 - INFO - 进度:  99.0% | 批次: 1,089/1,100 | 损失: 4.3188 | LR: 1.14e-07 | 速度: 0.317s/batch | ETA: 0.0min
2025-11-08 09:20:47,006 - INFO - 进度: 100.0% | 批次: 1,100/1,100 | 损失: 4.3184 | LR: 1.15e-07 | 速度: 0.260s/batch | ETA: 0.0min
2025-11-08 09:20:47,006 - INFO - Epoch 1 完成! | 平均损失: 4.3184 | 耗时: 4.4分钟 | 处理样本: 8,795 | 总批次: 1,100
2025-11-08 09:20:47,008 - INFO - 开始验证...
2025-11-08 09:20:56,719 - INFO - 验证进度: 100/138293 批次
2025-11-08 09:21:06,618 - INFO - 验证进度: 200/138293 批次
2025-11-08 09:21:16,566 - INFO - 验证进度: 300/138293 批次
2025-11-08 09:21:28,202 - INFO - 验证进度: 400/138293 批次
2025-11-08 09:21:40,348 - INFO - 验证进度: 500/138293 批次
2025-11-08 09:21:51,625 - INFO - 验证进度: 600/138293 批次
2025-11-08 09:22:02,961 - INFO - 验证进度: 700/138293 批次
2025-11-08 09:22:14,125 - INFO - 验证进度: 800/138293 批次
2025-11-08 09:22:24,279 - INFO - 验证进度: 900/138293 批次
2025-11-08 09:22:34,802 - INFO - 验证进度: 1000/138293 批次
2025-11-08 09:22:46,251 - INFO - 验证进度: 1100/138293 批次
2025-11-08 09:22:58,249 - INFO - 验证进度: 1200/138293 批次
2025-11-08 09:23:09,455 - INFO - 验证进度: 1300/138293 批次
2025-11-08 09:23:23,495 - INFO - 验证进度: 1400/138293 批次
2025-11-08 09:23:37,785 - INFO - 验证进度: 1500/138293 批次
2025-11-08 09:23:51,270 - INFO - 验证进度: 1600/138293 批次
2025-11-08 09:24:04,107 - INFO - 验证进度: 1700/138293 批次
2025-11-08 09:29:20,801 - INFO - 使用设备: cpu
2025-11-08 09:29:20,802 - INFO - 实验配置: d_model=128, batch_size=16, epochs=5
2025-11-08 09:29:20,802 - INFO - 加载数据集...
2025-11-08 09:29:20,930 - INFO - 训练批次: 68,310, 验证批次: 117, 词汇表大小: 65
2025-11-08 09:29:20,930 - INFO - 初始化模型...
2025-11-08 09:29:20,941 - INFO - 
============================================================
2025-11-08 09:29:20,941 - INFO - Epoch 1/5
2025-11-08 09:29:20,941 - INFO - ============================================================
2025-11-08 09:29:20,942 - INFO - Epoch 1/5: 开始训练 (68,310 批次)
2025-11-08 09:31:12,815 - INFO - 使用设备: cpu
2025-11-08 09:31:12,815 - INFO - 实验配置: d_model=128, batch_size=16, epochs=5
2025-11-08 09:31:12,815 - INFO - 加载数据集...
2025-11-08 09:31:12,944 - INFO - 训练批次: 341, 验证批次: 117, 词汇表大小: 65
2025-11-08 09:31:12,945 - INFO - 初始化模型...
2025-11-08 09:31:12,956 - INFO - 
============================================================
2025-11-08 09:31:12,956 - INFO - Epoch 1/5
2025-11-08 09:31:12,956 - INFO - ============================================================
2025-11-08 09:31:12,956 - INFO - Epoch 1/5: 开始训练 (341 批次)
2025-11-08 09:31:13,566 - INFO - 进度:   0.9% | 批次: 3/341 | 损失: 4.4142 | LR: 8.89e-10 | 速度: 0.206s/batch | ETA: 1.1min
2025-11-08 09:31:14,143 - INFO - 进度:   1.8% | 批次: 6/341 | 损失: 4.4207 | LR: 1.78e-09 | 速度: 0.189s/batch | ETA: 1.1min
2025-11-08 09:31:14,719 - INFO - 进度:   2.6% | 批次: 9/341 | 损失: 4.4186 | LR: 2.67e-09 | 速度: 0.191s/batch | ETA: 1.1min
2025-11-08 09:31:15,373 - INFO - 进度:   3.5% | 批次: 12/341 | 损失: 4.4196 | LR: 3.56e-09 | 速度: 0.201s/batch | ETA: 1.1min
2025-11-08 09:31:15,989 - INFO - 进度:   4.4% | 批次: 15/341 | 损失: 4.4197 | LR: 4.45e-09 | 速度: 0.203s/batch | ETA: 1.1min
2025-11-08 09:31:16,580 - INFO - 进度:   5.3% | 批次: 18/341 | 损失: 4.4198 | LR: 5.34e-09 | 速度: 0.205s/batch | ETA: 1.1min
2025-11-08 09:31:17,144 - INFO - 进度:   6.2% | 批次: 21/341 | 损失: 4.4185 | LR: 6.23e-09 | 速度: 0.198s/batch | ETA: 1.1min
2025-11-08 09:31:17,711 - INFO - 进度:   7.0% | 批次: 24/341 | 损失: 4.4181 | LR: 7.12e-09 | 速度: 0.191s/batch | ETA: 1.0min
2025-11-08 09:31:18,269 - INFO - 进度:   7.9% | 批次: 27/341 | 损失: 4.4184 | LR: 8.00e-09 | 速度: 0.188s/batch | ETA: 1.0min
2025-11-08 09:31:18,820 - INFO - 进度:   8.8% | 批次: 30/341 | 损失: 4.4178 | LR: 8.89e-09 | 速度: 0.186s/batch | ETA: 1.0min
2025-11-08 09:31:19,380 - INFO - 进度:   9.7% | 批次: 33/341 | 损失: 4.4179 | LR: 9.78e-09 | 速度: 0.185s/batch | ETA: 1.0min
2025-11-08 09:31:19,962 - INFO - 进度:  10.6% | 批次: 36/341 | 损失: 4.4172 | LR: 1.07e-08 | 速度: 0.187s/batch | ETA: 1.0min
2025-11-08 09:31:20,569 - INFO - 进度:  11.4% | 批次: 39/341 | 损失: 4.4170 | LR: 1.16e-08 | 速度: 0.193s/batch | ETA: 1.0min
2025-11-08 09:31:21,186 - INFO - 进度:  12.3% | 批次: 42/341 | 损失: 4.4178 | LR: 1.25e-08 | 速度: 0.200s/batch | ETA: 1.0min
2025-11-08 09:31:21,908 - INFO - 进度:  13.2% | 批次: 45/341 | 损失: 4.4178 | LR: 1.33e-08 | 速度: 0.213s/batch | ETA: 1.0min
2025-11-08 09:31:22,616 - INFO - 进度:  14.1% | 批次: 48/341 | 损失: 4.4173 | LR: 1.42e-08 | 速度: 0.224s/batch | ETA: 1.0min
2025-11-08 09:31:23,346 - INFO - 进度:  15.0% | 批次: 51/341 | 损失: 4.4183 | LR: 1.51e-08 | 速度: 0.237s/batch | ETA: 1.0min
2025-11-08 09:31:24,057 - INFO - 进度:  15.8% | 批次: 54/341 | 损失: 4.4175 | LR: 1.60e-08 | 速度: 0.240s/batch | ETA: 1.0min
2025-11-08 09:31:24,845 - INFO - 进度:  16.7% | 批次: 57/341 | 损失: 4.4175 | LR: 1.69e-08 | 速度: 0.246s/batch | ETA: 1.0min
2025-11-08 09:31:25,616 - INFO - 进度:  17.6% | 批次: 60/341 | 损失: 4.4173 | LR: 1.78e-08 | 速度: 0.251s/batch | ETA: 1.0min
2025-11-08 09:31:26,320 - INFO - 进度:  18.5% | 批次: 63/341 | 损失: 4.4174 | LR: 1.87e-08 | 速度: 0.247s/batch | ETA: 1.0min
2025-11-08 09:31:27,010 - INFO - 进度:  19.4% | 批次: 66/341 | 损失: 4.4181 | LR: 1.96e-08 | 速度: 0.244s/batch | ETA: 1.0min
2025-11-08 09:31:27,747 - INFO - 进度:  20.2% | 批次: 69/341 | 损失: 4.4177 | LR: 2.05e-08 | 速度: 0.236s/batch | ETA: 1.0min
2025-11-08 09:31:28,422 - INFO - 进度:  21.1% | 批次: 72/341 | 损失: 4.4178 | LR: 2.13e-08 | 速度: 0.233s/batch | ETA: 1.0min
2025-11-08 09:31:29,203 - INFO - 进度:  22.0% | 批次: 75/341 | 损失: 4.4176 | LR: 2.22e-08 | 速度: 0.242s/batch | ETA: 1.0min
2025-11-08 09:31:29,987 - INFO - 进度:  22.9% | 批次: 78/341 | 损失: 4.4181 | LR: 2.31e-08 | 速度: 0.247s/batch | ETA: 1.0min
2025-11-08 09:31:53,446 - INFO - 使用设备: cpu
2025-11-08 09:31:53,446 - INFO - 实验配置: d_model=128, batch_size=16, epochs=5
2025-11-08 09:31:53,447 - INFO - 加载数据集...
2025-11-08 09:31:53,566 - INFO - 训练批次: 690, 验证批次: 117, 词汇表大小: 65
2025-11-08 09:31:53,566 - INFO - 初始化模型...
2025-11-08 09:31:53,577 - INFO - 
============================================================
2025-11-08 09:31:53,577 - INFO - Epoch 1/5
2025-11-08 09:31:53,577 - INFO - ============================================================
2025-11-08 09:31:53,578 - INFO - Epoch 1/5: 开始训练 (690 批次)
2025-11-08 09:31:54,806 - INFO - 进度:   0.9% | 批次: 6/690 | 损失: 4.4139 | LR: 1.78e-09 | 速度: 0.197s/batch | ETA: 2.3min
2025-11-08 09:31:56,029 - INFO - 进度:   1.7% | 批次: 12/690 | 损失: 4.4086 | LR: 3.56e-09 | 速度: 0.202s/batch | ETA: 2.3min
2025-11-08 09:31:57,210 - INFO - 进度:   2.6% | 批次: 18/690 | 损失: 4.4108 | LR: 5.34e-09 | 速度: 0.199s/batch | ETA: 2.3min
2025-11-08 09:31:58,411 - INFO - 进度:   3.5% | 批次: 24/690 | 损失: 4.4082 | LR: 7.12e-09 | 速度: 0.198s/batch | ETA: 2.2min
2025-11-08 09:31:59,593 - INFO - 进度:   4.3% | 批次: 30/690 | 损失: 4.4093 | LR: 8.89e-09 | 速度: 0.199s/batch | ETA: 2.2min
2025-11-08 09:32:00,903 - INFO - 进度:   5.2% | 批次: 36/690 | 损失: 4.4113 | LR: 1.07e-08 | 速度: 0.210s/batch | ETA: 2.2min
2025-11-08 09:32:02,406 - INFO - 进度:   6.1% | 批次: 42/690 | 损失: 4.4127 | LR: 1.25e-08 | 速度: 0.241s/batch | ETA: 2.3min
2025-11-08 09:32:03,820 - INFO - 进度:   7.0% | 批次: 48/690 | 损失: 4.4132 | LR: 1.42e-08 | 速度: 0.240s/batch | ETA: 2.3min
2025-11-08 09:32:05,254 - INFO - 进度:   7.8% | 批次: 54/690 | 损失: 4.4132 | LR: 1.60e-08 | 速度: 0.237s/batch | ETA: 2.3min
2025-11-08 09:32:06,646 - INFO - 进度:   8.7% | 批次: 60/690 | 损失: 4.4125 | LR: 1.78e-08 | 速度: 0.234s/batch | ETA: 2.3min
2025-11-08 09:32:07,989 - INFO - 进度:   9.6% | 批次: 66/690 | 损失: 4.4132 | LR: 1.96e-08 | 速度: 0.224s/batch | ETA: 2.3min
2025-11-08 09:32:09,346 - INFO - 进度:  10.4% | 批次: 72/690 | 损失: 4.4126 | LR: 2.13e-08 | 速度: 0.223s/batch | ETA: 2.3min
2025-11-08 09:32:10,794 - INFO - 进度:  11.3% | 批次: 78/690 | 损失: 4.4120 | LR: 2.31e-08 | 速度: 0.234s/batch | ETA: 2.3min
2025-11-08 09:32:12,426 - INFO - 进度:  12.2% | 批次: 84/690 | 损失: 4.4118 | LR: 2.49e-08 | 速度: 0.263s/batch | ETA: 2.3min
2025-11-08 09:32:25,159 - INFO - 使用设备: cpu
2025-11-08 09:32:25,159 - INFO - 实验配置: d_model=128, batch_size=16, epochs=5
2025-11-08 09:32:25,159 - INFO - 加载数据集...
2025-11-08 09:32:25,276 - INFO - 训练批次: 2,084, 验证批次: 117, 词汇表大小: 65
2025-11-08 09:32:25,277 - INFO - 初始化模型...
2025-11-08 09:32:25,288 - INFO - 
============================================================
2025-11-08 09:32:25,288 - INFO - Epoch 1/5
2025-11-08 09:32:25,288 - INFO - ============================================================
2025-11-08 09:32:25,288 - INFO - Epoch 1/5: 开始训练 (2,084 批次)
2025-11-08 09:32:29,294 - INFO - 进度:   1.0% | 批次: 20/2,084 | 损失: 4.4030 | LR: 5.93e-09 | 速度: 0.201s/batch | ETA: 6.9min
2025-11-08 09:32:33,824 - INFO - 进度:   1.9% | 批次: 40/2,084 | 损失: 4.3996 | LR: 1.19e-08 | 速度: 0.236s/batch | ETA: 7.3min
2025-11-08 09:32:38,539 - INFO - 进度:   2.9% | 批次: 60/2,084 | 损失: 4.4008 | LR: 1.78e-08 | 速度: 0.234s/batch | ETA: 7.4min
2025-11-08 09:32:43,962 - INFO - 进度:   3.8% | 批次: 80/2,084 | 损失: 4.4022 | LR: 2.37e-08 | 速度: 0.265s/batch | ETA: 7.8min
2025-11-08 09:32:48,494 - INFO - 进度:   4.8% | 批次: 100/2,084 | 损失: 4.4008 | LR: 2.96e-08 | 速度: 0.226s/batch | ETA: 7.7min
2025-11-08 09:32:53,208 - INFO - 进度:   5.8% | 批次: 120/2,084 | 损失: 4.4005 | LR: 3.56e-08 | 速度: 0.241s/batch | ETA: 7.6min
2025-11-08 09:32:57,797 - INFO - 进度:   6.7% | 批次: 140/2,084 | 损失: 4.4005 | LR: 4.15e-08 | 速度: 0.229s/batch | ETA: 7.5min
2025-11-08 09:33:02,254 - INFO - 进度:   7.7% | 批次: 160/2,084 | 损失: 4.4001 | LR: 4.74e-08 | 速度: 0.233s/batch | ETA: 7.4min
2025-11-08 09:33:07,110 - INFO - 进度:   8.6% | 批次: 180/2,084 | 损失: 4.4002 | LR: 5.34e-08 | 速度: 0.248s/batch | ETA: 7.4min
2025-11-08 09:33:11,510 - INFO - 进度:   9.6% | 批次: 200/2,084 | 损失: 4.4001 | LR: 5.93e-08 | 速度: 0.225s/batch | ETA: 7.3min
2025-11-08 09:33:16,992 - INFO - 进度:  10.6% | 批次: 220/2,084 | 损失: 4.3999 | LR: 6.52e-08 | 速度: 0.273s/batch | ETA: 7.3min
2025-11-08 09:33:22,354 - INFO - 进度:  11.5% | 批次: 240/2,084 | 损失: 4.3996 | LR: 7.12e-08 | 速度: 0.263s/batch | ETA: 7.3min
2025-11-08 09:33:28,147 - INFO - 进度:  12.5% | 批次: 260/2,084 | 损失: 4.3994 | LR: 7.71e-08 | 速度: 0.310s/batch | ETA: 7.3min
2025-11-08 09:33:48,184 - INFO - 使用设备: cpu
2025-11-08 09:33:48,184 - INFO - 实验配置: d_model=128, batch_size=16, epochs=5
2025-11-08 09:33:48,184 - INFO - 加载数据集...
2025-11-08 09:33:48,327 - INFO - 训练批次: 1,038, 验证批次: 117, 词汇表大小: 65
2025-11-08 09:33:48,329 - INFO - 初始化模型...
2025-11-08 09:33:48,339 - INFO - 
============================================================
2025-11-08 09:33:48,339 - INFO - Epoch 1/5
2025-11-08 09:33:48,339 - INFO - ============================================================
2025-11-08 09:33:48,340 - INFO - Epoch 1/5: 开始训练 (1,038 批次)
2025-11-08 09:33:51,223 - INFO - 进度:   1.0% | 批次: 10/1,038 | 损失: 4.4098 | LR: 2.96e-09 | 速度: 0.288s/batch | ETA: 4.9min
2025-11-08 09:33:54,223 - INFO - 进度:   1.9% | 批次: 20/1,038 | 损失: 4.4119 | LR: 5.93e-09 | 速度: 0.300s/batch | ETA: 5.0min
2025-11-08 09:33:57,301 - INFO - 进度:   2.9% | 批次: 30/1,038 | 损失: 4.4094 | LR: 8.89e-09 | 速度: 0.307s/batch | ETA: 5.0min
2025-11-08 09:34:00,113 - INFO - 进度:   3.9% | 批次: 40/1,038 | 损失: 4.4114 | LR: 1.19e-08 | 速度: 0.280s/batch | ETA: 4.9min
2025-11-08 09:34:02,601 - INFO - 进度:   4.8% | 批次: 50/1,038 | 损失: 4.4104 | LR: 1.48e-08 | 速度: 0.248s/batch | ETA: 4.7min
2025-11-08 09:34:04,888 - INFO - 进度:   5.8% | 批次: 60/1,038 | 损失: 4.4104 | LR: 1.78e-08 | 速度: 0.228s/batch | ETA: 4.5min
2025-11-08 09:34:07,176 - INFO - 进度:   6.7% | 批次: 70/1,038 | 损失: 4.4102 | LR: 2.08e-08 | 速度: 0.228s/batch | ETA: 4.3min
2025-11-08 09:34:09,498 - INFO - 进度:   7.7% | 批次: 80/1,038 | 损失: 4.4109 | LR: 2.37e-08 | 速度: 0.232s/batch | ETA: 4.2min
2025-11-08 09:34:11,808 - INFO - 进度:   8.7% | 批次: 90/1,038 | 损失: 4.4111 | LR: 2.67e-08 | 速度: 0.231s/batch | ETA: 4.1min
2025-11-08 09:34:14,036 - INFO - 进度:   9.6% | 批次: 100/1,038 | 损失: 4.4111 | LR: 2.96e-08 | 速度: 0.222s/batch | ETA: 4.0min
2025-11-08 09:34:16,255 - INFO - 进度:  10.6% | 批次: 110/1,038 | 损失: 4.4113 | LR: 3.26e-08 | 速度: 0.222s/batch | ETA: 3.9min
2025-11-08 09:34:18,609 - INFO - 进度:  11.6% | 批次: 120/1,038 | 损失: 4.4113 | LR: 3.56e-08 | 速度: 0.235s/batch | ETA: 3.9min
2025-11-08 09:34:20,936 - INFO - 进度:  12.5% | 批次: 130/1,038 | 损失: 4.4103 | LR: 3.85e-08 | 速度: 0.232s/batch | ETA: 3.8min
2025-11-08 09:34:23,335 - INFO - 进度:  13.5% | 批次: 140/1,038 | 损失: 4.4108 | LR: 4.15e-08 | 速度: 0.240s/batch | ETA: 3.7min
2025-11-08 09:34:25,827 - INFO - 进度:  14.5% | 批次: 150/1,038 | 损失: 4.4103 | LR: 4.45e-08 | 速度: 0.249s/batch | ETA: 3.7min
2025-11-08 09:34:28,118 - INFO - 进度:  15.4% | 批次: 160/1,038 | 损失: 4.4105 | LR: 4.74e-08 | 速度: 0.229s/batch | ETA: 3.6min
2025-11-08 09:34:30,583 - INFO - 进度:  16.4% | 批次: 170/1,038 | 损失: 4.4102 | LR: 5.04e-08 | 速度: 0.246s/batch | ETA: 3.6min
2025-11-08 09:34:32,968 - INFO - 进度:  17.3% | 批次: 180/1,038 | 损失: 4.4100 | LR: 5.34e-08 | 速度: 0.238s/batch | ETA: 3.5min
2025-11-08 09:34:35,382 - INFO - 进度:  18.3% | 批次: 190/1,038 | 损失: 4.4105 | LR: 5.63e-08 | 速度: 0.241s/batch | ETA: 3.5min
2025-11-08 09:34:37,652 - INFO - 进度:  19.3% | 批次: 200/1,038 | 损失: 4.4105 | LR: 5.93e-08 | 速度: 0.227s/batch | ETA: 3.4min
2025-11-08 09:34:39,900 - INFO - 进度:  20.2% | 批次: 210/1,038 | 损失: 4.4103 | LR: 6.23e-08 | 速度: 0.224s/batch | ETA: 3.4min
2025-11-08 09:34:42,130 - INFO - 进度:  21.2% | 批次: 220/1,038 | 损失: 4.4098 | LR: 6.52e-08 | 速度: 0.223s/batch | ETA: 3.3min
2025-11-08 09:34:44,426 - INFO - 进度:  22.2% | 批次: 230/1,038 | 损失: 4.4095 | LR: 6.82e-08 | 速度: 0.229s/batch | ETA: 3.3min
2025-11-08 09:34:46,706 - INFO - 进度:  23.1% | 批次: 240/1,038 | 损失: 4.4097 | LR: 7.12e-08 | 速度: 0.228s/batch | ETA: 3.2min
2025-11-08 09:34:49,057 - INFO - 进度:  24.1% | 批次: 250/1,038 | 损失: 4.4093 | LR: 7.41e-08 | 速度: 0.235s/batch | ETA: 3.2min
2025-11-08 09:34:51,325 - INFO - 进度:  25.0% | 批次: 260/1,038 | 损失: 4.4092 | LR: 7.71e-08 | 速度: 0.227s/batch | ETA: 3.1min
2025-11-08 09:34:53,763 - INFO - 进度:  26.0% | 批次: 270/1,038 | 损失: 4.4094 | LR: 8.00e-08 | 速度: 0.243s/batch | ETA: 3.1min
2025-11-08 09:34:56,117 - INFO - 进度:  27.0% | 批次: 280/1,038 | 损失: 4.4094 | LR: 8.30e-08 | 速度: 0.235s/batch | ETA: 3.1min
2025-11-08 09:34:58,499 - INFO - 进度:  27.9% | 批次: 290/1,038 | 损失: 4.4092 | LR: 8.60e-08 | 速度: 0.238s/batch | ETA: 3.0min
2025-11-08 09:35:00,790 - INFO - 进度:  28.9% | 批次: 300/1,038 | 损失: 4.4092 | LR: 8.89e-08 | 速度: 0.229s/batch | ETA: 3.0min
2025-11-08 09:35:03,054 - INFO - 进度:  29.9% | 批次: 310/1,038 | 损失: 4.4088 | LR: 9.19e-08 | 速度: 0.226s/batch | ETA: 2.9min
2025-11-08 09:35:05,349 - INFO - 进度:  30.8% | 批次: 320/1,038 | 损失: 4.4087 | LR: 9.49e-08 | 速度: 0.229s/batch | ETA: 2.9min
2025-11-08 09:35:07,593 - INFO - 进度:  31.8% | 批次: 330/1,038 | 损失: 4.4085 | LR: 9.78e-08 | 速度: 0.224s/batch | ETA: 2.8min
2025-11-08 09:35:09,975 - INFO - 进度:  32.8% | 批次: 340/1,038 | 损失: 4.4083 | LR: 1.01e-07 | 速度: 0.238s/batch | ETA: 2.8min
2025-11-08 09:35:12,327 - INFO - 进度:  33.7% | 批次: 350/1,038 | 损失: 4.4080 | LR: 1.04e-07 | 速度: 0.235s/batch | ETA: 2.8min
2025-11-08 09:35:14,706 - INFO - 进度:  34.7% | 批次: 360/1,038 | 损失: 4.4076 | LR: 1.07e-07 | 速度: 0.238s/batch | ETA: 2.7min
2025-11-08 09:35:17,017 - INFO - 进度:  35.6% | 批次: 370/1,038 | 损失: 4.4074 | LR: 1.10e-07 | 速度: 0.231s/batch | ETA: 2.7min
2025-11-08 09:35:19,308 - INFO - 进度:  36.6% | 批次: 380/1,038 | 损失: 4.4072 | LR: 1.13e-07 | 速度: 0.229s/batch | ETA: 2.6min
2025-11-08 09:35:22,088 - INFO - 进度:  37.6% | 批次: 390/1,038 | 损失: 4.4070 | LR: 1.16e-07 | 速度: 0.278s/batch | ETA: 2.6min
2025-11-08 09:35:24,466 - INFO - 进度:  38.5% | 批次: 400/1,038 | 损失: 4.4067 | LR: 1.19e-07 | 速度: 0.237s/batch | ETA: 2.6min
2025-11-08 09:35:27,191 - INFO - 进度:  39.5% | 批次: 410/1,038 | 损失: 4.4061 | LR: 1.22e-07 | 速度: 0.272s/batch | ETA: 2.5min
2025-11-08 09:35:29,490 - INFO - 进度:  40.5% | 批次: 420/1,038 | 损失: 4.4059 | LR: 1.25e-07 | 速度: 0.229s/batch | ETA: 2.5min
2025-11-08 09:35:31,688 - INFO - 进度:  41.4% | 批次: 430/1,038 | 损失: 4.4058 | LR: 1.27e-07 | 速度: 0.219s/batch | ETA: 2.4min
2025-11-08 09:35:34,081 - INFO - 进度:  42.4% | 批次: 440/1,038 | 损失: 4.4056 | LR: 1.30e-07 | 速度: 0.239s/batch | ETA: 2.4min
2025-11-08 09:35:36,414 - INFO - 进度:  43.4% | 批次: 450/1,038 | 损失: 4.4052 | LR: 1.33e-07 | 速度: 0.233s/batch | ETA: 2.4min
2025-11-08 09:35:38,769 - INFO - 进度:  44.3% | 批次: 460/1,038 | 损失: 4.4050 | LR: 1.36e-07 | 速度: 0.235s/batch | ETA: 2.3min
2025-11-08 09:35:41,016 - INFO - 进度:  45.3% | 批次: 470/1,038 | 损失: 4.4048 | LR: 1.39e-07 | 速度: 0.224s/batch | ETA: 2.3min
2025-11-08 09:35:43,336 - INFO - 进度:  46.2% | 批次: 480/1,038 | 损失: 4.4044 | LR: 1.42e-07 | 速度: 0.231s/batch | ETA: 2.2min
2025-11-08 09:35:45,679 - INFO - 进度:  47.2% | 批次: 490/1,038 | 损失: 4.4040 | LR: 1.45e-07 | 速度: 0.234s/batch | ETA: 2.2min
2025-11-08 09:35:48,038 - INFO - 进度:  48.2% | 批次: 500/1,038 | 损失: 4.4039 | LR: 1.48e-07 | 速度: 0.236s/batch | ETA: 2.1min
2025-11-08 09:35:50,363 - INFO - 进度:  49.1% | 批次: 510/1,038 | 损失: 4.4038 | LR: 1.51e-07 | 速度: 0.232s/batch | ETA: 2.1min
2025-11-08 09:35:52,663 - INFO - 进度:  50.1% | 批次: 520/1,038 | 损失: 4.4035 | LR: 1.54e-07 | 速度: 0.230s/batch | ETA: 2.1min
2025-11-08 09:35:54,946 - INFO - 进度:  51.1% | 批次: 530/1,038 | 损失: 4.4032 | LR: 1.57e-07 | 速度: 0.228s/batch | ETA: 2.0min
2025-11-08 09:35:57,243 - INFO - 进度:  52.0% | 批次: 540/1,038 | 损失: 4.4030 | LR: 1.60e-07 | 速度: 0.229s/batch | ETA: 2.0min
2025-11-08 09:35:59,679 - INFO - 进度:  53.0% | 批次: 550/1,038 | 损失: 4.4026 | LR: 1.63e-07 | 速度: 0.243s/batch | ETA: 1.9min
2025-11-08 09:36:02,013 - INFO - 进度:  53.9% | 批次: 560/1,038 | 损失: 4.4022 | LR: 1.66e-07 | 速度: 0.233s/batch | ETA: 1.9min
2025-11-08 09:36:04,262 - INFO - 进度:  54.9% | 批次: 570/1,038 | 损失: 4.4019 | LR: 1.69e-07 | 速度: 0.225s/batch | ETA: 1.9min
2025-11-08 09:36:06,479 - INFO - 进度:  55.9% | 批次: 580/1,038 | 损失: 4.4015 | LR: 1.72e-07 | 速度: 0.221s/batch | ETA: 1.8min
2025-11-08 09:36:08,814 - INFO - 进度:  56.8% | 批次: 590/1,038 | 损失: 4.4012 | LR: 1.75e-07 | 速度: 0.233s/batch | ETA: 1.8min
2025-11-08 09:36:11,111 - INFO - 进度:  57.8% | 批次: 600/1,038 | 损失: 4.4008 | LR: 1.78e-07 | 速度: 0.229s/batch | ETA: 1.7min
2025-11-08 09:36:13,476 - INFO - 进度:  58.8% | 批次: 610/1,038 | 损失: 4.4004 | LR: 1.81e-07 | 速度: 0.236s/batch | ETA: 1.7min
2025-11-08 09:36:15,941 - INFO - 进度:  59.7% | 批次: 620/1,038 | 损失: 4.4000 | LR: 1.84e-07 | 速度: 0.246s/batch | ETA: 1.7min
2025-11-08 09:36:18,357 - INFO - 进度:  60.7% | 批次: 630/1,038 | 损失: 4.3996 | LR: 1.87e-07 | 速度: 0.241s/batch | ETA: 1.6min
2025-11-08 09:36:20,585 - INFO - 进度:  61.7% | 批次: 640/1,038 | 损失: 4.3992 | LR: 1.90e-07 | 速度: 0.222s/batch | ETA: 1.6min
2025-11-08 09:36:22,786 - INFO - 进度:  62.6% | 批次: 650/1,038 | 损失: 4.3989 | LR: 1.93e-07 | 速度: 0.220s/batch | ETA: 1.5min
2025-11-08 09:36:25,154 - INFO - 进度:  63.6% | 批次: 660/1,038 | 损失: 4.3986 | LR: 1.96e-07 | 速度: 0.236s/batch | ETA: 1.5min
2025-11-08 09:36:27,616 - INFO - 进度:  64.5% | 批次: 670/1,038 | 损失: 4.3982 | LR: 1.99e-07 | 速度: 0.246s/batch | ETA: 1.5min
2025-11-08 09:36:29,877 - INFO - 进度:  65.5% | 批次: 680/1,038 | 损失: 4.3979 | LR: 2.02e-07 | 速度: 0.226s/batch | ETA: 1.4min
2025-11-08 09:36:32,091 - INFO - 进度:  66.5% | 批次: 690/1,038 | 损失: 4.3975 | LR: 2.05e-07 | 速度: 0.221s/batch | ETA: 1.4min
2025-11-08 09:36:34,333 - INFO - 进度:  67.4% | 批次: 700/1,038 | 损失: 4.3971 | LR: 2.08e-07 | 速度: 0.224s/batch | ETA: 1.3min
2025-11-08 09:36:36,607 - INFO - 进度:  68.4% | 批次: 710/1,038 | 损失: 4.3967 | LR: 2.10e-07 | 速度: 0.227s/batch | ETA: 1.3min
2025-11-08 09:36:38,883 - INFO - 进度:  69.4% | 批次: 720/1,038 | 损失: 4.3962 | LR: 2.13e-07 | 速度: 0.227s/batch | ETA: 1.3min
2025-11-08 09:36:41,268 - INFO - 进度:  70.3% | 批次: 730/1,038 | 损失: 4.3959 | LR: 2.16e-07 | 速度: 0.238s/batch | ETA: 1.2min
2025-11-08 09:36:43,592 - INFO - 进度:  71.3% | 批次: 740/1,038 | 损失: 4.3954 | LR: 2.19e-07 | 速度: 0.232s/batch | ETA: 1.2min
2025-11-08 09:36:45,814 - INFO - 进度:  72.3% | 批次: 750/1,038 | 损失: 4.3951 | LR: 2.22e-07 | 速度: 0.222s/batch | ETA: 1.1min
2025-11-08 09:36:48,014 - INFO - 进度:  73.2% | 批次: 760/1,038 | 损失: 4.3948 | LR: 2.25e-07 | 速度: 0.220s/batch | ETA: 1.1min
2025-11-08 09:36:50,322 - INFO - 进度:  74.2% | 批次: 770/1,038 | 损失: 4.3943 | LR: 2.28e-07 | 速度: 0.230s/batch | ETA: 1.1min
2025-11-08 09:36:52,591 - INFO - 进度:  75.1% | 批次: 780/1,038 | 损失: 4.3939 | LR: 2.31e-07 | 速度: 0.226s/batch | ETA: 1.0min
2025-11-08 09:36:54,816 - INFO - 进度:  76.1% | 批次: 790/1,038 | 损失: 4.3934 | LR: 2.34e-07 | 速度: 0.222s/batch | ETA: 1.0min
2025-11-08 09:36:56,956 - INFO - 进度:  77.1% | 批次: 800/1,038 | 损失: 4.3929 | LR: 2.37e-07 | 速度: 0.214s/batch | ETA: 0.9min
2025-11-08 09:36:59,207 - INFO - 进度:  78.0% | 批次: 810/1,038 | 损失: 4.3925 | LR: 2.40e-07 | 速度: 0.225s/batch | ETA: 0.9min
2025-11-08 09:37:01,492 - INFO - 进度:  79.0% | 批次: 820/1,038 | 损失: 4.3921 | LR: 2.43e-07 | 速度: 0.228s/batch | ETA: 0.9min
2025-11-08 09:37:03,872 - INFO - 进度:  80.0% | 批次: 830/1,038 | 损失: 4.3915 | LR: 2.46e-07 | 速度: 0.238s/batch | ETA: 0.8min
2025-11-08 09:37:06,249 - INFO - 进度:  80.9% | 批次: 840/1,038 | 损失: 4.3910 | LR: 2.49e-07 | 速度: 0.237s/batch | ETA: 0.8min
2025-11-08 09:37:08,624 - INFO - 进度:  81.9% | 批次: 850/1,038 | 损失: 4.3906 | LR: 2.52e-07 | 速度: 0.237s/batch | ETA: 0.7min
2025-11-08 09:37:10,981 - INFO - 进度:  82.9% | 批次: 860/1,038 | 损失: 4.3902 | LR: 2.55e-07 | 速度: 0.235s/batch | ETA: 0.7min
2025-11-08 09:37:13,107 - INFO - 进度:  83.8% | 批次: 870/1,038 | 损失: 4.3897 | LR: 2.58e-07 | 速度: 0.213s/batch | ETA: 0.7min
2025-11-08 09:37:15,345 - INFO - 进度:  84.8% | 批次: 880/1,038 | 损失: 4.3892 | LR: 2.61e-07 | 速度: 0.223s/batch | ETA: 0.6min
2025-11-08 09:37:17,589 - INFO - 进度:  85.7% | 批次: 890/1,038 | 损失: 4.3887 | LR: 2.64e-07 | 速度: 0.224s/batch | ETA: 0.6min
2025-11-08 09:37:19,794 - INFO - 进度:  86.7% | 批次: 900/1,038 | 损失: 4.3883 | LR: 2.67e-07 | 速度: 0.220s/batch | ETA: 0.5min
2025-11-08 09:37:21,993 - INFO - 进度:  87.7% | 批次: 910/1,038 | 损失: 4.3878 | LR: 2.70e-07 | 速度: 0.220s/batch | ETA: 0.5min
2025-11-08 09:37:24,210 - INFO - 进度:  88.6% | 批次: 920/1,038 | 损失: 4.3873 | LR: 2.73e-07 | 速度: 0.221s/batch | ETA: 0.5min
2025-11-08 09:37:26,424 - INFO - 进度:  89.6% | 批次: 930/1,038 | 损失: 4.3869 | LR: 2.76e-07 | 速度: 0.221s/batch | ETA: 0.4min
2025-11-08 09:37:28,827 - INFO - 进度:  90.6% | 批次: 940/1,038 | 损失: 4.3864 | LR: 2.79e-07 | 速度: 0.240s/batch | ETA: 0.4min
2025-11-08 09:37:31,103 - INFO - 进度:  91.5% | 批次: 950/1,038 | 损失: 4.3859 | LR: 2.82e-07 | 速度: 0.227s/batch | ETA: 0.3min
2025-11-08 09:37:33,350 - INFO - 进度:  92.5% | 批次: 960/1,038 | 损失: 4.3854 | LR: 2.85e-07 | 速度: 0.224s/batch | ETA: 0.3min
2025-11-08 09:37:35,597 - INFO - 进度:  93.4% | 批次: 970/1,038 | 损失: 4.3848 | LR: 2.88e-07 | 速度: 0.224s/batch | ETA: 0.3min
2025-11-08 09:37:37,729 - INFO - 进度:  94.4% | 批次: 980/1,038 | 损失: 4.3842 | LR: 2.91e-07 | 速度: 0.213s/batch | ETA: 0.2min
2025-11-08 09:37:40,013 - INFO - 进度:  95.4% | 批次: 990/1,038 | 损失: 4.3837 | LR: 2.93e-07 | 速度: 0.228s/batch | ETA: 0.2min
2025-11-08 09:37:42,334 - INFO - 进度:  96.3% | 批次: 1,000/1,038 | 损失: 4.3831 | LR: 2.96e-07 | 速度: 0.232s/batch | ETA: 0.1min
2025-11-08 09:37:44,633 - INFO - 进度:  97.3% | 批次: 1,010/1,038 | 损失: 4.3826 | LR: 2.99e-07 | 速度: 0.229s/batch | ETA: 0.1min
2025-11-08 09:37:46,772 - INFO - 进度:  98.3% | 批次: 1,020/1,038 | 损失: 4.3820 | LR: 3.02e-07 | 速度: 0.213s/batch | ETA: 0.1min
2025-11-08 09:37:48,970 - INFO - 进度:  99.2% | 批次: 1,030/1,038 | 损失: 4.3814 | LR: 3.05e-07 | 速度: 0.219s/batch | ETA: 0.0min
2025-11-08 09:37:50,808 - INFO - 进度: 100.0% | 批次: 1,038/1,038 | 损失: 4.3809 | LR: 3.08e-07 | 速度: 0.227s/batch | ETA: 0.0min
2025-11-08 09:37:50,808 - INFO - Epoch 1 完成! | 平均损失: 4.3809 | 耗时: 4.0分钟 | 处理样本: 16,602 | 总批次: 1,038
2025-11-08 09:37:50,809 - INFO - 开始验证...
2025-11-08 09:37:59,874 - INFO - 验证完成! | 损失: 4.3232 | 困惑度: 75.43 | 耗时: 9.1秒 | 样本数: 1,872
2025-11-08 09:37:59,876 - INFO - Epoch 1 统计: 训练损失=4.3809, 验证损失=4.323240235320523, 耗时=4.2分钟, 累计耗时=4.2分钟
2025-11-08 09:38:01,092 - INFO - 结果已保存至 results/baseline/
2025-11-08 09:38:01,092 - INFO - 
============================================================
2025-11-08 09:38:01,092 - INFO - Epoch 2/5
2025-11-08 09:38:01,093 - INFO - ============================================================
2025-11-08 09:38:01,093 - INFO - Epoch 2/5: 开始训练 (1,038 批次)
2025-11-08 09:38:03,347 - INFO - 进度:   1.0% | 批次: 10/1,038 | 损失: 4.3199 | LR: 3.11e-07 | 速度: 0.225s/batch | ETA: 3.9min
2025-11-08 09:38:05,774 - INFO - 进度:   1.9% | 批次: 20/1,038 | 损失: 4.3187 | LR: 3.14e-07 | 速度: 0.242s/batch | ETA: 4.0min
2025-11-08 09:38:08,233 - INFO - 进度:   2.9% | 批次: 30/1,038 | 损失: 4.3182 | LR: 3.17e-07 | 速度: 0.245s/batch | ETA: 4.0min
2025-11-08 09:38:10,562 - INFO - 进度:   3.9% | 批次: 40/1,038 | 损失: 4.3188 | LR: 3.20e-07 | 速度: 0.233s/batch | ETA: 3.9min
2025-11-08 09:38:12,772 - INFO - 进度:   4.8% | 批次: 50/1,038 | 损失: 4.3189 | LR: 3.23e-07 | 速度: 0.221s/batch | ETA: 3.8min
2025-11-08 09:38:15,217 - INFO - 进度:   5.8% | 批次: 60/1,038 | 损失: 4.3180 | LR: 3.26e-07 | 速度: 0.244s/batch | ETA: 3.8min
2025-11-08 09:38:17,708 - INFO - 进度:   6.7% | 批次: 70/1,038 | 损失: 4.3161 | LR: 3.28e-07 | 速度: 0.248s/batch | ETA: 3.8min
2025-11-08 09:38:20,189 - INFO - 进度:   7.7% | 批次: 80/1,038 | 损失: 4.3156 | LR: 3.31e-07 | 速度: 0.248s/batch | ETA: 3.8min
2025-11-08 09:38:23,262 - INFO - 进度:   8.7% | 批次: 90/1,038 | 损失: 4.3141 | LR: 3.34e-07 | 速度: 0.307s/batch | ETA: 3.9min
2025-11-08 09:38:25,751 - INFO - 进度:   9.6% | 批次: 100/1,038 | 损失: 4.3134 | LR: 3.37e-07 | 速度: 0.248s/batch | ETA: 3.9min
2025-11-08 09:38:28,314 - INFO - 进度:  10.6% | 批次: 110/1,038 | 损失: 4.3120 | LR: 3.40e-07 | 速度: 0.255s/batch | ETA: 3.8min
2025-11-08 09:38:30,742 - INFO - 进度:  11.6% | 批次: 120/1,038 | 损失: 4.3116 | LR: 3.43e-07 | 速度: 0.243s/batch | ETA: 3.8min
2025-11-08 09:38:33,066 - INFO - 进度:  12.5% | 批次: 130/1,038 | 损失: 4.3103 | LR: 3.46e-07 | 速度: 0.232s/batch | ETA: 3.7min
2025-11-08 09:38:35,469 - INFO - 进度:  13.5% | 批次: 140/1,038 | 损失: 4.3090 | LR: 3.49e-07 | 速度: 0.240s/batch | ETA: 3.7min
2025-11-08 09:38:37,678 - INFO - 进度:  14.5% | 批次: 150/1,038 | 损失: 4.3084 | LR: 3.52e-07 | 速度: 0.220s/batch | ETA: 3.6min
2025-11-08 09:38:39,962 - INFO - 进度:  15.4% | 批次: 160/1,038 | 损失: 4.3077 | LR: 3.55e-07 | 速度: 0.228s/batch | ETA: 3.6min
2025-11-08 09:38:42,296 - INFO - 进度:  16.4% | 批次: 170/1,038 | 损失: 4.3068 | LR: 3.58e-07 | 速度: 0.233s/batch | ETA: 3.5min
2025-11-08 09:38:44,702 - INFO - 进度:  17.3% | 批次: 180/1,038 | 损失: 4.3062 | LR: 3.61e-07 | 速度: 0.240s/batch | ETA: 3.5min
2025-11-08 09:38:47,181 - INFO - 进度:  18.3% | 批次: 190/1,038 | 损失: 4.3052 | LR: 3.64e-07 | 速度: 0.247s/batch | ETA: 3.4min
2025-11-08 09:38:49,751 - INFO - 进度:  19.3% | 批次: 200/1,038 | 损失: 4.3045 | LR: 3.67e-07 | 速度: 0.257s/batch | ETA: 3.4min
2025-11-08 09:38:52,212 - INFO - 进度:  20.2% | 批次: 210/1,038 | 损失: 4.3039 | LR: 3.70e-07 | 速度: 0.246s/batch | ETA: 3.4min
2025-11-08 09:38:54,648 - INFO - 进度:  21.2% | 批次: 220/1,038 | 损失: 4.3028 | LR: 3.73e-07 | 速度: 0.243s/batch | ETA: 3.3min
2025-11-08 09:38:57,049 - INFO - 进度:  22.2% | 批次: 230/1,038 | 损失: 4.3020 | LR: 3.76e-07 | 速度: 0.240s/batch | ETA: 3.3min
2025-11-08 09:38:59,586 - INFO - 进度:  23.1% | 批次: 240/1,038 | 损失: 4.3010 | LR: 3.79e-07 | 速度: 0.253s/batch | ETA: 3.2min
2025-11-08 09:39:01,832 - INFO - 进度:  24.1% | 批次: 250/1,038 | 损失: 4.2999 | LR: 3.82e-07 | 速度: 0.224s/batch | ETA: 3.2min
2025-11-08 09:39:04,150 - INFO - 进度:  25.0% | 批次: 260/1,038 | 损失: 4.2988 | LR: 3.85e-07 | 速度: 0.232s/batch | ETA: 3.1min
2025-11-08 09:39:06,465 - INFO - 进度:  26.0% | 批次: 270/1,038 | 损失: 4.2978 | LR: 3.88e-07 | 速度: 0.231s/batch | ETA: 3.1min
2025-11-08 09:39:08,852 - INFO - 进度:  27.0% | 批次: 280/1,038 | 损失: 4.2968 | LR: 3.91e-07 | 速度: 0.239s/batch | ETA: 3.1min
2025-11-08 09:39:11,326 - INFO - 进度:  27.9% | 批次: 290/1,038 | 损失: 4.2957 | LR: 3.94e-07 | 速度: 0.247s/batch | ETA: 3.0min
2025-11-08 09:39:13,871 - INFO - 进度:  28.9% | 批次: 300/1,038 | 损失: 4.2950 | LR: 3.97e-07 | 速度: 0.254s/batch | ETA: 3.0min
2025-11-08 09:39:16,393 - INFO - 进度:  29.9% | 批次: 310/1,038 | 损失: 4.2940 | LR: 4.00e-07 | 速度: 0.252s/batch | ETA: 2.9min
2025-11-08 09:39:18,671 - INFO - 进度:  30.8% | 批次: 320/1,038 | 损失: 4.2930 | LR: 4.03e-07 | 速度: 0.227s/batch | ETA: 2.9min
2025-11-08 09:39:21,051 - INFO - 进度:  31.8% | 批次: 330/1,038 | 损失: 4.2922 | LR: 4.06e-07 | 速度: 0.238s/batch | ETA: 2.9min
2025-11-08 09:39:23,494 - INFO - 进度:  32.8% | 批次: 340/1,038 | 损失: 4.2911 | LR: 4.09e-07 | 速度: 0.244s/batch | ETA: 2.8min
2025-11-08 09:39:25,819 - INFO - 进度:  33.7% | 批次: 350/1,038 | 损失: 4.2901 | LR: 4.11e-07 | 速度: 0.232s/batch | ETA: 2.8min
2025-11-08 09:39:28,081 - INFO - 进度:  34.7% | 批次: 360/1,038 | 损失: 4.2892 | LR: 4.14e-07 | 速度: 0.226s/batch | ETA: 2.7min
2025-11-08 09:39:30,504 - INFO - 进度:  35.6% | 批次: 370/1,038 | 损失: 4.2880 | LR: 4.17e-07 | 速度: 0.242s/batch | ETA: 2.7min
2025-11-08 09:39:33,004 - INFO - 进度:  36.6% | 批次: 380/1,038 | 损失: 4.2869 | LR: 4.20e-07 | 速度: 0.250s/batch | ETA: 2.7min
2025-11-08 09:39:35,383 - INFO - 进度:  37.6% | 批次: 390/1,038 | 损失: 4.2860 | LR: 4.23e-07 | 速度: 0.237s/batch | ETA: 2.6min
2025-11-08 09:39:37,908 - INFO - 进度:  38.5% | 批次: 400/1,038 | 损失: 4.2849 | LR: 4.26e-07 | 速度: 0.252s/batch | ETA: 2.6min
2025-11-08 09:39:40,243 - INFO - 进度:  39.5% | 批次: 410/1,038 | 损失: 4.2839 | LR: 4.29e-07 | 速度: 0.233s/batch | ETA: 2.5min
2025-11-08 09:39:42,557 - INFO - 进度:  40.5% | 批次: 420/1,038 | 损失: 4.2828 | LR: 4.32e-07 | 速度: 0.231s/batch | ETA: 2.5min
2025-11-08 09:39:44,818 - INFO - 进度:  41.4% | 批次: 430/1,038 | 损失: 4.2818 | LR: 4.35e-07 | 速度: 0.226s/batch | ETA: 2.4min
2025-11-08 09:39:47,188 - INFO - 进度:  42.4% | 批次: 440/1,038 | 损失: 4.2806 | LR: 4.38e-07 | 速度: 0.237s/batch | ETA: 2.4min
2025-11-08 09:39:49,571 - INFO - 进度:  43.4% | 批次: 450/1,038 | 损失: 4.2795 | LR: 4.41e-07 | 速度: 0.238s/batch | ETA: 2.4min
2025-11-08 09:39:51,869 - INFO - 进度:  44.3% | 批次: 460/1,038 | 损失: 4.2787 | LR: 4.44e-07 | 速度: 0.230s/batch | ETA: 2.3min
2025-11-08 09:39:54,143 - INFO - 进度:  45.3% | 批次: 470/1,038 | 损失: 4.2776 | LR: 4.47e-07 | 速度: 0.227s/batch | ETA: 2.3min
2025-11-08 09:39:56,494 - INFO - 进度:  46.2% | 批次: 480/1,038 | 损失: 4.2763 | LR: 4.50e-07 | 速度: 0.235s/batch | ETA: 2.2min
2025-11-08 09:39:58,888 - INFO - 进度:  47.2% | 批次: 490/1,038 | 损失: 4.2751 | LR: 4.53e-07 | 速度: 0.239s/batch | ETA: 2.2min
2025-11-08 09:40:01,293 - INFO - 进度:  48.2% | 批次: 500/1,038 | 损失: 4.2739 | LR: 4.56e-07 | 速度: 0.240s/batch | ETA: 2.2min
2025-11-08 09:40:03,656 - INFO - 进度:  49.1% | 批次: 510/1,038 | 损失: 4.2728 | LR: 4.59e-07 | 速度: 0.236s/batch | ETA: 2.1min
2025-11-08 09:40:05,928 - INFO - 进度:  50.1% | 批次: 520/1,038 | 损失: 4.2718 | LR: 4.62e-07 | 速度: 0.227s/batch | ETA: 2.1min
2025-11-08 09:40:08,223 - INFO - 进度:  51.1% | 批次: 530/1,038 | 损失: 4.2706 | LR: 4.65e-07 | 速度: 0.229s/batch | ETA: 2.0min
2025-11-08 09:40:10,602 - INFO - 进度:  52.0% | 批次: 540/1,038 | 损失: 4.2695 | LR: 4.68e-07 | 速度: 0.238s/batch | ETA: 2.0min
2025-11-08 09:40:13,008 - INFO - 进度:  53.0% | 批次: 550/1,038 | 损失: 4.2683 | LR: 4.71e-07 | 速度: 0.240s/batch | ETA: 2.0min
2025-11-08 09:40:15,410 - INFO - 进度:  53.9% | 批次: 560/1,038 | 损失: 4.2673 | LR: 4.74e-07 | 速度: 0.240s/batch | ETA: 1.9min
2025-11-08 09:40:17,647 - INFO - 进度:  54.9% | 批次: 570/1,038 | 损失: 4.2662 | LR: 4.77e-07 | 速度: 0.224s/batch | ETA: 1.9min
2025-11-08 09:40:20,067 - INFO - 进度:  55.9% | 批次: 580/1,038 | 损失: 4.2651 | LR: 4.80e-07 | 速度: 0.242s/batch | ETA: 1.8min
2025-11-08 09:40:22,405 - INFO - 进度:  56.8% | 批次: 590/1,038 | 损失: 4.2642 | LR: 4.83e-07 | 速度: 0.234s/batch | ETA: 1.8min
2025-11-08 09:40:24,790 - INFO - 进度:  57.8% | 批次: 600/1,038 | 损失: 4.2630 | LR: 4.86e-07 | 速度: 0.238s/batch | ETA: 1.7min
2025-11-08 09:40:27,120 - INFO - 进度:  58.8% | 批次: 610/1,038 | 损失: 4.2620 | LR: 4.89e-07 | 速度: 0.233s/batch | ETA: 1.7min
2025-11-08 09:40:29,499 - INFO - 进度:  59.7% | 批次: 620/1,038 | 损失: 4.2609 | LR: 4.92e-07 | 速度: 0.238s/batch | ETA: 1.7min
2025-11-08 09:40:31,823 - INFO - 进度:  60.7% | 批次: 630/1,038 | 损失: 4.2597 | LR: 4.95e-07 | 速度: 0.232s/batch | ETA: 1.6min
2025-11-08 09:40:34,148 - INFO - 进度:  61.7% | 批次: 640/1,038 | 损失: 4.2586 | LR: 4.97e-07 | 速度: 0.232s/batch | ETA: 1.6min
2025-11-08 09:40:36,501 - INFO - 进度:  62.6% | 批次: 650/1,038 | 损失: 4.2573 | LR: 5.00e-07 | 速度: 0.235s/batch | ETA: 1.5min
2025-11-08 09:40:38,905 - INFO - 进度:  63.6% | 批次: 660/1,038 | 损失: 4.2563 | LR: 5.03e-07 | 速度: 0.240s/batch | ETA: 1.5min
2025-11-08 09:40:41,286 - INFO - 进度:  64.5% | 批次: 670/1,038 | 损失: 4.2551 | LR: 5.06e-07 | 速度: 0.238s/batch | ETA: 1.5min
2025-11-08 09:40:43,544 - INFO - 进度:  65.5% | 批次: 680/1,038 | 损失: 4.2539 | LR: 5.09e-07 | 速度: 0.226s/batch | ETA: 1.4min
2025-11-08 09:40:45,906 - INFO - 进度:  66.5% | 批次: 690/1,038 | 损失: 4.2527 | LR: 5.12e-07 | 速度: 0.236s/batch | ETA: 1.4min
2025-11-08 09:40:48,398 - INFO - 进度:  67.4% | 批次: 700/1,038 | 损失: 4.2516 | LR: 5.15e-07 | 速度: 0.249s/batch | ETA: 1.3min
2025-11-08 09:40:51,006 - INFO - 进度:  68.4% | 批次: 710/1,038 | 损失: 4.2505 | LR: 5.18e-07 | 速度: 0.260s/batch | ETA: 1.3min
2025-11-08 09:40:53,553 - INFO - 进度:  69.4% | 批次: 720/1,038 | 损失: 4.2493 | LR: 5.21e-07 | 速度: 0.254s/batch | ETA: 1.3min
2025-11-08 09:40:56,075 - INFO - 进度:  70.3% | 批次: 730/1,038 | 损失: 4.2482 | LR: 5.24e-07 | 速度: 0.252s/batch | ETA: 1.2min
2025-11-08 09:40:58,608 - INFO - 进度:  71.3% | 批次: 740/1,038 | 损失: 4.2471 | LR: 5.27e-07 | 速度: 0.253s/batch | ETA: 1.2min
2025-11-08 09:41:01,081 - INFO - 进度:  72.3% | 批次: 750/1,038 | 损失: 4.2459 | LR: 5.30e-07 | 速度: 0.246s/batch | ETA: 1.2min
2025-11-08 09:41:03,665 - INFO - 进度:  73.2% | 批次: 760/1,038 | 损失: 4.2446 | LR: 5.33e-07 | 速度: 0.258s/batch | ETA: 1.1min
2025-11-08 09:41:05,975 - INFO - 进度:  74.2% | 批次: 770/1,038 | 损失: 4.2434 | LR: 5.36e-07 | 速度: 0.231s/batch | ETA: 1.1min
2025-11-08 09:41:08,182 - INFO - 进度:  75.1% | 批次: 780/1,038 | 损失: 4.2422 | LR: 5.39e-07 | 速度: 0.220s/batch | ETA: 1.0min
2025-11-08 09:41:10,584 - INFO - 进度:  76.1% | 批次: 790/1,038 | 损失: 4.2410 | LR: 5.42e-07 | 速度: 0.240s/batch | ETA: 1.0min
2025-11-08 09:41:12,979 - INFO - 进度:  77.1% | 批次: 800/1,038 | 损失: 4.2397 | LR: 5.45e-07 | 速度: 0.239s/batch | ETA: 1.0min
2025-11-08 09:41:15,388 - INFO - 进度:  78.0% | 批次: 810/1,038 | 损失: 4.2385 | LR: 5.48e-07 | 速度: 0.240s/batch | ETA: 0.9min
2025-11-08 09:41:17,695 - INFO - 进度:  79.0% | 批次: 820/1,038 | 损失: 4.2372 | LR: 5.51e-07 | 速度: 0.230s/batch | ETA: 0.9min
2025-11-08 09:41:20,166 - INFO - 进度:  80.0% | 批次: 830/1,038 | 损失: 4.2360 | LR: 5.54e-07 | 速度: 0.247s/batch | ETA: 0.8min
2025-11-08 09:41:22,522 - INFO - 进度:  80.9% | 批次: 840/1,038 | 损失: 4.2347 | LR: 5.57e-07 | 速度: 0.235s/batch | ETA: 0.8min
2025-11-08 09:41:24,885 - INFO - 进度:  81.9% | 批次: 850/1,038 | 损失: 4.2335 | LR: 5.60e-07 | 速度: 0.236s/batch | ETA: 0.8min
2025-11-08 09:41:27,423 - INFO - 进度:  82.9% | 批次: 860/1,038 | 损失: 4.2322 | LR: 5.63e-07 | 速度: 0.254s/batch | ETA: 0.7min
2025-11-08 09:41:29,806 - INFO - 进度:  83.8% | 批次: 870/1,038 | 损失: 4.2308 | LR: 5.66e-07 | 速度: 0.238s/batch | ETA: 0.7min
2025-11-08 09:41:32,334 - INFO - 进度:  84.8% | 批次: 880/1,038 | 损失: 4.2295 | LR: 5.69e-07 | 速度: 0.252s/batch | ETA: 0.6min
2025-11-08 09:41:34,815 - INFO - 进度:  85.7% | 批次: 890/1,038 | 损失: 4.2282 | LR: 5.72e-07 | 速度: 0.248s/batch | ETA: 0.6min
2025-11-08 09:41:37,348 - INFO - 进度:  86.7% | 批次: 900/1,038 | 损失: 4.2270 | LR: 5.75e-07 | 速度: 0.253s/batch | ETA: 0.6min
2025-11-08 09:41:39,990 - INFO - 进度:  87.7% | 批次: 910/1,038 | 损失: 4.2257 | LR: 5.78e-07 | 速度: 0.264s/batch | ETA: 0.5min
2025-11-08 09:41:42,416 - INFO - 进度:  88.6% | 批次: 920/1,038 | 损失: 4.2244 | LR: 5.80e-07 | 速度: 0.242s/batch | ETA: 0.5min
2025-11-08 09:41:44,753 - INFO - 进度:  89.6% | 批次: 930/1,038 | 损失: 4.2230 | LR: 5.83e-07 | 速度: 0.233s/batch | ETA: 0.4min
2025-11-08 09:41:47,045 - INFO - 进度:  90.6% | 批次: 940/1,038 | 损失: 4.2218 | LR: 5.86e-07 | 速度: 0.229s/batch | ETA: 0.4min
2025-11-08 09:41:49,484 - INFO - 进度:  91.5% | 批次: 950/1,038 | 损失: 4.2204 | LR: 5.89e-07 | 速度: 0.243s/batch | ETA: 0.4min
2025-11-08 09:41:51,928 - INFO - 进度:  92.5% | 批次: 960/1,038 | 损失: 4.2191 | LR: 5.92e-07 | 速度: 0.244s/batch | ETA: 0.3min
2025-11-08 09:41:54,276 - INFO - 进度:  93.4% | 批次: 970/1,038 | 损失: 4.2177 | LR: 5.92e-07 | 速度: 0.234s/batch | ETA: 0.3min
2025-11-08 09:41:56,661 - INFO - 进度:  94.4% | 批次: 980/1,038 | 损失: 4.2163 | LR: 5.90e-07 | 速度: 0.238s/batch | ETA: 0.2min
2025-11-08 09:41:58,878 - INFO - 进度:  95.4% | 批次: 990/1,038 | 损失: 4.2150 | LR: 5.89e-07 | 速度: 0.221s/batch | ETA: 0.2min
2025-11-08 09:42:01,186 - INFO - 进度:  96.3% | 批次: 1,000/1,038 | 损失: 4.2136 | LR: 5.87e-07 | 速度: 0.231s/batch | ETA: 0.2min
2025-11-08 09:42:03,511 - INFO - 进度:  97.3% | 批次: 1,010/1,038 | 损失: 4.2123 | LR: 5.86e-07 | 速度: 0.232s/batch | ETA: 0.1min
2025-11-08 09:42:05,962 - INFO - 进度:  98.3% | 批次: 1,020/1,038 | 损失: 4.2109 | LR: 5.85e-07 | 速度: 0.245s/batch | ETA: 0.1min
2025-11-08 09:42:08,323 - INFO - 进度:  99.2% | 批次: 1,030/1,038 | 损失: 4.2096 | LR: 5.83e-07 | 速度: 0.236s/batch | ETA: 0.0min
2025-11-08 09:42:10,193 - INFO - 进度: 100.0% | 批次: 1,038/1,038 | 损失: 4.2086 | LR: 5.82e-07 | 速度: 0.233s/batch | ETA: 0.0min
2025-11-08 09:42:10,193 - INFO - Epoch 2 完成! | 平均损失: 4.2086 | 耗时: 4.2分钟 | 处理样本: 16,602 | 总批次: 1,038
2025-11-08 09:42:10,193 - INFO - 开始验证...
2025-11-08 09:42:18,864 - INFO - 验证完成! | 损失: 4.0605 | 困惑度: 58.00 | 耗时: 8.7秒 | 样本数: 1,872
2025-11-08 09:42:18,865 - INFO - Epoch 2 统计: 训练损失=4.2086, 验证损失=4.0604987572401, 耗时=4.3分钟, 累计耗时=8.5分钟
2025-11-08 09:42:19,946 - INFO - 结果已保存至 results/baseline/
2025-11-08 09:42:19,946 - INFO - 
============================================================
2025-11-08 09:42:19,947 - INFO - Epoch 3/5
2025-11-08 09:42:19,947 - INFO - ============================================================
2025-11-08 09:42:19,947 - INFO - Epoch 3/5: 开始训练 (1,038 批次)
2025-11-08 09:42:22,243 - INFO - 进度:   1.0% | 批次: 10/1,038 | 损失: 4.0655 | LR: 5.81e-07 | 速度: 0.229s/batch | ETA: 3.9min
2025-11-08 09:42:24,500 - INFO - 进度:   1.9% | 批次: 20/1,038 | 损失: 4.0650 | LR: 5.79e-07 | 速度: 0.225s/batch | ETA: 3.9min
2025-11-08 09:42:26,764 - INFO - 进度:   2.9% | 批次: 30/1,038 | 损失: 4.0646 | LR: 5.78e-07 | 速度: 0.226s/batch | ETA: 3.8min
2025-11-08 09:42:29,294 - INFO - 进度:   3.9% | 批次: 40/1,038 | 损失: 4.0638 | LR: 5.76e-07 | 速度: 0.253s/batch | ETA: 3.9min
2025-11-08 09:42:31,641 - INFO - 进度:   4.8% | 批次: 50/1,038 | 损失: 4.0625 | LR: 5.75e-07 | 速度: 0.234s/batch | ETA: 3.9min
2025-11-08 09:42:34,033 - INFO - 进度:   5.8% | 批次: 60/1,038 | 损失: 4.0598 | LR: 5.74e-07 | 速度: 0.239s/batch | ETA: 3.8min
2025-11-08 09:42:36,350 - INFO - 进度:   6.7% | 批次: 70/1,038 | 损失: 4.0587 | LR: 5.72e-07 | 速度: 0.231s/batch | ETA: 3.8min
2025-11-08 09:42:38,595 - INFO - 进度:   7.7% | 批次: 80/1,038 | 损失: 4.0575 | LR: 5.71e-07 | 速度: 0.224s/batch | ETA: 3.7min
2025-11-08 09:42:40,827 - INFO - 进度:   8.7% | 批次: 90/1,038 | 损失: 4.0559 | LR: 5.70e-07 | 速度: 0.223s/batch | ETA: 3.7min
2025-11-08 09:42:43,233 - INFO - 进度:   9.6% | 批次: 100/1,038 | 损失: 4.0544 | LR: 5.68e-07 | 速度: 0.240s/batch | ETA: 3.6min
2025-11-08 09:42:45,543 - INFO - 进度:  10.6% | 批次: 110/1,038 | 损失: 4.0530 | LR: 5.67e-07 | 速度: 0.231s/batch | ETA: 3.6min
2025-11-08 09:42:47,873 - INFO - 进度:  11.6% | 批次: 120/1,038 | 损失: 4.0517 | LR: 5.66e-07 | 速度: 0.233s/batch | ETA: 3.6min
2025-11-08 09:42:50,142 - INFO - 进度:  12.5% | 批次: 130/1,038 | 损失: 4.0502 | LR: 5.65e-07 | 速度: 0.226s/batch | ETA: 3.5min
2025-11-08 09:42:52,591 - INFO - 进度:  13.5% | 批次: 140/1,038 | 损失: 4.0486 | LR: 5.63e-07 | 速度: 0.245s/batch | ETA: 3.5min
2025-11-08 09:42:54,960 - INFO - 进度:  14.5% | 批次: 150/1,038 | 损失: 4.0477 | LR: 5.62e-07 | 速度: 0.236s/batch | ETA: 3.5min
2025-11-08 09:42:57,314 - INFO - 进度:  15.4% | 批次: 160/1,038 | 损失: 4.0461 | LR: 5.61e-07 | 速度: 0.235s/batch | ETA: 3.4min
2025-11-08 09:42:59,634 - INFO - 进度:  16.4% | 批次: 170/1,038 | 损失: 4.0450 | LR: 5.60e-07 | 速度: 0.232s/batch | ETA: 3.4min
2025-11-08 09:43:01,920 - INFO - 进度:  17.3% | 批次: 180/1,038 | 损失: 4.0436 | LR: 5.58e-07 | 速度: 0.228s/batch | ETA: 3.3min
2025-11-08 09:43:04,170 - INFO - 进度:  18.3% | 批次: 190/1,038 | 损失: 4.0421 | LR: 5.57e-07 | 速度: 0.225s/batch | ETA: 3.3min
2025-11-08 09:43:06,365 - INFO - 进度:  19.3% | 批次: 200/1,038 | 损失: 4.0403 | LR: 5.56e-07 | 速度: 0.219s/batch | ETA: 3.2min
2025-11-08 09:43:08,668 - INFO - 进度:  20.2% | 批次: 210/1,038 | 损失: 4.0387 | LR: 5.55e-07 | 速度: 0.230s/batch | ETA: 3.2min
2025-11-08 09:43:10,961 - INFO - 进度:  21.2% | 批次: 220/1,038 | 损失: 4.0375 | LR: 5.53e-07 | 速度: 0.229s/batch | ETA: 3.2min
2025-11-08 09:43:13,248 - INFO - 进度:  22.2% | 批次: 230/1,038 | 损失: 4.0360 | LR: 5.52e-07 | 速度: 0.228s/batch | ETA: 3.1min
2025-11-08 09:43:15,426 - INFO - 进度:  23.1% | 批次: 240/1,038 | 损失: 4.0346 | LR: 5.51e-07 | 速度: 0.218s/batch | ETA: 3.1min
2025-11-08 09:43:17,697 - INFO - 进度:  24.1% | 批次: 250/1,038 | 损失: 4.0334 | LR: 5.50e-07 | 速度: 0.227s/batch | ETA: 3.0min
2025-11-08 09:43:19,981 - INFO - 进度:  25.0% | 批次: 260/1,038 | 损失: 4.0319 | LR: 5.49e-07 | 速度: 0.228s/batch | ETA: 3.0min
2025-11-08 09:43:22,323 - INFO - 进度:  26.0% | 批次: 270/1,038 | 损失: 4.0306 | LR: 5.47e-07 | 速度: 0.234s/batch | ETA: 3.0min
2025-11-08 09:43:24,972 - INFO - 进度:  27.0% | 批次: 280/1,038 | 损失: 4.0291 | LR: 5.46e-07 | 速度: 0.265s/batch | ETA: 2.9min
2025-11-08 09:43:27,264 - INFO - 进度:  27.9% | 批次: 290/1,038 | 损失: 4.0275 | LR: 5.45e-07 | 速度: 0.229s/batch | ETA: 2.9min
2025-11-08 09:43:29,544 - INFO - 进度:  28.9% | 批次: 300/1,038 | 损失: 4.0260 | LR: 5.44e-07 | 速度: 0.228s/batch | ETA: 2.9min
2025-11-08 09:43:32,050 - INFO - 进度:  29.9% | 批次: 310/1,038 | 损失: 4.0242 | LR: 5.43e-07 | 速度: 0.250s/batch | ETA: 2.8min
2025-11-08 09:43:34,376 - INFO - 进度:  30.8% | 批次: 320/1,038 | 损失: 4.0230 | LR: 5.42e-07 | 速度: 0.232s/batch | ETA: 2.8min
2025-11-08 09:43:36,682 - INFO - 进度:  31.8% | 批次: 330/1,038 | 损失: 4.0216 | LR: 5.41e-07 | 速度: 0.230s/batch | ETA: 2.7min
2025-11-08 09:43:38,961 - INFO - 进度:  32.8% | 批次: 340/1,038 | 损失: 4.0201 | LR: 5.39e-07 | 速度: 0.228s/batch | ETA: 2.7min
2025-11-08 09:43:41,189 - INFO - 进度:  33.7% | 批次: 350/1,038 | 损失: 4.0186 | LR: 5.38e-07 | 速度: 0.223s/batch | ETA: 2.7min
2025-11-08 09:43:43,465 - INFO - 进度:  34.7% | 批次: 360/1,038 | 损失: 4.0170 | LR: 5.37e-07 | 速度: 0.227s/batch | ETA: 2.6min
2025-11-08 09:43:45,779 - INFO - 进度:  35.6% | 批次: 370/1,038 | 损失: 4.0156 | LR: 5.36e-07 | 速度: 0.231s/batch | ETA: 2.6min
2025-11-08 09:43:48,060 - INFO - 进度:  36.6% | 批次: 380/1,038 | 损失: 4.0143 | LR: 5.35e-07 | 速度: 0.228s/batch | ETA: 2.5min
2025-11-08 09:43:50,355 - INFO - 进度:  37.6% | 批次: 390/1,038 | 损失: 4.0128 | LR: 5.34e-07 | 速度: 0.229s/batch | ETA: 2.5min
2025-11-08 09:43:52,642 - INFO - 进度:  38.5% | 批次: 400/1,038 | 损失: 4.0115 | LR: 5.33e-07 | 速度: 0.228s/batch | ETA: 2.5min
2025-11-08 09:43:54,892 - INFO - 进度:  39.5% | 批次: 410/1,038 | 损失: 4.0101 | LR: 5.32e-07 | 速度: 0.225s/batch | ETA: 2.4min
2025-11-08 09:43:57,172 - INFO - 进度:  40.5% | 批次: 420/1,038 | 损失: 4.0088 | LR: 5.31e-07 | 速度: 0.228s/batch | ETA: 2.4min
2025-11-08 09:43:59,483 - INFO - 进度:  41.4% | 批次: 430/1,038 | 损失: 4.0074 | LR: 5.30e-07 | 速度: 0.231s/batch | ETA: 2.3min
2025-11-08 09:44:01,809 - INFO - 进度:  42.4% | 批次: 440/1,038 | 损失: 4.0061 | LR: 5.29e-07 | 速度: 0.232s/batch | ETA: 2.3min
2025-11-08 09:44:04,029 - INFO - 进度:  43.4% | 批次: 450/1,038 | 损失: 4.0049 | LR: 5.28e-07 | 速度: 0.222s/batch | ETA: 2.3min
2025-11-08 09:44:06,278 - INFO - 进度:  44.3% | 批次: 460/1,038 | 损失: 4.0037 | LR: 5.27e-07 | 速度: 0.224s/batch | ETA: 2.2min
2025-11-08 09:44:08,765 - INFO - 进度:  45.3% | 批次: 470/1,038 | 损失: 4.0022 | LR: 5.26e-07 | 速度: 0.249s/batch | ETA: 2.2min
2025-11-08 09:44:11,165 - INFO - 进度:  46.2% | 批次: 480/1,038 | 损失: 4.0009 | LR: 5.24e-07 | 速度: 0.240s/batch | ETA: 2.2min
2025-11-08 09:44:13,571 - INFO - 进度:  47.2% | 批次: 490/1,038 | 损失: 3.9995 | LR: 5.23e-07 | 速度: 0.240s/batch | ETA: 2.1min
2025-11-08 09:44:16,246 - INFO - 进度:  48.2% | 批次: 500/1,038 | 损失: 3.9983 | LR: 5.22e-07 | 速度: 0.267s/batch | ETA: 2.1min
2025-11-08 09:44:18,669 - INFO - 进度:  49.1% | 批次: 510/1,038 | 损失: 3.9969 | LR: 5.21e-07 | 速度: 0.242s/batch | ETA: 2.0min
2025-11-08 09:44:20,913 - INFO - 进度:  50.1% | 批次: 520/1,038 | 损失: 3.9955 | LR: 5.20e-07 | 速度: 0.224s/batch | ETA: 2.0min
2025-11-08 09:44:23,182 - INFO - 进度:  51.1% | 批次: 530/1,038 | 损失: 3.9941 | LR: 5.19e-07 | 速度: 0.227s/batch | ETA: 2.0min
2025-11-08 09:44:25,450 - INFO - 进度:  52.0% | 批次: 540/1,038 | 损失: 3.9928 | LR: 5.18e-07 | 速度: 0.227s/batch | ETA: 1.9min
2025-11-08 09:44:27,704 - INFO - 进度:  53.0% | 批次: 550/1,038 | 损失: 3.9915 | LR: 5.17e-07 | 速度: 0.225s/batch | ETA: 1.9min
2025-11-08 09:44:29,908 - INFO - 进度:  53.9% | 批次: 560/1,038 | 损失: 3.9903 | LR: 5.16e-07 | 速度: 0.220s/batch | ETA: 1.8min
2025-11-08 09:44:32,215 - INFO - 进度:  54.9% | 批次: 570/1,038 | 损失: 3.9890 | LR: 5.15e-07 | 速度: 0.230s/batch | ETA: 1.8min
2025-11-08 09:44:34,450 - INFO - 进度:  55.9% | 批次: 580/1,038 | 损失: 3.9877 | LR: 5.15e-07 | 速度: 0.223s/batch | ETA: 1.8min
2025-11-08 09:44:36,746 - INFO - 进度:  56.8% | 批次: 590/1,038 | 损失: 3.9864 | LR: 5.14e-07 | 速度: 0.229s/batch | ETA: 1.7min
2025-11-08 09:44:39,042 - INFO - 进度:  57.8% | 批次: 600/1,038 | 损失: 3.9851 | LR: 5.13e-07 | 速度: 0.229s/batch | ETA: 1.7min
2025-11-08 09:44:41,424 - INFO - 进度:  58.8% | 批次: 610/1,038 | 损失: 3.9838 | LR: 5.12e-07 | 速度: 0.238s/batch | ETA: 1.7min
2025-11-08 09:44:43,680 - INFO - 进度:  59.7% | 批次: 620/1,038 | 损失: 3.9825 | LR: 5.11e-07 | 速度: 0.225s/batch | ETA: 1.6min
2025-11-08 09:44:46,120 - INFO - 进度:  60.7% | 批次: 630/1,038 | 损失: 3.9811 | LR: 5.10e-07 | 速度: 0.243s/batch | ETA: 1.6min
2025-11-08 09:44:48,486 - INFO - 进度:  61.7% | 批次: 640/1,038 | 损失: 3.9797 | LR: 5.09e-07 | 速度: 0.236s/batch | ETA: 1.5min
2025-11-08 09:44:50,806 - INFO - 进度:  62.6% | 批次: 650/1,038 | 损失: 3.9784 | LR: 5.08e-07 | 速度: 0.232s/batch | ETA: 1.5min
2025-11-08 09:44:53,060 - INFO - 进度:  63.6% | 批次: 660/1,038 | 损失: 3.9770 | LR: 5.07e-07 | 速度: 0.225s/batch | ETA: 1.5min
2025-11-08 09:44:55,256 - INFO - 进度:  64.5% | 批次: 670/1,038 | 损失: 3.9757 | LR: 5.06e-07 | 速度: 0.219s/batch | ETA: 1.4min
2025-11-08 09:44:57,594 - INFO - 进度:  65.5% | 批次: 680/1,038 | 损失: 3.9744 | LR: 5.05e-07 | 速度: 0.233s/batch | ETA: 1.4min
2025-11-08 09:44:59,826 - INFO - 进度:  66.5% | 批次: 690/1,038 | 损失: 3.9731 | LR: 5.04e-07 | 速度: 0.223s/batch | ETA: 1.3min
2025-11-08 09:45:02,106 - INFO - 进度:  67.4% | 批次: 700/1,038 | 损失: 3.9718 | LR: 5.03e-07 | 速度: 0.228s/batch | ETA: 1.3min
2025-11-08 09:45:04,433 - INFO - 进度:  68.4% | 批次: 710/1,038 | 损失: 3.9706 | LR: 5.02e-07 | 速度: 0.232s/batch | ETA: 1.3min
2025-11-08 09:45:06,732 - INFO - 进度:  69.4% | 批次: 720/1,038 | 损失: 3.9695 | LR: 5.01e-07 | 速度: 0.230s/batch | ETA: 1.2min
2025-11-08 09:45:08,924 - INFO - 进度:  70.3% | 批次: 730/1,038 | 损失: 3.9681 | LR: 5.01e-07 | 速度: 0.219s/batch | ETA: 1.2min
2025-11-08 09:45:11,103 - INFO - 进度:  71.3% | 批次: 740/1,038 | 损失: 3.9669 | LR: 5.00e-07 | 速度: 0.217s/batch | ETA: 1.1min
2025-11-08 09:45:13,389 - INFO - 进度:  72.3% | 批次: 750/1,038 | 损失: 3.9656 | LR: 4.99e-07 | 速度: 0.228s/batch | ETA: 1.1min
2025-11-08 09:45:15,806 - INFO - 进度:  73.2% | 批次: 760/1,038 | 损失: 3.9643 | LR: 4.98e-07 | 速度: 0.242s/batch | ETA: 1.1min
2025-11-08 09:45:18,104 - INFO - 进度:  74.2% | 批次: 770/1,038 | 损失: 3.9629 | LR: 4.97e-07 | 速度: 0.229s/batch | ETA: 1.0min
2025-11-08 09:45:20,314 - INFO - 进度:  75.1% | 批次: 780/1,038 | 损失: 3.9617 | LR: 4.96e-07 | 速度: 0.221s/batch | ETA: 1.0min
2025-11-08 09:45:22,506 - INFO - 进度:  76.1% | 批次: 790/1,038 | 损失: 3.9605 | LR: 4.95e-07 | 速度: 0.219s/batch | ETA: 1.0min
2025-11-08 09:45:24,793 - INFO - 进度:  77.1% | 批次: 800/1,038 | 损失: 3.9592 | LR: 4.94e-07 | 速度: 0.228s/batch | ETA: 0.9min
2025-11-08 09:45:27,110 - INFO - 进度:  78.0% | 批次: 810/1,038 | 损失: 3.9580 | LR: 4.94e-07 | 速度: 0.232s/batch | ETA: 0.9min
2025-11-08 09:45:29,410 - INFO - 进度:  79.0% | 批次: 820/1,038 | 损失: 3.9568 | LR: 4.93e-07 | 速度: 0.230s/batch | ETA: 0.8min
2025-11-08 09:45:31,769 - INFO - 进度:  80.0% | 批次: 830/1,038 | 损失: 3.9556 | LR: 4.92e-07 | 速度: 0.235s/batch | ETA: 0.8min
2025-11-08 09:45:34,053 - INFO - 进度:  80.9% | 批次: 840/1,038 | 损失: 3.9545 | LR: 4.91e-07 | 速度: 0.228s/batch | ETA: 0.8min
2025-11-08 09:45:36,258 - INFO - 进度:  81.9% | 批次: 850/1,038 | 损失: 3.9533 | LR: 4.90e-07 | 速度: 0.220s/batch | ETA: 0.7min
2025-11-08 09:45:38,470 - INFO - 进度:  82.9% | 批次: 860/1,038 | 损失: 3.9520 | LR: 4.89e-07 | 速度: 0.221s/batch | ETA: 0.7min
2025-11-08 09:45:40,881 - INFO - 进度:  83.8% | 批次: 870/1,038 | 损失: 3.9507 | LR: 4.89e-07 | 速度: 0.241s/batch | ETA: 0.6min
2025-11-08 09:45:43,406 - INFO - 进度:  84.8% | 批次: 880/1,038 | 损失: 3.9494 | LR: 4.88e-07 | 速度: 0.252s/batch | ETA: 0.6min
2025-11-08 09:45:45,732 - INFO - 进度:  85.7% | 批次: 890/1,038 | 损失: 3.9481 | LR: 4.87e-07 | 速度: 0.232s/batch | ETA: 0.6min
2025-11-08 09:45:48,039 - INFO - 进度:  86.7% | 批次: 900/1,038 | 损失: 3.9470 | LR: 4.86e-07 | 速度: 0.230s/batch | ETA: 0.5min
2025-11-08 09:45:50,444 - INFO - 进度:  87.7% | 批次: 910/1,038 | 损失: 3.9457 | LR: 4.85e-07 | 速度: 0.240s/batch | ETA: 0.5min
2025-11-08 09:45:52,852 - INFO - 进度:  88.6% | 批次: 920/1,038 | 损失: 3.9445 | LR: 4.84e-07 | 速度: 0.240s/batch | ETA: 0.5min
2025-11-08 09:45:55,175 - INFO - 进度:  89.6% | 批次: 930/1,038 | 损失: 3.9434 | LR: 4.84e-07 | 速度: 0.232s/batch | ETA: 0.4min
2025-11-08 09:45:57,608 - INFO - 进度:  90.6% | 批次: 940/1,038 | 损失: 3.9422 | LR: 4.83e-07 | 速度: 0.243s/batch | ETA: 0.4min
2025-11-08 09:45:59,936 - INFO - 进度:  91.5% | 批次: 950/1,038 | 损失: 3.9410 | LR: 4.82e-07 | 速度: 0.232s/batch | ETA: 0.3min
2025-11-08 09:46:02,277 - INFO - 进度:  92.5% | 批次: 960/1,038 | 损失: 3.9398 | LR: 4.81e-07 | 速度: 0.233s/batch | ETA: 0.3min
2025-11-08 09:46:04,622 - INFO - 进度:  93.4% | 批次: 970/1,038 | 损失: 3.9387 | LR: 4.80e-07 | 速度: 0.234s/batch | ETA: 0.3min
2025-11-08 09:46:06,886 - INFO - 进度:  94.4% | 批次: 980/1,038 | 损失: 3.9375 | LR: 4.80e-07 | 速度: 0.226s/batch | ETA: 0.2min
2025-11-08 09:46:09,193 - INFO - 进度:  95.4% | 批次: 990/1,038 | 损失: 3.9363 | LR: 4.79e-07 | 速度: 0.230s/batch | ETA: 0.2min
2025-11-08 09:46:11,378 - INFO - 进度:  96.3% | 批次: 1,000/1,038 | 损失: 3.9352 | LR: 4.78e-07 | 速度: 0.218s/batch | ETA: 0.1min
2025-11-08 09:46:13,621 - INFO - 进度:  97.3% | 批次: 1,010/1,038 | 损失: 3.9340 | LR: 4.77e-07 | 速度: 0.224s/batch | ETA: 0.1min
2025-11-08 09:46:16,022 - INFO - 进度:  98.3% | 批次: 1,020/1,038 | 损失: 3.9329 | LR: 4.77e-07 | 速度: 0.240s/batch | ETA: 0.1min
2025-11-08 09:46:18,534 - INFO - 进度:  99.2% | 批次: 1,030/1,038 | 损失: 3.9317 | LR: 4.76e-07 | 速度: 0.251s/batch | ETA: 0.0min
2025-11-08 09:46:20,397 - INFO - 进度: 100.0% | 批次: 1,038/1,038 | 损失: 3.9309 | LR: 4.75e-07 | 速度: 0.240s/batch | ETA: 0.0min
2025-11-08 09:46:20,397 - INFO - Epoch 3 完成! | 平均损失: 3.9309 | 耗时: 4.0分钟 | 处理样本: 16,602 | 总批次: 1,038
2025-11-08 09:46:20,398 - INFO - 开始验证...
2025-11-08 09:46:28,735 - INFO - 验证完成! | 损失: 3.8015 | 困惑度: 44.77 | 耗时: 8.3秒 | 样本数: 1,872
2025-11-08 09:46:28,735 - INFO - Epoch 3 统计: 训练损失=3.9309, 验证损失=3.801481750276354, 耗时=4.1分钟, 累计耗时=12.7分钟
2025-11-08 09:46:29,774 - INFO - 结果已保存至 results/baseline/
2025-11-08 09:46:29,775 - INFO - 
============================================================
2025-11-08 09:46:29,775 - INFO - Epoch 4/5
2025-11-08 09:46:29,775 - INFO - ============================================================
2025-11-08 09:46:29,775 - INFO - Epoch 4/5: 开始训练 (1,038 批次)
2025-11-08 09:46:32,272 - INFO - 进度:   1.0% | 批次: 10/1,038 | 损失: 3.8135 | LR: 4.74e-07 | 速度: 0.249s/batch | ETA: 4.3min
2025-11-08 09:46:34,810 - INFO - 进度:   1.9% | 批次: 20/1,038 | 损失: 3.8098 | LR: 4.74e-07 | 速度: 0.253s/batch | ETA: 4.3min
2025-11-08 09:46:37,148 - INFO - 进度:   2.9% | 批次: 30/1,038 | 损失: 3.8087 | LR: 4.73e-07 | 速度: 0.233s/batch | ETA: 4.1min
2025-11-08 09:46:39,621 - INFO - 进度:   3.9% | 批次: 40/1,038 | 损失: 3.8096 | LR: 4.72e-07 | 速度: 0.247s/batch | ETA: 4.1min
2025-11-08 09:46:42,043 - INFO - 进度:   4.8% | 批次: 50/1,038 | 损失: 3.8081 | LR: 4.71e-07 | 速度: 0.242s/batch | ETA: 4.0min
2025-11-08 09:46:44,431 - INFO - 进度:   5.8% | 批次: 60/1,038 | 损失: 3.8053 | LR: 4.71e-07 | 速度: 0.238s/batch | ETA: 4.0min
2025-11-08 09:46:46,779 - INFO - 进度:   6.7% | 批次: 70/1,038 | 损失: 3.8048 | LR: 4.70e-07 | 速度: 0.234s/batch | ETA: 3.9min
2025-11-08 09:46:49,090 - INFO - 进度:   7.7% | 批次: 80/1,038 | 损失: 3.8045 | LR: 4.69e-07 | 速度: 0.231s/batch | ETA: 3.9min
2025-11-08 09:46:51,408 - INFO - 进度:   8.7% | 批次: 90/1,038 | 损失: 3.8043 | LR: 4.68e-07 | 速度: 0.231s/batch | ETA: 3.8min
2025-11-08 09:46:53,681 - INFO - 进度:   9.6% | 批次: 100/1,038 | 损失: 3.8025 | LR: 4.68e-07 | 速度: 0.227s/batch | ETA: 3.7min
2025-11-08 09:46:56,048 - INFO - 进度:  10.6% | 批次: 110/1,038 | 损失: 3.8015 | LR: 4.67e-07 | 速度: 0.236s/batch | ETA: 3.7min
2025-11-08 09:46:58,311 - INFO - 进度:  11.6% | 批次: 120/1,038 | 损失: 3.8009 | LR: 4.66e-07 | 速度: 0.226s/batch | ETA: 3.6min
2025-11-08 09:47:00,568 - INFO - 进度:  12.5% | 批次: 130/1,038 | 损失: 3.7990 | LR: 4.66e-07 | 速度: 0.225s/batch | ETA: 3.6min
2025-11-08 09:47:02,748 - INFO - 进度:  13.5% | 批次: 140/1,038 | 损失: 3.7978 | LR: 4.65e-07 | 速度: 0.218s/batch | ETA: 3.5min
2025-11-08 09:47:05,009 - INFO - 进度:  14.5% | 批次: 150/1,038 | 损失: 3.7971 | LR: 4.64e-07 | 速度: 0.225s/batch | ETA: 3.5min
2025-11-08 09:47:07,326 - INFO - 进度:  15.4% | 批次: 160/1,038 | 损失: 3.7952 | LR: 4.63e-07 | 速度: 0.232s/batch | ETA: 3.4min
2025-11-08 09:47:09,636 - INFO - 进度:  16.4% | 批次: 170/1,038 | 损失: 3.7938 | LR: 4.63e-07 | 速度: 0.231s/batch | ETA: 3.4min
2025-11-08 09:47:12,326 - INFO - 进度:  17.3% | 批次: 180/1,038 | 损失: 3.7923 | LR: 4.62e-07 | 速度: 0.268s/batch | ETA: 3.4min
2025-11-08 09:47:14,738 - INFO - 进度:  18.3% | 批次: 190/1,038 | 损失: 3.7915 | LR: 4.61e-07 | 速度: 0.241s/batch | ETA: 3.3min
2025-11-08 09:47:16,902 - INFO - 进度:  19.3% | 批次: 200/1,038 | 损失: 3.7911 | LR: 4.61e-07 | 速度: 0.216s/batch | ETA: 3.3min
2025-11-08 09:47:19,123 - INFO - 进度:  20.2% | 批次: 210/1,038 | 损失: 3.7900 | LR: 4.60e-07 | 速度: 0.222s/batch | ETA: 3.2min
2025-11-08 09:47:21,397 - INFO - 进度:  21.2% | 批次: 220/1,038 | 损失: 3.7892 | LR: 4.59e-07 | 速度: 0.227s/batch | ETA: 3.2min
2025-11-08 09:47:23,647 - INFO - 进度:  22.2% | 批次: 230/1,038 | 损失: 3.7881 | LR: 4.59e-07 | 速度: 0.225s/batch | ETA: 3.2min
2025-11-08 09:47:25,896 - INFO - 进度:  23.1% | 批次: 240/1,038 | 损失: 3.7868 | LR: 4.58e-07 | 速度: 0.224s/batch | ETA: 3.1min
2025-11-08 09:47:28,063 - INFO - 进度:  24.1% | 批次: 250/1,038 | 损失: 3.7857 | LR: 4.57e-07 | 速度: 0.216s/batch | ETA: 3.1min
2025-11-08 09:47:30,306 - INFO - 进度:  25.0% | 批次: 260/1,038 | 损失: 3.7850 | LR: 4.57e-07 | 速度: 0.224s/batch | ETA: 3.0min
2025-11-08 09:47:32,531 - INFO - 进度:  26.0% | 批次: 270/1,038 | 损失: 3.7840 | LR: 4.56e-07 | 速度: 0.222s/batch | ETA: 3.0min
2025-11-08 09:47:34,752 - INFO - 进度:  27.0% | 批次: 280/1,038 | 损失: 3.7829 | LR: 4.55e-07 | 速度: 0.222s/batch | ETA: 2.9min
2025-11-08 09:47:36,971 - INFO - 进度:  27.9% | 批次: 290/1,038 | 损失: 3.7817 | LR: 4.54e-07 | 速度: 0.222s/batch | ETA: 2.9min
2025-11-08 09:47:39,216 - INFO - 进度:  28.9% | 批次: 300/1,038 | 损失: 3.7810 | LR: 4.54e-07 | 速度: 0.224s/batch | ETA: 2.8min
2025-11-08 09:47:41,541 - INFO - 进度:  29.9% | 批次: 310/1,038 | 损失: 3.7799 | LR: 4.53e-07 | 速度: 0.232s/batch | ETA: 2.8min
2025-11-08 09:47:43,988 - INFO - 进度:  30.8% | 批次: 320/1,038 | 损失: 3.7791 | LR: 4.52e-07 | 速度: 0.245s/batch | ETA: 2.8min
2025-11-08 09:47:46,634 - INFO - 进度:  31.8% | 批次: 330/1,038 | 损失: 3.7779 | LR: 4.52e-07 | 速度: 0.264s/batch | ETA: 2.7min
2025-11-08 09:47:49,217 - INFO - 进度:  32.8% | 批次: 340/1,038 | 损失: 3.7769 | LR: 4.51e-07 | 速度: 0.258s/batch | ETA: 2.7min
2025-11-08 09:47:51,745 - INFO - 进度:  33.7% | 批次: 350/1,038 | 损失: 3.7762 | LR: 4.51e-07 | 速度: 0.253s/batch | ETA: 2.7min
2025-11-08 09:47:54,319 - INFO - 进度:  34.7% | 批次: 360/1,038 | 损失: 3.7753 | LR: 4.50e-07 | 速度: 0.257s/batch | ETA: 2.7min
2025-11-08 09:47:56,982 - INFO - 进度:  35.6% | 批次: 370/1,038 | 损失: 3.7746 | LR: 4.49e-07 | 速度: 0.266s/batch | ETA: 2.6min
2025-11-08 09:47:59,804 - INFO - 进度:  36.6% | 批次: 380/1,038 | 损失: 3.7738 | LR: 4.49e-07 | 速度: 0.281s/batch | ETA: 2.6min
2025-11-08 09:48:02,596 - INFO - 进度:  37.6% | 批次: 390/1,038 | 损失: 3.7728 | LR: 4.48e-07 | 速度: 0.279s/batch | ETA: 2.6min
2025-11-08 09:48:05,426 - INFO - 进度:  38.5% | 批次: 400/1,038 | 损失: 3.7719 | LR: 4.47e-07 | 速度: 0.283s/batch | ETA: 2.5min
2025-11-08 09:48:08,146 - INFO - 进度:  39.5% | 批次: 410/1,038 | 损失: 3.7710 | LR: 4.47e-07 | 速度: 0.272s/batch | ETA: 2.5min
2025-11-08 09:48:11,033 - INFO - 进度:  40.5% | 批次: 420/1,038 | 损失: 3.7702 | LR: 4.46e-07 | 速度: 0.288s/batch | ETA: 2.5min
2025-11-08 09:48:13,980 - INFO - 进度:  41.4% | 批次: 430/1,038 | 损失: 3.7693 | LR: 4.45e-07 | 速度: 0.294s/batch | ETA: 2.5min
2025-11-08 09:48:16,715 - INFO - 进度:  42.4% | 批次: 440/1,038 | 损失: 3.7683 | LR: 4.45e-07 | 速度: 0.273s/batch | ETA: 2.4min
2025-11-08 09:48:19,355 - INFO - 进度:  43.4% | 批次: 450/1,038 | 损失: 3.7674 | LR: 4.44e-07 | 速度: 0.264s/batch | ETA: 2.4min
2025-11-08 09:48:22,138 - INFO - 进度:  44.3% | 批次: 460/1,038 | 损失: 3.7664 | LR: 4.44e-07 | 速度: 0.278s/batch | ETA: 2.4min
2025-11-08 09:48:25,021 - INFO - 进度:  45.3% | 批次: 470/1,038 | 损失: 3.7655 | LR: 4.43e-07 | 速度: 0.288s/batch | ETA: 2.3min
2025-11-08 09:48:27,906 - INFO - 进度:  46.2% | 批次: 480/1,038 | 损失: 3.7645 | LR: 4.42e-07 | 速度: 0.288s/batch | ETA: 2.3min
2025-11-08 09:48:30,744 - INFO - 进度:  47.2% | 批次: 490/1,038 | 损失: 3.7637 | LR: 4.42e-07 | 速度: 0.283s/batch | ETA: 2.3min
2025-11-08 09:48:33,433 - INFO - 进度:  48.2% | 批次: 500/1,038 | 损失: 3.7627 | LR: 4.41e-07 | 速度: 0.269s/batch | ETA: 2.2min
2025-11-08 09:48:36,236 - INFO - 进度:  49.1% | 批次: 510/1,038 | 损失: 3.7617 | LR: 4.40e-07 | 速度: 0.280s/batch | ETA: 2.2min
2025-11-08 09:48:39,451 - INFO - 进度:  50.1% | 批次: 520/1,038 | 损失: 3.7607 | LR: 4.40e-07 | 速度: 0.321s/batch | ETA: 2.2min
2025-11-08 09:48:43,085 - INFO - 进度:  51.1% | 批次: 530/1,038 | 损失: 3.7597 | LR: 4.39e-07 | 速度: 0.363s/batch | ETA: 2.1min
2025-11-08 09:48:46,121 - INFO - 进度:  52.0% | 批次: 540/1,038 | 损失: 3.7588 | LR: 4.39e-07 | 速度: 0.303s/batch | ETA: 2.1min
2025-11-08 09:48:49,116 - INFO - 进度:  53.0% | 批次: 550/1,038 | 损失: 3.7580 | LR: 4.38e-07 | 速度: 0.298s/batch | ETA: 2.1min
2025-11-08 09:48:52,113 - INFO - 进度:  53.9% | 批次: 560/1,038 | 损失: 3.7571 | LR: 4.37e-07 | 速度: 0.299s/batch | ETA: 2.0min
2025-11-08 09:48:54,959 - INFO - 进度:  54.9% | 批次: 570/1,038 | 损失: 3.7560 | LR: 4.37e-07 | 速度: 0.284s/batch | ETA: 2.0min
2025-11-08 09:48:57,814 - INFO - 进度:  55.9% | 批次: 580/1,038 | 损失: 3.7551 | LR: 4.36e-07 | 速度: 0.285s/batch | ETA: 1.9min
2025-11-08 09:49:00,518 - INFO - 进度:  56.8% | 批次: 590/1,038 | 损失: 3.7543 | LR: 4.36e-07 | 速度: 0.270s/batch | ETA: 1.9min
2025-11-08 09:49:03,604 - INFO - 进度:  57.8% | 批次: 600/1,038 | 损失: 3.7534 | LR: 4.35e-07 | 速度: 0.308s/batch | ETA: 1.9min
2025-11-08 09:49:06,455 - INFO - 进度:  58.8% | 批次: 610/1,038 | 损失: 3.7526 | LR: 4.35e-07 | 速度: 0.285s/batch | ETA: 1.8min
2025-11-08 09:49:09,293 - INFO - 进度:  59.7% | 批次: 620/1,038 | 损失: 3.7518 | LR: 4.34e-07 | 速度: 0.283s/batch | ETA: 1.8min
2025-11-08 09:49:12,156 - INFO - 进度:  60.7% | 批次: 630/1,038 | 损失: 3.7507 | LR: 4.33e-07 | 速度: 0.286s/batch | ETA: 1.8min
2025-11-08 09:49:14,956 - INFO - 进度:  61.7% | 批次: 640/1,038 | 损失: 3.7498 | LR: 4.33e-07 | 速度: 0.279s/batch | ETA: 1.7min
2025-11-08 09:49:17,816 - INFO - 进度:  62.6% | 批次: 650/1,038 | 损失: 3.7490 | LR: 4.32e-07 | 速度: 0.286s/batch | ETA: 1.7min
2025-11-08 09:49:20,831 - INFO - 进度:  63.6% | 批次: 660/1,038 | 损失: 3.7481 | LR: 4.32e-07 | 速度: 0.301s/batch | ETA: 1.6min
2025-11-08 09:49:23,514 - INFO - 进度:  64.5% | 批次: 670/1,038 | 损失: 3.7474 | LR: 4.31e-07 | 速度: 0.268s/batch | ETA: 1.6min
2025-11-08 09:49:26,183 - INFO - 进度:  65.5% | 批次: 680/1,038 | 损失: 3.7468 | LR: 4.30e-07 | 速度: 0.266s/batch | ETA: 1.5min
2025-11-08 09:49:29,248 - INFO - 进度:  66.5% | 批次: 690/1,038 | 损失: 3.7459 | LR: 4.30e-07 | 速度: 0.306s/batch | ETA: 1.5min
2025-11-08 09:49:32,575 - INFO - 进度:  67.4% | 批次: 700/1,038 | 损失: 3.7451 | LR: 4.29e-07 | 速度: 0.332s/batch | ETA: 1.5min
2025-11-08 09:49:35,939 - INFO - 进度:  68.4% | 批次: 710/1,038 | 损失: 3.7443 | LR: 4.29e-07 | 速度: 0.336s/batch | ETA: 1.4min
2025-11-08 09:49:39,444 - INFO - 进度:  69.4% | 批次: 720/1,038 | 损失: 3.7436 | LR: 4.28e-07 | 速度: 0.350s/batch | ETA: 1.4min
2025-11-08 09:49:42,542 - INFO - 进度:  70.3% | 批次: 730/1,038 | 损失: 3.7428 | LR: 4.28e-07 | 速度: 0.309s/batch | ETA: 1.4min
2025-11-08 09:49:45,407 - INFO - 进度:  71.3% | 批次: 740/1,038 | 损失: 3.7420 | LR: 4.27e-07 | 速度: 0.286s/batch | ETA: 1.3min
2025-11-08 09:49:48,083 - INFO - 进度:  72.3% | 批次: 750/1,038 | 损失: 3.7412 | LR: 4.27e-07 | 速度: 0.267s/batch | ETA: 1.3min
2025-11-08 09:49:50,825 - INFO - 进度:  73.2% | 批次: 760/1,038 | 损失: 3.7403 | LR: 4.26e-07 | 速度: 0.274s/batch | ETA: 1.2min
2025-11-08 09:49:53,696 - INFO - 进度:  74.2% | 批次: 770/1,038 | 损失: 3.7397 | LR: 4.25e-07 | 速度: 0.286s/batch | ETA: 1.2min
2025-11-08 09:49:56,560 - INFO - 进度:  75.1% | 批次: 780/1,038 | 损失: 3.7388 | LR: 4.25e-07 | 速度: 0.286s/batch | ETA: 1.1min
2025-11-08 09:49:59,195 - INFO - 进度:  76.1% | 批次: 790/1,038 | 损失: 3.7379 | LR: 4.24e-07 | 速度: 0.263s/batch | ETA: 1.1min
2025-11-08 09:50:01,948 - INFO - 进度:  77.1% | 批次: 800/1,038 | 损失: 3.7371 | LR: 4.24e-07 | 速度: 0.275s/batch | ETA: 1.1min
2025-11-08 09:50:04,727 - INFO - 进度:  78.0% | 批次: 810/1,038 | 损失: 3.7362 | LR: 4.23e-07 | 速度: 0.277s/batch | ETA: 1.0min
2025-11-08 09:50:07,599 - INFO - 进度:  79.0% | 批次: 820/1,038 | 损失: 3.7354 | LR: 4.23e-07 | 速度: 0.287s/batch | ETA: 1.0min
2025-11-08 09:50:10,468 - INFO - 进度:  80.0% | 批次: 830/1,038 | 损失: 3.7346 | LR: 4.22e-07 | 速度: 0.286s/batch | ETA: 0.9min
2025-11-08 09:50:13,174 - INFO - 进度:  80.9% | 批次: 840/1,038 | 损失: 3.7338 | LR: 4.22e-07 | 速度: 0.270s/batch | ETA: 0.9min
2025-11-08 09:50:15,862 - INFO - 进度:  81.9% | 批次: 850/1,038 | 损失: 3.7331 | LR: 4.21e-07 | 速度: 0.268s/batch | ETA: 0.8min
2025-11-08 09:50:18,694 - INFO - 进度:  82.9% | 批次: 860/1,038 | 损失: 3.7323 | LR: 4.21e-07 | 速度: 0.283s/batch | ETA: 0.8min
2025-11-08 09:50:21,492 - INFO - 进度:  83.8% | 批次: 870/1,038 | 损失: 3.7315 | LR: 4.20e-07 | 速度: 0.279s/batch | ETA: 0.7min
2025-11-08 09:50:24,281 - INFO - 进度:  84.8% | 批次: 880/1,038 | 损失: 3.7307 | LR: 4.20e-07 | 速度: 0.279s/batch | ETA: 0.7min
2025-11-08 09:50:26,980 - INFO - 进度:  85.7% | 批次: 890/1,038 | 损失: 3.7299 | LR: 4.19e-07 | 速度: 0.269s/batch | ETA: 0.7min
2025-11-08 09:50:29,753 - INFO - 进度:  86.7% | 批次: 900/1,038 | 损失: 3.7290 | LR: 4.19e-07 | 速度: 0.277s/batch | ETA: 0.6min
2025-11-08 09:50:32,617 - INFO - 进度:  87.7% | 批次: 910/1,038 | 损失: 3.7283 | LR: 4.18e-07 | 速度: 0.286s/batch | ETA: 0.6min
2025-11-08 09:50:35,480 - INFO - 进度:  88.6% | 批次: 920/1,038 | 损失: 3.7274 | LR: 4.17e-07 | 速度: 0.286s/batch | ETA: 0.5min
2025-11-08 09:50:38,218 - INFO - 进度:  89.6% | 批次: 930/1,038 | 损失: 3.7266 | LR: 4.17e-07 | 速度: 0.273s/batch | ETA: 0.5min
2025-11-08 09:50:40,932 - INFO - 进度:  90.6% | 批次: 940/1,038 | 损失: 3.7257 | LR: 4.16e-07 | 速度: 0.271s/batch | ETA: 0.4min
2025-11-08 09:50:43,778 - INFO - 进度:  91.5% | 批次: 950/1,038 | 损失: 3.7249 | LR: 4.16e-07 | 速度: 0.284s/batch | ETA: 0.4min
2025-11-08 09:50:46,541 - INFO - 进度:  92.5% | 批次: 960/1,038 | 损失: 3.7241 | LR: 4.15e-07 | 速度: 0.276s/batch | ETA: 0.3min
2025-11-08 09:50:49,189 - INFO - 进度:  93.4% | 批次: 970/1,038 | 损失: 3.7234 | LR: 4.15e-07 | 速度: 0.264s/batch | ETA: 0.3min
2025-11-08 09:50:51,848 - INFO - 进度:  94.4% | 批次: 980/1,038 | 损失: 3.7226 | LR: 4.14e-07 | 速度: 0.265s/batch | ETA: 0.3min
2025-11-08 09:50:54,657 - INFO - 进度:  95.4% | 批次: 990/1,038 | 损失: 3.7218 | LR: 4.14e-07 | 速度: 0.280s/batch | ETA: 0.2min
2025-11-08 09:50:57,492 - INFO - 进度:  96.3% | 批次: 1,000/1,038 | 损失: 3.7211 | LR: 4.13e-07 | 速度: 0.283s/batch | ETA: 0.2min
2025-11-08 09:51:00,264 - INFO - 进度:  97.3% | 批次: 1,010/1,038 | 损失: 3.7203 | LR: 4.13e-07 | 速度: 0.277s/batch | ETA: 0.1min
2025-11-08 09:51:03,201 - INFO - 进度:  98.3% | 批次: 1,020/1,038 | 损失: 3.7196 | LR: 4.12e-07 | 速度: 0.293s/batch | ETA: 0.1min
2025-11-08 09:51:05,875 - INFO - 进度:  99.2% | 批次: 1,030/1,038 | 损失: 3.7188 | LR: 4.12e-07 | 速度: 0.267s/batch | ETA: 0.0min
2025-11-08 09:51:08,062 - INFO - 进度: 100.0% | 批次: 1,038/1,038 | 损失: 3.7182 | LR: 4.12e-07 | 速度: 0.270s/batch | ETA: 0.0min
2025-11-08 09:51:08,063 - INFO - Epoch 4 完成! | 平均损失: 3.7182 | 耗时: 4.6分钟 | 处理样本: 16,602 | 总批次: 1,038
2025-11-08 09:51:08,064 - INFO - 开始验证...
2025-11-08 09:51:18,330 - INFO - 验证完成! | 损失: 3.6376 | 困惑度: 38.00 | 耗时: 10.3秒 | 样本数: 1,872
2025-11-08 09:51:18,331 - INFO - Epoch 4 统计: 训练损失=3.7182, 验证损失=3.637580600559202, 耗时=4.8分钟, 累计耗时=17.5分钟
2025-11-08 09:51:19,591 - INFO - 结果已保存至 results/baseline/
2025-11-08 09:51:19,591 - INFO - 
============================================================
2025-11-08 09:51:19,592 - INFO - Epoch 5/5
2025-11-08 09:51:19,592 - INFO - ============================================================
2025-11-08 09:51:19,592 - INFO - Epoch 5/5: 开始训练 (1,038 批次)
2025-11-08 09:51:22,404 - INFO - 进度:   1.0% | 批次: 10/1,038 | 损失: 3.6316 | LR: 4.11e-07 | 速度: 0.281s/batch | ETA: 4.8min
2025-11-08 09:51:25,230 - INFO - 进度:   1.9% | 批次: 20/1,038 | 损失: 3.6379 | LR: 4.11e-07 | 速度: 0.282s/batch | ETA: 4.8min
2025-11-08 09:51:28,833 - INFO - 进度:   2.9% | 批次: 30/1,038 | 损失: 3.6400 | LR: 4.10e-07 | 速度: 0.360s/batch | ETA: 5.2min
2025-11-08 09:51:31,502 - INFO - 进度:   3.9% | 批次: 40/1,038 | 损失: 3.6396 | LR: 4.10e-07 | 速度: 0.266s/batch | ETA: 5.0min
2025-11-08 09:51:34,325 - INFO - 进度:   4.8% | 批次: 50/1,038 | 损失: 3.6390 | LR: 4.09e-07 | 速度: 0.282s/batch | ETA: 4.9min
2025-11-08 09:51:37,175 - INFO - 进度:   5.8% | 批次: 60/1,038 | 损失: 3.6381 | LR: 4.09e-07 | 速度: 0.285s/batch | ETA: 4.8min
2025-11-08 09:51:40,030 - INFO - 进度:   6.7% | 批次: 70/1,038 | 损失: 3.6374 | LR: 4.08e-07 | 速度: 0.285s/batch | ETA: 4.7min
2025-11-08 09:51:42,751 - INFO - 进度:   7.7% | 批次: 80/1,038 | 损失: 3.6367 | LR: 4.08e-07 | 速度: 0.272s/batch | ETA: 4.6min
2025-11-08 09:51:45,613 - INFO - 进度:   8.7% | 批次: 90/1,038 | 损失: 3.6366 | LR: 4.07e-07 | 速度: 0.286s/batch | ETA: 4.6min
2025-11-08 09:51:48,451 - INFO - 进度:   9.6% | 批次: 100/1,038 | 损失: 3.6358 | LR: 4.07e-07 | 速度: 0.284s/batch | ETA: 4.5min
2025-11-08 09:51:51,418 - INFO - 进度:  10.6% | 批次: 110/1,038 | 损失: 3.6337 | LR: 4.06e-07 | 速度: 0.296s/batch | ETA: 4.5min
2025-11-08 09:51:54,242 - INFO - 进度:  11.6% | 批次: 120/1,038 | 损失: 3.6335 | LR: 4.06e-07 | 速度: 0.282s/batch | ETA: 4.4min
2025-11-08 09:51:56,968 - INFO - 进度:  12.5% | 批次: 130/1,038 | 损失: 3.6321 | LR: 4.05e-07 | 速度: 0.272s/batch | ETA: 4.4min
2025-11-08 09:51:59,771 - INFO - 进度:  13.5% | 批次: 140/1,038 | 损失: 3.6317 | LR: 4.05e-07 | 速度: 0.280s/batch | ETA: 4.3min
2025-11-08 09:52:02,574 - INFO - 进度:  14.5% | 批次: 150/1,038 | 损失: 3.6303 | LR: 4.04e-07 | 速度: 0.280s/batch | ETA: 4.2min
2025-11-08 09:52:05,621 - INFO - 进度:  15.4% | 批次: 160/1,038 | 损失: 3.6292 | LR: 4.04e-07 | 速度: 0.304s/batch | ETA: 4.2min
2025-11-08 09:52:08,528 - INFO - 进度:  16.4% | 批次: 170/1,038 | 损失: 3.6284 | LR: 4.03e-07 | 速度: 0.290s/batch | ETA: 4.2min
2025-11-08 09:52:11,566 - INFO - 进度:  17.3% | 批次: 180/1,038 | 损失: 3.6282 | LR: 4.03e-07 | 速度: 0.303s/batch | ETA: 4.1min
2025-11-08 09:52:14,651 - INFO - 进度:  18.3% | 批次: 190/1,038 | 损失: 3.6273 | LR: 4.02e-07 | 速度: 0.308s/batch | ETA: 4.1min
2025-11-08 09:52:17,440 - INFO - 进度:  19.3% | 批次: 200/1,038 | 损失: 3.6265 | LR: 4.02e-07 | 速度: 0.279s/batch | ETA: 4.0min
2025-11-08 09:52:20,201 - INFO - 进度:  20.2% | 批次: 210/1,038 | 损失: 3.6266 | LR: 4.01e-07 | 速度: 0.276s/batch | ETA: 4.0min
2025-11-08 09:52:23,037 - INFO - 进度:  21.2% | 批次: 220/1,038 | 损失: 3.6265 | LR: 4.01e-07 | 速度: 0.283s/batch | ETA: 3.9min
2025-11-08 09:52:26,065 - INFO - 进度:  22.2% | 批次: 230/1,038 | 损失: 3.6249 | LR: 4.01e-07 | 速度: 0.302s/batch | ETA: 3.9min
2025-11-08 09:52:28,756 - INFO - 进度:  23.1% | 批次: 240/1,038 | 损失: 3.6238 | LR: 4.00e-07 | 速度: 0.269s/batch | ETA: 3.8min
2025-11-08 09:52:31,660 - INFO - 进度:  24.1% | 批次: 250/1,038 | 损失: 3.6236 | LR: 4.00e-07 | 速度: 0.290s/batch | ETA: 3.8min
2025-11-08 09:52:34,642 - INFO - 进度:  25.0% | 批次: 260/1,038 | 损失: 3.6229 | LR: 3.99e-07 | 速度: 0.298s/batch | ETA: 3.7min
2025-11-08 09:52:37,448 - INFO - 进度:  26.0% | 批次: 270/1,038 | 损失: 3.6220 | LR: 3.99e-07 | 速度: 0.280s/batch | ETA: 3.7min
2025-11-08 09:52:40,259 - INFO - 进度:  27.0% | 批次: 280/1,038 | 损失: 3.6215 | LR: 3.98e-07 | 速度: 0.281s/batch | ETA: 3.6min
2025-11-08 09:52:43,005 - INFO - 进度:  27.9% | 批次: 290/1,038 | 损失: 3.6206 | LR: 3.98e-07 | 速度: 0.274s/batch | ETA: 3.6min
2025-11-08 09:52:45,658 - INFO - 进度:  28.9% | 批次: 300/1,038 | 损失: 3.6202 | LR: 3.97e-07 | 速度: 0.265s/batch | ETA: 3.5min
2025-11-08 09:52:48,534 - INFO - 进度:  29.9% | 批次: 310/1,038 | 损失: 3.6196 | LR: 3.97e-07 | 速度: 0.287s/batch | ETA: 3.5min
2025-11-08 09:52:51,476 - INFO - 进度:  30.8% | 批次: 320/1,038 | 损失: 3.6188 | LR: 3.97e-07 | 速度: 0.294s/batch | ETA: 3.4min
2025-11-08 09:52:54,463 - INFO - 进度:  31.8% | 批次: 330/1,038 | 损失: 3.6182 | LR: 3.96e-07 | 速度: 0.298s/batch | ETA: 3.4min
2025-11-08 09:52:57,110 - INFO - 进度:  32.8% | 批次: 340/1,038 | 损失: 3.6175 | LR: 3.96e-07 | 速度: 0.264s/batch | ETA: 3.3min
2025-11-08 09:52:59,964 - INFO - 进度:  33.7% | 批次: 350/1,038 | 损失: 3.6172 | LR: 3.95e-07 | 速度: 0.285s/batch | ETA: 3.3min
2025-11-08 09:53:02,720 - INFO - 进度:  34.7% | 批次: 360/1,038 | 损失: 3.6166 | LR: 3.95e-07 | 速度: 0.275s/batch | ETA: 3.2min
2025-11-08 09:53:05,444 - INFO - 进度:  35.6% | 批次: 370/1,038 | 损失: 3.6159 | LR: 3.94e-07 | 速度: 0.272s/batch | ETA: 3.2min
2025-11-08 09:53:08,142 - INFO - 进度:  36.6% | 批次: 380/1,038 | 损失: 3.6151 | LR: 3.94e-07 | 速度: 0.269s/batch | ETA: 3.1min
2025-11-08 09:53:10,803 - INFO - 进度:  37.6% | 批次: 390/1,038 | 损失: 3.6147 | LR: 3.93e-07 | 速度: 0.265s/batch | ETA: 3.1min
2025-11-08 09:53:13,597 - INFO - 进度:  38.5% | 批次: 400/1,038 | 损失: 3.6141 | LR: 3.93e-07 | 速度: 0.279s/batch | ETA: 3.0min
2025-11-08 09:53:16,444 - INFO - 进度:  39.5% | 批次: 410/1,038 | 损失: 3.6135 | LR: 3.93e-07 | 速度: 0.284s/batch | ETA: 3.0min
2025-11-08 09:53:19,456 - INFO - 进度:  40.5% | 批次: 420/1,038 | 损失: 3.6126 | LR: 3.92e-07 | 速度: 0.301s/batch | ETA: 2.9min
2025-11-08 09:53:22,061 - INFO - 进度:  41.4% | 批次: 430/1,038 | 损失: 3.6119 | LR: 3.92e-07 | 速度: 0.260s/batch | ETA: 2.9min
2025-11-08 09:53:24,859 - INFO - 进度:  42.4% | 批次: 440/1,038 | 损失: 3.6115 | LR: 3.91e-07 | 速度: 0.279s/batch | ETA: 2.8min
2025-11-08 09:53:27,841 - INFO - 进度:  43.4% | 批次: 450/1,038 | 损失: 3.6108 | LR: 3.91e-07 | 速度: 0.297s/batch | ETA: 2.8min
2025-11-08 09:53:30,874 - INFO - 进度:  44.3% | 批次: 460/1,038 | 损失: 3.6103 | LR: 3.90e-07 | 速度: 0.303s/batch | ETA: 2.7min
2025-11-08 09:53:33,580 - INFO - 进度:  45.3% | 批次: 470/1,038 | 损失: 3.6095 | LR: 3.90e-07 | 速度: 0.270s/batch | ETA: 2.7min
2025-11-08 09:53:36,292 - INFO - 进度:  46.2% | 批次: 480/1,038 | 损失: 3.6090 | LR: 3.90e-07 | 速度: 0.271s/batch | ETA: 2.6min
2025-11-08 09:53:39,181 - INFO - 进度:  47.2% | 批次: 490/1,038 | 损失: 3.6083 | LR: 3.89e-07 | 速度: 0.288s/batch | ETA: 2.6min
2025-11-08 09:53:42,013 - INFO - 进度:  48.2% | 批次: 500/1,038 | 损失: 3.6078 | LR: 3.89e-07 | 速度: 0.283s/batch | ETA: 2.6min
2025-11-08 09:53:44,832 - INFO - 进度:  49.1% | 批次: 510/1,038 | 损失: 3.6070 | LR: 3.88e-07 | 速度: 0.282s/batch | ETA: 2.5min
2025-11-08 09:53:47,488 - INFO - 进度:  50.1% | 批次: 520/1,038 | 损失: 3.6064 | LR: 3.88e-07 | 速度: 0.265s/batch | ETA: 2.5min
2025-11-08 09:53:50,246 - INFO - 进度:  51.1% | 批次: 530/1,038 | 损失: 3.6058 | LR: 3.88e-07 | 速度: 0.276s/batch | ETA: 2.4min
2025-11-08 09:53:53,071 - INFO - 进度:  52.0% | 批次: 540/1,038 | 损失: 3.6053 | LR: 3.87e-07 | 速度: 0.282s/batch | ETA: 2.4min
2025-11-08 09:53:55,986 - INFO - 进度:  53.0% | 批次: 550/1,038 | 损失: 3.6047 | LR: 3.87e-07 | 速度: 0.291s/batch | ETA: 2.3min
2025-11-08 09:53:58,848 - INFO - 进度:  53.9% | 批次: 560/1,038 | 损失: 3.6041 | LR: 3.86e-07 | 速度: 0.286s/batch | ETA: 2.3min
2025-11-08 09:54:01,541 - INFO - 进度:  54.9% | 批次: 570/1,038 | 损失: 3.6033 | LR: 3.86e-07 | 速度: 0.269s/batch | ETA: 2.2min
2025-11-08 09:54:04,378 - INFO - 进度:  55.9% | 批次: 580/1,038 | 损失: 3.6028 | LR: 3.85e-07 | 速度: 0.284s/batch | ETA: 2.2min
2025-11-08 09:54:07,145 - INFO - 进度:  56.8% | 批次: 590/1,038 | 损失: 3.6022 | LR: 3.85e-07 | 速度: 0.276s/batch | ETA: 2.1min
2025-11-08 09:54:09,888 - INFO - 进度:  57.8% | 批次: 600/1,038 | 损失: 3.6017 | LR: 3.85e-07 | 速度: 0.274s/batch | ETA: 2.1min
2025-11-08 09:54:12,522 - INFO - 进度:  58.8% | 批次: 610/1,038 | 损失: 3.6011 | LR: 3.84e-07 | 速度: 0.263s/batch | ETA: 2.0min
2025-11-08 09:54:15,316 - INFO - 进度:  59.7% | 批次: 620/1,038 | 损失: 3.6007 | LR: 3.84e-07 | 速度: 0.279s/batch | ETA: 2.0min
2025-11-08 09:54:18,188 - INFO - 进度:  60.7% | 批次: 630/1,038 | 损失: 3.6002 | LR: 3.83e-07 | 速度: 0.287s/batch | ETA: 1.9min
2025-11-08 09:54:21,079 - INFO - 进度:  61.7% | 批次: 640/1,038 | 损失: 3.5994 | LR: 3.83e-07 | 速度: 0.289s/batch | ETA: 1.9min
2025-11-08 09:54:24,126 - INFO - 进度:  62.6% | 批次: 650/1,038 | 损失: 3.5989 | LR: 3.83e-07 | 速度: 0.304s/batch | ETA: 1.8min
2025-11-08 09:54:26,797 - INFO - 进度:  63.6% | 批次: 660/1,038 | 损失: 3.5982 | LR: 3.82e-07 | 速度: 0.266s/batch | ETA: 1.8min
2025-11-08 09:54:29,598 - INFO - 进度:  64.5% | 批次: 670/1,038 | 损失: 3.5975 | LR: 3.82e-07 | 速度: 0.279s/batch | ETA: 1.7min
2025-11-08 09:54:32,346 - INFO - 进度:  65.5% | 批次: 680/1,038 | 损失: 3.5970 | LR: 3.81e-07 | 速度: 0.274s/batch | ETA: 1.7min
2025-11-08 09:54:35,110 - INFO - 进度:  66.5% | 批次: 690/1,038 | 损失: 3.5966 | LR: 3.81e-07 | 速度: 0.276s/batch | ETA: 1.6min
2025-11-08 09:54:37,838 - INFO - 进度:  67.4% | 批次: 700/1,038 | 损失: 3.5959 | LR: 3.81e-07 | 速度: 0.272s/batch | ETA: 1.6min
2025-11-08 09:54:40,608 - INFO - 进度:  68.4% | 批次: 710/1,038 | 损失: 3.5952 | LR: 3.80e-07 | 速度: 0.276s/batch | ETA: 1.5min
2025-11-08 09:54:43,458 - INFO - 进度:  69.4% | 批次: 720/1,038 | 损失: 3.5947 | LR: 3.80e-07 | 速度: 0.284s/batch | ETA: 1.5min
2025-11-08 09:54:46,342 - INFO - 进度:  70.3% | 批次: 730/1,038 | 损失: 3.5942 | LR: 3.80e-07 | 速度: 0.288s/batch | ETA: 1.5min
2025-11-08 09:54:49,273 - INFO - 进度:  71.3% | 批次: 740/1,038 | 损失: 3.5934 | LR: 3.79e-07 | 速度: 0.292s/batch | ETA: 1.4min
2025-11-08 09:54:52,088 - INFO - 进度:  72.3% | 批次: 750/1,038 | 损失: 3.5928 | LR: 3.79e-07 | 速度: 0.281s/batch | ETA: 1.4min
2025-11-08 09:54:55,002 - INFO - 进度:  73.2% | 批次: 760/1,038 | 损失: 3.5921 | LR: 3.78e-07 | 速度: 0.291s/batch | ETA: 1.3min
2025-11-08 09:54:57,826 - INFO - 进度:  74.2% | 批次: 770/1,038 | 损失: 3.5916 | LR: 3.78e-07 | 速度: 0.282s/batch | ETA: 1.3min
2025-11-08 09:55:00,606 - INFO - 进度:  75.1% | 批次: 780/1,038 | 损失: 3.5909 | LR: 3.78e-07 | 速度: 0.278s/batch | ETA: 1.2min
2025-11-08 09:55:03,285 - INFO - 进度:  76.1% | 批次: 790/1,038 | 损失: 3.5904 | LR: 3.77e-07 | 速度: 0.267s/batch | ETA: 1.2min
2025-11-08 09:55:06,088 - INFO - 进度:  77.1% | 批次: 800/1,038 | 损失: 3.5897 | LR: 3.77e-07 | 速度: 0.280s/batch | ETA: 1.1min
2025-11-08 09:55:08,980 - INFO - 进度:  78.0% | 批次: 810/1,038 | 损失: 3.5891 | LR: 3.76e-07 | 速度: 0.289s/batch | ETA: 1.1min
2025-11-08 09:55:11,819 - INFO - 进度:  79.0% | 批次: 820/1,038 | 损失: 3.5886 | LR: 3.76e-07 | 速度: 0.283s/batch | ETA: 1.0min
2025-11-08 09:55:14,554 - INFO - 进度:  80.0% | 批次: 830/1,038 | 损失: 3.5880 | LR: 3.76e-07 | 速度: 0.273s/batch | ETA: 1.0min
2025-11-08 09:55:17,231 - INFO - 进度:  80.9% | 批次: 840/1,038 | 损失: 3.5876 | LR: 3.75e-07 | 速度: 0.267s/batch | ETA: 0.9min
2025-11-08 09:55:20,013 - INFO - 进度:  81.9% | 批次: 850/1,038 | 损失: 3.5871 | LR: 3.75e-07 | 速度: 0.278s/batch | ETA: 0.9min
2025-11-08 09:55:22,771 - INFO - 进度:  82.9% | 批次: 860/1,038 | 损失: 3.5865 | LR: 3.75e-07 | 速度: 0.275s/batch | ETA: 0.8min
2025-11-08 09:55:25,558 - INFO - 进度:  83.8% | 批次: 870/1,038 | 损失: 3.5861 | LR: 3.74e-07 | 速度: 0.278s/batch | ETA: 0.8min
2025-11-08 09:55:28,258 - INFO - 进度:  84.8% | 批次: 880/1,038 | 损失: 3.5857 | LR: 3.74e-07 | 速度: 0.270s/batch | ETA: 0.7min
2025-11-08 09:55:31,163 - INFO - 进度:  85.7% | 批次: 890/1,038 | 损失: 3.5851 | LR: 3.73e-07 | 速度: 0.290s/batch | ETA: 0.7min
2025-11-08 09:55:34,342 - INFO - 进度:  86.7% | 批次: 900/1,038 | 损失: 3.5846 | LR: 3.73e-07 | 速度: 0.317s/batch | ETA: 0.7min
2025-11-08 09:55:37,171 - INFO - 进度:  87.7% | 批次: 910/1,038 | 损失: 3.5841 | LR: 3.73e-07 | 速度: 0.283s/batch | ETA: 0.6min
2025-11-08 09:55:39,960 - INFO - 进度:  88.6% | 批次: 920/1,038 | 损失: 3.5837 | LR: 3.72e-07 | 速度: 0.278s/batch | ETA: 0.6min
2025-11-08 09:55:42,656 - INFO - 进度:  89.6% | 批次: 930/1,038 | 损失: 3.5832 | LR: 3.72e-07 | 速度: 0.269s/batch | ETA: 0.5min
2025-11-08 09:55:45,441 - INFO - 进度:  90.6% | 批次: 940/1,038 | 损失: 3.5826 | LR: 3.72e-07 | 速度: 0.278s/batch | ETA: 0.5min
2025-11-08 09:55:48,202 - INFO - 进度:  91.5% | 批次: 950/1,038 | 损失: 3.5821 | LR: 3.71e-07 | 速度: 0.276s/batch | ETA: 0.4min
2025-11-08 09:55:50,974 - INFO - 进度:  92.5% | 批次: 960/1,038 | 损失: 3.5816 | LR: 3.71e-07 | 速度: 0.277s/batch | ETA: 0.4min
2025-11-08 09:55:53,567 - INFO - 进度:  93.4% | 批次: 970/1,038 | 损失: 3.5812 | LR: 3.71e-07 | 速度: 0.259s/batch | ETA: 0.3min
2025-11-08 09:55:56,584 - INFO - 进度:  94.4% | 批次: 980/1,038 | 损失: 3.5806 | LR: 3.70e-07 | 速度: 0.301s/batch | ETA: 0.3min
2025-11-08 09:55:59,723 - INFO - 进度:  95.4% | 批次: 990/1,038 | 损失: 3.5801 | LR: 3.70e-07 | 速度: 0.313s/batch | ETA: 0.2min
2025-11-08 09:56:02,882 - INFO - 进度:  96.3% | 批次: 1,000/1,038 | 损失: 3.5796 | LR: 3.69e-07 | 速度: 0.315s/batch | ETA: 0.2min
2025-11-08 09:56:05,665 - INFO - 进度:  97.3% | 批次: 1,010/1,038 | 损失: 3.5791 | LR: 3.69e-07 | 速度: 0.278s/batch | ETA: 0.1min
2025-11-08 09:56:08,327 - INFO - 进度:  98.3% | 批次: 1,020/1,038 | 损失: 3.5786 | LR: 3.69e-07 | 速度: 0.266s/batch | ETA: 0.1min
2025-11-08 09:56:11,108 - INFO - 进度:  99.2% | 批次: 1,030/1,038 | 损失: 3.5780 | LR: 3.68e-07 | 速度: 0.277s/batch | ETA: 0.0min
2025-11-08 09:56:13,225 - INFO - 进度: 100.0% | 批次: 1,038/1,038 | 损失: 3.5776 | LR: 3.68e-07 | 速度: 0.271s/batch | ETA: 0.0min
2025-11-08 09:56:13,226 - INFO - Epoch 5 完成! | 平均损失: 3.5776 | 耗时: 4.9分钟 | 处理样本: 16,602 | 总批次: 1,038
2025-11-08 09:56:13,227 - INFO - 开始验证...
2025-11-08 09:56:23,371 - INFO - 验证完成! | 损失: 3.5297 | 困惑度: 34.11 | 耗时: 10.1秒 | 样本数: 1,872
2025-11-08 09:56:23,372 - INFO - Epoch 5 统计: 训练损失=3.5776, 验证损失=3.5296768775353065, 耗时=5.1分钟, 累计耗时=22.6分钟
2025-11-08 09:56:24,816 - INFO - 结果已保存至 results/baseline/
2025-11-08 09:56:24,817 - INFO - 
训练完成! 总耗时: 22.6分钟, 最终训练损失: 3.5776
2025-11-08 09:56:24,817 - INFO - 最终验证损失: 3.5297, 困惑度: 34.11
2025-11-08 09:56:24,818 - INFO - 实验报告已保存至 results/baseline/training_report.txt
